+-------+-------+-------+
|       | 7   4 |     5 |
|   2   |   1   |   7   |
|       |   8   |     2 |
+-------+-------+-------+
|   9   |     6 | 2 5   |
| 6     |   7   |     8 |
|   5 3 | 2     |   1   |
+-------+-------+-------+
| 4     |   9   |       |
|   3   |   6   |   9   |
| 2     | 4   7 |       |
+-------+-------+-------+
STEP: 0
+-------------+-------------+-------------+
| 1 3 1   1   | ***  23 *** | 1 3   3 *** 
|       6   6 | *7*     *4* |   6   6 *5* 
|  89  8   89 | ***     *** |  89  8  *** 
|   3 ***     |   3 ***   3 |   3 ***   3 
|  5  *2* 456 |  56 *1*  5  | 4 6 *7* 4 6 
|  89 ***  89 |   9 ***   9 |  89 ***   9 
| 1 3 1   1   |   3 ***   3 | 1 3   3 *** 
|  5  4 6 456 |  56 *8*  5  | 4 6 4 6 *2* 
| 7 9 7   7 9 |   9 ***   9 |   9     *** 
+-------------+-------------+-------------+
| 1   *** 1   | 1 3   3 *** | *** ***   3 
|     *9* 4   |     4   *6* | *2* *5* 4   
| 78  *** 78  |  8      *** | *** *** 7   
| *** 1   12  | 1 3 *** 1 3 |   3   3 *** 
| *6* 4   4   |  5  *7*  5  | 4   4   *8* 
| ***         |   9 ***   9 |   9     *** 
|     *** *** | ***         |     ***     
|     *5* *3* | *2* 4       | 4 6 *1* 4 6 
| 78  *** *** | ***      89 | 7 9 *** 7 9 
+-------------+-------------+-------------+
| *** 1   1   | 1 3 *** 123 | 1 3  23 1 3 
| *4*   6  56 |  5  *9*  5  |  56   6   6 
| *** 78  78  |  8  ***  8  | 78   8  7   
| 1   *** 1   | 1   *** 12  | 1   *** 1   
|  5  *3*  5  |  5  *6*  5  | 45  *9* 4   
| 78  *** 78  |  8  ***  8  | 78  *** 7   
| *** 1   1   | ***   3 *** | 1 3   3 1 3 
| *2*   6  56 | *4*  5  *7* |  56   6   6 
| ***  8   89 | ***     *** |  8   8      
+-------------+-------------+-------------+
****************************************************************************

naked single 4 found in cell(r,c): (6,5)
STEP: 1
+-------------+-------------+-------------+
| 1 3 1   1   | ***  23 *** | 1 3   3 *** 
|       6   6 | *7*     *4* |   6   6 *5* 
|  89  8   89 | ***     *** |  89  8  *** 
|   3 ***     |   3 ***   3 |   3 ***   3 
|  5  *2* 456 |  56 *1*  5  | 4 6 *7* 4 6 
|  89 ***  89 |   9 ***   9 |  89 ***   9 
| 1 3 1   1   |   3 ***   3 | 1 3   3 *** 
|  5  4 6 456 |  56 *8*  5  | 4 6 4 6 *2* 
| 7 9 7   7 9 |   9 ***   9 |   9     *** 
+-------------+-------------+-------------+
| 1   *** 1   | 1 3   3 *** | *** ***   3 
|     *9* 4   |         *6* | *2* *5* 4   
| 78  *** 78  |  8      *** | *** *** 7   
| *** 1   12  | 1 3 *** 1 3 |   3   3 *** 
| *6* 4   4   |  5  *7*  5  | 4   4   *8* 
| ***         |   9 ***   9 |   9     *** 
|     *** *** | *** ***     |     ***     
|     *5* *3* | *2* *4*     |   6 *1*   6 
| 78  *** *** | *** ***  89 | 7 9 *** 7 9 
+-------------+-------------+-------------+
| *** 1   1   | 1 3 *** 123 | 1 3  23 1 3 
| *4*   6  56 |  5  *9*  5  |  56   6   6 
| *** 78  78  |  8  ***  8  | 78   8  7   
| 1   *** 1   | 1   *** 12  | 1   *** 1   
|  5  *3*  5  |  5  *6*  5  | 45  *9* 4   
| 78  *** 78  |  8  ***  8  | 78  *** 7   
| *** 1   1   | ***   3 *** | 1 3   3 1 3 
| *2*   6  56 | *4*  5  *7* |  56   6   6 
| ***  8   89 | ***     *** |  8   8      
+-------------+-------------+-------------+
****************************************************************************

hidden single 2 found in cell(r,c): (1,5); via row
STEP: 2
+-------------+-------------+-------------+
| 1 3 1   1   | *** *** *** | 1 3   3 *** 
|       6   6 | *7* *2* *4* |   6   6 *5* 
|  89  8   89 | *** *** *** |  89  8  *** 
|   3 ***     |   3 ***   3 |   3 ***   3 
|  5  *2* 456 |  56 *1*  5  | 4 6 *7* 4 6 
|  89 ***  89 |   9 ***   9 |  89 ***   9 
| 1 3 1   1   |   3 ***   3 | 1 3   3 *** 
|  5  4 6 456 |  56 *8*  5  | 4 6 4 6 *2* 
| 7 9 7   7 9 |   9 ***   9 |   9     *** 
+-------------+-------------+-------------+
| 1   *** 1   | 1 3   3 *** | *** ***   3 
|     *9* 4   |         *6* | *2* *5* 4   
| 78  *** 78  |  8      *** | *** *** 7   
| *** 1   12  | 1 3 *** 1 3 |   3   3 *** 
| *6* 4   4   |  5  *7*  5  | 4   4   *8* 
| ***         |   9 ***   9 |   9     *** 
|     *** *** | *** ***     |     ***     
|     *5* *3* | *2* *4*     |   6 *1*   6 
| 78  *** *** | *** ***  89 | 7 9 *** 7 9 
+-------------+-------------+-------------+
| *** 1   1   | 1 3 *** 123 | 1 3  23 1 3 
| *4*   6  56 |  5  *9*  5  |  56   6   6 
| *** 78  78  |  8  ***  8  | 78   8  7   
| 1   *** 1   | 1   *** 12  | 1   *** 1   
|  5  *3*  5  |  5  *6*  5  | 45  *9* 4   
| 78  *** 78  |  8  ***  8  | 78  *** 7   
| *** 1   1   | ***   3 *** | 1 3   3 1 3 
| *2*   6  56 | *4*  5  *7* |  56   6   6 
| ***  8   89 | ***     *** |  8   8      
+-------------+-------------+-------------+
****************************************************************************

naked single 3 found in cell(r,c): (4,5)
naked single 5 found in cell(r,c): (9,5)
STEP: 3
+-------------+-------------+-------------+
| 1 3 1   1   | *** *** *** | 1 3   3 *** 
|       6   6 | *7* *2* *4* |   6   6 *5* 
|  89  8   89 | *** *** *** |  89  8  *** 
|   3 ***     |   3 ***   3 |   3 ***   3 
|  5  *2* 456 |  56 *1*  5  | 4 6 *7* 4 6 
|  89 ***  89 |   9 ***   9 |  89 ***   9 
| 1 3 1   1   |   3 ***   3 | 1 3   3 *** 
|  5  4 6 456 |  56 *8*  5  | 4 6 4 6 *2* 
| 7 9 7   7 9 |   9 ***   9 |   9     *** 
+-------------+-------------+-------------+
| 1   *** 1   | 1   *** *** | *** ***     
|     *9* 4   |     *3* *6* | *2* *5* 4   
| 78  *** 78  |  8  *** *** | *** *** 7   
| *** 1   12  | 1   *** 1   |   3   3 *** 
| *6* 4   4   |  5  *7*  5  | 4   4   *8* 
| ***         |   9 ***   9 |   9     *** 
|     *** *** | *** ***     |     ***     
|     *5* *3* | *2* *4*     |   6 *1*   6 
| 78  *** *** | *** ***  89 | 7 9 *** 7 9 
+-------------+-------------+-------------+
| *** 1   1   | 1 3 *** 123 | 1 3  23 1 3 
| *4*   6  56 |     *9*     |  56   6   6 
| *** 78  78  |  8  ***  8  | 78   8  7   
| 1   *** 1   | 1   *** 12  | 1   *** 1   
|  5  *3*  5  |     *6*     | 45  *9* 4   
| 78  *** 78  |  8  ***  8  | 78  *** 7   
| *** 1   1   | *** *** *** | 1 3   3 1 3 
| *2*   6   6 | *4* *5* *7* |   6   6   6 
| ***  8   89 | *** *** *** |  8   8      
+-------------+-------------+-------------+
****************************************************************************

hidden single 1 found in cell(r,c): (1,7); via box 
STEP: 4
+-------------+-------------+-------------+
|   3         | *** *** *** | ***   3 *** 
|       6   6 | *7* *2* *4* | *1*   6 *5* 
|  89  8   89 | *** *** *** | ***  8  *** 
|   3 ***     |   3 ***   3 |   3 ***   3 
|  5  *2* 456 |  56 *1*  5  | 4 6 *7* 4 6 
|  89 ***  89 |   9 ***   9 |  89 ***   9 
| 1 3 1   1   |   3 ***   3 |   3   3 *** 
|  5  4 6 456 |  56 *8*  5  | 4 6 4 6 *2* 
| 7 9 7   7 9 |   9 ***   9 |   9     *** 
+-------------+-------------+-------------+
| 1   *** 1   | 1   *** *** | *** ***     
|     *9* 4   |     *3* *6* | *2* *5* 4   
| 78  *** 78  |  8  *** *** | *** *** 7   
| *** 1   12  | 1   *** 1   |   3   3 *** 
| *6* 4   4   |  5  *7*  5  | 4   4   *8* 
| ***         |   9 ***   9 |   9     *** 
|     *** *** | *** ***     |     ***     
|     *5* *3* | *2* *4*     |   6 *1*   6 
| 78  *** *** | *** ***  89 | 7 9 *** 7 9 
+-------------+-------------+-------------+
| *** 1   1   | 1 3 *** 123 |   3  23 1 3 
| *4*   6  56 |     *9*     |  56   6   6 
| *** 78  78  |  8  ***  8  | 78   8  7   
| 1   *** 1   | 1   *** 12  |     *** 1   
|  5  *3*  5  |     *6*     | 45  *9* 4   
| 78  *** 78  |  8  ***  8  | 78  *** 7   
| *** 1   1   | *** *** *** |   3   3 1 3 
| *2*   6   6 | *4* *5* *7* |   6   6   6 
| ***  8   89 | *** *** *** |  8   8      
+-------------+-------------+-------------+
****************************************************************************

hidden single 2 found in cell(r,c): (5,3); via row
STEP: 5
+-------------+-------------+-------------+
|   3         | *** *** *** | ***   3 *** 
|       6   6 | *7* *2* *4* | *1*   6 *5* 
|  89  8   89 | *** *** *** | ***  8  *** 
|   3 ***     |   3 ***   3 |   3 ***   3 
|  5  *2* 456 |  56 *1*  5  | 4 6 *7* 4 6 
|  89 ***  89 |   9 ***   9 |  89 ***   9 
| 1 3 1   1   |   3 ***   3 |   3   3 *** 
|  5  4 6 456 |  56 *8*  5  | 4 6 4 6 *2* 
| 7 9 7   7 9 |   9 ***   9 |   9     *** 
+-------------+-------------+-------------+
| 1   *** 1   | 1   *** *** | *** ***     
|     *9* 4   |     *3* *6* | *2* *5* 4   
| 78  *** 78  |  8  *** *** | *** *** 7   
| *** 1   *** | 1   *** 1   |   3   3 *** 
| *6* 4   *2* |  5  *7*  5  | 4   4   *8* 
| ***     *** |   9 ***   9 |   9     *** 
|     *** *** | *** ***     |     ***     
|     *5* *3* | *2* *4*     |   6 *1*   6 
| 78  *** *** | *** ***  89 | 7 9 *** 7 9 
+-------------+-------------+-------------+
| *** 1   1   | 1 3 *** 123 |   3  23 1 3 
| *4*   6  56 |     *9*     |  56   6   6 
| *** 78  78  |  8  ***  8  | 78   8  7   
| 1   *** 1   | 1   *** 12  |     *** 1   
|  5  *3*  5  |     *6*     | 45  *9* 4   
| 78  *** 78  |  8  ***  8  | 78  *** 7   
| *** 1   1   | *** *** *** |   3   3 1 3 
| *2*   6   6 | *4* *5* *7* |   6   6   6 
| ***  8   89 | *** *** *** |  8   8      
+-------------+-------------+-------------+
****************************************************************************

hidden single 2 found in cell(r,c): (7,8); via row
STEP: 6
+-------------+-------------+-------------+
|   3         | *** *** *** | ***   3 *** 
|       6   6 | *7* *2* *4* | *1*   6 *5* 
|  89  8   89 | *** *** *** | ***  8  *** 
|   3 ***     |   3 ***   3 |   3 ***   3 
|  5  *2* 456 |  56 *1*  5  | 4 6 *7* 4 6 
|  89 ***  89 |   9 ***   9 |  89 ***   9 
| 1 3 1   1   |   3 ***   3 |   3   3 *** 
|  5  4 6 456 |  56 *8*  5  | 4 6 4 6 *2* 
| 7 9 7   7 9 |   9 ***   9 |   9     *** 
+-------------+-------------+-------------+
| 1   *** 1   | 1   *** *** | *** ***     
|     *9* 4   |     *3* *6* | *2* *5* 4   
| 78  *** 78  |  8  *** *** | *** *** 7   
| *** 1   *** | 1   *** 1   |   3   3 *** 
| *6* 4   *2* |  5  *7*  5  | 4   4   *8* 
| ***     *** |   9 ***   9 |   9     *** 
|     *** *** | *** ***     |     ***     
|     *5* *3* | *2* *4*     |   6 *1*   6 
| 78  *** *** | *** ***  89 | 7 9 *** 7 9 
+-------------+-------------+-------------+
| *** 1   1   | 1 3 *** 1 3 |   3 *** 1 3 
| *4*   6  56 |     *9*     |  56 *2*   6 
| *** 78  78  |  8  ***  8  | 78  *** 7   
| 1   *** 1   | 1   *** 12  |     *** 1   
|  5  *3*  5  |     *6*     | 45  *9* 4   
| 78  *** 78  |  8  ***  8  | 78  *** 7   
| *** 1   1   | *** *** *** |   3   3 1 3 
| *2*   6   6 | *4* *5* *7* |   6   6   6 
| ***  8   89 | *** *** *** |  8   8      
+-------------+-------------+-------------+
****************************************************************************

hidden single 2 found in cell(r,c): (8,6); via row
STEP: 7
+-------------+-------------+-------------+
|   3         | *** *** *** | ***   3 *** 
|       6   6 | *7* *2* *4* | *1*   6 *5* 
|  89  8   89 | *** *** *** | ***  8  *** 
|   3 ***     |   3 ***   3 |   3 ***   3 
|  5  *2* 456 |  56 *1*  5  | 4 6 *7* 4 6 
|  89 ***  89 |   9 ***   9 |  89 ***   9 
| 1 3 1   1   |   3 ***   3 |   3   3 *** 
|  5  4 6 456 |  56 *8*  5  | 4 6 4 6 *2* 
| 7 9 7   7 9 |   9 ***   9 |   9     *** 
+-------------+-------------+-------------+
| 1   *** 1   | 1   *** *** | *** ***     
|     *9* 4   |     *3* *6* | *2* *5* 4   
| 78  *** 78  |  8  *** *** | *** *** 7   
| *** 1   *** | 1   *** 1   |   3   3 *** 
| *6* 4   *2* |  5  *7*  5  | 4   4   *8* 
| ***     *** |   9 ***   9 |   9     *** 
|     *** *** | *** ***     |     ***     
|     *5* *3* | *2* *4*     |   6 *1*   6 
| 78  *** *** | *** ***  89 | 7 9 *** 7 9 
+-------------+-------------+-------------+
| *** 1   1   | 1 3 *** 1 3 |   3 *** 1 3 
| *4*   6  56 |     *9*     |  56 *2*   6 
| *** 78  78  |  8  ***  8  | 78  *** 7   
| 1   *** 1   | 1   *** *** |     *** 1   
|  5  *3*  5  |     *6* *2* | 45  *9* 4   
| 78  *** 78  |  8  *** *** | 78  *** 7   
| *** 1   1   | *** *** *** |   3   3 1 3 
| *2*   6   6 | *4* *5* *7* |   6   6   6 
| ***  8   89 | *** *** *** |  8   8      
+-------------+-------------+-------------+
****************************************************************************

hidden single 9 found in cell(r,c): (9,3); via column
STEP: 8
+-------------+-------------+-------------+
|   3         | *** *** *** | ***   3 *** 
|       6   6 | *7* *2* *4* | *1*   6 *5* 
|  89  8   8  | *** *** *** | ***  8  *** 
|   3 ***     |   3 ***   3 |   3 ***   3 
|  5  *2* 456 |  56 *1*  5  | 4 6 *7* 4 6 
|  89 ***  8  |   9 ***   9 |  89 ***   9 
| 1 3 1   1   |   3 ***   3 |   3   3 *** 
|  5  4 6 456 |  56 *8*  5  | 4 6 4 6 *2* 
| 7 9 7   7   |   9 ***   9 |   9     *** 
+-------------+-------------+-------------+
| 1   *** 1   | 1   *** *** | *** ***     
|     *9* 4   |     *3* *6* | *2* *5* 4   
| 78  *** 78  |  8  *** *** | *** *** 7   
| *** 1   *** | 1   *** 1   |   3   3 *** 
| *6* 4   *2* |  5  *7*  5  | 4   4   *8* 
| ***     *** |   9 ***   9 |   9     *** 
|     *** *** | *** ***     |     ***     
|     *5* *3* | *2* *4*     |   6 *1*   6 
| 78  *** *** | *** ***  89 | 7 9 *** 7 9 
+-------------+-------------+-------------+
| *** 1   1   | 1 3 *** 1 3 |   3 *** 1 3 
| *4*   6  56 |     *9*     |  56 *2*   6 
| *** 78  78  |  8  ***  8  | 78  *** 7   
| 1   *** 1   | 1   *** *** |     *** 1   
|  5  *3*  5  |     *6* *2* | 45  *9* 4   
| 78  *** 78  |  8  *** *** | 78  *** 7   
| *** 1   *** | *** *** *** |   3   3 1 3 
| *2*   6 *9* | *4* *5* *7* |   6   6   6 
| ***  8  *** | *** *** *** |  8   8      
+-------------+-------------+-------------+
****************************************************************************

hidden single 9 found in cell(r,c): (1,1); via column
STEP: 9
+-------------+-------------+-------------+
| ***         | *** *** *** | ***   3 *** 
| *9*   6   6 | *7* *2* *4* | *1*   6 *5* 
| ***  8   8  | *** *** *** | ***  8  *** 
|   3 ***     |   3 ***   3 |   3 ***   3 
|  5  *2* 456 |  56 *1*  5  | 4 6 *7* 4 6 
|  8  ***  8  |   9 ***   9 |  89 ***   9 
| 1 3 1   1   |   3 ***   3 |   3   3 *** 
|  5  4 6 456 |  56 *8*  5  | 4 6 4 6 *2* 
| 7   7   7   |   9 ***   9 |   9     *** 
+-------------+-------------+-------------+
| 1   *** 1   | 1   *** *** | *** ***     
|     *9* 4   |     *3* *6* | *2* *5* 4   
| 78  *** 78  |  8  *** *** | *** *** 7   
| *** 1   *** | 1   *** 1   |   3   3 *** 
| *6* 4   *2* |  5  *7*  5  | 4   4   *8* 
| ***     *** |   9 ***   9 |   9     *** 
|     *** *** | *** ***     |     ***     
|     *5* *3* | *2* *4*     |   6 *1*   6 
| 78  *** *** | *** ***  89 | 7 9 *** 7 9 
+-------------+-------------+-------------+
| *** 1   1   | 1 3 *** 1 3 |   3 *** 1 3 
| *4*   6  56 |     *9*     |  56 *2*   6 
| *** 78  78  |  8  ***  8  | 78  *** 7   
| 1   *** 1   | 1   *** *** |     *** 1   
|  5  *3*  5  |     *6* *2* | 45  *9* 4   
| 78  *** 78  |  8  *** *** | 78  *** 7   
| *** 1   *** | *** *** *** |   3   3 1 3 
| *2*   6 *9* | *4* *5* *7* |   6   6   6 
| ***  8  *** | *** *** *** |  8   8      
+-------------+-------------+-------------+
****************************************************************************

hidden single 3 found in cell(r,c): (1,8); via column
STEP: 10
+-------------+-------------+-------------+
| ***         | *** *** *** | *** *** *** 
| *9*   6   6 | *7* *2* *4* | *1* *3* *5* 
| ***  8   8  | *** *** *** | *** *** *** 
|   3 ***     |   3 ***   3 |     ***     
|  5  *2* 456 |  56 *1*  5  | 4 6 *7* 4 6 
|  8  ***  8  |   9 ***   9 |  89 ***   9 
| 1 3 1   1   |   3 ***   3 |         *** 
|  5  4 6 456 |  56 *8*  5  | 4 6 4 6 *2* 
| 7   7   7   |   9 ***   9 |   9     *** 
+-------------+-------------+-------------+
| 1   *** 1   | 1   *** *** | *** ***     
|     *9* 4   |     *3* *6* | *2* *5* 4   
| 78  *** 78  |  8  *** *** | *** *** 7   
| *** 1   *** | 1   *** 1   |   3     *** 
| *6* 4   *2* |  5  *7*  5  | 4   4   *8* 
| ***     *** |   9 ***   9 |   9     *** 
|     *** *** | *** ***     |     ***     
|     *5* *3* | *2* *4*     |   6 *1*   6 
| 78  *** *** | *** ***  89 | 7 9 *** 7 9 
+-------------+-------------+-------------+
| *** 1   1   | 1 3 *** 1 3 |   3 *** 1 3 
| *4*   6  56 |     *9*     |  56 *2*   6 
| *** 78  78  |  8  ***  8  | 78  *** 7   
| 1   *** 1   | 1   *** *** |     *** 1   
|  5  *3*  5  |     *6* *2* | 45  *9* 4   
| 78  *** 78  |  8  *** *** | 78  *** 7   
| *** 1   *** | *** *** *** |   3     1 3 
| *2*   6 *9* | *4* *5* *7* |   6   6   6 
| ***  8  *** | *** *** *** |  8   8      
+-------------+-------------+-------------+
****************************************************************************

naked single 4 found in cell(r,c): (5,8)
STEP: 11
+-------------+-------------+-------------+
| ***         | *** *** *** | *** *** *** 
| *9*   6   6 | *7* *2* *4* | *1* *3* *5* 
| ***  8   8  | *** *** *** | *** *** *** 
|   3 ***     |   3 ***   3 |     ***     
|  5  *2* 456 |  56 *1*  5  | 4 6 *7* 4 6 
|  8  ***  8  |   9 ***   9 |  89 ***   9 
| 1 3 1   1   |   3 ***   3 |         *** 
|  5  4 6 456 |  56 *8*  5  | 4 6   6 *2* 
| 7   7   7   |   9 ***   9 |   9     *** 
+-------------+-------------+-------------+
| 1   *** 1   | 1   *** *** | *** ***     
|     *9* 4   |     *3* *6* | *2* *5*     
| 78  *** 78  |  8  *** *** | *** *** 7   
| *** 1   *** | 1   *** 1   |   3 *** *** 
| *6*     *2* |  5  *7*  5  |     *4* *8* 
| ***     *** |   9 ***   9 |   9 *** *** 
|     *** *** | *** ***     |     ***     
|     *5* *3* | *2* *4*     |   6 *1*   6 
| 78  *** *** | *** ***  89 | 7 9 *** 7 9 
+-------------+-------------+-------------+
| *** 1   1   | 1 3 *** 1 3 |   3 *** 1 3 
| *4*   6  56 |     *9*     |  56 *2*   6 
| *** 78  78  |  8  ***  8  | 78  *** 7   
| 1   *** 1   | 1   *** *** |     *** 1   
|  5  *3*  5  |     *6* *2* | 45  *9* 4   
| 78  *** 78  |  8  *** *** | 78  *** 7   
| *** 1   *** | *** *** *** |   3     1 3 
| *2*   6 *9* | *4* *5* *7* |   6   6   6 
| ***  8  *** | *** *** *** |  8   8      
+-------------+-------------+-------------+
****************************************************************************

hidden single 4 found in cell(r,c): (3,2); via row
STEP: 12
+-------------+-------------+-------------+
| ***         | *** *** *** | *** *** *** 
| *9*   6   6 | *7* *2* *4* | *1* *3* *5* 
| ***  8   8  | *** *** *** | *** *** *** 
|   3 ***     |   3 ***   3 |     ***     
|  5  *2*  56 |  56 *1*  5  | 4 6 *7* 4 6 
|  8  ***  8  |   9 ***   9 |  89 ***   9 
| 1 3 *** 1   |   3 ***   3 |         *** 
|  5  *4*  56 |  56 *8*  5  |   6   6 *2* 
| 7   *** 7   |   9 ***   9 |   9     *** 
+-------------+-------------+-------------+
| 1   *** 1   | 1   *** *** | *** ***     
|     *9* 4   |     *3* *6* | *2* *5*     
| 78  *** 78  |  8  *** *** | *** *** 7   
| *** 1   *** | 1   *** 1   |   3 *** *** 
| *6*     *2* |  5  *7*  5  |     *4* *8* 
| ***     *** |   9 ***   9 |   9 *** *** 
|     *** *** | *** ***     |     ***     
|     *5* *3* | *2* *4*     |   6 *1*   6 
| 78  *** *** | *** ***  89 | 7 9 *** 7 9 
+-------------+-------------+-------------+
| *** 1   1   | 1 3 *** 1 3 |   3 *** 1 3 
| *4*   6  56 |     *9*     |  56 *2*   6 
| *** 78  78  |  8  ***  8  | 78  *** 7   
| 1   *** 1   | 1   *** *** |     *** 1   
|  5  *3*  5  |     *6* *2* | 45  *9* 4   
| 78  *** 78  |  8  *** *** | 78  *** 7   
| *** 1   *** | *** *** *** |   3     1 3 
| *2*   6 *9* | *4* *5* *7* |   6   6   6 
| ***  8  *** | *** *** *** |  8   8      
+-------------+-------------+-------------+
****************************************************************************

naked single 6 found in cell(r,c): (3,8)
naked single 7 found in cell(r,c): (4,9)
naked single 1 found in cell(r,c): (5,2)
naked single 8 found in cell(r,c): (9,8)
STEP: 13
+-------------+-------------+-------------+
| ***         | *** *** *** | *** *** *** 
| *9*   6   6 | *7* *2* *4* | *1* *3* *5* 
| ***  8   8  | *** *** *** | *** *** *** 
|   3 ***     |   3 ***   3 |     ***     
|  5  *2*  56 |  56 *1*  5  | 4   *7* 4   
|  8  ***  8  |   9 ***   9 |  89 ***   9 
| 1 3 *** 1   |   3 ***   3 |     *** *** 
|  5  *4*  5  |  5  *8*  5  |     *6* *2* 
| 7   *** 7   |   9 ***   9 |   9 *** *** 
+-------------+-------------+-------------+
|     ***     | 1   *** *** | *** *** *** 
|     *9* 4   |     *3* *6* | *2* *5* *7* 
|  8  ***  8  |  8  *** *** | *** *** *** 
| *** *** *** |     ***     |   3 *** *** 
| *6* *1* *2* |  5  *7*  5  |     *4* *8* 
| *** *** *** |   9 ***   9 |   9 *** *** 
|     *** *** | *** ***     |     ***     
|     *5* *3* | *2* *4*     |   6 *1*   6 
| 78  *** *** | *** ***  89 |   9 ***   9 
+-------------+-------------+-------------+
| ***     1   | 1 3 *** 1 3 |   3 *** 1 3 
| *4*   6  56 |     *9*     |  56 *2*   6 
| *** 78  78  |  8  ***  8  | 7   ***     
| 1   *** 1   | 1   *** *** |     *** 1   
|  5  *3*  5  |     *6* *2* | 45  *9* 4   
| 78  *** 78  |  8  *** *** | 7   ***     
| ***     *** | *** *** *** |   3 *** 1 3 
| *2*   6 *9* | *4* *5* *7* |   6 *8*   6 
| ***     *** | *** *** *** |     ***     
+-------------+-------------+-------------+
****************************************************************************

hidden single 6 found in cell(r,c): (2,4); via row
STEP: 14
+-------------+-------------+-------------+
| ***         | *** *** *** | *** *** *** 
| *9*   6   6 | *7* *2* *4* | *1* *3* *5* 
| ***  8   8  | *** *** *** | *** *** *** 
|   3 ***     | *** ***   3 |     ***     
|  5  *2*  5  | *6* *1*  5  | 4   *7* 4   
|  8  ***  8  | *** ***   9 |  89 ***   9 
| 1 3 *** 1   |   3 ***   3 |     *** *** 
|  5  *4*  5  |  5  *8*  5  |     *6* *2* 
| 7   *** 7   |   9 ***   9 |   9 *** *** 
+-------------+-------------+-------------+
|     ***     | 1   *** *** | *** *** *** 
|     *9* 4   |     *3* *6* | *2* *5* *7* 
|  8  ***  8  |  8  *** *** | *** *** *** 
| *** *** *** |     ***     |   3 *** *** 
| *6* *1* *2* |  5  *7*  5  |     *4* *8* 
| *** *** *** |   9 ***   9 |   9 *** *** 
|     *** *** | *** ***     |     ***     
|     *5* *3* | *2* *4*     |   6 *1*   6 
| 78  *** *** | *** ***  89 |   9 ***   9 
+-------------+-------------+-------------+
| ***     1   | 1 3 *** 1 3 |   3 *** 1 3 
| *4*   6  56 |     *9*     |  56 *2*   6 
| *** 78  78  |  8  ***  8  | 7   ***     
| 1   *** 1   | 1   *** *** |     *** 1   
|  5  *3*  5  |     *6* *2* | 45  *9* 4   
| 78  *** 78  |  8  *** *** | 7   ***     
| ***     *** | *** *** *** |   3 *** 1 3 
| *2*   6 *9* | *4* *5* *7* |   6 *8*   6 
| ***     *** | *** *** *** |     ***     
+-------------+-------------+-------------+
****************************************************************************

naked single 9 found in cell(r,c): (3,7)
naked single 8 found in cell(r,c): (4,1)
naked single 4 found in cell(r,c): (4,3)
naked single 1 found in cell(r,c): (4,4)
naked single 3 found in cell(r,c): (5,7)
naked single 7 found in cell(r,c): (6,1)
naked single 6 found in cell(r,c): (6,7)
naked single 9 found in cell(r,c): (6,9)
naked single 8 found in cell(r,c): (8,4)
naked single 6 found in cell(r,c): (9,2)
STEP: 15
+-------------+-------------+-------------+
| ***         | *** *** *** | *** *** *** 
| *9*       6 | *7* *2* *4* | *1* *3* *5* 
| ***  8   8  | *** *** *** | *** *** *** 
|   3 ***     | *** ***   3 |     ***     
|  5  *2*  5  | *6* *1*  5  | 4   *7* 4   
|     ***  8  | *** ***   9 |  8  ***     
| 1 3 *** 1   |   3 ***   3 | *** *** *** 
|  5  *4*  5  |  5  *8*  5  | *9* *6* *2* 
|     *** 7   |     ***     | *** *** *** 
+-------------+-------------+-------------+
| *** *** *** | *** *** *** | *** *** *** 
| *8* *9* *4* | *1* *3* *6* | *2* *5* *7* 
| *** *** *** | *** *** *** | *** *** *** 
| *** *** *** |     ***     | *** *** *** 
| *6* *1* *2* |  5  *7*  5  | *3* *4* *8* 
| *** *** *** |   9 ***   9 | *** *** *** 
| *** *** *** | *** ***     | *** *** *** 
| *7* *5* *3* | *2* *4*     | *6* *1* *9* 
| *** *** *** | *** ***  8  | *** *** *** 
+-------------+-------------+-------------+
| ***     1   |   3 *** 1 3 |     *** 1 3 
| *4*      5  |     *9*     |  5  *2*   6 
| *** 78  78  |     ***     | 7   ***     
| 1   *** 1   | *** *** *** |     *** 1   
|  5  *3*  5  | *8* *6* *2* | 45  *9* 4   
|     *** 7   | *** *** *** | 7   ***     
| *** *** *** | *** *** *** |     *** 1 3 
| *2* *6* *9* | *4* *5* *7* |     *8*     
| *** *** *** | *** *** *** |     ***     
+-------------+-------------+-------------+
****************************************************************************

hidden single 6 found in cell(r,c): (1,3); via row
STEP: 16
+-------------+-------------+-------------+
| ***     *** | *** *** *** | *** *** *** 
| *9*     *6* | *7* *2* *4* | *1* *3* *5* 
| ***  8  *** | *** *** *** | *** *** *** 
|   3 ***     | *** ***   3 |     ***     
|  5  *2*  5  | *6* *1*  5  | 4   *7* 4   
|     ***  8  | *** ***   9 |  8  ***     
| 1 3 *** 1   |   3 ***   3 | *** *** *** 
|  5  *4*  5  |  5  *8*  5  | *9* *6* *2* 
|     *** 7   |     ***     | *** *** *** 
+-------------+-------------+-------------+
| *** *** *** | *** *** *** | *** *** *** 
| *8* *9* *4* | *1* *3* *6* | *2* *5* *7* 
| *** *** *** | *** *** *** | *** *** *** 
| *** *** *** |     ***     | *** *** *** 
| *6* *1* *2* |  5  *7*  5  | *3* *4* *8* 
| *** *** *** |   9 ***   9 | *** *** *** 
| *** *** *** | *** ***     | *** *** *** 
| *7* *5* *3* | *2* *4*     | *6* *1* *9* 
| *** *** *** | *** ***  8  | *** *** *** 
+-------------+-------------+-------------+
| ***     1   |   3 *** 1 3 |     *** 1 3 
| *4*      5  |     *9*     |  5  *2*   6 
| *** 78  78  |     ***     | 7   ***     
| 1   *** 1   | *** *** *** |     *** 1   
|  5  *3*  5  | *8* *6* *2* | 45  *9* 4   
|     *** 7   | *** *** *** | 7   ***     
| *** *** *** | *** *** *** |     *** 1 3 
| *2* *6* *9* | *4* *5* *7* |     *8*     
| *** *** *** | *** *** *** |     ***     
+-------------+-------------+-------------+
****************************************************************************

naked single 8 found in cell(r,c): (1,2)
naked single 5 found in cell(r,c): (2,3)
naked single 4 found in cell(r,c): (2,9)
naked single 8 found in cell(r,c): (6,6)
naked single 7 found in cell(r,c): (7,2)
naked single 3 found in cell(r,c): (7,4)
naked single 1 found in cell(r,c): (7,6)
naked single 5 found in cell(r,c): (7,7)
naked single 6 found in cell(r,c): (7,9)
naked single 1 found in cell(r,c): (8,3)
STEP: 17
+-------------+-------------+-------------+
| *** *** *** | *** *** *** | *** *** *** 
| *9* *8* *6* | *7* *2* *4* | *1* *3* *5* 
| *** *** *** | *** *** *** | *** *** *** 
|   3 *** *** | *** ***   3 |     *** *** 
|     *2* *5* | *6* *1*     |     *7* *4* 
|     *** *** | *** ***   9 |  8  *** *** 
| 1 3 ***     |     ***   3 | *** *** *** 
|     *4*     |  5  *8*  5  | *9* *6* *2* 
|     *** 7   |     ***     | *** *** *** 
+-------------+-------------+-------------+
| *** *** *** | *** *** *** | *** *** *** 
| *8* *9* *4* | *1* *3* *6* | *2* *5* *7* 
| *** *** *** | *** *** *** | *** *** *** 
| *** *** *** |     ***     | *** *** *** 
| *6* *1* *2* |  5  *7*  5  | *3* *4* *8* 
| *** *** *** |   9 ***   9 | *** *** *** 
| *** *** *** | *** *** *** | *** *** *** 
| *7* *5* *3* | *2* *4* *8* | *6* *1* *9* 
| *** *** *** | *** *** *** | *** *** *** 
+-------------+-------------+-------------+
| *** ***     | *** *** *** | *** *** *** 
| *4* *7*     | *3* *9* *1* | *5* *2* *6* 
| *** ***  8  | *** *** *** | *** *** *** 
|     *** *** | *** *** *** |     ***     
|  5  *3* *1* | *8* *6* *2* | 4   *9*     
|     *** *** | *** *** *** | 7   ***     
| *** *** *** | *** *** *** |     *** 1 3 
| *2* *6* *9* | *4* *5* *7* |     *8*     
| *** *** *** | *** *** *** |     ***     
+-------------+-------------+-------------+
****************************************************************************

hidden single 9 found in cell(r,c): (2,6); via column
STEP: 18
+-------------+-------------+-------------+
| *** *** *** | *** *** *** | *** *** *** 
| *9* *8* *6* | *7* *2* *4* | *1* *3* *5* 
| *** *** *** | *** *** *** | *** *** *** 
|   3 *** *** | *** *** *** |     *** *** 
|     *2* *5* | *6* *1* *9* |     *7* *4* 
|     *** *** | *** *** *** |  8  *** *** 
| 1 3 ***     |     ***   3 | *** *** *** 
|     *4*     |  5  *8*  5  | *9* *6* *2* 
|     *** 7   |     ***     | *** *** *** 
+-------------+-------------+-------------+
| *** *** *** | *** *** *** | *** *** *** 
| *8* *9* *4* | *1* *3* *6* | *2* *5* *7* 
| *** *** *** | *** *** *** | *** *** *** 
| *** *** *** |     ***     | *** *** *** 
| *6* *1* *2* |  5  *7*  5  | *3* *4* *8* 
| *** *** *** |   9 ***     | *** *** *** 
| *** *** *** | *** *** *** | *** *** *** 
| *7* *5* *3* | *2* *4* *8* | *6* *1* *9* 
| *** *** *** | *** *** *** | *** *** *** 
+-------------+-------------+-------------+
| *** ***     | *** *** *** | *** *** *** 
| *4* *7*     | *3* *9* *1* | *5* *2* *6* 
| *** ***  8  | *** *** *** | *** *** *** 
|     *** *** | *** *** *** |     ***     
|  5  *3* *1* | *8* *6* *2* | 4   *9*     
|     *** *** | *** *** *** | 7   ***     
| *** *** *** | *** *** *** |     *** 1 3 
| *2* *6* *9* | *4* *5* *7* |     *8*     
| *** *** *** | *** *** *** |     ***     
+-------------+-------------+-------------+
****************************************************************************

naked single 3 found in cell(r,c): (2,1)
naked single 8 found in cell(r,c): (2,7)
naked single 1 found in cell(r,c): (3,1)
naked single 7 found in cell(r,c): (3,3)
naked single 5 found in cell(r,c): (3,4)
naked single 3 found in cell(r,c): (3,6)
naked single 9 found in cell(r,c): (5,4)
naked single 5 found in cell(r,c): (5,6)
naked single 8 found in cell(r,c): (7,3)
naked single 5 found in cell(r,c): (8,1)
STEP: 19
+-------------+-------------+-------------+
| *** *** *** | *** *** *** | *** *** *** 
| *9* *8* *6* | *7* *2* *4* | *1* *3* *5* 
| *** *** *** | *** *** *** | *** *** *** 
| *** *** *** | *** *** *** | *** *** *** 
| *3* *2* *5* | *6* *1* *9* | *8* *7* *4* 
| *** *** *** | *** *** *** | *** *** *** 
| *** *** *** | *** *** *** | *** *** *** 
| *1* *4* *7* | *5* *8* *3* | *9* *6* *2* 
| *** *** *** | *** *** *** | *** *** *** 
+-------------+-------------+-------------+
| *** *** *** | *** *** *** | *** *** *** 
| *8* *9* *4* | *1* *3* *6* | *2* *5* *7* 
| *** *** *** | *** *** *** | *** *** *** 
| *** *** *** | *** *** *** | *** *** *** 
| *6* *1* *2* | *9* *7* *5* | *3* *4* *8* 
| *** *** *** | *** *** *** | *** *** *** 
| *** *** *** | *** *** *** | *** *** *** 
| *7* *5* *3* | *2* *4* *8* | *6* *1* *9* 
| *** *** *** | *** *** *** | *** *** *** 
+-------------+-------------+-------------+
| *** *** *** | *** *** *** | *** *** *** 
| *4* *7* *8* | *3* *9* *1* | *5* *2* *6* 
| *** *** *** | *** *** *** | *** *** *** 
| *** *** *** | *** *** *** |     ***     
| *5* *3* *1* | *8* *6* *2* | 4   *9*     
| *** *** *** | *** *** *** | 7   ***     
| *** *** *** | *** *** *** |     *** 1 3 
| *2* *6* *9* | *4* *5* *7* |     *8*     
| *** *** *** | *** *** *** |     ***     
+-------------+-------------+-------------+
****************************************************************************

hidden single 4 found in cell(r,c): (8,7); via row
STEP: 20
+-------------+-------------+-------------+
| *** *** *** | *** *** *** | *** *** *** 
| *9* *8* *6* | *7* *2* *4* | *1* *3* *5* 
| *** *** *** | *** *** *** | *** *** *** 
| *** *** *** | *** *** *** | *** *** *** 
| *3* *2* *5* | *6* *1* *9* | *8* *7* *4* 
| *** *** *** | *** *** *** | *** *** *** 
| *** *** *** | *** *** *** | *** *** *** 
| *1* *4* *7* | *5* *8* *3* | *9* *6* *2* 
| *** *** *** | *** *** *** | *** *** *** 
+-------------+-------------+-------------+
| *** *** *** | *** *** *** | *** *** *** 
| *8* *9* *4* | *1* *3* *6* | *2* *5* *7* 
| *** *** *** | *** *** *** | *** *** *** 
| *** *** *** | *** *** *** | *** *** *** 
| *6* *1* *2* | *9* *7* *5* | *3* *4* *8* 
| *** *** *** | *** *** *** | *** *** *** 
| *** *** *** | *** *** *** | *** *** *** 
| *7* *5* *3* | *2* *4* *8* | *6* *1* *9* 
| *** *** *** | *** *** *** | *** *** *** 
+-------------+-------------+-------------+
| *** *** *** | *** *** *** | *** *** *** 
| *4* *7* *8* | *3* *9* *1* | *5* *2* *6* 
| *** *** *** | *** *** *** | *** *** *** 
| *** *** *** | *** *** *** | *** ***     
| *5* *3* *1* | *8* *6* *2* | *4* *9*     
| *** *** *** | *** *** *** | *** ***     
| *** *** *** | *** *** *** |     *** 1 3 
| *2* *6* *9* | *4* *5* *7* |     *8*     
| *** *** *** | *** *** *** |     ***     
+-------------+-------------+-------------+
****************************************************************************

hidden single 1 found in cell(r,c): (9,9); via row
STEP: 21
+-------------+-------------+-------------+
| *** *** *** | *** *** *** | *** *** *** 
| *9* *8* *6* | *7* *2* *4* | *1* *3* *5* 
| *** *** *** | *** *** *** | *** *** *** 
| *** *** *** | *** *** *** | *** *** *** 
| *3* *2* *5* | *6* *1* *9* | *8* *7* *4* 
| *** *** *** | *** *** *** | *** *** *** 
| *** *** *** | *** *** *** | *** *** *** 
| *1* *4* *7* | *5* *8* *3* | *9* *6* *2* 
| *** *** *** | *** *** *** | *** *** *** 
+-------------+-------------+-------------+
| *** *** *** | *** *** *** | *** *** *** 
| *8* *9* *4* | *1* *3* *6* | *2* *5* *7* 
| *** *** *** | *** *** *** | *** *** *** 
| *** *** *** | *** *** *** | *** *** *** 
| *6* *1* *2* | *9* *7* *5* | *3* *4* *8* 
| *** *** *** | *** *** *** | *** *** *** 
| *** *** *** | *** *** *** | *** *** *** 
| *7* *5* *3* | *2* *4* *8* | *6* *1* *9* 
| *** *** *** | *** *** *** | *** *** *** 
+-------------+-------------+-------------+
| *** *** *** | *** *** *** | *** *** *** 
| *4* *7* *8* | *3* *9* *1* | *5* *2* *6* 
| *** *** *** | *** *** *** | *** *** *** 
| *** *** *** | *** *** *** | *** ***     
| *5* *3* *1* | *8* *6* *2* | *4* *9*     
| *** *** *** | *** *** *** | *** ***     
| *** *** *** | *** *** *** |     *** *** 
| *2* *6* *9* | *4* *5* *7* |     *8* *1* 
| *** *** *** | *** *** *** |     *** *** 
+-------------+-------------+-------------+
****************************************************************************

+-------+-------+-------+
| 9 8 6 | 7 2 4 | 1 3 5 |
| 3 2 5 | 6 1 9 | 8 7 4 |
| 1 4 7 | 5 8 3 | 9 6 2 |
+-------+-------+-------+
| 8 9 4 | 1 3 6 | 2 5 7 |
| 6 1 2 | 9 7 5 | 3 4 8 |
| 7 5 3 | 2 4 8 | 6 1 9 |
+-------+-------+-------+
| 4 7 8 | 3 9 1 | 5 2 6 |
| 5 3 1 | 8 6 2 | 4 9   |
| 2 6 9 | 4 5 7 |   8 1 |
+-------+-------+-------+
