+-------+-------+-------+
| 1     |     7 |   9   |
|   3   |   2   |     8 |
|     9 | 6     | 5     |
+-------+-------+-------+
|     5 | 3     | 9     |
|   1   |   8   |     2 |
| 6     |     4 |       |
+-------+-------+-------+
| 3     |       |   1   |
|   4   |       |     7 |
|     7 |       | 3     |
+-------+-------+-------+
STEP: 0
+-------------+-------------+-------------+
| ***  2   2  |       3 *** |  2  ***   3 
| *1*  56 4 6 | 45  45  *7* | 4 6 *9* 4 6 
| ***  8   8  |  8      *** |     ***     
|     ***     | 1   *** 1   | 1       *** 
| 45  *3* 4 6 | 45  *2*  5  | 4 6 4 6 *8* 
| 7   ***     |   9 ***   9 | 7   7   *** 
|  2   2  *** | *** 1 3 1 3 | ***  23 1 3 
| 4       *9* | *6* 4       | *5* 4   4   
| 78  78  *** | ***      8  | *** 7       
+-------------+-------------+-------------+
|  2   2  *** | *** 1   12  | ***     1   
| 4       *5* | *3*   6   6 | *9* 4 6 4 6 
| 78  78  *** | *** 7       | *** 78      
|     ***   3 |     ***     |       3 *** 
| 4   *1* 4   |  5  *8*  56 | 4 6 456 *2* 
| 7 9 ***     | 7 9 ***   9 | 7   7   *** 
| ***  2   23 | 12  1   *** | 1     3 1 3 
| *6*         |  5   5  *4* |      5   5  
| *** 789  8  | 7 9 7 9 *** | 78  78      
+-------------+-------------+-------------+
| ***  2   2  |  2       2  |  2  ***     
| *3*  56   6 | 45  456  56 | 4 6 *1* 456 
| ***  89  8  | 789 7 9  89 |  8  ***   9 
|  2  *** 12  | 12  1 3 123 |  2   2  *** 
|  5  *4*   6 |  5   56  56 |   6  56 *7* 
|  89 ***  8  |  89   9  89 |  8   8  *** 
|  2   2  *** | 12  1   12  | ***  2      
|  5   56 *7* | 45  456  56 | *3* 456 456 
|  89  89 *** |  89   9  89 | ***  8    9 
+-------------+-------------+-------------+
****************************************************************************

hidden single 1 found in cell(r,c): (8,3); via row
STEP: 1
+-------------+-------------+-------------+
| ***  2   2  |       3 *** |  2  ***   3 
| *1*  56 4 6 | 45  45  *7* | 4 6 *9* 4 6 
| ***  8   8  |  8      *** |     ***     
|     ***     | 1   *** 1   | 1       *** 
| 45  *3* 4 6 | 45  *2*  5  | 4 6 4 6 *8* 
| 7   ***     |   9 ***   9 | 7   7   *** 
|  2   2  *** | *** 1 3 1 3 | ***  23 1 3 
| 4       *9* | *6* 4       | *5* 4   4   
| 78  78  *** | ***      8  | *** 7       
+-------------+-------------+-------------+
|  2   2  *** | *** 1   12  | ***     1   
| 4       *5* | *3*   6   6 | *9* 4 6 4 6 
| 78  78  *** | *** 7       | *** 78      
|     ***   3 |     ***     |       3 *** 
| 4   *1* 4   |  5  *8*  56 | 4 6 456 *2* 
| 7 9 ***     | 7 9 ***   9 | 7   7   *** 
| ***  2   23 | 12  1   *** | 1     3 1 3 
| *6*         |  5   5  *4* |      5   5  
| *** 789  8  | 7 9 7 9 *** | 78  78      
+-------------+-------------+-------------+
| ***  2   2  |  2       2  |  2  ***     
| *3*  56   6 | 45  456  56 | 4 6 *1* 456 
| ***  89  8  | 789 7 9  89 |  8  ***   9 
|  2  *** *** |  2    3  23 |  2   2  *** 
|  5  *4* *1* |  5   56  56 |   6  56 *7* 
|  89 *** *** |  89   9  89 |  8   8  *** 
|  2   2  *** | 12  1   12  | ***  2      
|  5   56 *7* | 45  456  56 | *3* 456 456 
|  89  89 *** |  89   9  89 | ***  8    9 
+-------------+-------------+-------------+
****************************************************************************

+-------+-------+-------+
| 1     |     7 |   9   |
|   3   |   2   |     8 |
|     9 | 6     | 5     |
+-------+-------+-------+
|     5 | 3     | 9     |
|   1   |   8   |     2 |
| 6     |     4 |       |
+-------+-------+-------+
| 3     |       |   1   |
|   4 1 |       |     7 |
|     7 |       | 3     |
+-------+-------+-------+
