
+-------+-------+-------+
|       |     4 |   2 8 |
| 4   6 |       |     5 |
| 1     |   3   | 6     |
+-------+-------+-------+
|       | 3   1 |       |
|   8 7 |       | 1 4   |
|       | 7   9 |       |
+-------+-------+-------+
|     2 |   1   |     3 |
| 9     |       | 5   7 |
| 6 7   | 4     |       |
+-------+-------+-------+
STEP: 0
+-------------+-------------+-------------+
|   3   3   3 | 1       *** |   3 *** *** 
|  5   5   5  |  56  56 *4* |     *2* *8* 
| 7     9   9 |   9 7 9 *** | 7 9 *** *** 
| ***  23 *** | 12   2   2  |   3 1 3 *** 
| *4*     *6* |             |         *5* 
| ***   9 *** |  89 789 78  | 7 9 7 9 *** 
| ***  2      |  2  ***  2  | ***         
| *1*  5   5  |  5  *3*  5  | *6*     4   
| ***   9  89 |  89 *** 78  | *** 7 9   9 
+-------------+-------------+-------------+
|  2   2      | ***  2  *** |  2       2  
|  5  456 45  | *3* 456 *1* |      56   6 
|       9   9 | ***  8  *** | 789 789   9 
|  23 *** *** |  2   2   2  | *** ***  2  
|  5  *8* *7* |  56  56  56 | *1* *4*   6 
|     *** *** |             | *** ***   9 
|  23 123 1 3 | ***  2  *** |  23   3  2  
|  5  456 45  | *7* 456 *9* |      56   6 
|             | ***  8  *** |  8   8      
+-------------+-------------+-------------+
|         *** |     ***     |         *** 
|  5  45  *2* |  56 *1*  56 | 4     6 *3* 
|  8      *** |  89 *** 78  |  89  89 *** 
| *** 1 3 1 3 |  2   2   23 | *** 1   *** 
| *9* 4   4   |   6   6   6 | *5*   6 *7* 
| ***      8  |  8   8   8  | ***  8  *** 
| *** *** 1 3 | ***  2   23 |  2  1   12  
| *6* *7*  5  | *4*  5   5  |             
| *** ***  8  | ***  89  8  |  89  89   9 
+-------------+-------------+-------------+
****************************************************************************

hidden single 7 found in cell(r,c): (1,1); via row
STEP: 1
+-------------+-------------+-------------+
| ***   3   3 | 1       *** |   3 *** *** 
| *7*  5   5  |  56  56 *4* |     *2* *8* 
| ***   9   9 |   9   9 *** |   9 *** *** 
| ***  23 *** | 12   2   2  |   3 1 3 *** 
| *4*     *6* |             |         *5* 
| ***   9 *** |  89 789 78  | 7 9 7 9 *** 
| ***  2      |  2  ***  2  | ***         
| *1*  5   5  |  5  *3*  5  | *6*     4   
| ***   9  89 |  89 *** 78  | *** 7 9   9 
+-------------+-------------+-------------+
|  2   2      | ***  2  *** |  2       2  
|  5  456 45  | *3* 456 *1* |      56   6 
|       9   9 | ***  8  *** | 789 789   9 
|  23 *** *** |  2   2   2  | *** ***  2  
|  5  *8* *7* |  56  56  56 | *1* *4*   6 
|     *** *** |             | *** ***   9 
|  23 123 1 3 | ***  2  *** |  23   3  2  
|  5  456 45  | *7* 456 *9* |      56   6 
|             | ***  8  *** |  8   8      
+-------------+-------------+-------------+
|         *** |     ***     |         *** 
|  5  45  *2* |  56 *1*  56 | 4     6 *3* 
|  8      *** |  89 *** 78  |  89  89 *** 
| *** 1 3 1 3 |  2   2   23 | *** 1   *** 
| *9* 4   4   |   6   6   6 | *5*   6 *7* 
| ***      8  |  8   8   8  | ***  8  *** 
| *** *** 1 3 | ***  2   23 |  2  1   12  
| *6* *7*  5  | *4*  5   5  |             
| *** ***  8  | ***  89  8  |  89  89   9 
+-------------+-------------+-------------+
****************************************************************************

hidden single 1 found in cell(r,c): (1,4); via column
STEP: 2
+-------------+-------------+-------------+
| ***   3   3 | ***     *** |   3 *** *** 
| *7*  5   5  | *1*  56 *4* |     *2* *8* 
| ***   9   9 | ***   9 *** |   9 *** *** 
| ***  23 *** |  2   2   2  |   3 1 3 *** 
| *4*     *6* |             |         *5* 
| ***   9 *** |  89 789 78  | 7 9 7 9 *** 
| ***  2      |  2  ***  2  | ***         
| *1*  5   5  |  5  *3*  5  | *6*     4   
| ***   9  89 |  89 *** 78  | *** 7 9   9 
+-------------+-------------+-------------+
|  2   2      | ***  2  *** |  2       2  
|  5  456 45  | *3* 456 *1* |      56   6 
|       9   9 | ***  8  *** | 789 789   9 
|  23 *** *** |  2   2   2  | *** ***  2  
|  5  *8* *7* |  56  56  56 | *1* *4*   6 
|     *** *** |             | *** ***   9 
|  23 123 1 3 | ***  2  *** |  23   3  2  
|  5  456 45  | *7* 456 *9* |      56   6 
|             | ***  8  *** |  8   8      
+-------------+-------------+-------------+
|         *** |     ***     |         *** 
|  5  45  *2* |  56 *1*  56 | 4     6 *3* 
|  8      *** |  89 *** 78  |  89  89 *** 
| *** 1 3 1 3 |  2   2   23 | *** 1   *** 
| *9* 4   4   |   6   6   6 | *5*   6 *7* 
| ***      8  |  8   8   8  | ***  8  *** 
| *** *** 1 3 | ***  2   23 |  2  1   12  
| *6* *7*  5  | *4*  5   5  |             
| *** ***  8  | ***  89  8  |  89  89   9 
+-------------+-------------+-------------+
****************************************************************************

hidden single 6 found in cell(r,c): (1,5); via column
STEP: 3
+-------------+-------------+-------------+
| ***   3   3 | *** *** *** |   3 *** *** 
| *7*  5   5  | *1* *6* *4* |     *2* *8* 
| ***   9   9 | *** *** *** |   9 *** *** 
| ***  23 *** |  2   2   2  |   3 1 3 *** 
| *4*     *6* |             |         *5* 
| ***   9 *** |  89 789 78  | 7 9 7 9 *** 
| ***  2      |  2  ***  2  | ***         
| *1*  5   5  |  5  *3*  5  | *6*     4   
| ***   9  89 |  89 *** 78  | *** 7 9   9 
+-------------+-------------+-------------+
|  2   2      | ***  2  *** |  2       2  
|  5  456 45  | *3* 45  *1* |      56   6 
|       9   9 | ***  8  *** | 789 789   9 
|  23 *** *** |  2   2   2  | *** ***  2  
|  5  *8* *7* |  56  5   56 | *1* *4*   6 
|     *** *** |             | *** ***   9 
|  23 123 1 3 | ***  2  *** |  23   3  2  
|  5  456 45  | *7* 45  *9* |      56   6 
|             | ***  8  *** |  8   8      
+-------------+-------------+-------------+
|         *** |     ***     |         *** 
|  5  45  *2* |  56 *1*  56 | 4     6 *3* 
|  8      *** |  89 *** 78  |  89  89 *** 
| *** 1 3 1 3 |  2   2   23 | *** 1   *** 
| *9* 4   4   |   6       6 | *5*   6 *7* 
| ***      8  |  8   8   8  | ***  8  *** 
| *** *** 1 3 | ***  2   23 |  2  1   12  
| *6* *7*  5  | *4*  5   5  |             
| *** ***  8  | ***  89  8  |  89  89   9 
+-------------+-------------+-------------+
****************************************************************************

hidden single 7 found in cell(r,c): (2,5); via row
STEP: 4
+-------------+-------------+-------------+
| ***   3   3 | *** *** *** |   3 *** *** 
| *7*  5   5  | *1* *6* *4* |     *2* *8* 
| ***   9   9 | *** *** *** |   9 *** *** 
| ***  23 *** |  2  ***  2  |   3 1 3 *** 
| *4*     *6* |     *7*     |         *5* 
| ***   9 *** |  89 ***  8  |   9   9 *** 
| ***  2      |  2  ***  2  | ***         
| *1*  5   5  |  5  *3*  5  | *6*     4   
| ***   9  89 |  89 ***  8  | *** 7 9   9 
+-------------+-------------+-------------+
|  2   2      | ***  2  *** |  2       2  
|  5  456 45  | *3* 45  *1* |      56   6 
|       9   9 | ***  8  *** | 789 789   9 
|  23 *** *** |  2   2   2  | *** ***  2  
|  5  *8* *7* |  56  5   56 | *1* *4*   6 
|     *** *** |             | *** ***   9 
|  23 123 1 3 | ***  2  *** |  23   3  2  
|  5  456 45  | *7* 45  *9* |      56   6 
|             | ***  8  *** |  8   8      
+-------------+-------------+-------------+
|         *** |     ***     |         *** 
|  5  45  *2* |  56 *1*  56 | 4     6 *3* 
|  8      *** |  89 *** 78  |  89  89 *** 
| *** 1 3 1 3 |  2   2   23 | *** 1   *** 
| *9* 4   4   |   6       6 | *5*   6 *7* 
| ***      8  |  8   8   8  | ***  8  *** 
| *** *** 1 3 | ***  2   23 |  2  1   12  
| *6* *7*  5  | *4*  5   5  |             
| *** ***  8  | ***  89  8  |  89  89   9 
+-------------+-------------+-------------+
****************************************************************************

hidden single 1 found in cell(r,c): (2,8); via column
STEP: 5
+-------------+-------------+-------------+
| ***   3   3 | *** *** *** |   3 *** *** 
| *7*  5   5  | *1* *6* *4* |     *2* *8* 
| ***   9   9 | *** *** *** |   9 *** *** 
| ***  23 *** |  2  ***  2  |   3 *** *** 
| *4*     *6* |     *7*     |     *1* *5* 
| ***   9 *** |  89 ***  8  |   9 *** *** 
| ***  2      |  2  ***  2  | ***         
| *1*  5   5  |  5  *3*  5  | *6*     4   
| ***   9  89 |  89 ***  8  | *** 7 9   9 
+-------------+-------------+-------------+
|  2   2      | ***  2  *** |  2       2  
|  5  456 45  | *3* 45  *1* |      56   6 
|       9   9 | ***  8  *** | 789 789   9 
|  23 *** *** |  2   2   2  | *** ***  2  
|  5  *8* *7* |  56  5   56 | *1* *4*   6 
|     *** *** |             | *** ***   9 
|  23 123 1 3 | ***  2  *** |  23   3  2  
|  5  456 45  | *7* 45  *9* |      56   6 
|             | ***  8  *** |  8   8      
+-------------+-------------+-------------+
|         *** |     ***     |         *** 
|  5  45  *2* |  56 *1*  56 | 4     6 *3* 
|  8      *** |  89 *** 78  |  89  89 *** 
| *** 1 3 1 3 |  2   2   23 | ***     *** 
| *9* 4   4   |   6       6 | *5*   6 *7* 
| ***      8  |  8   8   8  | ***  8  *** 
| *** *** 1 3 | ***  2   23 |  2      12  
| *6* *7*  5  | *4*  5   5  |             
| *** ***  8  | ***  89  8  |  89  89   9 
+-------------+-------------+-------------+
****************************************************************************

hidden single 7 found in cell(r,c): (3,8); via column
STEP: 6
+-------------+-------------+-------------+
| ***   3   3 | *** *** *** |   3 *** *** 
| *7*  5   5  | *1* *6* *4* |     *2* *8* 
| ***   9   9 | *** *** *** |   9 *** *** 
| ***  23 *** |  2  ***  2  |   3 *** *** 
| *4*     *6* |     *7*     |     *1* *5* 
| ***   9 *** |  89 ***  8  |   9 *** *** 
| ***  2      |  2  ***  2  | *** ***     
| *1*  5   5  |  5  *3*  5  | *6* *7* 4   
| ***   9  89 |  89 ***  8  | *** ***   9 
+-------------+-------------+-------------+
|  2   2      | ***  2  *** |  2       2  
|  5  456 45  | *3* 45  *1* |      56   6 
|       9   9 | ***  8  *** | 789  89   9 
|  23 *** *** |  2   2   2  | *** ***  2  
|  5  *8* *7* |  56  5   56 | *1* *4*   6 
|     *** *** |             | *** ***   9 
|  23 123 1 3 | ***  2  *** |  23   3  2  
|  5  456 45  | *7* 45  *9* |      56   6 
|             | ***  8  *** |  8   8      
+-------------+-------------+-------------+
|         *** |     ***     |         *** 
|  5  45  *2* |  56 *1*  56 | 4     6 *3* 
|  8      *** |  89 *** 78  |  89  89 *** 
| *** 1 3 1 3 |  2   2   23 | ***     *** 
| *9* 4   4   |   6       6 | *5*   6 *7* 
| ***      8  |  8   8   8  | ***  8  *** 
| *** *** 1 3 | ***  2   23 |  2      12  
| *6* *7*  5  | *4*  5   5  |             
| *** ***  8  | ***  89  8  |  89  89   9 
+-------------+-------------+-------------+
****************************************************************************

hidden single 4 found in cell(r,c): (3,9); via row
STEP: 7
+-------------+-------------+-------------+
| ***   3   3 | *** *** *** |   3 *** *** 
| *7*  5   5  | *1* *6* *4* |     *2* *8* 
| ***   9   9 | *** *** *** |   9 *** *** 
| ***  23 *** |  2  ***  2  |   3 *** *** 
| *4*     *6* |     *7*     |     *1* *5* 
| ***   9 *** |  89 ***  8  |   9 *** *** 
| ***  2      |  2  ***  2  | *** *** *** 
| *1*  5   5  |  5  *3*  5  | *6* *7* *4* 
| ***   9  89 |  89 ***  8  | *** *** *** 
+-------------+-------------+-------------+
|  2   2      | ***  2  *** |  2       2  
|  5  456 45  | *3* 45  *1* |      56   6 
|       9   9 | ***  8  *** | 789  89   9 
|  23 *** *** |  2   2   2  | *** ***  2  
|  5  *8* *7* |  56  5   56 | *1* *4*   6 
|     *** *** |             | *** ***   9 
|  23 123 1 3 | ***  2  *** |  23   3  2  
|  5  456 45  | *7* 45  *9* |      56   6 
|             | ***  8  *** |  8   8      
+-------------+-------------+-------------+
|         *** |     ***     |         *** 
|  5  45  *2* |  56 *1*  56 | 4     6 *3* 
|  8      *** |  89 *** 78  |  89  89 *** 
| *** 1 3 1 3 |  2   2   23 | ***     *** 
| *9* 4   4   |   6       6 | *5*   6 *7* 
| ***      8  |  8   8   8  | ***  8  *** 
| *** *** 1 3 | ***  2   23 |  2      12  
| *6* *7*  5  | *4*  5   5  |             
| *** ***  8  | ***  89  8  |  89  89   9 
+-------------+-------------+-------------+
****************************************************************************

hidden single 7 found in cell(r,c): (4,7); via row
STEP: 8
+-------------+-------------+-------------+
| ***   3   3 | *** *** *** |   3 *** *** 
| *7*  5   5  | *1* *6* *4* |     *2* *8* 
| ***   9   9 | *** *** *** |   9 *** *** 
| ***  23 *** |  2  ***  2  |   3 *** *** 
| *4*     *6* |     *7*     |     *1* *5* 
| ***   9 *** |  89 ***  8  |   9 *** *** 
| ***  2      |  2  ***  2  | *** *** *** 
| *1*  5   5  |  5  *3*  5  | *6* *7* *4* 
| ***   9  89 |  89 ***  8  | *** *** *** 
+-------------+-------------+-------------+
|  2   2      | ***  2  *** | ***      2  
|  5  456 45  | *3* 45  *1* | *7*  56   6 
|       9   9 | ***  8  *** | ***  89   9 
|  23 *** *** |  2   2   2  | *** ***  2  
|  5  *8* *7* |  56  5   56 | *1* *4*   6 
|     *** *** |             | *** ***   9 
|  23 123 1 3 | ***  2  *** |  23   3  2  
|  5  456 45  | *7* 45  *9* |      56   6 
|             | ***  8  *** |  8   8      
+-------------+-------------+-------------+
|         *** |     ***     |         *** 
|  5  45  *2* |  56 *1*  56 | 4     6 *3* 
|  8      *** |  89 *** 78  |  89  89 *** 
| *** 1 3 1 3 |  2   2   23 | ***     *** 
| *9* 4   4   |   6       6 | *5*   6 *7* 
| ***      8  |  8   8   8  | ***  8  *** 
| *** *** 1 3 | ***  2   23 |  2      12  
| *6* *7*  5  | *4*  5   5  |             
| *** ***  8  | ***  89  8  |  89  89   9 
+-------------+-------------+-------------+
****************************************************************************

hidden single 3 found in cell(r,c): (5,1); via column
STEP: 9
+-------------+-------------+-------------+
| ***   3   3 | *** *** *** |   3 *** *** 
| *7*  5   5  | *1* *6* *4* |     *2* *8* 
| ***   9   9 | *** *** *** |   9 *** *** 
| ***  23 *** |  2  ***  2  |   3 *** *** 
| *4*     *6* |     *7*     |     *1* *5* 
| ***   9 *** |  89 ***  8  |   9 *** *** 
| ***  2      |  2  ***  2  | *** *** *** 
| *1*  5   5  |  5  *3*  5  | *6* *7* *4* 
| ***   9  89 |  89 ***  8  | *** *** *** 
+-------------+-------------+-------------+
|  2   2      | ***  2  *** | ***      2  
|  5  456 45  | *3* 45  *1* | *7*  56   6 
|       9   9 | ***  8  *** | ***  89   9 
| *** *** *** |  2   2   2  | *** ***  2  
| *3* *8* *7* |  56  5   56 | *1* *4*   6 
| *** *** *** |             | *** ***   9 
|  2  12  1   | ***  2  *** |  23   3  2  
|  5  456 45  | *7* 45  *9* |      56   6 
|             | ***  8  *** |  8   8      
+-------------+-------------+-------------+
|         *** |     ***     |         *** 
|  5  45  *2* |  56 *1*  56 | 4     6 *3* 
|  8      *** |  89 *** 78  |  89  89 *** 
| *** 1 3 1 3 |  2   2   23 | ***     *** 
| *9* 4   4   |   6       6 | *5*   6 *7* 
| ***      8  |  8   8   8  | ***  8  *** 
| *** *** 1 3 | ***  2   23 |  2      12  
| *6* *7*  5  | *4*  5   5  |             
| *** ***  8  | ***  89  8  |  89  89   9 
+-------------+-------------+-------------+
****************************************************************************

hidden single 9 found in cell(r,c): (5,9); via column
STEP: 10
+-------------+-------------+-------------+
| ***   3   3 | *** *** *** |   3 *** *** 
| *7*  5   5  | *1* *6* *4* |     *2* *8* 
| ***   9   9 | *** *** *** |   9 *** *** 
| ***  23 *** |  2  ***  2  |   3 *** *** 
| *4*     *6* |     *7*     |     *1* *5* 
| ***   9 *** |  89 ***  8  |   9 *** *** 
| ***  2      |  2  ***  2  | *** *** *** 
| *1*  5   5  |  5  *3*  5  | *6* *7* *4* 
| ***   9  89 |  89 ***  8  | *** *** *** 
+-------------+-------------+-------------+
|  2   2      | ***  2  *** | ***      2  
|  5  456 45  | *3* 45  *1* | *7*  56   6 
|       9   9 | ***  8  *** | ***  8      
| *** *** *** |  2   2   2  | *** *** *** 
| *3* *8* *7* |  56  5   56 | *1* *4* *9* 
| *** *** *** |             | *** *** *** 
|  2  12  1   | ***  2  *** |  23   3  2  
|  5  456 45  | *7* 45  *9* |      56   6 
|             | ***  8  *** |  8   8      
+-------------+-------------+-------------+
|         *** |     ***     |         *** 
|  5  45  *2* |  56 *1*  56 | 4     6 *3* 
|  8      *** |  89 *** 78  |  89  89 *** 
| *** 1 3 1 3 |  2   2   23 | ***     *** 
| *9* 4   4   |   6       6 | *5*   6 *7* 
| ***      8  |  8   8   8  | ***  8  *** 
| *** *** 1 3 | ***  2   23 |  2      12  
| *6* *7*  5  | *4*  5   5  |             
| *** ***  8  | ***  89  8  |  89  89     
+-------------+-------------+-------------+
****************************************************************************

hidden single 3 found in cell(r,c): (6,8); via row
STEP: 11
+-------------+-------------+-------------+
| ***   3   3 | *** *** *** |   3 *** *** 
| *7*  5   5  | *1* *6* *4* |     *2* *8* 
| ***   9   9 | *** *** *** |   9 *** *** 
| ***  23 *** |  2  ***  2  |   3 *** *** 
| *4*     *6* |     *7*     |     *1* *5* 
| ***   9 *** |  89 ***  8  |   9 *** *** 
| ***  2      |  2  ***  2  | *** *** *** 
| *1*  5   5  |  5  *3*  5  | *6* *7* *4* 
| ***   9  89 |  89 ***  8  | *** *** *** 
+-------------+-------------+-------------+
|  2   2      | ***  2  *** | ***      2  
|  5  456 45  | *3* 45  *1* | *7*  56   6 
|       9   9 | ***  8  *** | ***  8      
| *** *** *** |  2   2   2  | *** *** *** 
| *3* *8* *7* |  56  5   56 | *1* *4* *9* 
| *** *** *** |             | *** *** *** 
|  2  12  1   | ***  2  *** |  2  ***  2  
|  5  456 45  | *7* 45  *9* |     *3*   6 
|             | ***  8  *** |  8  ***     
+-------------+-------------+-------------+
|         *** |     ***     |         *** 
|  5  45  *2* |  56 *1*  56 | 4     6 *3* 
|  8      *** |  89 *** 78  |  89  89 *** 
| *** 1 3 1 3 |  2   2   23 | ***     *** 
| *9* 4   4   |   6       6 | *5*   6 *7* 
| ***      8  |  8   8   8  | ***  8  *** 
| *** *** 1 3 | ***  2   23 |  2      12  
| *6* *7*  5  | *4*  5   5  |             
| *** ***  8  | ***  89  8  |  89  89     
+-------------+-------------+-------------+
****************************************************************************

hidden single 5 found in cell(r,c): (4,8); via row
STEP: 12
+-------------+-------------+-------------+
| ***   3   3 | *** *** *** |   3 *** *** 
| *7*  5   5  | *1* *6* *4* |     *2* *8* 
| ***   9   9 | *** *** *** |   9 *** *** 
| ***  23 *** |  2  ***  2  |   3 *** *** 
| *4*     *6* |     *7*     |     *1* *5* 
| ***   9 *** |  89 ***  8  |   9 *** *** 
| ***  2      |  2  ***  2  | *** *** *** 
| *1*  5   5  |  5  *3*  5  | *6* *7* *4* 
| ***   9  89 |  89 ***  8  | *** *** *** 
+-------------+-------------+-------------+
|  2   2      | ***  2  *** | *** ***  2  
|     4 6 4   | *3* 4   *1* | *7* *5*   6 
|       9   9 | ***  8  *** | *** ***     
| *** *** *** |  2   2   2  | *** *** *** 
| *3* *8* *7* |  56  5   56 | *1* *4* *9* 
| *** *** *** |             | *** *** *** 
|  2  12  1   | ***  2  *** |  2  ***  2  
|  5  456 45  | *7* 45  *9* |     *3*   6 
|             | ***  8  *** |  8  ***     
+-------------+-------------+-------------+
|         *** |     ***     |         *** 
|  5  45  *2* |  56 *1*  56 | 4     6 *3* 
|  8      *** |  89 *** 78  |  89  89 *** 
| *** 1 3 1 3 |  2   2   23 | ***     *** 
| *9* 4   4   |   6       6 | *5*   6 *7* 
| ***      8  |  8   8   8  | ***  8  *** 
| *** *** 1 3 | ***  2   23 |  2      12  
| *6* *7*  5  | *4*  5   5  |             
| *** ***  8  | ***  89  8  |  89  89     
+-------------+-------------+-------------+
****************************************************************************

naked single 2 found in cell(r,c): (4,1)
STEP: 13
+-------------+-------------+-------------+
| ***   3   3 | *** *** *** |   3 *** *** 
| *7*  5   5  | *1* *6* *4* |     *2* *8* 
| ***   9   9 | *** *** *** |   9 *** *** 
| ***  23 *** |  2  ***  2  |   3 *** *** 
| *4*     *6* |     *7*     |     *1* *5* 
| ***   9 *** |  89 ***  8  |   9 *** *** 
| ***  2      |  2  ***  2  | *** *** *** 
| *1*  5   5  |  5  *3*  5  | *6* *7* *4* 
| ***   9  89 |  89 ***  8  | *** *** *** 
+-------------+-------------+-------------+
| ***         | ***     *** | *** ***     
| *2* 4 6 4   | *3* 4   *1* | *7* *5*   6 
| ***   9   9 | ***  8  *** | *** ***     
| *** *** *** |  2   2   2  | *** *** *** 
| *3* *8* *7* |  56  5   56 | *1* *4* *9* 
| *** *** *** |             | *** *** *** 
|     1   1   | ***  2  *** |  2  ***  2  
|  5  456 45  | *7* 45  *9* |     *3*   6 
|             | ***  8  *** |  8  ***     
+-------------+-------------+-------------+
|         *** |     ***     |         *** 
|  5  45  *2* |  56 *1*  56 | 4     6 *3* 
|  8      *** |  89 *** 78  |  89  89 *** 
| *** 1 3 1 3 |  2   2   23 | ***     *** 
| *9* 4   4   |   6       6 | *5*   6 *7* 
| ***      8  |  8   8   8  | ***  8  *** 
| *** *** 1 3 | ***  2   23 |  2      12  
| *6* *7*  5  | *4*  5   5  |             
| *** ***  8  | ***  89  8  |  89  89     
+-------------+-------------+-------------+
****************************************************************************

naked single 6 found in cell(r,c): (4,9)
STEP: 14
+-------------+-------------+-------------+
| ***   3   3 | *** *** *** |   3 *** *** 
| *7*  5   5  | *1* *6* *4* |     *2* *8* 
| ***   9   9 | *** *** *** |   9 *** *** 
| ***  23 *** |  2  ***  2  |   3 *** *** 
| *4*     *6* |     *7*     |     *1* *5* 
| ***   9 *** |  89 ***  8  |   9 *** *** 
| ***  2      |  2  ***  2  | *** *** *** 
| *1*  5   5  |  5  *3*  5  | *6* *7* *4* 
| ***   9  89 |  89 ***  8  | *** *** *** 
+-------------+-------------+-------------+
| ***         | ***     *** | *** *** *** 
| *2* 4   4   | *3* 4   *1* | *7* *5* *6* 
| ***   9   9 | ***  8  *** | *** *** *** 
| *** *** *** |  2   2   2  | *** *** *** 
| *3* *8* *7* |  56  5   56 | *1* *4* *9* 
| *** *** *** |             | *** *** *** 
|     1   1   | ***  2  *** |  2  ***  2  
|  5  456 45  | *7* 45  *9* |     *3*     
|             | ***  8  *** |  8  ***     
+-------------+-------------+-------------+
|         *** |     ***     |         *** 
|  5  45  *2* |  56 *1*  56 | 4     6 *3* 
|  8      *** |  89 *** 78  |  89  89 *** 
| *** 1 3 1 3 |  2   2   23 | ***     *** 
| *9* 4   4   |   6       6 | *5*   6 *7* 
| ***      8  |  8   8   8  | ***  8  *** 
| *** *** 1 3 | ***  2   23 |  2      12  
| *6* *7*  5  | *4*  5   5  |             
| *** ***  8  | ***  89  8  |  89  89     
+-------------+-------------+-------------+
****************************************************************************

naked single 5 found in cell(r,c): (6,1)
STEP: 15
+-------------+-------------+-------------+
| ***   3   3 | *** *** *** |   3 *** *** 
| *7*  5   5  | *1* *6* *4* |     *2* *8* 
| ***   9   9 | *** *** *** |   9 *** *** 
| ***  23 *** |  2  ***  2  |   3 *** *** 
| *4*     *6* |     *7*     |     *1* *5* 
| ***   9 *** |  89 ***  8  |   9 *** *** 
| ***  2      |  2  ***  2  | *** *** *** 
| *1*  5   5  |  5  *3*  5  | *6* *7* *4* 
| ***   9  89 |  89 ***  8  | *** *** *** 
+-------------+-------------+-------------+
| ***         | ***     *** | *** *** *** 
| *2* 4   4   | *3* 4   *1* | *7* *5* *6* 
| ***   9   9 | ***  8  *** | *** *** *** 
| *** *** *** |  2   2   2  | *** *** *** 
| *3* *8* *7* |  56  5   56 | *1* *4* *9* 
| *** *** *** |             | *** *** *** 
| *** 1   1   | ***  2  *** |  2  ***  2  
| *5* 4 6 4   | *7* 4   *9* |     *3*     
| ***         | ***  8  *** |  8  ***     
+-------------+-------------+-------------+
|         *** |     ***     |         *** 
|     45  *2* |  56 *1*  56 | 4     6 *3* 
|  8      *** |  89 *** 78  |  89  89 *** 
| *** 1 3 1 3 |  2   2   23 | ***     *** 
| *9* 4   4   |   6       6 | *5*   6 *7* 
| ***      8  |  8   8   8  | ***  8  *** 
| *** *** 1 3 | ***  2   23 |  2      12  
| *6* *7*  5  | *4*  5   5  |             
| *** ***  8  | ***  89  8  |  89  89     
+-------------+-------------+-------------+
****************************************************************************

naked single 2 found in cell(r,c): (6,9)
STEP: 16
+-------------+-------------+-------------+
| ***   3   3 | *** *** *** |   3 *** *** 
| *7*  5   5  | *1* *6* *4* |     *2* *8* 
| ***   9   9 | *** *** *** |   9 *** *** 
| ***  23 *** |  2  ***  2  |   3 *** *** 
| *4*     *6* |     *7*     |     *1* *5* 
| ***   9 *** |  89 ***  8  |   9 *** *** 
| ***  2      |  2  ***  2  | *** *** *** 
| *1*  5   5  |  5  *3*  5  | *6* *7* *4* 
| ***   9  89 |  89 ***  8  | *** *** *** 
+-------------+-------------+-------------+
| ***         | ***     *** | *** *** *** 
| *2* 4   4   | *3* 4   *1* | *7* *5* *6* 
| ***   9   9 | ***  8  *** | *** *** *** 
| *** *** *** |  2   2   2  | *** *** *** 
| *3* *8* *7* |  56  5   56 | *1* *4* *9* 
| *** *** *** |             | *** *** *** 
| *** 1   1   | ***     *** |     *** *** 
| *5* 4 6 4   | *7* 4   *9* |     *3* *2* 
| ***         | ***  8  *** |  8  *** *** 
+-------------+-------------+-------------+
|         *** |     ***     |         *** 
|     45  *2* |  56 *1*  56 | 4     6 *3* 
|  8      *** |  89 *** 78  |  89  89 *** 
| *** 1 3 1 3 |  2   2   23 | ***     *** 
| *9* 4   4   |   6       6 | *5*   6 *7* 
| ***      8  |  8   8   8  | ***  8  *** 
| *** *** 1 3 | ***  2   23 |  2      1   
| *6* *7*  5  | *4*  5   5  |             
| *** ***  8  | ***  89  8  |  89  89     
+-------------+-------------+-------------+
****************************************************************************

naked single 8 found in cell(r,c): (6,7)
STEP: 17
+-------------+-------------+-------------+
| ***   3   3 | *** *** *** |   3 *** *** 
| *7*  5   5  | *1* *6* *4* |     *2* *8* 
| ***   9   9 | *** *** *** |   9 *** *** 
| ***  23 *** |  2  ***  2  |   3 *** *** 
| *4*     *6* |     *7*     |     *1* *5* 
| ***   9 *** |  89 ***  8  |   9 *** *** 
| ***  2      |  2  ***  2  | *** *** *** 
| *1*  5   5  |  5  *3*  5  | *6* *7* *4* 
| ***   9  89 |  89 ***  8  | *** *** *** 
+-------------+-------------+-------------+
| ***         | ***     *** | *** *** *** 
| *2* 4   4   | *3* 4   *1* | *7* *5* *6* 
| ***   9   9 | ***  8  *** | *** *** *** 
| *** *** *** |  2   2   2  | *** *** *** 
| *3* *8* *7* |  56  5   56 | *1* *4* *9* 
| *** *** *** |             | *** *** *** 
| *** 1   1   | ***     *** | *** *** *** 
| *5* 4 6 4   | *7* 4   *9* | *8* *3* *2* 
| ***         | ***     *** | *** *** *** 
+-------------+-------------+-------------+
|         *** |     ***     |         *** 
|     45  *2* |  56 *1*  56 | 4     6 *3* 
|  8      *** |  89 *** 78  |   9  89 *** 
| *** 1 3 1 3 |  2   2   23 | ***     *** 
| *9* 4   4   |   6       6 | *5*   6 *7* 
| ***      8  |  8   8   8  | ***  8  *** 
| *** *** 1 3 | ***  2   23 |  2      1   
| *6* *7*  5  | *4*  5   5  |             
| *** ***  8  | ***  89  8  |   9  89     
+-------------+-------------+-------------+
****************************************************************************

naked single 4 found in cell(r,c): (6,5)
STEP: 18
+-------------+-------------+-------------+
| ***   3   3 | *** *** *** |   3 *** *** 
| *7*  5   5  | *1* *6* *4* |     *2* *8* 
| ***   9   9 | *** *** *** |   9 *** *** 
| ***  23 *** |  2  ***  2  |   3 *** *** 
| *4*     *6* |     *7*     |     *1* *5* 
| ***   9 *** |  89 ***  8  |   9 *** *** 
| ***  2      |  2  ***  2  | *** *** *** 
| *1*  5   5  |  5  *3*  5  | *6* *7* *4* 
| ***   9  89 |  89 ***  8  | *** *** *** 
+-------------+-------------+-------------+
| ***         | ***     *** | *** *** *** 
| *2* 4   4   | *3*     *1* | *7* *5* *6* 
| ***   9   9 | ***  8  *** | *** *** *** 
| *** *** *** |  2   2   2  | *** *** *** 
| *3* *8* *7* |  56  5   56 | *1* *4* *9* 
| *** *** *** |             | *** *** *** 
| *** 1   1   | *** *** *** | *** *** *** 
| *5*   6     | *7* *4* *9* | *8* *3* *2* 
| ***         | *** *** *** | *** *** *** 
+-------------+-------------+-------------+
|         *** |     ***     |         *** 
|     45  *2* |  56 *1*  56 | 4     6 *3* 
|  8      *** |  89 *** 78  |   9  89 *** 
| *** 1 3 1 3 |  2   2   23 | ***     *** 
| *9* 4   4   |   6       6 | *5*   6 *7* 
| ***      8  |  8   8   8  | ***  8  *** 
| *** *** 1 3 | ***  2   23 |  2      1   
| *6* *7*  5  | *4*  5   5  |             
| *** ***  8  | ***  89  8  |   9  89     
+-------------+-------------+-------------+
****************************************************************************

naked single 8 found in cell(r,c): (4,5)
STEP: 19
+-------------+-------------+-------------+
| ***   3   3 | *** *** *** |   3 *** *** 
| *7*  5   5  | *1* *6* *4* |     *2* *8* 
| ***   9   9 | *** *** *** |   9 *** *** 
| ***  23 *** |  2  ***  2  |   3 *** *** 
| *4*     *6* |     *7*     |     *1* *5* 
| ***   9 *** |  89 ***  8  |   9 *** *** 
| ***  2      |  2  ***  2  | *** *** *** 
| *1*  5   5  |  5  *3*  5  | *6* *7* *4* 
| ***   9  89 |  89 ***  8  | *** *** *** 
+-------------+-------------+-------------+
| ***         | *** *** *** | *** *** *** 
| *2* 4   4   | *3* *8* *1* | *7* *5* *6* 
| ***   9   9 | *** *** *** | *** *** *** 
| *** *** *** |  2   2   2  | *** *** *** 
| *3* *8* *7* |  56  5   56 | *1* *4* *9* 
| *** *** *** |             | *** *** *** 
| *** 1   1   | *** *** *** | *** *** *** 
| *5*   6     | *7* *4* *9* | *8* *3* *2* 
| ***         | *** *** *** | *** *** *** 
+-------------+-------------+-------------+
|         *** |     ***     |         *** 
|     45  *2* |  56 *1*  56 | 4     6 *3* 
|  8      *** |  89 *** 78  |   9  89 *** 
| *** 1 3 1 3 |  2   2   23 | ***     *** 
| *9* 4   4   |   6       6 | *5*   6 *7* 
| ***      8  |  8       8  | ***  8  *** 
| *** *** 1 3 | ***  2   23 |  2      1   
| *6* *7*  5  | *4*  5   5  |             
| *** ***  8  | ***   9  8  |   9  89     
+-------------+-------------+-------------+
****************************************************************************

naked single 1 found in cell(r,c): (6,3)
STEP: 20
+-------------+-------------+-------------+
| ***   3   3 | *** *** *** |   3 *** *** 
| *7*  5   5  | *1* *6* *4* |     *2* *8* 
| ***   9   9 | *** *** *** |   9 *** *** 
| ***  23 *** |  2  ***  2  |   3 *** *** 
| *4*     *6* |     *7*     |     *1* *5* 
| ***   9 *** |  89 ***  8  |   9 *** *** 
| ***  2      |  2  ***  2  | *** *** *** 
| *1*  5   5  |  5  *3*  5  | *6* *7* *4* 
| ***   9  89 |  89 ***  8  | *** *** *** 
+-------------+-------------+-------------+
| ***         | *** *** *** | *** *** *** 
| *2* 4   4   | *3* *8* *1* | *7* *5* *6* 
| ***   9   9 | *** *** *** | *** *** *** 
| *** *** *** |  2   2   2  | *** *** *** 
| *3* *8* *7* |  56  5   56 | *1* *4* *9* 
| *** *** *** |             | *** *** *** 
| ***     *** | *** *** *** | *** *** *** 
| *5*   6 *1* | *7* *4* *9* | *8* *3* *2* 
| ***     *** | *** *** *** | *** *** *** 
+-------------+-------------+-------------+
|         *** |     ***     |         *** 
|     45  *2* |  56 *1*  56 | 4     6 *3* 
|  8      *** |  89 *** 78  |   9  89 *** 
| *** 1 3   3 |  2   2   23 | ***     *** 
| *9* 4   4   |   6       6 | *5*   6 *7* 
| ***      8  |  8       8  | ***  8  *** 
| *** ***   3 | ***  2   23 |  2      1   
| *6* *7*  5  | *4*  5   5  |             
| *** ***  8  | ***   9  8  |   9  89     
+-------------+-------------+-------------+
****************************************************************************

naked single 6 found in cell(r,c): (6,2)
STEP: 21
+-------------+-------------+-------------+
| ***   3   3 | *** *** *** |   3 *** *** 
| *7*  5   5  | *1* *6* *4* |     *2* *8* 
| ***   9   9 | *** *** *** |   9 *** *** 
| ***  23 *** |  2  ***  2  |   3 *** *** 
| *4*     *6* |     *7*     |     *1* *5* 
| ***   9 *** |  89 ***  8  |   9 *** *** 
| ***  2      |  2  ***  2  | *** *** *** 
| *1*  5   5  |  5  *3*  5  | *6* *7* *4* 
| ***   9  89 |  89 ***  8  | *** *** *** 
+-------------+-------------+-------------+
| ***         | *** *** *** | *** *** *** 
| *2* 4   4   | *3* *8* *1* | *7* *5* *6* 
| ***   9   9 | *** *** *** | *** *** *** 
| *** *** *** |  2   2   2  | *** *** *** 
| *3* *8* *7* |  56  5   56 | *1* *4* *9* 
| *** *** *** |             | *** *** *** 
| *** *** *** | *** *** *** | *** *** *** 
| *5* *6* *1* | *7* *4* *9* | *8* *3* *2* 
| *** *** *** | *** *** *** | *** *** *** 
+-------------+-------------+-------------+
|         *** |     ***     |         *** 
|     45  *2* |  56 *1*  56 | 4     6 *3* 
|  8      *** |  89 *** 78  |   9  89 *** 
| *** 1 3   3 |  2   2   23 | ***     *** 
| *9* 4   4   |   6       6 | *5*   6 *7* 
| ***      8  |  8       8  | ***  8  *** 
| *** ***   3 | ***  2   23 |  2      1   
| *6* *7*  5  | *4*  5   5  |             
| *** ***  8  | ***   9  8  |   9  89     
+-------------+-------------+-------------+
****************************************************************************

naked single 8 found in cell(r,c): (7,1)
STEP: 22
+-------------+-------------+-------------+
| ***   3   3 | *** *** *** |   3 *** *** 
| *7*  5   5  | *1* *6* *4* |     *2* *8* 
| ***   9   9 | *** *** *** |   9 *** *** 
| ***  23 *** |  2  ***  2  |   3 *** *** 
| *4*     *6* |     *7*     |     *1* *5* 
| ***   9 *** |  89 ***  8  |   9 *** *** 
| ***  2      |  2  ***  2  | *** *** *** 
| *1*  5   5  |  5  *3*  5  | *6* *7* *4* 
| ***   9  89 |  89 ***  8  | *** *** *** 
+-------------+-------------+-------------+
| ***         | *** *** *** | *** *** *** 
| *2* 4   4   | *3* *8* *1* | *7* *5* *6* 
| ***   9   9 | *** *** *** | *** *** *** 
| *** *** *** |  2   2   2  | *** *** *** 
| *3* *8* *7* |  56  5   56 | *1* *4* *9* 
| *** *** *** |             | *** *** *** 
| *** *** *** | *** *** *** | *** *** *** 
| *5* *6* *1* | *7* *4* *9* | *8* *3* *2* 
| *** *** *** | *** *** *** | *** *** *** 
+-------------+-------------+-------------+
| ***     *** |     ***     |         *** 
| *8* 45  *2* |  56 *1*  56 | 4     6 *3* 
| ***     *** |   9 *** 7   |   9   9 *** 
| *** 1 3   3 |  2   2   23 | ***     *** 
| *9* 4   4   |   6       6 | *5*   6 *7* 
| ***         |  8       8  | ***  8  *** 
| *** ***   3 | ***  2   23 |  2      1   
| *6* *7*  5  | *4*  5   5  |             
| *** ***     | ***   9  8  |   9  89     
+-------------+-------------+-------------+
****************************************************************************

naked single 2 found in cell(r,c): (8,5)
STEP: 23
+-------------+-------------+-------------+
| ***   3   3 | *** *** *** |   3 *** *** 
| *7*  5   5  | *1* *6* *4* |     *2* *8* 
| ***   9   9 | *** *** *** |   9 *** *** 
| ***  23 *** |  2  ***  2  |   3 *** *** 
| *4*     *6* |     *7*     |     *1* *5* 
| ***   9 *** |  89 ***  8  |   9 *** *** 
| ***  2      |  2  ***  2  | *** *** *** 
| *1*  5   5  |  5  *3*  5  | *6* *7* *4* 
| ***   9  89 |  89 ***  8  | *** *** *** 
+-------------+-------------+-------------+
| ***         | *** *** *** | *** *** *** 
| *2* 4   4   | *3* *8* *1* | *7* *5* *6* 
| ***   9   9 | *** *** *** | *** *** *** 
| *** *** *** |  2       2  | *** *** *** 
| *3* *8* *7* |  56  5   56 | *1* *4* *9* 
| *** *** *** |             | *** *** *** 
| *** *** *** | *** *** *** | *** *** *** 
| *5* *6* *1* | *7* *4* *9* | *8* *3* *2* 
| *** *** *** | *** *** *** | *** *** *** 
+-------------+-------------+-------------+
| ***     *** |     ***     |         *** 
| *8* 45  *2* |  56 *1*  56 | 4     6 *3* 
| ***     *** |   9 *** 7   |   9   9 *** 
| *** 1 3   3 |     ***   3 | ***     *** 
| *9* 4   4   |   6 *2*   6 | *5*   6 *7* 
| ***         |  8  ***  8  | ***  8  *** 
| *** ***   3 | ***       3 |  2      1   
| *6* *7*  5  | *4*  5   5  |             
| *** ***     | ***   9  8  |   9  89     
+-------------+-------------+-------------+
****************************************************************************

naked single 5 found in cell(r,c): (5,5)
STEP: 24
+-------------+-------------+-------------+
| ***   3   3 | *** *** *** |   3 *** *** 
| *7*  5   5  | *1* *6* *4* |     *2* *8* 
| ***   9   9 | *** *** *** |   9 *** *** 
| ***  23 *** |  2  ***  2  |   3 *** *** 
| *4*     *6* |     *7*     |     *1* *5* 
| ***   9 *** |  89 ***  8  |   9 *** *** 
| ***  2      |  2  ***  2  | *** *** *** 
| *1*  5   5  |  5  *3*  5  | *6* *7* *4* 
| ***   9  89 |  89 ***  8  | *** *** *** 
+-------------+-------------+-------------+
| ***         | *** *** *** | *** *** *** 
| *2* 4   4   | *3* *8* *1* | *7* *5* *6* 
| ***   9   9 | *** *** *** | *** *** *** 
| *** *** *** |  2  ***  2  | *** *** *** 
| *3* *8* *7* |   6 *5*   6 | *1* *4* *9* 
| *** *** *** |     ***     | *** *** *** 
| *** *** *** | *** *** *** | *** *** *** 
| *5* *6* *1* | *7* *4* *9* | *8* *3* *2* 
| *** *** *** | *** *** *** | *** *** *** 
+-------------+-------------+-------------+
| ***     *** |     ***     |         *** 
| *8* 45  *2* |  56 *1*  56 | 4     6 *3* 
| ***     *** |   9 *** 7   |   9   9 *** 
| *** 1 3   3 |     ***   3 | ***     *** 
| *9* 4   4   |   6 *2*   6 | *5*   6 *7* 
| ***         |  8  ***  8  | ***  8  *** 
| *** ***   3 | ***       3 |  2      1   
| *6* *7*  5  | *4*      5  |             
| *** ***     | ***   9  8  |   9  89     
+-------------+-------------+-------------+
****************************************************************************

naked single 9 found in cell(r,c): (9,5)
STEP: 25
+-------------+-------------+-------------+
| ***   3   3 | *** *** *** |   3 *** *** 
| *7*  5   5  | *1* *6* *4* |     *2* *8* 
| ***   9   9 | *** *** *** |   9 *** *** 
| ***  23 *** |  2  ***  2  |   3 *** *** 
| *4*     *6* |     *7*     |     *1* *5* 
| ***   9 *** |  89 ***  8  |   9 *** *** 
| ***  2      |  2  ***  2  | *** *** *** 
| *1*  5   5  |  5  *3*  5  | *6* *7* *4* 
| ***   9  89 |  89 ***  8  | *** *** *** 
+-------------+-------------+-------------+
| ***         | *** *** *** | *** *** *** 
| *2* 4   4   | *3* *8* *1* | *7* *5* *6* 
| ***   9   9 | *** *** *** | *** *** *** 
| *** *** *** |  2  ***  2  | *** *** *** 
| *3* *8* *7* |   6 *5*   6 | *1* *4* *9* 
| *** *** *** |     ***     | *** *** *** 
| *** *** *** | *** *** *** | *** *** *** 
| *5* *6* *1* | *7* *4* *9* | *8* *3* *2* 
| *** *** *** | *** *** *** | *** *** *** 
+-------------+-------------+-------------+
| ***     *** |     ***     |         *** 
| *8* 45  *2* |  56 *1*  56 | 4     6 *3* 
| ***     *** |     *** 7   |   9   9 *** 
| *** 1 3   3 |     ***   3 | ***     *** 
| *9* 4   4   |   6 *2*   6 | *5*   6 *7* 
| ***         |  8  ***  8  | ***  8  *** 
| *** ***   3 | *** ***   3 |  2      1   
| *6* *7*  5  | *4* *9*  5  |             
| *** ***     | *** ***  8  |      8      
+-------------+-------------+-------------+
****************************************************************************

naked single 2 found in cell(r,c): (9,7)
STEP: 26
+-------------+-------------+-------------+
| ***   3   3 | *** *** *** |   3 *** *** 
| *7*  5   5  | *1* *6* *4* |     *2* *8* 
| ***   9   9 | *** *** *** |   9 *** *** 
| ***  23 *** |  2  ***  2  |   3 *** *** 
| *4*     *6* |     *7*     |     *1* *5* 
| ***   9 *** |  89 ***  8  |   9 *** *** 
| ***  2      |  2  ***  2  | *** *** *** 
| *1*  5   5  |  5  *3*  5  | *6* *7* *4* 
| ***   9  89 |  89 ***  8  | *** *** *** 
+-------------+-------------+-------------+
| ***         | *** *** *** | *** *** *** 
| *2* 4   4   | *3* *8* *1* | *7* *5* *6* 
| ***   9   9 | *** *** *** | *** *** *** 
| *** *** *** |  2  ***  2  | *** *** *** 
| *3* *8* *7* |   6 *5*   6 | *1* *4* *9* 
| *** *** *** |     ***     | *** *** *** 
| *** *** *** | *** *** *** | *** *** *** 
| *5* *6* *1* | *7* *4* *9* | *8* *3* *2* 
| *** *** *** | *** *** *** | *** *** *** 
+-------------+-------------+-------------+
| ***     *** |     ***     |         *** 
| *8* 45  *2* |  56 *1*  56 | 4     6 *3* 
| ***     *** |     *** 7   |   9   9 *** 
| *** 1 3   3 |     ***   3 | ***     *** 
| *9* 4   4   |   6 *2*   6 | *5*   6 *7* 
| ***         |  8  ***  8  | ***  8  *** 
| *** ***   3 | *** ***   3 | ***     1   
| *6* *7*  5  | *4* *9*  5  | *2*         
| *** ***     | *** ***  8  | ***  8      
+-------------+-------------+-------------+
****************************************************************************

naked single 8 found in cell(r,c): (9,8)
STEP: 27
+-------------+-------------+-------------+
| ***   3   3 | *** *** *** |   3 *** *** 
| *7*  5   5  | *1* *6* *4* |     *2* *8* 
| ***   9   9 | *** *** *** |   9 *** *** 
| ***  23 *** |  2  ***  2  |   3 *** *** 
| *4*     *6* |     *7*     |     *1* *5* 
| ***   9 *** |  89 ***  8  |   9 *** *** 
| ***  2      |  2  ***  2  | *** *** *** 
| *1*  5   5  |  5  *3*  5  | *6* *7* *4* 
| ***   9  89 |  89 ***  8  | *** *** *** 
+-------------+-------------+-------------+
| ***         | *** *** *** | *** *** *** 
| *2* 4   4   | *3* *8* *1* | *7* *5* *6* 
| ***   9   9 | *** *** *** | *** *** *** 
| *** *** *** |  2  ***  2  | *** *** *** 
| *3* *8* *7* |   6 *5*   6 | *1* *4* *9* 
| *** *** *** |     ***     | *** *** *** 
| *** *** *** | *** *** *** | *** *** *** 
| *5* *6* *1* | *7* *4* *9* | *8* *3* *2* 
| *** *** *** | *** *** *** | *** *** *** 
+-------------+-------------+-------------+
| ***     *** |     ***     |         *** 
| *8* 45  *2* |  56 *1*  56 | 4     6 *3* 
| ***     *** |     *** 7   |   9   9 *** 
| *** 1 3   3 |     ***   3 | ***     *** 
| *9* 4   4   |   6 *2*   6 | *5*   6 *7* 
| ***         |  8  ***  8  | ***     *** 
| *** ***   3 | *** ***   3 | *** *** 1   
| *6* *7*  5  | *4* *9*  5  | *2* *8*     
| *** ***     | *** ***     | *** ***     
+-------------+-------------+-------------+
****************************************************************************

naked single 6 found in cell(r,c): (8,8)
STEP: 28
+-------------+-------------+-------------+
| ***   3   3 | *** *** *** |   3 *** *** 
| *7*  5   5  | *1* *6* *4* |     *2* *8* 
| ***   9   9 | *** *** *** |   9 *** *** 
| ***  23 *** |  2  ***  2  |   3 *** *** 
| *4*     *6* |     *7*     |     *1* *5* 
| ***   9 *** |  89 ***  8  |   9 *** *** 
| ***  2      |  2  ***  2  | *** *** *** 
| *1*  5   5  |  5  *3*  5  | *6* *7* *4* 
| ***   9  89 |  89 ***  8  | *** *** *** 
+-------------+-------------+-------------+
| ***         | *** *** *** | *** *** *** 
| *2* 4   4   | *3* *8* *1* | *7* *5* *6* 
| ***   9   9 | *** *** *** | *** *** *** 
| *** *** *** |  2  ***  2  | *** *** *** 
| *3* *8* *7* |   6 *5*   6 | *1* *4* *9* 
| *** *** *** |     ***     | *** *** *** 
| *** *** *** | *** *** *** | *** *** *** 
| *5* *6* *1* | *7* *4* *9* | *8* *3* *2* 
| *** *** *** | *** *** *** | *** *** *** 
+-------------+-------------+-------------+
| ***     *** |     ***     |         *** 
| *8* 45  *2* |  56 *1*  56 | 4       *3* 
| ***     *** |     *** 7   |   9   9 *** 
| *** 1 3   3 |     ***   3 | *** *** *** 
| *9* 4   4   |     *2*     | *5* *6* *7* 
| ***         |  8  ***  8  | *** *** *** 
| *** ***   3 | *** ***   3 | *** *** 1   
| *6* *7*  5  | *4* *9*  5  | *2* *8*     
| *** ***     | *** ***     | *** ***     
+-------------+-------------+-------------+
****************************************************************************

naked single 9 found in cell(r,c): (7,8)
STEP: 29
+-------------+-------------+-------------+
| ***   3   3 | *** *** *** |   3 *** *** 
| *7*  5   5  | *1* *6* *4* |     *2* *8* 
| ***   9   9 | *** *** *** |   9 *** *** 
| ***  23 *** |  2  ***  2  |   3 *** *** 
| *4*     *6* |     *7*     |     *1* *5* 
| ***   9 *** |  89 ***  8  |   9 *** *** 
| ***  2      |  2  ***  2  | *** *** *** 
| *1*  5   5  |  5  *3*  5  | *6* *7* *4* 
| ***   9  89 |  89 ***  8  | *** *** *** 
+-------------+-------------+-------------+
| ***         | *** *** *** | *** *** *** 
| *2* 4   4   | *3* *8* *1* | *7* *5* *6* 
| ***   9   9 | *** *** *** | *** *** *** 
| *** *** *** |  2  ***  2  | *** *** *** 
| *3* *8* *7* |   6 *5*   6 | *1* *4* *9* 
| *** *** *** |     ***     | *** *** *** 
| *** *** *** | *** *** *** | *** *** *** 
| *5* *6* *1* | *7* *4* *9* | *8* *3* *2* 
| *** *** *** | *** *** *** | *** *** *** 
+-------------+-------------+-------------+
| ***     *** |     ***     |     *** *** 
| *8* 45  *2* |  56 *1*  56 | 4   *9* *3* 
| ***     *** |     *** 7   |     *** *** 
| *** 1 3   3 |     ***   3 | *** *** *** 
| *9* 4   4   |     *2*     | *5* *6* *7* 
| ***         |  8  ***  8  | *** *** *** 
| *** ***   3 | *** ***   3 | *** *** 1   
| *6* *7*  5  | *4* *9*  5  | *2* *8*     
| *** ***     | *** ***     | *** ***     
+-------------+-------------+-------------+
****************************************************************************

naked single 4 found in cell(r,c): (7,7)
STEP: 30
+-------------+-------------+-------------+
| ***   3   3 | *** *** *** |   3 *** *** 
| *7*  5   5  | *1* *6* *4* |     *2* *8* 
| ***   9   9 | *** *** *** |   9 *** *** 
| ***  23 *** |  2  ***  2  |   3 *** *** 
| *4*     *6* |     *7*     |     *1* *5* 
| ***   9 *** |  89 ***  8  |   9 *** *** 
| ***  2      |  2  ***  2  | *** *** *** 
| *1*  5   5  |  5  *3*  5  | *6* *7* *4* 
| ***   9  89 |  89 ***  8  | *** *** *** 
+-------------+-------------+-------------+
| ***         | *** *** *** | *** *** *** 
| *2* 4   4   | *3* *8* *1* | *7* *5* *6* 
| ***   9   9 | *** *** *** | *** *** *** 
| *** *** *** |  2  ***  2  | *** *** *** 
| *3* *8* *7* |   6 *5*   6 | *1* *4* *9* 
| *** *** *** |     ***     | *** *** *** 
| *** *** *** | *** *** *** | *** *** *** 
| *5* *6* *1* | *7* *4* *9* | *8* *3* *2* 
| *** *** *** | *** *** *** | *** *** *** 
+-------------+-------------+-------------+
| ***     *** |     ***     | *** *** *** 
| *8*  5  *2* |  56 *1*  56 | *4* *9* *3* 
| ***     *** |     *** 7   | *** *** *** 
| *** 1 3   3 |     ***   3 | *** *** *** 
| *9* 4   4   |     *2*     | *5* *6* *7* 
| ***         |  8  ***  8  | *** *** *** 
| *** ***   3 | *** ***   3 | *** *** 1   
| *6* *7*  5  | *4* *9*  5  | *2* *8*     
| *** ***     | *** ***     | *** ***     
+-------------+-------------+-------------+
****************************************************************************

naked single 5 found in cell(r,c): (7,2)
STEP: 31
+-------------+-------------+-------------+
| ***   3   3 | *** *** *** |   3 *** *** 
| *7*      5  | *1* *6* *4* |     *2* *8* 
| ***   9   9 | *** *** *** |   9 *** *** 
| ***  23 *** |  2  ***  2  |   3 *** *** 
| *4*     *6* |     *7*     |     *1* *5* 
| ***   9 *** |  89 ***  8  |   9 *** *** 
| ***  2      |  2  ***  2  | *** *** *** 
| *1*      5  |  5  *3*  5  | *6* *7* *4* 
| ***   9  89 |  89 ***  8  | *** *** *** 
+-------------+-------------+-------------+
| ***         | *** *** *** | *** *** *** 
| *2* 4   4   | *3* *8* *1* | *7* *5* *6* 
| ***   9   9 | *** *** *** | *** *** *** 
| *** *** *** |  2  ***  2  | *** *** *** 
| *3* *8* *7* |   6 *5*   6 | *1* *4* *9* 
| *** *** *** |     ***     | *** *** *** 
| *** *** *** | *** *** *** | *** *** *** 
| *5* *6* *1* | *7* *4* *9* | *8* *3* *2* 
| *** *** *** | *** *** *** | *** *** *** 
+-------------+-------------+-------------+
| *** *** *** |     ***     | *** *** *** 
| *8* *5* *2* |   6 *1*   6 | *4* *9* *3* 
| *** *** *** |     *** 7   | *** *** *** 
| *** 1 3   3 |     ***   3 | *** *** *** 
| *9* 4   4   |     *2*     | *5* *6* *7* 
| ***         |  8  ***  8  | *** *** *** 
| *** ***   3 | *** ***   3 | *** *** 1   
| *6* *7*     | *4* *9*  5  | *2* *8*     
| *** ***     | *** ***     | *** ***     
+-------------+-------------+-------------+
****************************************************************************

naked single 6 found in cell(r,c): (7,4)
STEP: 32
+-------------+-------------+-------------+
| ***   3   3 | *** *** *** |   3 *** *** 
| *7*      5  | *1* *6* *4* |     *2* *8* 
| ***   9   9 | *** *** *** |   9 *** *** 
| ***  23 *** |  2  ***  2  |   3 *** *** 
| *4*     *6* |     *7*     |     *1* *5* 
| ***   9 *** |  89 ***  8  |   9 *** *** 
| ***  2      |  2  ***  2  | *** *** *** 
| *1*      5  |  5  *3*  5  | *6* *7* *4* 
| ***   9  89 |  89 ***  8  | *** *** *** 
+-------------+-------------+-------------+
| ***         | *** *** *** | *** *** *** 
| *2* 4   4   | *3* *8* *1* | *7* *5* *6* 
| ***   9   9 | *** *** *** | *** *** *** 
| *** *** *** |  2  ***  2  | *** *** *** 
| *3* *8* *7* |     *5*   6 | *1* *4* *9* 
| *** *** *** |     ***     | *** *** *** 
| *** *** *** | *** *** *** | *** *** *** 
| *5* *6* *1* | *7* *4* *9* | *8* *3* *2* 
| *** *** *** | *** *** *** | *** *** *** 
+-------------+-------------+-------------+
| *** *** *** | *** ***     | *** *** *** 
| *8* *5* *2* | *6* *1*     | *4* *9* *3* 
| *** *** *** | *** *** 7   | *** *** *** 
| *** 1 3   3 |     ***   3 | *** *** *** 
| *9* 4   4   |     *2*     | *5* *6* *7* 
| ***         |  8  ***  8  | *** *** *** 
| *** ***   3 | *** ***   3 | *** *** 1   
| *6* *7*     | *4* *9*  5  | *2* *8*     
| *** ***     | *** ***     | *** ***     
+-------------+-------------+-------------+
****************************************************************************

naked single 2 found in cell(r,c): (5,4)
STEP: 33
+-------------+-------------+-------------+
| ***   3   3 | *** *** *** |   3 *** *** 
| *7*      5  | *1* *6* *4* |     *2* *8* 
| ***   9   9 | *** *** *** |   9 *** *** 
| ***  23 *** |     ***  2  |   3 *** *** 
| *4*     *6* |     *7*     |     *1* *5* 
| ***   9 *** |  89 ***  8  |   9 *** *** 
| ***  2      |     ***  2  | *** *** *** 
| *1*      5  |  5  *3*  5  | *6* *7* *4* 
| ***   9  89 |  89 ***  8  | *** *** *** 
+-------------+-------------+-------------+
| ***         | *** *** *** | *** *** *** 
| *2* 4   4   | *3* *8* *1* | *7* *5* *6* 
| ***   9   9 | *** *** *** | *** *** *** 
| *** *** *** | *** ***     | *** *** *** 
| *3* *8* *7* | *2* *5*   6 | *1* *4* *9* 
| *** *** *** | *** ***     | *** *** *** 
| *** *** *** | *** *** *** | *** *** *** 
| *5* *6* *1* | *7* *4* *9* | *8* *3* *2* 
| *** *** *** | *** *** *** | *** *** *** 
+-------------+-------------+-------------+
| *** *** *** | *** ***     | *** *** *** 
| *8* *5* *2* | *6* *1*     | *4* *9* *3* 
| *** *** *** | *** *** 7   | *** *** *** 
| *** 1 3   3 |     ***   3 | *** *** *** 
| *9* 4   4   |     *2*     | *5* *6* *7* 
| ***         |  8  ***  8  | *** *** *** 
| *** ***   3 | *** ***   3 | *** *** 1   
| *6* *7*     | *4* *9*  5  | *2* *8*     
| *** ***     | *** ***     | *** ***     
+-------------+-------------+-------------+
****************************************************************************

naked single 6 found in cell(r,c): (5,6)
STEP: 34
+-------------+-------------+-------------+
| ***   3   3 | *** *** *** |   3 *** *** 
| *7*      5  | *1* *6* *4* |     *2* *8* 
| ***   9   9 | *** *** *** |   9 *** *** 
| ***  23 *** |     ***  2  |   3 *** *** 
| *4*     *6* |     *7*     |     *1* *5* 
| ***   9 *** |  89 ***  8  |   9 *** *** 
| ***  2      |     ***  2  | *** *** *** 
| *1*      5  |  5  *3*  5  | *6* *7* *4* 
| ***   9  89 |  89 ***  8  | *** *** *** 
+-------------+-------------+-------------+
| ***         | *** *** *** | *** *** *** 
| *2* 4   4   | *3* *8* *1* | *7* *5* *6* 
| ***   9   9 | *** *** *** | *** *** *** 
| *** *** *** | *** *** *** | *** *** *** 
| *3* *8* *7* | *2* *5* *6* | *1* *4* *9* 
| *** *** *** | *** *** *** | *** *** *** 
| *** *** *** | *** *** *** | *** *** *** 
| *5* *6* *1* | *7* *4* *9* | *8* *3* *2* 
| *** *** *** | *** *** *** | *** *** *** 
+-------------+-------------+-------------+
| *** *** *** | *** ***     | *** *** *** 
| *8* *5* *2* | *6* *1*     | *4* *9* *3* 
| *** *** *** | *** *** 7   | *** *** *** 
| *** 1 3   3 |     ***   3 | *** *** *** 
| *9* 4   4   |     *2*     | *5* *6* *7* 
| ***         |  8  ***  8  | *** *** *** 
| *** ***   3 | *** ***   3 | *** *** 1   
| *6* *7*     | *4* *9*  5  | *2* *8*     
| *** ***     | *** ***     | *** ***     
+-------------+-------------+-------------+
****************************************************************************

naked single 7 found in cell(r,c): (7,6)
STEP: 35
+-------------+-------------+-------------+
| ***   3   3 | *** *** *** |   3 *** *** 
| *7*      5  | *1* *6* *4* |     *2* *8* 
| ***   9   9 | *** *** *** |   9 *** *** 
| ***  23 *** |     ***  2  |   3 *** *** 
| *4*     *6* |     *7*     |     *1* *5* 
| ***   9 *** |  89 ***  8  |   9 *** *** 
| ***  2      |     ***  2  | *** *** *** 
| *1*      5  |  5  *3*  5  | *6* *7* *4* 
| ***   9  89 |  89 ***  8  | *** *** *** 
+-------------+-------------+-------------+
| ***         | *** *** *** | *** *** *** 
| *2* 4   4   | *3* *8* *1* | *7* *5* *6* 
| ***   9   9 | *** *** *** | *** *** *** 
| *** *** *** | *** *** *** | *** *** *** 
| *3* *8* *7* | *2* *5* *6* | *1* *4* *9* 
| *** *** *** | *** *** *** | *** *** *** 
| *** *** *** | *** *** *** | *** *** *** 
| *5* *6* *1* | *7* *4* *9* | *8* *3* *2* 
| *** *** *** | *** *** *** | *** *** *** 
+-------------+-------------+-------------+
| *** *** *** | *** *** *** | *** *** *** 
| *8* *5* *2* | *6* *1* *7* | *4* *9* *3* 
| *** *** *** | *** *** *** | *** *** *** 
| *** 1 3   3 |     ***   3 | *** *** *** 
| *9* 4   4   |     *2*     | *5* *6* *7* 
| ***         |  8  ***  8  | *** *** *** 
| *** ***   3 | *** ***   3 | *** *** 1   
| *6* *7*     | *4* *9*  5  | *2* *8*     
| *** ***     | *** ***     | *** ***     
+-------------+-------------+-------------+
****************************************************************************

naked single 8 found in cell(r,c): (8,4)
STEP: 36
+-------------+-------------+-------------+
| ***   3   3 | *** *** *** |   3 *** *** 
| *7*      5  | *1* *6* *4* |     *2* *8* 
| ***   9   9 | *** *** *** |   9 *** *** 
| ***  23 *** |     ***  2  |   3 *** *** 
| *4*     *6* |     *7*     |     *1* *5* 
| ***   9 *** |   9 ***  8  |   9 *** *** 
| ***  2      |     ***  2  | *** *** *** 
| *1*      5  |  5  *3*  5  | *6* *7* *4* 
| ***   9  89 |   9 ***  8  | *** *** *** 
+-------------+-------------+-------------+
| ***         | *** *** *** | *** *** *** 
| *2* 4   4   | *3* *8* *1* | *7* *5* *6* 
| ***   9   9 | *** *** *** | *** *** *** 
| *** *** *** | *** *** *** | *** *** *** 
| *3* *8* *7* | *2* *5* *6* | *1* *4* *9* 
| *** *** *** | *** *** *** | *** *** *** 
| *** *** *** | *** *** *** | *** *** *** 
| *5* *6* *1* | *7* *4* *9* | *8* *3* *2* 
| *** *** *** | *** *** *** | *** *** *** 
+-------------+-------------+-------------+
| *** *** *** | *** *** *** | *** *** *** 
| *8* *5* *2* | *6* *1* *7* | *4* *9* *3* 
| *** *** *** | *** *** *** | *** *** *** 
| *** 1 3   3 | *** ***   3 | *** *** *** 
| *9* 4   4   | *8* *2*     | *5* *6* *7* 
| ***         | *** ***     | *** *** *** 
| *** ***   3 | *** ***   3 | *** *** 1   
| *6* *7*     | *4* *9*  5  | *2* *8*     
| *** ***     | *** ***     | *** ***     
+-------------+-------------+-------------+
****************************************************************************

naked single 9 found in cell(r,c): (2,4)
STEP: 37
+-------------+-------------+-------------+
| ***   3   3 | *** *** *** |   3 *** *** 
| *7*      5  | *1* *6* *4* |     *2* *8* 
| ***   9   9 | *** *** *** |   9 *** *** 
| ***  23 *** | *** ***  2  |   3 *** *** 
| *4*     *6* | *9* *7*     |     *1* *5* 
| ***     *** | *** ***  8  |     *** *** 
| ***  2      |     ***  2  | *** *** *** 
| *1*      5  |  5  *3*  5  | *6* *7* *4* 
| ***   9  89 |     ***  8  | *** *** *** 
+-------------+-------------+-------------+
| ***         | *** *** *** | *** *** *** 
| *2* 4   4   | *3* *8* *1* | *7* *5* *6* 
| ***   9   9 | *** *** *** | *** *** *** 
| *** *** *** | *** *** *** | *** *** *** 
| *3* *8* *7* | *2* *5* *6* | *1* *4* *9* 
| *** *** *** | *** *** *** | *** *** *** 
| *** *** *** | *** *** *** | *** *** *** 
| *5* *6* *1* | *7* *4* *9* | *8* *3* *2* 
| *** *** *** | *** *** *** | *** *** *** 
+-------------+-------------+-------------+
| *** *** *** | *** *** *** | *** *** *** 
| *8* *5* *2* | *6* *1* *7* | *4* *9* *3* 
| *** *** *** | *** *** *** | *** *** *** 
| *** 1 3   3 | *** ***   3 | *** *** *** 
| *9* 4   4   | *8* *2*     | *5* *6* *7* 
| ***         | *** ***     | *** *** *** 
| *** ***   3 | *** ***   3 | *** *** 1   
| *6* *7*     | *4* *9*  5  | *2* *8*     
| *** ***     | *** ***     | *** ***     
+-------------+-------------+-------------+
****************************************************************************

naked single 3 found in cell(r,c): (2,7)
STEP: 38
+-------------+-------------+-------------+
| ***   3   3 | *** *** *** |     *** *** 
| *7*      5  | *1* *6* *4* |     *2* *8* 
| ***   9   9 | *** *** *** |   9 *** *** 
| ***  2  *** | *** ***  2  | *** *** *** 
| *4*     *6* | *9* *7*     | *3* *1* *5* 
| ***     *** | *** ***  8  | *** *** *** 
| ***  2      |     ***  2  | *** *** *** 
| *1*      5  |  5  *3*  5  | *6* *7* *4* 
| ***   9  89 |     ***  8  | *** *** *** 
+-------------+-------------+-------------+
| ***         | *** *** *** | *** *** *** 
| *2* 4   4   | *3* *8* *1* | *7* *5* *6* 
| ***   9   9 | *** *** *** | *** *** *** 
| *** *** *** | *** *** *** | *** *** *** 
| *3* *8* *7* | *2* *5* *6* | *1* *4* *9* 
| *** *** *** | *** *** *** | *** *** *** 
| *** *** *** | *** *** *** | *** *** *** 
| *5* *6* *1* | *7* *4* *9* | *8* *3* *2* 
| *** *** *** | *** *** *** | *** *** *** 
+-------------+-------------+-------------+
| *** *** *** | *** *** *** | *** *** *** 
| *8* *5* *2* | *6* *1* *7* | *4* *9* *3* 
| *** *** *** | *** *** *** | *** *** *** 
| *** 1 3   3 | *** ***   3 | *** *** *** 
| *9* 4   4   | *8* *2*     | *5* *6* *7* 
| ***         | *** ***     | *** *** *** 
| *** ***   3 | *** ***   3 | *** *** 1   
| *6* *7*     | *4* *9*  5  | *2* *8*     
| *** ***     | *** ***     | *** ***     
+-------------+-------------+-------------+
****************************************************************************

naked single 9 found in cell(r,c): (1,7)
STEP: 39
+-------------+-------------+-------------+
| ***   3   3 | *** *** *** | *** *** *** 
| *7*      5  | *1* *6* *4* | *9* *2* *8* 
| ***         | *** *** *** | *** *** *** 
| ***  2  *** | *** ***  2  | *** *** *** 
| *4*     *6* | *9* *7*     | *3* *1* *5* 
| ***     *** | *** ***  8  | *** *** *** 
| ***  2      |     ***  2  | *** *** *** 
| *1*      5  |  5  *3*  5  | *6* *7* *4* 
| ***   9  89 |     ***  8  | *** *** *** 
+-------------+-------------+-------------+
| ***         | *** *** *** | *** *** *** 
| *2* 4   4   | *3* *8* *1* | *7* *5* *6* 
| ***   9   9 | *** *** *** | *** *** *** 
| *** *** *** | *** *** *** | *** *** *** 
| *3* *8* *7* | *2* *5* *6* | *1* *4* *9* 
| *** *** *** | *** *** *** | *** *** *** 
| *** *** *** | *** *** *** | *** *** *** 
| *5* *6* *1* | *7* *4* *9* | *8* *3* *2* 
| *** *** *** | *** *** *** | *** *** *** 
+-------------+-------------+-------------+
| *** *** *** | *** *** *** | *** *** *** 
| *8* *5* *2* | *6* *1* *7* | *4* *9* *3* 
| *** *** *** | *** *** *** | *** *** *** 
| *** 1 3   3 | *** ***   3 | *** *** *** 
| *9* 4   4   | *8* *2*     | *5* *6* *7* 
| ***         | *** ***     | *** *** *** 
| *** ***   3 | *** ***   3 | *** *** 1   
| *6* *7*     | *4* *9*  5  | *2* *8*     
| *** ***     | *** ***     | *** ***     
+-------------+-------------+-------------+
****************************************************************************

naked single 3 found in cell(r,c): (1,2)
STEP: 40
+-------------+-------------+-------------+
| *** ***     | *** *** *** | *** *** *** 
| *7* *3*  5  | *1* *6* *4* | *9* *2* *8* 
| *** ***     | *** *** *** | *** *** *** 
| ***  2  *** | *** ***  2  | *** *** *** 
| *4*     *6* | *9* *7*     | *3* *1* *5* 
| ***     *** | *** ***  8  | *** *** *** 
| ***  2      |     ***  2  | *** *** *** 
| *1*      5  |  5  *3*  5  | *6* *7* *4* 
| ***   9  89 |     ***  8  | *** *** *** 
+-------------+-------------+-------------+
| ***         | *** *** *** | *** *** *** 
| *2* 4   4   | *3* *8* *1* | *7* *5* *6* 
| ***   9   9 | *** *** *** | *** *** *** 
| *** *** *** | *** *** *** | *** *** *** 
| *3* *8* *7* | *2* *5* *6* | *1* *4* *9* 
| *** *** *** | *** *** *** | *** *** *** 
| *** *** *** | *** *** *** | *** *** *** 
| *5* *6* *1* | *7* *4* *9* | *8* *3* *2* 
| *** *** *** | *** *** *** | *** *** *** 
+-------------+-------------+-------------+
| *** *** *** | *** *** *** | *** *** *** 
| *8* *5* *2* | *6* *1* *7* | *4* *9* *3* 
| *** *** *** | *** *** *** | *** *** *** 
| *** 1     3 | *** ***   3 | *** *** *** 
| *9* 4   4   | *8* *2*     | *5* *6* *7* 
| ***         | *** ***     | *** *** *** 
| *** ***   3 | *** ***   3 | *** *** 1   
| *6* *7*     | *4* *9*  5  | *2* *8*     
| *** ***     | *** ***     | *** ***     
+-------------+-------------+-------------+
****************************************************************************

naked single 5 found in cell(r,c): (1,3)
STEP: 41
+-------------+-------------+-------------+
| *** *** *** | *** *** *** | *** *** *** 
| *7* *3* *5* | *1* *6* *4* | *9* *2* *8* 
| *** *** *** | *** *** *** | *** *** *** 
| ***  2  *** | *** ***  2  | *** *** *** 
| *4*     *6* | *9* *7*     | *3* *1* *5* 
| ***     *** | *** ***  8  | *** *** *** 
| ***  2      |     ***  2  | *** *** *** 
| *1*         |  5  *3*  5  | *6* *7* *4* 
| ***   9  89 |     ***  8  | *** *** *** 
+-------------+-------------+-------------+
| ***         | *** *** *** | *** *** *** 
| *2* 4   4   | *3* *8* *1* | *7* *5* *6* 
| ***   9   9 | *** *** *** | *** *** *** 
| *** *** *** | *** *** *** | *** *** *** 
| *3* *8* *7* | *2* *5* *6* | *1* *4* *9* 
| *** *** *** | *** *** *** | *** *** *** 
| *** *** *** | *** *** *** | *** *** *** 
| *5* *6* *1* | *7* *4* *9* | *8* *3* *2* 
| *** *** *** | *** *** *** | *** *** *** 
+-------------+-------------+-------------+
| *** *** *** | *** *** *** | *** *** *** 
| *8* *5* *2* | *6* *1* *7* | *4* *9* *3* 
| *** *** *** | *** *** *** | *** *** *** 
| *** 1     3 | *** ***   3 | *** *** *** 
| *9* 4   4   | *8* *2*     | *5* *6* *7* 
| ***         | *** ***     | *** *** *** 
| *** ***   3 | *** ***   3 | *** *** 1   
| *6* *7*     | *4* *9*  5  | *2* *8*     
| *** ***     | *** ***     | *** ***     
+-------------+-------------+-------------+
****************************************************************************

naked single 2 found in cell(r,c): (2,2)
STEP: 42
+-------------+-------------+-------------+
| *** *** *** | *** *** *** | *** *** *** 
| *7* *3* *5* | *1* *6* *4* | *9* *2* *8* 
| *** *** *** | *** *** *** | *** *** *** 
| *** *** *** | *** ***     | *** *** *** 
| *4* *2* *6* | *9* *7*     | *3* *1* *5* 
| *** *** *** | *** ***  8  | *** *** *** 
| ***         |     ***  2  | *** *** *** 
| *1*         |  5  *3*  5  | *6* *7* *4* 
| ***   9  89 |     ***  8  | *** *** *** 
+-------------+-------------+-------------+
| ***         | *** *** *** | *** *** *** 
| *2* 4   4   | *3* *8* *1* | *7* *5* *6* 
| ***   9   9 | *** *** *** | *** *** *** 
| *** *** *** | *** *** *** | *** *** *** 
| *3* *8* *7* | *2* *5* *6* | *1* *4* *9* 
| *** *** *** | *** *** *** | *** *** *** 
| *** *** *** | *** *** *** | *** *** *** 
| *5* *6* *1* | *7* *4* *9* | *8* *3* *2* 
| *** *** *** | *** *** *** | *** *** *** 
+-------------+-------------+-------------+
| *** *** *** | *** *** *** | *** *** *** 
| *8* *5* *2* | *6* *1* *7* | *4* *9* *3* 
| *** *** *** | *** *** *** | *** *** *** 
| *** 1     3 | *** ***   3 | *** *** *** 
| *9* 4   4   | *8* *2*     | *5* *6* *7* 
| ***         | *** ***     | *** *** *** 
| *** ***   3 | *** ***   3 | *** *** 1   
| *6* *7*     | *4* *9*  5  | *2* *8*     
| *** ***     | *** ***     | *** ***     
+-------------+-------------+-------------+
****************************************************************************

naked single 8 found in cell(r,c): (2,6)
STEP: 43
+-------------+-------------+-------------+
| *** *** *** | *** *** *** | *** *** *** 
| *7* *3* *5* | *1* *6* *4* | *9* *2* *8* 
| *** *** *** | *** *** *** | *** *** *** 
| *** *** *** | *** *** *** | *** *** *** 
| *4* *2* *6* | *9* *7* *8* | *3* *1* *5* 
| *** *** *** | *** *** *** | *** *** *** 
| ***         |     ***  2  | *** *** *** 
| *1*         |  5  *3*  5  | *6* *7* *4* 
| ***   9  89 |     ***     | *** *** *** 
+-------------+-------------+-------------+
| ***         | *** *** *** | *** *** *** 
| *2* 4   4   | *3* *8* *1* | *7* *5* *6* 
| ***   9   9 | *** *** *** | *** *** *** 
| *** *** *** | *** *** *** | *** *** *** 
| *3* *8* *7* | *2* *5* *6* | *1* *4* *9* 
| *** *** *** | *** *** *** | *** *** *** 
| *** *** *** | *** *** *** | *** *** *** 
| *5* *6* *1* | *7* *4* *9* | *8* *3* *2* 
| *** *** *** | *** *** *** | *** *** *** 
+-------------+-------------+-------------+
| *** *** *** | *** *** *** | *** *** *** 
| *8* *5* *2* | *6* *1* *7* | *4* *9* *3* 
| *** *** *** | *** *** *** | *** *** *** 
| *** 1     3 | *** ***   3 | *** *** *** 
| *9* 4   4   | *8* *2*     | *5* *6* *7* 
| ***         | *** ***     | *** *** *** 
| *** ***   3 | *** ***   3 | *** *** 1   
| *6* *7*     | *4* *9*  5  | *2* *8*     
| *** ***     | *** ***     | *** ***     
+-------------+-------------+-------------+
****************************************************************************

naked single 9 found in cell(r,c): (3,2)
STEP: 44
+-------------+-------------+-------------+
| *** *** *** | *** *** *** | *** *** *** 
| *7* *3* *5* | *1* *6* *4* | *9* *2* *8* 
| *** *** *** | *** *** *** | *** *** *** 
| *** *** *** | *** *** *** | *** *** *** 
| *4* *2* *6* | *9* *7* *8* | *3* *1* *5* 
| *** *** *** | *** *** *** | *** *** *** 
| *** ***     |     ***  2  | *** *** *** 
| *1* *9*     |  5  *3*  5  | *6* *7* *4* 
| *** ***  8  |     ***     | *** *** *** 
+-------------+-------------+-------------+
| ***         | *** *** *** | *** *** *** 
| *2* 4   4   | *3* *8* *1* | *7* *5* *6* 
| ***       9 | *** *** *** | *** *** *** 
| *** *** *** | *** *** *** | *** *** *** 
| *3* *8* *7* | *2* *5* *6* | *1* *4* *9* 
| *** *** *** | *** *** *** | *** *** *** 
| *** *** *** | *** *** *** | *** *** *** 
| *5* *6* *1* | *7* *4* *9* | *8* *3* *2* 
| *** *** *** | *** *** *** | *** *** *** 
+-------------+-------------+-------------+
| *** *** *** | *** *** *** | *** *** *** 
| *8* *5* *2* | *6* *1* *7* | *4* *9* *3* 
| *** *** *** | *** *** *** | *** *** *** 
| *** 1     3 | *** ***   3 | *** *** *** 
| *9* 4   4   | *8* *2*     | *5* *6* *7* 
| ***         | *** ***     | *** *** *** 
| *** ***   3 | *** ***   3 | *** *** 1   
| *6* *7*     | *4* *9*  5  | *2* *8*     
| *** ***     | *** ***     | *** ***     
+-------------+-------------+-------------+
****************************************************************************

naked single 8 found in cell(r,c): (3,3)
STEP: 45
+-------------+-------------+-------------+
| *** *** *** | *** *** *** | *** *** *** 
| *7* *3* *5* | *1* *6* *4* | *9* *2* *8* 
| *** *** *** | *** *** *** | *** *** *** 
| *** *** *** | *** *** *** | *** *** *** 
| *4* *2* *6* | *9* *7* *8* | *3* *1* *5* 
| *** *** *** | *** *** *** | *** *** *** 
| *** *** *** |     ***  2  | *** *** *** 
| *1* *9* *8* |  5  *3*  5  | *6* *7* *4* 
| *** *** *** |     ***     | *** *** *** 
+-------------+-------------+-------------+
| ***         | *** *** *** | *** *** *** 
| *2* 4   4   | *3* *8* *1* | *7* *5* *6* 
| ***       9 | *** *** *** | *** *** *** 
| *** *** *** | *** *** *** | *** *** *** 
| *3* *8* *7* | *2* *5* *6* | *1* *4* *9* 
| *** *** *** | *** *** *** | *** *** *** 
| *** *** *** | *** *** *** | *** *** *** 
| *5* *6* *1* | *7* *4* *9* | *8* *3* *2* 
| *** *** *** | *** *** *** | *** *** *** 
+-------------+-------------+-------------+
| *** *** *** | *** *** *** | *** *** *** 
| *8* *5* *2* | *6* *1* *7* | *4* *9* *3* 
| *** *** *** | *** *** *** | *** *** *** 
| *** 1     3 | *** ***   3 | *** *** *** 
| *9* 4   4   | *8* *2*     | *5* *6* *7* 
| ***         | *** ***     | *** *** *** 
| *** ***   3 | *** ***   3 | *** *** 1   
| *6* *7*     | *4* *9*  5  | *2* *8*     
| *** ***     | *** ***     | *** ***     
+-------------+-------------+-------------+
****************************************************************************

naked single 5 found in cell(r,c): (3,4)
STEP: 46
+-------------+-------------+-------------+
| *** *** *** | *** *** *** | *** *** *** 
| *7* *3* *5* | *1* *6* *4* | *9* *2* *8* 
| *** *** *** | *** *** *** | *** *** *** 
| *** *** *** | *** *** *** | *** *** *** 
| *4* *2* *6* | *9* *7* *8* | *3* *1* *5* 
| *** *** *** | *** *** *** | *** *** *** 
| *** *** *** | *** ***  2  | *** *** *** 
| *1* *9* *8* | *5* *3*     | *6* *7* *4* 
| *** *** *** | *** ***     | *** *** *** 
+-------------+-------------+-------------+
| ***         | *** *** *** | *** *** *** 
| *2* 4   4   | *3* *8* *1* | *7* *5* *6* 
| ***       9 | *** *** *** | *** *** *** 
| *** *** *** | *** *** *** | *** *** *** 
| *3* *8* *7* | *2* *5* *6* | *1* *4* *9* 
| *** *** *** | *** *** *** | *** *** *** 
| *** *** *** | *** *** *** | *** *** *** 
| *5* *6* *1* | *7* *4* *9* | *8* *3* *2* 
| *** *** *** | *** *** *** | *** *** *** 
+-------------+-------------+-------------+
| *** *** *** | *** *** *** | *** *** *** 
| *8* *5* *2* | *6* *1* *7* | *4* *9* *3* 
| *** *** *** | *** *** *** | *** *** *** 
| *** 1     3 | *** ***   3 | *** *** *** 
| *9* 4   4   | *8* *2*     | *5* *6* *7* 
| ***         | *** ***     | *** *** *** 
| *** ***   3 | *** ***   3 | *** *** 1   
| *6* *7*     | *4* *9*  5  | *2* *8*     
| *** ***     | *** ***     | *** ***     
+-------------+-------------+-------------+
****************************************************************************

naked single 2 found in cell(r,c): (3,6)
STEP: 47
+-------------+-------------+-------------+
| *** *** *** | *** *** *** | *** *** *** 
| *7* *3* *5* | *1* *6* *4* | *9* *2* *8* 
| *** *** *** | *** *** *** | *** *** *** 
| *** *** *** | *** *** *** | *** *** *** 
| *4* *2* *6* | *9* *7* *8* | *3* *1* *5* 
| *** *** *** | *** *** *** | *** *** *** 
| *** *** *** | *** *** *** | *** *** *** 
| *1* *9* *8* | *5* *3* *2* | *6* *7* *4* 
| *** *** *** | *** *** *** | *** *** *** 
+-------------+-------------+-------------+
| ***         | *** *** *** | *** *** *** 
| *2* 4   4   | *3* *8* *1* | *7* *5* *6* 
| ***       9 | *** *** *** | *** *** *** 
| *** *** *** | *** *** *** | *** *** *** 
| *3* *8* *7* | *2* *5* *6* | *1* *4* *9* 
| *** *** *** | *** *** *** | *** *** *** 
| *** *** *** | *** *** *** | *** *** *** 
| *5* *6* *1* | *7* *4* *9* | *8* *3* *2* 
| *** *** *** | *** *** *** | *** *** *** 
+-------------+-------------+-------------+
| *** *** *** | *** *** *** | *** *** *** 
| *8* *5* *2* | *6* *1* *7* | *4* *9* *3* 
| *** *** *** | *** *** *** | *** *** *** 
| *** 1     3 | *** ***   3 | *** *** *** 
| *9* 4   4   | *8* *2*     | *5* *6* *7* 
| ***         | *** ***     | *** *** *** 
| *** ***   3 | *** ***   3 | *** *** 1   
| *6* *7*     | *4* *9*  5  | *2* *8*     
| *** ***     | *** ***     | *** ***     
+-------------+-------------+-------------+
****************************************************************************

naked single 4 found in cell(r,c): (4,2)
STEP: 48
+-------------+-------------+-------------+
| *** *** *** | *** *** *** | *** *** *** 
| *7* *3* *5* | *1* *6* *4* | *9* *2* *8* 
| *** *** *** | *** *** *** | *** *** *** 
| *** *** *** | *** *** *** | *** *** *** 
| *4* *2* *6* | *9* *7* *8* | *3* *1* *5* 
| *** *** *** | *** *** *** | *** *** *** 
| *** *** *** | *** *** *** | *** *** *** 
| *1* *9* *8* | *5* *3* *2* | *6* *7* *4* 
| *** *** *** | *** *** *** | *** *** *** 
+-------------+-------------+-------------+
| *** ***     | *** *** *** | *** *** *** 
| *2* *4*     | *3* *8* *1* | *7* *5* *6* 
| *** ***   9 | *** *** *** | *** *** *** 
| *** *** *** | *** *** *** | *** *** *** 
| *3* *8* *7* | *2* *5* *6* | *1* *4* *9* 
| *** *** *** | *** *** *** | *** *** *** 
| *** *** *** | *** *** *** | *** *** *** 
| *5* *6* *1* | *7* *4* *9* | *8* *3* *2* 
| *** *** *** | *** *** *** | *** *** *** 
+-------------+-------------+-------------+
| *** *** *** | *** *** *** | *** *** *** 
| *8* *5* *2* | *6* *1* *7* | *4* *9* *3* 
| *** *** *** | *** *** *** | *** *** *** 
| *** 1     3 | *** ***   3 | *** *** *** 
| *9*     4   | *8* *2*     | *5* *6* *7* 
| ***         | *** ***     | *** *** *** 
| *** ***   3 | *** ***   3 | *** *** 1   
| *6* *7*     | *4* *9*  5  | *2* *8*     
| *** ***     | *** ***     | *** ***     
+-------------+-------------+-------------+
****************************************************************************

naked single 9 found in cell(r,c): (4,3)
STEP: 49
+-------------+-------------+-------------+
| *** *** *** | *** *** *** | *** *** *** 
| *7* *3* *5* | *1* *6* *4* | *9* *2* *8* 
| *** *** *** | *** *** *** | *** *** *** 
| *** *** *** | *** *** *** | *** *** *** 
| *4* *2* *6* | *9* *7* *8* | *3* *1* *5* 
| *** *** *** | *** *** *** | *** *** *** 
| *** *** *** | *** *** *** | *** *** *** 
| *1* *9* *8* | *5* *3* *2* | *6* *7* *4* 
| *** *** *** | *** *** *** | *** *** *** 
+-------------+-------------+-------------+
| *** *** *** | *** *** *** | *** *** *** 
| *2* *4* *9* | *3* *8* *1* | *7* *5* *6* 
| *** *** *** | *** *** *** | *** *** *** 
| *** *** *** | *** *** *** | *** *** *** 
| *3* *8* *7* | *2* *5* *6* | *1* *4* *9* 
| *** *** *** | *** *** *** | *** *** *** 
| *** *** *** | *** *** *** | *** *** *** 
| *5* *6* *1* | *7* *4* *9* | *8* *3* *2* 
| *** *** *** | *** *** *** | *** *** *** 
+-------------+-------------+-------------+
| *** *** *** | *** *** *** | *** *** *** 
| *8* *5* *2* | *6* *1* *7* | *4* *9* *3* 
| *** *** *** | *** *** *** | *** *** *** 
| *** 1     3 | *** ***   3 | *** *** *** 
| *9*     4   | *8* *2*     | *5* *6* *7* 
| ***         | *** ***     | *** *** *** 
| *** ***   3 | *** ***   3 | *** *** 1   
| *6* *7*     | *4* *9*  5  | *2* *8*     
| *** ***     | *** ***     | *** ***     
+-------------+-------------+-------------+
****************************************************************************

naked single 1 found in cell(r,c): (8,2)
STEP: 50
+-------------+-------------+-------------+
| *** *** *** | *** *** *** | *** *** *** 
| *7* *3* *5* | *1* *6* *4* | *9* *2* *8* 
| *** *** *** | *** *** *** | *** *** *** 
| *** *** *** | *** *** *** | *** *** *** 
| *4* *2* *6* | *9* *7* *8* | *3* *1* *5* 
| *** *** *** | *** *** *** | *** *** *** 
| *** *** *** | *** *** *** | *** *** *** 
| *1* *9* *8* | *5* *3* *2* | *6* *7* *4* 
| *** *** *** | *** *** *** | *** *** *** 
+-------------+-------------+-------------+
| *** *** *** | *** *** *** | *** *** *** 
| *2* *4* *9* | *3* *8* *1* | *7* *5* *6* 
| *** *** *** | *** *** *** | *** *** *** 
| *** *** *** | *** *** *** | *** *** *** 
| *3* *8* *7* | *2* *5* *6* | *1* *4* *9* 
| *** *** *** | *** *** *** | *** *** *** 
| *** *** *** | *** *** *** | *** *** *** 
| *5* *6* *1* | *7* *4* *9* | *8* *3* *2* 
| *** *** *** | *** *** *** | *** *** *** 
+-------------+-------------+-------------+
| *** *** *** | *** *** *** | *** *** *** 
| *8* *5* *2* | *6* *1* *7* | *4* *9* *3* 
| *** *** *** | *** *** *** | *** *** *** 
| *** ***   3 | *** ***   3 | *** *** *** 
| *9* *1* 4   | *8* *2*     | *5* *6* *7* 
| *** ***     | *** ***     | *** *** *** 
| *** ***   3 | *** ***   3 | *** *** 1   
| *6* *7*     | *4* *9*  5  | *2* *8*     
| *** ***     | *** ***     | *** ***     
+-------------+-------------+-------------+
****************************************************************************

naked single 3 found in cell(r,c): (8,6)
STEP: 51
+-------------+-------------+-------------+
| *** *** *** | *** *** *** | *** *** *** 
| *7* *3* *5* | *1* *6* *4* | *9* *2* *8* 
| *** *** *** | *** *** *** | *** *** *** 
| *** *** *** | *** *** *** | *** *** *** 
| *4* *2* *6* | *9* *7* *8* | *3* *1* *5* 
| *** *** *** | *** *** *** | *** *** *** 
| *** *** *** | *** *** *** | *** *** *** 
| *1* *9* *8* | *5* *3* *2* | *6* *7* *4* 
| *** *** *** | *** *** *** | *** *** *** 
+-------------+-------------+-------------+
| *** *** *** | *** *** *** | *** *** *** 
| *2* *4* *9* | *3* *8* *1* | *7* *5* *6* 
| *** *** *** | *** *** *** | *** *** *** 
| *** *** *** | *** *** *** | *** *** *** 
| *3* *8* *7* | *2* *5* *6* | *1* *4* *9* 
| *** *** *** | *** *** *** | *** *** *** 
| *** *** *** | *** *** *** | *** *** *** 
| *5* *6* *1* | *7* *4* *9* | *8* *3* *2* 
| *** *** *** | *** *** *** | *** *** *** 
+-------------+-------------+-------------+
| *** *** *** | *** *** *** | *** *** *** 
| *8* *5* *2* | *6* *1* *7* | *4* *9* *3* 
| *** *** *** | *** *** *** | *** *** *** 
| *** ***     | *** *** *** | *** *** *** 
| *9* *1* 4   | *8* *2* *3* | *5* *6* *7* 
| *** ***     | *** *** *** | *** *** *** 
| *** ***   3 | *** ***     | *** *** 1   
| *6* *7*     | *4* *9*  5  | *2* *8*     
| *** ***     | *** ***     | *** ***     
+-------------+-------------+-------------+
****************************************************************************

naked single 4 found in cell(r,c): (8,3)
STEP: 52
+-------------+-------------+-------------+
| *** *** *** | *** *** *** | *** *** *** 
| *7* *3* *5* | *1* *6* *4* | *9* *2* *8* 
| *** *** *** | *** *** *** | *** *** *** 
| *** *** *** | *** *** *** | *** *** *** 
| *4* *2* *6* | *9* *7* *8* | *3* *1* *5* 
| *** *** *** | *** *** *** | *** *** *** 
| *** *** *** | *** *** *** | *** *** *** 
| *1* *9* *8* | *5* *3* *2* | *6* *7* *4* 
| *** *** *** | *** *** *** | *** *** *** 
+-------------+-------------+-------------+
| *** *** *** | *** *** *** | *** *** *** 
| *2* *4* *9* | *3* *8* *1* | *7* *5* *6* 
| *** *** *** | *** *** *** | *** *** *** 
| *** *** *** | *** *** *** | *** *** *** 
| *3* *8* *7* | *2* *5* *6* | *1* *4* *9* 
| *** *** *** | *** *** *** | *** *** *** 
| *** *** *** | *** *** *** | *** *** *** 
| *5* *6* *1* | *7* *4* *9* | *8* *3* *2* 
| *** *** *** | *** *** *** | *** *** *** 
+-------------+-------------+-------------+
| *** *** *** | *** *** *** | *** *** *** 
| *8* *5* *2* | *6* *1* *7* | *4* *9* *3* 
| *** *** *** | *** *** *** | *** *** *** 
| *** *** *** | *** *** *** | *** *** *** 
| *9* *1* *4* | *8* *2* *3* | *5* *6* *7* 
| *** *** *** | *** *** *** | *** *** *** 
| *** ***   3 | *** ***     | *** *** 1   
| *6* *7*     | *4* *9*  5  | *2* *8*     
| *** ***     | *** ***     | *** ***     
+-------------+-------------+-------------+
****************************************************************************

naked single 3 found in cell(r,c): (9,3)
STEP: 53
+-------------+-------------+-------------+
| *** *** *** | *** *** *** | *** *** *** 
| *7* *3* *5* | *1* *6* *4* | *9* *2* *8* 
| *** *** *** | *** *** *** | *** *** *** 
| *** *** *** | *** *** *** | *** *** *** 
| *4* *2* *6* | *9* *7* *8* | *3* *1* *5* 
| *** *** *** | *** *** *** | *** *** *** 
| *** *** *** | *** *** *** | *** *** *** 
| *1* *9* *8* | *5* *3* *2* | *6* *7* *4* 
| *** *** *** | *** *** *** | *** *** *** 
+-------------+-------------+-------------+
| *** *** *** | *** *** *** | *** *** *** 
| *2* *4* *9* | *3* *8* *1* | *7* *5* *6* 
| *** *** *** | *** *** *** | *** *** *** 
| *** *** *** | *** *** *** | *** *** *** 
| *3* *8* *7* | *2* *5* *6* | *1* *4* *9* 
| *** *** *** | *** *** *** | *** *** *** 
| *** *** *** | *** *** *** | *** *** *** 
| *5* *6* *1* | *7* *4* *9* | *8* *3* *2* 
| *** *** *** | *** *** *** | *** *** *** 
+-------------+-------------+-------------+
| *** *** *** | *** *** *** | *** *** *** 
| *8* *5* *2* | *6* *1* *7* | *4* *9* *3* 
| *** *** *** | *** *** *** | *** *** *** 
| *** *** *** | *** *** *** | *** *** *** 
| *9* *1* *4* | *8* *2* *3* | *5* *6* *7* 
| *** *** *** | *** *** *** | *** *** *** 
| *** *** *** | *** ***     | *** *** 1   
| *6* *7* *3* | *4* *9*  5  | *2* *8*     
| *** *** *** | *** ***     | *** ***     
+-------------+-------------+-------------+
****************************************************************************

naked single 5 found in cell(r,c): (9,6)
STEP: 54
+-------------+-------------+-------------+
| *** *** *** | *** *** *** | *** *** *** 
| *7* *3* *5* | *1* *6* *4* | *9* *2* *8* 
| *** *** *** | *** *** *** | *** *** *** 
| *** *** *** | *** *** *** | *** *** *** 
| *4* *2* *6* | *9* *7* *8* | *3* *1* *5* 
| *** *** *** | *** *** *** | *** *** *** 
| *** *** *** | *** *** *** | *** *** *** 
| *1* *9* *8* | *5* *3* *2* | *6* *7* *4* 
| *** *** *** | *** *** *** | *** *** *** 
+-------------+-------------+-------------+
| *** *** *** | *** *** *** | *** *** *** 
| *2* *4* *9* | *3* *8* *1* | *7* *5* *6* 
| *** *** *** | *** *** *** | *** *** *** 
| *** *** *** | *** *** *** | *** *** *** 
| *3* *8* *7* | *2* *5* *6* | *1* *4* *9* 
| *** *** *** | *** *** *** | *** *** *** 
| *** *** *** | *** *** *** | *** *** *** 
| *5* *6* *1* | *7* *4* *9* | *8* *3* *2* 
| *** *** *** | *** *** *** | *** *** *** 
+-------------+-------------+-------------+
| *** *** *** | *** *** *** | *** *** *** 
| *8* *5* *2* | *6* *1* *7* | *4* *9* *3* 
| *** *** *** | *** *** *** | *** *** *** 
| *** *** *** | *** *** *** | *** *** *** 
| *9* *1* *4* | *8* *2* *3* | *5* *6* *7* 
| *** *** *** | *** *** *** | *** *** *** 
| *** *** *** | *** *** *** | *** *** 1   
| *6* *7* *3* | *4* *9* *5* | *2* *8*     
| *** *** *** | *** *** *** | *** ***     
+-------------+-------------+-------------+
****************************************************************************

naked single 1 found in cell(r,c): (9,9)
STEP: 55
+-------------+-------------+-------------+
| *** *** *** | *** *** *** | *** *** *** 
| *7* *3* *5* | *1* *6* *4* | *9* *2* *8* 
| *** *** *** | *** *** *** | *** *** *** 
| *** *** *** | *** *** *** | *** *** *** 
| *4* *2* *6* | *9* *7* *8* | *3* *1* *5* 
| *** *** *** | *** *** *** | *** *** *** 
| *** *** *** | *** *** *** | *** *** *** 
| *1* *9* *8* | *5* *3* *2* | *6* *7* *4* 
| *** *** *** | *** *** *** | *** *** *** 
+-------------+-------------+-------------+
| *** *** *** | *** *** *** | *** *** *** 
| *2* *4* *9* | *3* *8* *1* | *7* *5* *6* 
| *** *** *** | *** *** *** | *** *** *** 
| *** *** *** | *** *** *** | *** *** *** 
| *3* *8* *7* | *2* *5* *6* | *1* *4* *9* 
| *** *** *** | *** *** *** | *** *** *** 
| *** *** *** | *** *** *** | *** *** *** 
| *5* *6* *1* | *7* *4* *9* | *8* *3* *2* 
| *** *** *** | *** *** *** | *** *** *** 
+-------------+-------------+-------------+
| *** *** *** | *** *** *** | *** *** *** 
| *8* *5* *2* | *6* *1* *7* | *4* *9* *3* 
| *** *** *** | *** *** *** | *** *** *** 
| *** *** *** | *** *** *** | *** *** *** 
| *9* *1* *4* | *8* *2* *3* | *5* *6* *7* 
| *** *** *** | *** *** *** | *** *** *** 
| *** *** *** | *** *** *** | *** *** *** 
| *6* *7* *3* | *4* *9* *5* | *2* *8* *1* 
| *** *** *** | *** *** *** | *** *** *** 
+-------------+-------------+-------------+
****************************************************************************

+-------+-------+-------+
| 7 3 5 | 1 6 4 | 9 2 8 |
| 4 2 6 | 9 7 8 | 3 1 5 |
| 1 9 8 | 5 3 2 | 6 7 4 |
+-------+-------+-------+
| 2 4 9 | 3 8 1 | 7 5 6 |
| 3 8 7 | 2 5 6 | 1 4 9 |
| 5 6 1 | 7 4 9 | 8 3 2 |
+-------+-------+-------+
| 8 5 2 | 6 1 7 | 4 9 3 |
| 9 1 4 | 8 2 3 | 5 6 7 |
| 6 7 3 | 4 9 5 | 2 8 1 |
+-------+-------+-------+
