+-------+-------+-------+
|       | 1   5 |       |
| 1 4   |       | 6 7   |
|   8   |     2 | 4     |
+-------+-------+-------+
|   6 3 |   7   |   1   |
| 9     |       |     3 |
|   1   |   9   | 5 2   |
+-------+-------+-------+
|     7 | 2     |   8   |
|   2 6 |       |   3 5 |
|       | 4   9 |       |
+-------+-------+-------+
STEP: 0
+-------------+-------------+-------------+
|  23   3  2  | ***   3 *** |  23      2  
|   6         | *1* 4 6 *5* |             
| 7   7 9   9 | ***  8  *** |  89   9  89 
| *** ***  2  |   3   3   3 | *** ***  2  
| *1* *4*  5  |             | *6* *7*     
| *** ***   9 |  89  8   8  | *** ***  89 
|   3 ***     |   3   3 *** | ***     1   
|  56 *8*  5  |   6   6 *2* | *4*  5      
| 7   ***   9 | 7 9     *** | ***   9   9 
+-------------+-------------+-------------+
|  2  *** *** |     ***     |     ***     
| 45  *6* *3* |  5  *7* 4   |     *1* 4   
|  8  *** *** |  8  ***  8  |  89 ***  89 
| ***      2  |     12  1   |         *** 
| *9*  5  45  |  56 456 4 6 |     4 6 *3* 
| *** 7    8  |  8   8   8  | 78      *** 
|     ***     |   3 ***   3 | *** ***     
| 4   *1* 4   |   6 *9* 4 6 | *5* *2* 4 6 
| 78  ***  8  |  8  ***  8  | *** *** 78  
+-------------+-------------+-------------+
|   3   3 *** | *** 1 3 1 3 | 1   *** 1   
| 45   5  *7* | *2*  56   6 |     *8* 4 6 
|       9 *** | ***         |   9 ***   9 
|     *** *** |     1   1   | 1   *** *** 
| 4   *2* *6* |             |     *3* *5* 
|  8  *** *** | 78   8  78  | 7 9 *** *** 
|   3   3 1   | *** 1 3 *** | 12      12  
|  5   5   5  | *4*  56 *9* |       6   6 
|  8       8  | ***  8  *** | 7       7   
+-------------+-------------+-------------+
****************************************************************************

naked single 9 found in cell(r,c): (1,8)
naked single 5 found in cell(r,c): (3,8)
naked single 1 found in cell(r,c): (3,9)
naked single 6 found in cell(r,c): (9,8)
STEP: 1
+-------------+-------------+-------------+
|  23   3  2  | ***   3 *** |  23 ***  2  
|   6         | *1* 4 6 *5* |     *9*     
| 7   7       | ***  8  *** |  8  ***  8  
| *** ***  2  |   3   3   3 | *** ***  2  
| *1* *4*  5  |             | *6* *7*     
| *** ***   9 |  89  8   8  | *** ***  8  
|   3 ***     |   3   3 *** | *** *** *** 
|   6 *8*     |   6   6 *2* | *4* *5* *1* 
| 7   ***   9 | 7 9     *** | *** *** *** 
+-------------+-------------+-------------+
|  2  *** *** |     ***     |     ***     
| 45  *6* *3* |  5  *7* 4   |     *1* 4   
|  8  *** *** |  8  ***  8  |  89 ***  89 
| ***      2  |     12  1   |         *** 
| *9*  5  45  |  56 456 4 6 |     4   *3* 
| *** 7    8  |  8   8   8  | 78      *** 
|     ***     |   3 ***   3 | *** ***     
| 4   *1* 4   |   6 *9* 4 6 | *5* *2* 4 6 
| 78  ***  8  |  8  ***  8  | *** *** 78  
+-------------+-------------+-------------+
|   3   3 *** | *** 1 3 1 3 | 1   ***     
| 45   5  *7* | *2*  56   6 |     *8* 4   
|       9 *** | ***         |   9 ***   9 
|     *** *** |     1   1   | 1   *** *** 
| 4   *2* *6* |             |     *3* *5* 
|  8  *** *** | 78   8  78  | 7 9 *** *** 
|   3   3 1   | *** 1 3 *** | 12  ***  2  
|  5   5   5  | *4*  5  *9* |     *6*     
|  8       8  | ***  8  *** | 7   *** 7   
+-------------+-------------+-------------+
****************************************************************************

hidden single 4 found in cell(r,c): (1,5); via column
STEP: 2
+-------------+-------------+-------------+
|  23   3  2  | *** *** *** |  23 ***  2  
|   6         | *1* *4* *5* |     *9*     
| 7   7       | *** *** *** |  8  ***  8  
| *** ***  2  |   3   3   3 | *** ***  2  
| *1* *4*  5  |             | *6* *7*     
| *** ***   9 |  89  8   8  | *** ***  8  
|   3 ***     |   3   3 *** | *** *** *** 
|   6 *8*     |   6   6 *2* | *4* *5* *1* 
| 7   ***   9 | 7 9     *** | *** *** *** 
+-------------+-------------+-------------+
|  2  *** *** |     ***     |     ***     
| 45  *6* *3* |  5  *7* 4   |     *1* 4   
|  8  *** *** |  8  ***  8  |  89 ***  89 
| ***      2  |     12  1   |         *** 
| *9*  5  45  |  56  56 4 6 |     4   *3* 
| *** 7    8  |  8   8   8  | 78      *** 
|     ***     |   3 ***   3 | *** ***     
| 4   *1* 4   |   6 *9* 4 6 | *5* *2* 4 6 
| 78  ***  8  |  8  ***  8  | *** *** 78  
+-------------+-------------+-------------+
|   3   3 *** | *** 1 3 1 3 | 1   ***     
| 45   5  *7* | *2*  56   6 |     *8* 4   
|       9 *** | ***         |   9 ***   9 
|     *** *** |     1   1   | 1   *** *** 
| 4   *2* *6* |             |     *3* *5* 
|  8  *** *** | 78   8  78  | 7 9 *** *** 
|   3   3 1   | *** 1 3 *** | 12  ***  2  
|  5   5   5  | *4*  5  *9* |     *6*     
|  8       8  | ***  8  *** | 7   *** 7   
+-------------+-------------+-------------+
****************************************************************************

naked single 2 found in cell(r,c): (1,3)
naked single 8 found in cell(r,c): (1,9)
naked single 2 found in cell(r,c): (2,9)
naked single 9 found in cell(r,c): (3,3)
naked single 4 found in cell(r,c): (5,8)
naked single 7 found in cell(r,c): (9,9)
STEP: 3
+-------------+-------------+-------------+
|   3   3 *** | *** *** *** |   3 *** *** 
|   6     *2* | *1* *4* *5* |     *9* *8* 
| 7   7   *** | *** *** *** |     *** *** 
| *** ***     |   3   3   3 | *** *** *** 
| *1* *4*  5  |             | *6* *7* *2* 
| *** ***     |  89  8   8  | *** *** *** 
|   3 *** *** |   3   3 *** | *** *** *** 
|   6 *8* *9* |   6   6 *2* | *4* *5* *1* 
| 7   *** *** | 7       *** | *** *** *** 
+-------------+-------------+-------------+
|  2  *** *** |     ***     |     ***     
| 45  *6* *3* |  5  *7* 4   |     *1*     
|  8  *** *** |  8  ***  8  |  89 ***   9 
| ***         |     12  1   |     *** *** 
| *9*  5   5  |  56  56   6 |     *4* *3* 
| *** 7    8  |  8   8   8  | 78  *** *** 
|     ***     |   3 ***   3 | *** ***     
| 4   *1* 4   |   6 *9* 4 6 | *5* *2*   6 
| 78  ***  8  |  8  ***  8  | *** ***     
+-------------+-------------+-------------+
|   3   3 *** | *** 1 3 1 3 | 1   ***     
| 45   5  *7* | *2*  56   6 |     *8* 4   
|       9 *** | ***         |   9 ***   9 
|     *** *** |     1   1   | 1   *** *** 
| 4   *2* *6* |             |     *3* *5* 
|  8  *** *** | 78   8  78  |   9 *** *** 
|   3   3 1   | *** 1 3 *** | 12  *** *** 
|  5   5   5  | *4*  5  *9* |     *6* *7* 
|  8       8  | ***  8  *** |     *** *** 
+-------------+-------------+-------------+
****************************************************************************

hidden single 6 found in cell(r,c): (1,1); via column
STEP: 4
+-------------+-------------+-------------+
| ***   3 *** | *** *** *** |   3 *** *** 
| *6*     *2* | *1* *4* *5* |     *9* *8* 
| *** 7   *** | *** *** *** |     *** *** 
| *** ***     |   3   3   3 | *** *** *** 
| *1* *4*  5  |             | *6* *7* *2* 
| *** ***     |  89  8   8  | *** *** *** 
|   3 *** *** |   3   3 *** | *** *** *** 
|     *8* *9* |   6   6 *2* | *4* *5* *1* 
| 7   *** *** | 7       *** | *** *** *** 
+-------------+-------------+-------------+
|  2  *** *** |     ***     |     ***     
| 45  *6* *3* |  5  *7* 4   |     *1*     
|  8  *** *** |  8  ***  8  |  89 ***   9 
| ***         |     12  1   |     *** *** 
| *9*  5   5  |  56  56   6 |     *4* *3* 
| *** 7    8  |  8   8   8  | 78  *** *** 
|     ***     |   3 ***   3 | *** ***     
| 4   *1* 4   |   6 *9* 4 6 | *5* *2*   6 
| 78  ***  8  |  8  ***  8  | *** ***     
+-------------+-------------+-------------+
|   3   3 *** | *** 1 3 1 3 | 1   ***     
| 45   5  *7* | *2*  56   6 |     *8* 4   
|       9 *** | ***         |   9 ***   9 
|     *** *** |     1   1   | 1   *** *** 
| 4   *2* *6* |             |     *3* *5* 
|  8  *** *** | 78   8  78  |   9 *** *** 
|   3   3 1   | *** 1 3 *** | 12  *** *** 
|  5   5   5  | *4*  5  *9* |     *6* *7* 
|  8       8  | ***  8  *** |     *** *** 
+-------------+-------------+-------------+
****************************************************************************

naked single 3 found in cell(r,c): (1,7)
naked single 5 found in cell(r,c): (2,3)
naked single 9 found in cell(r,c): (4,9)
naked single 8 found in cell(r,c): (5,3)
naked single 7 found in cell(r,c): (5,7)
naked single 4 found in cell(r,c): (6,3)
naked single 6 found in cell(r,c): (6,9)
naked single 4 found in cell(r,c): (7,9)
naked single 1 found in cell(r,c): (9,3)
naked single 2 found in cell(r,c): (9,7)
STEP: 5
+-------------+-------------+-------------+
| ***     *** | *** *** *** | *** *** *** 
| *6*     *2* | *1* *4* *5* | *3* *9* *8* 
| *** 7   *** | *** *** *** | *** *** *** 
| *** *** *** |   3   3   3 | *** *** *** 
| *1* *4* *5* |             | *6* *7* *2* 
| *** *** *** |  89  8   8  | *** *** *** 
|   3 *** *** |   3   3 *** | *** *** *** 
|     *8* *9* |   6   6 *2* | *4* *5* *1* 
| 7   *** *** | 7       *** | *** *** *** 
+-------------+-------------+-------------+
|  2  *** *** |     ***     |     *** *** 
|  5  *6* *3* |  5  *7* 4   |     *1* *9* 
|     *** *** |  8  ***  8  |  8  *** *** 
| ***     *** |     12  1   | *** *** *** 
| *9*  5  *8* |  56  56   6 | *7* *4* *3* 
| ***     *** |             | *** *** *** 
|     *** *** |   3 ***   3 | *** *** *** 
|     *1* *4* |     *9*     | *5* *2* *6* 
| 7   *** *** |  8  ***  8  | *** *** *** 
+-------------+-------------+-------------+
|   3   3 *** | *** 1 3 1 3 | 1   *** *** 
|  5   5  *7* | *2*  56   6 |     *8* *4* 
|       9 *** | ***         |   9 *** *** 
|     *** *** |     1   1   | 1   *** *** 
| 4   *2* *6* |             |     *3* *5* 
|  8  *** *** | 78   8  78  |   9 *** *** 
|   3   3 *** | ***   3 *** | *** *** *** 
|  5   5  *1* | *4*  5  *9* | *2* *6* *7* 
|  8      *** | ***  8  *** | *** *** *** 
+-------------+-------------+-------------+
****************************************************************************

hidden single 7 found in cell(r,c): (1,2); via row
STEP: 6
+-------------+-------------+-------------+
| *** *** *** | *** *** *** | *** *** *** 
| *6* *7* *2* | *1* *4* *5* | *3* *9* *8* 
| *** *** *** | *** *** *** | *** *** *** 
| *** *** *** |   3   3   3 | *** *** *** 
| *1* *4* *5* |             | *6* *7* *2* 
| *** *** *** |  89  8   8  | *** *** *** 
|   3 *** *** |   3   3 *** | *** *** *** 
|     *8* *9* |   6   6 *2* | *4* *5* *1* 
|     *** *** | 7       *** | *** *** *** 
+-------------+-------------+-------------+
|  2  *** *** |     ***     |     *** *** 
|  5  *6* *3* |  5  *7* 4   |     *1* *9* 
|     *** *** |  8  ***  8  |  8  *** *** 
| ***     *** |     12  1   | *** *** *** 
| *9*  5  *8* |  56  56   6 | *7* *4* *3* 
| ***     *** |             | *** *** *** 
|     *** *** |   3 ***   3 | *** *** *** 
|     *1* *4* |     *9*     | *5* *2* *6* 
| 7   *** *** |  8  ***  8  | *** *** *** 
+-------------+-------------+-------------+
|   3   3 *** | *** 1 3 1 3 | 1   *** *** 
|  5   5  *7* | *2*  56   6 |     *8* *4* 
|       9 *** | ***         |   9 *** *** 
|     *** *** |     1   1   | 1   *** *** 
| 4   *2* *6* |             |     *3* *5* 
|  8  *** *** | 78   8  78  |   9 *** *** 
|   3   3 *** | ***   3 *** | *** *** *** 
|  5   5  *1* | *4*  5  *9* | *2* *6* *7* 
|  8      *** | ***  8  *** | *** *** *** 
+-------------+-------------+-------------+
****************************************************************************

naked single 3 found in cell(r,c): (3,1)
naked single 6 found in cell(r,c): (3,5)
naked single 8 found in cell(r,c): (4,7)
naked single 5 found in cell(r,c): (5,2)
naked single 6 found in cell(r,c): (5,4)
naked single 1 found in cell(r,c): (5,6)
naked single 7 found in cell(r,c): (6,1)
naked single 5 found in cell(r,c): (7,1)
naked single 8 found in cell(r,c): (9,1)
naked single 3 found in cell(r,c): (9,2)
naked single 5 found in cell(r,c): (9,5)
STEP: 7
+-------------+-------------+-------------+
| *** *** *** | *** *** *** | *** *** *** 
| *6* *7* *2* | *1* *4* *5* | *3* *9* *8* 
| *** *** *** | *** *** *** | *** *** *** 
| *** *** *** |   3   3   3 | *** *** *** 
| *1* *4* *5* |             | *6* *7* *2* 
| *** *** *** |  89  8   8  | *** *** *** 
| *** *** *** |     *** *** | *** *** *** 
| *3* *8* *9* |     *6* *2* | *4* *5* *1* 
| *** *** *** | 7   *** *** | *** *** *** 
+-------------+-------------+-------------+
|  2  *** *** |     ***     | *** *** *** 
|     *6* *3* |  5  *7* 4   | *8* *1* *9* 
|     *** *** |     ***     | *** *** *** 
| *** *** *** | ***  2  *** | *** *** *** 
| *9* *5* *8* | *6*     *1* | *7* *4* *3* 
| *** *** *** | ***     *** | *** *** *** 
| *** *** *** |   3 ***   3 | *** *** *** 
| *7* *1* *4* |     *9*     | *5* *2* *6* 
| *** *** *** |  8  ***  8  | *** *** *** 
+-------------+-------------+-------------+
| ***     *** | *** 1 3   3 | 1   *** *** 
| *5*     *7* | *2*       6 |     *8* *4* 
| ***   9 *** | ***         |   9 *** *** 
|     *** *** |     1       | 1   *** *** 
| 4   *2* *6* |             |     *3* *5* 
|     *** *** | 78   8  78  |   9 *** *** 
| *** *** *** | *** *** *** | *** *** *** 
| *8* *3* *1* | *4* *5* *9* | *2* *6* *7* 
| *** *** *** | *** *** *** | *** *** *** 
+-------------+-------------+-------------+
****************************************************************************

hidden single 9 found in cell(r,c): (2,4); via row
STEP: 8
+-------------+-------------+-------------+
| *** *** *** | *** *** *** | *** *** *** 
| *6* *7* *2* | *1* *4* *5* | *3* *9* *8* 
| *** *** *** | *** *** *** | *** *** *** 
| *** *** *** | ***   3   3 | *** *** *** 
| *1* *4* *5* | *9*         | *6* *7* *2* 
| *** *** *** | ***  8   8  | *** *** *** 
| *** *** *** |     *** *** | *** *** *** 
| *3* *8* *9* |     *6* *2* | *4* *5* *1* 
| *** *** *** | 7   *** *** | *** *** *** 
+-------------+-------------+-------------+
|  2  *** *** |     ***     | *** *** *** 
|     *6* *3* |  5  *7* 4   | *8* *1* *9* 
|     *** *** |     ***     | *** *** *** 
| *** *** *** | ***  2  *** | *** *** *** 
| *9* *5* *8* | *6*     *1* | *7* *4* *3* 
| *** *** *** | ***     *** | *** *** *** 
| *** *** *** |   3 ***   3 | *** *** *** 
| *7* *1* *4* |     *9*     | *5* *2* *6* 
| *** *** *** |  8  ***  8  | *** *** *** 
+-------------+-------------+-------------+
| ***     *** | *** 1 3   3 | 1   *** *** 
| *5*     *7* | *2*       6 |     *8* *4* 
| ***   9 *** | ***         |   9 *** *** 
|     *** *** |     1       | 1   *** *** 
| 4   *2* *6* |             |     *3* *5* 
|     *** *** | 78   8  78  |   9 *** *** 
| *** *** *** | *** *** *** | *** *** *** 
| *8* *3* *1* | *4* *5* *9* | *2* *6* *7* 
| *** *** *** | *** *** *** | *** *** *** 
+-------------+-------------+-------------+
****************************************************************************

naked single 7 found in cell(r,c): (3,4)
naked single 2 found in cell(r,c): (4,1)
naked single 5 found in cell(r,c): (4,4)
naked single 4 found in cell(r,c): (4,6)
naked single 2 found in cell(r,c): (5,5)
naked single 9 found in cell(r,c): (7,2)
naked single 1 found in cell(r,c): (7,7)
naked single 4 found in cell(r,c): (8,1)
naked single 8 found in cell(r,c): (8,4)
naked single 1 found in cell(r,c): (8,5)
naked single 7 found in cell(r,c): (8,6)
naked single 9 found in cell(r,c): (8,7)
STEP: 9
+-------------+-------------+-------------+
| *** *** *** | *** *** *** | *** *** *** 
| *6* *7* *2* | *1* *4* *5* | *3* *9* *8* 
| *** *** *** | *** *** *** | *** *** *** 
| *** *** *** | ***   3   3 | *** *** *** 
| *1* *4* *5* | *9*         | *6* *7* *2* 
| *** *** *** | ***  8   8  | *** *** *** 
| *** *** *** | *** *** *** | *** *** *** 
| *3* *8* *9* | *7* *6* *2* | *4* *5* *1* 
| *** *** *** | *** *** *** | *** *** *** 
+-------------+-------------+-------------+
| *** *** *** | *** *** *** | *** *** *** 
| *2* *6* *3* | *5* *7* *4* | *8* *1* *9* 
| *** *** *** | *** *** *** | *** *** *** 
| *** *** *** | *** *** *** | *** *** *** 
| *9* *5* *8* | *6* *2* *1* | *7* *4* *3* 
| *** *** *** | *** *** *** | *** *** *** 
| *** *** *** |   3 ***   3 | *** *** *** 
| *7* *1* *4* |     *9*     | *5* *2* *6* 
| *** *** *** |     ***  8  | *** *** *** 
+-------------+-------------+-------------+
| *** *** *** | ***   3   3 | *** *** *** 
| *5* *9* *7* | *2*       6 | *1* *8* *4* 
| *** *** *** | ***         | *** *** *** 
| *** *** *** | *** *** *** | *** *** *** 
| *4* *2* *6* | *8* *1* *7* | *9* *3* *5* 
| *** *** *** | *** *** *** | *** *** *** 
| *** *** *** | *** *** *** | *** *** *** 
| *8* *3* *1* | *4* *5* *9* | *2* *6* *7* 
| *** *** *** | *** *** *** | *** *** *** 
+-------------+-------------+-------------+
****************************************************************************

hidden single 8 found in cell(r,c): (2,5); via row
STEP: 10
+-------------+-------------+-------------+
| *** *** *** | *** *** *** | *** *** *** 
| *6* *7* *2* | *1* *4* *5* | *3* *9* *8* 
| *** *** *** | *** *** *** | *** *** *** 
| *** *** *** | *** ***   3 | *** *** *** 
| *1* *4* *5* | *9* *8*     | *6* *7* *2* 
| *** *** *** | *** ***     | *** *** *** 
| *** *** *** | *** *** *** | *** *** *** 
| *3* *8* *9* | *7* *6* *2* | *4* *5* *1* 
| *** *** *** | *** *** *** | *** *** *** 
+-------------+-------------+-------------+
| *** *** *** | *** *** *** | *** *** *** 
| *2* *6* *3* | *5* *7* *4* | *8* *1* *9* 
| *** *** *** | *** *** *** | *** *** *** 
| *** *** *** | *** *** *** | *** *** *** 
| *9* *5* *8* | *6* *2* *1* | *7* *4* *3* 
| *** *** *** | *** *** *** | *** *** *** 
| *** *** *** |   3 ***   3 | *** *** *** 
| *7* *1* *4* |     *9*     | *5* *2* *6* 
| *** *** *** |     ***  8  | *** *** *** 
+-------------+-------------+-------------+
| *** *** *** | ***   3   3 | *** *** *** 
| *5* *9* *7* | *2*       6 | *1* *8* *4* 
| *** *** *** | ***         | *** *** *** 
| *** *** *** | *** *** *** | *** *** *** 
| *4* *2* *6* | *8* *1* *7* | *9* *3* *5* 
| *** *** *** | *** *** *** | *** *** *** 
| *** *** *** | *** *** *** | *** *** *** 
| *8* *3* *1* | *4* *5* *9* | *2* *6* *7* 
| *** *** *** | *** *** *** | *** *** *** 
+-------------+-------------+-------------+
****************************************************************************

naked single 3 found in cell(r,c): (2,6)
naked single 3 found in cell(r,c): (6,4)
naked single 8 found in cell(r,c): (6,6)
naked single 3 found in cell(r,c): (7,5)
naked single 6 found in cell(r,c): (7,6)
STEP: 11
+-------------+-------------+-------------+
| *** *** *** | *** *** *** | *** *** *** 
| *6* *7* *2* | *1* *4* *5* | *3* *9* *8* 
| *** *** *** | *** *** *** | *** *** *** 
| *** *** *** | *** *** *** | *** *** *** 
| *1* *4* *5* | *9* *8* *3* | *6* *7* *2* 
| *** *** *** | *** *** *** | *** *** *** 
| *** *** *** | *** *** *** | *** *** *** 
| *3* *8* *9* | *7* *6* *2* | *4* *5* *1* 
| *** *** *** | *** *** *** | *** *** *** 
+-------------+-------------+-------------+
| *** *** *** | *** *** *** | *** *** *** 
| *2* *6* *3* | *5* *7* *4* | *8* *1* *9* 
| *** *** *** | *** *** *** | *** *** *** 
| *** *** *** | *** *** *** | *** *** *** 
| *9* *5* *8* | *6* *2* *1* | *7* *4* *3* 
| *** *** *** | *** *** *** | *** *** *** 
| *** *** *** | *** *** *** | *** *** *** 
| *7* *1* *4* | *3* *9* *8* | *5* *2* *6* 
| *** *** *** | *** *** *** | *** *** *** 
+-------------+-------------+-------------+
| *** *** *** | *** *** *** | *** *** *** 
| *5* *9* *7* | *2* *3* *6* | *1* *8* *4* 
| *** *** *** | *** *** *** | *** *** *** 
| *** *** *** | *** *** *** | *** *** *** 
| *4* *2* *6* | *8* *1* *7* | *9* *3* *5* 
| *** *** *** | *** *** *** | *** *** *** 
| *** *** *** | *** *** *** | *** *** *** 
| *8* *3* *1* | *4* *5* *9* | *2* *6* *7* 
| *** *** *** | *** *** *** | *** *** *** 
+-------------+-------------+-------------+
****************************************************************************

+-------+-------+-------+
| 6 7 2 | 1 4 5 | 3 9 8 |
| 1 4 5 | 9 8 3 | 6 7 2 |
| 3 8 9 | 7 6 2 | 4 5 1 |
+-------+-------+-------+
| 2 6 3 | 5 7 4 | 8 1 9 |
| 9 5 8 | 6 2 1 | 7 4 3 |
| 7 1 4 | 3 9 8 | 5 2 6 |
+-------+-------+-------+
| 5 9 7 | 2 3 6 | 1 8 4 |
| 4 2 6 | 8 1 7 | 9 3 5 |
| 8 3 1 | 4 5 9 | 2 6 7 |
+-------+-------+-------+
