
+-------+-------+-------+
|       | 1   5 |       |
| 1 4   |       | 6 7   |
|   8   |     2 | 4     |
+-------+-------+-------+
|   6 3 |   7   |   1   |
| 9     |       |     3 |
|   1   |   9   | 5 2   |
+-------+-------+-------+
|     7 | 2     |   8   |
|   2 6 |       |   3 5 |
|       | 4   9 |       |
+-------+-------+-------+
STEP: 0
+-------------+-------------+-------------+
|  23   3  2  | ***   3 *** |  23      2  
|   6         | *1* 4 6 *5* |             
| 7   7 9   9 | ***  8  *** |  89   9  89 
| *** ***  2  |   3   3   3 | *** ***  2  
| *1* *4*  5  |             | *6* *7*     
| *** ***   9 |  89  8   8  | *** ***  89 
|   3 ***     |   3   3 *** | ***     1   
|  56 *8*  5  |   6   6 *2* | *4*  5      
| 7   ***   9 | 7 9     *** | ***   9   9 
+-------------+-------------+-------------+
|  2  *** *** |     ***     |     ***     
| 45  *6* *3* |  5  *7* 4   |     *1* 4   
|  8  *** *** |  8  ***  8  |  89 ***  89 
| ***      2  |     12  1   |         *** 
| *9*  5  45  |  56 456 4 6 |     4 6 *3* 
| *** 7    8  |  8   8   8  | 78      *** 
|     ***     |   3 ***   3 | *** ***     
| 4   *1* 4   |   6 *9* 4 6 | *5* *2* 4 6 
| 78  ***  8  |  8  ***  8  | *** *** 78  
+-------------+-------------+-------------+
|   3   3 *** | *** 1 3 1 3 | 1   *** 1   
| 45   5  *7* | *2*  56   6 |     *8* 4 6 
|       9 *** | ***         |   9 ***   9 
|     *** *** |     1   1   | 1   *** *** 
| 4   *2* *6* |             |     *3* *5* 
|  8  *** *** | 78   8  78  | 7 9 *** *** 
|   3   3 1   | *** 1 3 *** | 12      12  
|  5   5   5  | *4*  56 *9* |       6   6 
|  8       8  | ***  8  *** | 7       7   
+-------------+-------------+-------------+
****************************************************************************

naked single 9 found in cell(r,c): (1,8)
STEP: 1
+-------------+-------------+-------------+
|  23   3  2  | ***   3 *** |  23 ***  2  
|   6         | *1* 4 6 *5* |     *9*     
| 7   7       | ***  8  *** |  8  ***  8  
| *** ***  2  |   3   3   3 | *** ***  2  
| *1* *4*  5  |             | *6* *7*     
| *** ***   9 |  89  8   8  | *** ***  8  
|   3 ***     |   3   3 *** | ***     1   
|  56 *8*  5  |   6   6 *2* | *4*  5      
| 7   ***   9 | 7 9     *** | ***         
+-------------+-------------+-------------+
|  2  *** *** |     ***     |     ***     
| 45  *6* *3* |  5  *7* 4   |     *1* 4   
|  8  *** *** |  8  ***  8  |  89 ***  89 
| ***      2  |     12  1   |         *** 
| *9*  5  45  |  56 456 4 6 |     4 6 *3* 
| *** 7    8  |  8   8   8  | 78      *** 
|     ***     |   3 ***   3 | *** ***     
| 4   *1* 4   |   6 *9* 4 6 | *5* *2* 4 6 
| 78  ***  8  |  8  ***  8  | *** *** 78  
+-------------+-------------+-------------+
|   3   3 *** | *** 1 3 1 3 | 1   *** 1   
| 45   5  *7* | *2*  56   6 |     *8* 4 6 
|       9 *** | ***         |   9 ***   9 
|     *** *** |     1   1   | 1   *** *** 
| 4   *2* *6* |             |     *3* *5* 
|  8  *** *** | 78   8  78  | 7 9 *** *** 
|   3   3 1   | *** 1 3 *** | 12      12  
|  5   5   5  | *4*  56 *9* |       6   6 
|  8       8  | ***  8  *** | 7       7   
+-------------+-------------+-------------+
****************************************************************************

naked single 2 found in cell(r,c): (1,3)
STEP: 2
+-------------+-------------+-------------+
|   3   3 *** | ***   3 *** |   3 ***     
|   6     *2* | *1* 4 6 *5* |     *9*     
| 7   7   *** | ***  8  *** |  8  ***  8  
| *** ***     |   3   3   3 | *** ***  2  
| *1* *4*  5  |             | *6* *7*     
| *** ***   9 |  89  8   8  | *** ***  8  
|   3 ***     |   3   3 *** | ***     1   
|  56 *8*  5  |   6   6 *2* | *4*  5      
| 7   ***   9 | 7 9     *** | ***         
+-------------+-------------+-------------+
|  2  *** *** |     ***     |     ***     
| 45  *6* *3* |  5  *7* 4   |     *1* 4   
|  8  *** *** |  8  ***  8  |  89 ***  89 
| ***         |     12  1   |         *** 
| *9*  5  45  |  56 456 4 6 |     4 6 *3* 
| *** 7    8  |  8   8   8  | 78      *** 
|     ***     |   3 ***   3 | *** ***     
| 4   *1* 4   |   6 *9* 4 6 | *5* *2* 4 6 
| 78  ***  8  |  8  ***  8  | *** *** 78  
+-------------+-------------+-------------+
|   3   3 *** | *** 1 3 1 3 | 1   *** 1   
| 45   5  *7* | *2*  56   6 |     *8* 4 6 
|       9 *** | ***         |   9 ***   9 
|     *** *** |     1   1   | 1   *** *** 
| 4   *2* *6* |             |     *3* *5* 
|  8  *** *** | 78   8  78  | 7 9 *** *** 
|   3   3 1   | *** 1 3 *** | 12      12  
|  5   5   5  | *4*  56 *9* |       6   6 
|  8       8  | ***  8  *** | 7       7   
+-------------+-------------+-------------+
****************************************************************************

naked single 8 found in cell(r,c): (1,9)
STEP: 3
+-------------+-------------+-------------+
|   3   3 *** | ***   3 *** |   3 *** *** 
|   6     *2* | *1* 4 6 *5* |     *9* *8* 
| 7   7   *** | ***     *** |     *** *** 
| *** ***     |   3   3   3 | *** ***  2  
| *1* *4*  5  |             | *6* *7*     
| *** ***   9 |  89  8   8  | *** ***     
|   3 ***     |   3   3 *** | ***     1   
|  56 *8*  5  |   6   6 *2* | *4*  5      
| 7   ***   9 | 7 9     *** | ***         
+-------------+-------------+-------------+
|  2  *** *** |     ***     |     ***     
| 45  *6* *3* |  5  *7* 4   |     *1* 4   
|  8  *** *** |  8  ***  8  |  89 ***   9 
| ***         |     12  1   |         *** 
| *9*  5  45  |  56 456 4 6 |     4 6 *3* 
| *** 7    8  |  8   8   8  | 78      *** 
|     ***     |   3 ***   3 | *** ***     
| 4   *1* 4   |   6 *9* 4 6 | *5* *2* 4 6 
| 78  ***  8  |  8  ***  8  | *** *** 7   
+-------------+-------------+-------------+
|   3   3 *** | *** 1 3 1 3 | 1   *** 1   
| 45   5  *7* | *2*  56   6 |     *8* 4 6 
|       9 *** | ***         |   9 ***   9 
|     *** *** |     1   1   | 1   *** *** 
| 4   *2* *6* |             |     *3* *5* 
|  8  *** *** | 78   8  78  | 7 9 *** *** 
|   3   3 1   | *** 1 3 *** | 12      12  
|  5   5   5  | *4*  56 *9* |       6   6 
|  8       8  | ***  8  *** | 7       7   
+-------------+-------------+-------------+
****************************************************************************

naked single 3 found in cell(r,c): (1,7)
STEP: 4
+-------------+-------------+-------------+
|         *** | ***     *** | *** *** *** 
|   6     *2* | *1* 4 6 *5* | *3* *9* *8* 
| 7   7   *** | ***     *** | *** *** *** 
| *** ***     |   3   3   3 | *** ***  2  
| *1* *4*  5  |             | *6* *7*     
| *** ***   9 |  89  8   8  | *** ***     
|   3 ***     |   3   3 *** | ***     1   
|  56 *8*  5  |   6   6 *2* | *4*  5      
| 7   ***   9 | 7 9     *** | ***         
+-------------+-------------+-------------+
|  2  *** *** |     ***     |     ***     
| 45  *6* *3* |  5  *7* 4   |     *1* 4   
|  8  *** *** |  8  ***  8  |  89 ***   9 
| ***         |     12  1   |         *** 
| *9*  5  45  |  56 456 4 6 |     4 6 *3* 
| *** 7    8  |  8   8   8  | 78      *** 
|     ***     |   3 ***   3 | *** ***     
| 4   *1* 4   |   6 *9* 4 6 | *5* *2* 4 6 
| 78  ***  8  |  8  ***  8  | *** *** 7   
+-------------+-------------+-------------+
|   3   3 *** | *** 1 3 1 3 | 1   *** 1   
| 45   5  *7* | *2*  56   6 |     *8* 4 6 
|       9 *** | ***         |   9 ***   9 
|     *** *** |     1   1   | 1   *** *** 
| 4   *2* *6* |             |     *3* *5* 
|  8  *** *** | 78   8  78  | 7 9 *** *** 
|   3   3 1   | *** 1 3 *** | 12      12  
|  5   5   5  | *4*  56 *9* |       6   6 
|  8       8  | ***  8  *** | 7       7   
+-------------+-------------+-------------+
****************************************************************************

naked single 7 found in cell(r,c): (1,2)
STEP: 5
+-------------+-------------+-------------+
|     *** *** | ***     *** | *** *** *** 
|   6 *7* *2* | *1* 4 6 *5* | *3* *9* *8* 
|     *** *** | ***     *** | *** *** *** 
| *** ***     |   3   3   3 | *** ***  2  
| *1* *4*  5  |             | *6* *7*     
| *** ***   9 |  89  8   8  | *** ***     
|   3 ***     |   3   3 *** | ***     1   
|  56 *8*  5  |   6   6 *2* | *4*  5      
|     ***   9 | 7 9     *** | ***         
+-------------+-------------+-------------+
|  2  *** *** |     ***     |     ***     
| 45  *6* *3* |  5  *7* 4   |     *1* 4   
|  8  *** *** |  8  ***  8  |  89 ***   9 
| ***         |     12  1   |         *** 
| *9*  5  45  |  56 456 4 6 |     4 6 *3* 
| ***      8  |  8   8   8  | 78      *** 
|     ***     |   3 ***   3 | *** ***     
| 4   *1* 4   |   6 *9* 4 6 | *5* *2* 4 6 
| 78  ***  8  |  8  ***  8  | *** *** 7   
+-------------+-------------+-------------+
|   3   3 *** | *** 1 3 1 3 | 1   *** 1   
| 45   5  *7* | *2*  56   6 |     *8* 4 6 
|       9 *** | ***         |   9 ***   9 
|     *** *** |     1   1   | 1   *** *** 
| 4   *2* *6* |             |     *3* *5* 
|  8  *** *** | 78   8  78  | 7 9 *** *** 
|   3   3 1   | *** 1 3 *** | 12      12  
|  5   5   5  | *4*  56 *9* |       6   6 
|  8       8  | ***  8  *** | 7       7   
+-------------+-------------+-------------+
****************************************************************************

naked single 6 found in cell(r,c): (1,1)
STEP: 6
+-------------+-------------+-------------+
| *** *** *** | ***     *** | *** *** *** 
| *6* *7* *2* | *1* 4   *5* | *3* *9* *8* 
| *** *** *** | ***     *** | *** *** *** 
| *** ***     |   3   3   3 | *** ***  2  
| *1* *4*  5  |             | *6* *7*     
| *** ***   9 |  89  8   8  | *** ***     
|   3 ***     |   3   3 *** | ***     1   
|  5  *8*  5  |   6   6 *2* | *4*  5      
|     ***   9 | 7 9     *** | ***         
+-------------+-------------+-------------+
|  2  *** *** |     ***     |     ***     
| 45  *6* *3* |  5  *7* 4   |     *1* 4   
|  8  *** *** |  8  ***  8  |  89 ***   9 
| ***         |     12  1   |         *** 
| *9*  5  45  |  56 456 4 6 |     4 6 *3* 
| ***      8  |  8   8   8  | 78      *** 
|     ***     |   3 ***   3 | *** ***     
| 4   *1* 4   |   6 *9* 4 6 | *5* *2* 4 6 
| 78  ***  8  |  8  ***  8  | *** *** 7   
+-------------+-------------+-------------+
|   3   3 *** | *** 1 3 1 3 | 1   *** 1   
| 45   5  *7* | *2*  56   6 |     *8* 4 6 
|       9 *** | ***         |   9 ***   9 
|     *** *** |     1   1   | 1   *** *** 
| 4   *2* *6* |             |     *3* *5* 
|  8  *** *** | 78   8  78  | 7 9 *** *** 
|   3   3 1   | *** 1 3 *** | 12      12  
|  5   5   5  | *4*  56 *9* |       6   6 
|  8       8  | ***  8  *** | 7       7   
+-------------+-------------+-------------+
****************************************************************************

naked single 4 found in cell(r,c): (1,5)
STEP: 7
+-------------+-------------+-------------+
| *** *** *** | *** *** *** | *** *** *** 
| *6* *7* *2* | *1* *4* *5* | *3* *9* *8* 
| *** *** *** | *** *** *** | *** *** *** 
| *** ***     |   3   3   3 | *** ***  2  
| *1* *4*  5  |             | *6* *7*     
| *** ***   9 |  89  8   8  | *** ***     
|   3 ***     |   3   3 *** | ***     1   
|  5  *8*  5  |   6   6 *2* | *4*  5      
|     ***   9 | 7 9     *** | ***         
+-------------+-------------+-------------+
|  2  *** *** |     ***     |     ***     
| 45  *6* *3* |  5  *7* 4   |     *1* 4   
|  8  *** *** |  8  ***  8  |  89 ***   9 
| ***         |     12  1   |         *** 
| *9*  5  45  |  56  56 4 6 |     4 6 *3* 
| ***      8  |  8   8   8  | 78      *** 
|     ***     |   3 ***   3 | *** ***     
| 4   *1* 4   |   6 *9* 4 6 | *5* *2* 4 6 
| 78  ***  8  |  8  ***  8  | *** *** 7   
+-------------+-------------+-------------+
|   3   3 *** | *** 1 3 1 3 | 1   *** 1   
| 45   5  *7* | *2*  56   6 |     *8* 4 6 
|       9 *** | ***         |   9 ***   9 
|     *** *** |     1   1   | 1   *** *** 
| 4   *2* *6* |             |     *3* *5* 
|  8  *** *** | 78   8  78  | 7 9 *** *** 
|   3   3 1   | *** 1 3 *** | 12      12  
|  5   5   5  | *4*  56 *9* |       6   6 
|  8       8  | ***  8  *** | 7       7   
+-------------+-------------+-------------+
****************************************************************************

naked single 2 found in cell(r,c): (2,9)
STEP: 8
+-------------+-------------+-------------+
| *** *** *** | *** *** *** | *** *** *** 
| *6* *7* *2* | *1* *4* *5* | *3* *9* *8* 
| *** *** *** | *** *** *** | *** *** *** 
| *** ***     |   3   3   3 | *** *** *** 
| *1* *4*  5  |             | *6* *7* *2* 
| *** ***   9 |  89  8   8  | *** *** *** 
|   3 ***     |   3   3 *** | ***     1   
|  5  *8*  5  |   6   6 *2* | *4*  5      
|     ***   9 | 7 9     *** | ***         
+-------------+-------------+-------------+
|  2  *** *** |     ***     |     ***     
| 45  *6* *3* |  5  *7* 4   |     *1* 4   
|  8  *** *** |  8  ***  8  |  89 ***   9 
| ***         |     12  1   |         *** 
| *9*  5  45  |  56  56 4 6 |     4 6 *3* 
| ***      8  |  8   8   8  | 78      *** 
|     ***     |   3 ***   3 | *** ***     
| 4   *1* 4   |   6 *9* 4 6 | *5* *2* 4 6 
| 78  ***  8  |  8  ***  8  | *** *** 7   
+-------------+-------------+-------------+
|   3   3 *** | *** 1 3 1 3 | 1   *** 1   
| 45   5  *7* | *2*  56   6 |     *8* 4 6 
|       9 *** | ***         |   9 ***   9 
|     *** *** |     1   1   | 1   *** *** 
| 4   *2* *6* |             |     *3* *5* 
|  8  *** *** | 78   8  78  | 7 9 *** *** 
|   3   3 1   | *** 1 3 *** | 12      1   
|  5   5   5  | *4*  56 *9* |       6   6 
|  8       8  | ***  8  *** | 7       7   
+-------------+-------------+-------------+
****************************************************************************

naked single 5 found in cell(r,c): (3,8)
STEP: 9
+-------------+-------------+-------------+
| *** *** *** | *** *** *** | *** *** *** 
| *6* *7* *2* | *1* *4* *5* | *3* *9* *8* 
| *** *** *** | *** *** *** | *** *** *** 
| *** ***     |   3   3   3 | *** *** *** 
| *1* *4*  5  |             | *6* *7* *2* 
| *** ***   9 |  89  8   8  | *** *** *** 
|   3 ***     |   3   3 *** | *** *** 1   
|     *8*     |   6   6 *2* | *4* *5*     
|     ***   9 | 7 9     *** | *** ***     
+-------------+-------------+-------------+
|  2  *** *** |     ***     |     ***     
| 45  *6* *3* |  5  *7* 4   |     *1* 4   
|  8  *** *** |  8  ***  8  |  89 ***   9 
| ***         |     12  1   |         *** 
| *9*  5  45  |  56  56 4 6 |     4 6 *3* 
| ***      8  |  8   8   8  | 78      *** 
|     ***     |   3 ***   3 | *** ***     
| 4   *1* 4   |   6 *9* 4 6 | *5* *2* 4 6 
| 78  ***  8  |  8  ***  8  | *** *** 7   
+-------------+-------------+-------------+
|   3   3 *** | *** 1 3 1 3 | 1   *** 1   
| 45   5  *7* | *2*  56   6 |     *8* 4 6 
|       9 *** | ***         |   9 ***   9 
|     *** *** |     1   1   | 1   *** *** 
| 4   *2* *6* |             |     *3* *5* 
|  8  *** *** | 78   8  78  | 7 9 *** *** 
|   3   3 1   | *** 1 3 *** | 12      1   
|  5   5   5  | *4*  56 *9* |       6   6 
|  8       8  | ***  8  *** | 7       7   
+-------------+-------------+-------------+
****************************************************************************

naked single 3 found in cell(r,c): (3,1)
STEP: 10
+-------------+-------------+-------------+
| *** *** *** | *** *** *** | *** *** *** 
| *6* *7* *2* | *1* *4* *5* | *3* *9* *8* 
| *** *** *** | *** *** *** | *** *** *** 
| *** ***     |   3   3   3 | *** *** *** 
| *1* *4*  5  |             | *6* *7* *2* 
| *** ***   9 |  89  8   8  | *** *** *** 
| *** ***     |         *** | *** *** 1   
| *3* *8*     |   6   6 *2* | *4* *5*     
| *** ***   9 | 7 9     *** | *** ***     
+-------------+-------------+-------------+
|  2  *** *** |     ***     |     ***     
| 45  *6* *3* |  5  *7* 4   |     *1* 4   
|  8  *** *** |  8  ***  8  |  89 ***   9 
| ***         |     12  1   |         *** 
| *9*  5  45  |  56  56 4 6 |     4 6 *3* 
| ***      8  |  8   8   8  | 78      *** 
|     ***     |   3 ***   3 | *** ***     
| 4   *1* 4   |   6 *9* 4 6 | *5* *2* 4 6 
| 78  ***  8  |  8  ***  8  | *** *** 7   
+-------------+-------------+-------------+
|       3 *** | *** 1 3 1 3 | 1   *** 1   
| 45   5  *7* | *2*  56   6 |     *8* 4 6 
|       9 *** | ***         |   9 ***   9 
|     *** *** |     1   1   | 1   *** *** 
| 4   *2* *6* |             |     *3* *5* 
|  8  *** *** | 78   8  78  | 7 9 *** *** 
|       3 1   | *** 1 3 *** | 12      1   
|  5   5   5  | *4*  56 *9* |       6   6 
|  8       8  | ***  8  *** | 7       7   
+-------------+-------------+-------------+
****************************************************************************

naked single 9 found in cell(r,c): (3,3)
STEP: 11
+-------------+-------------+-------------+
| *** *** *** | *** *** *** | *** *** *** 
| *6* *7* *2* | *1* *4* *5* | *3* *9* *8* 
| *** *** *** | *** *** *** | *** *** *** 
| *** ***     |   3   3   3 | *** *** *** 
| *1* *4*  5  |             | *6* *7* *2* 
| *** ***     |  89  8   8  | *** *** *** 
| *** *** *** |         *** | *** *** 1   
| *3* *8* *9* |   6   6 *2* | *4* *5*     
| *** *** *** | 7       *** | *** ***     
+-------------+-------------+-------------+
|  2  *** *** |     ***     |     ***     
| 45  *6* *3* |  5  *7* 4   |     *1* 4   
|  8  *** *** |  8  ***  8  |  89 ***   9 
| ***         |     12  1   |         *** 
| *9*  5  45  |  56  56 4 6 |     4 6 *3* 
| ***      8  |  8   8   8  | 78      *** 
|     ***     |   3 ***   3 | *** ***     
| 4   *1* 4   |   6 *9* 4 6 | *5* *2* 4 6 
| 78  ***  8  |  8  ***  8  | *** *** 7   
+-------------+-------------+-------------+
|       3 *** | *** 1 3 1 3 | 1   *** 1   
| 45   5  *7* | *2*  56   6 |     *8* 4 6 
|       9 *** | ***         |   9 ***   9 
|     *** *** |     1   1   | 1   *** *** 
| 4   *2* *6* |             |     *3* *5* 
|  8  *** *** | 78   8  78  | 7 9 *** *** 
|       3 1   | *** 1 3 *** | 12      1   
|  5   5   5  | *4*  56 *9* |       6   6 
|  8       8  | ***  8  *** | 7       7   
+-------------+-------------+-------------+
****************************************************************************

naked single 5 found in cell(r,c): (2,3)
STEP: 12
+-------------+-------------+-------------+
| *** *** *** | *** *** *** | *** *** *** 
| *6* *7* *2* | *1* *4* *5* | *3* *9* *8* 
| *** *** *** | *** *** *** | *** *** *** 
| *** *** *** |   3   3   3 | *** *** *** 
| *1* *4* *5* |             | *6* *7* *2* 
| *** *** *** |  89  8   8  | *** *** *** 
| *** *** *** |         *** | *** *** 1   
| *3* *8* *9* |   6   6 *2* | *4* *5*     
| *** *** *** | 7       *** | *** ***     
+-------------+-------------+-------------+
|  2  *** *** |     ***     |     ***     
| 45  *6* *3* |  5  *7* 4   |     *1* 4   
|  8  *** *** |  8  ***  8  |  89 ***   9 
| ***         |     12  1   |         *** 
| *9*  5  4   |  56  56 4 6 |     4 6 *3* 
| ***      8  |  8   8   8  | 78      *** 
|     ***     |   3 ***   3 | *** ***     
| 4   *1* 4   |   6 *9* 4 6 | *5* *2* 4 6 
| 78  ***  8  |  8  ***  8  | *** *** 7   
+-------------+-------------+-------------+
|       3 *** | *** 1 3 1 3 | 1   *** 1   
| 45   5  *7* | *2*  56   6 |     *8* 4 6 
|       9 *** | ***         |   9 ***   9 
|     *** *** |     1   1   | 1   *** *** 
| 4   *2* *6* |             |     *3* *5* 
|  8  *** *** | 78   8  78  | 7 9 *** *** 
|       3 1   | *** 1 3 *** | 12      1   
|  5   5      | *4*  56 *9* |       6   6 
|  8       8  | ***  8  *** | 7       7   
+-------------+-------------+-------------+
****************************************************************************

naked single 6 found in cell(r,c): (3,5)
STEP: 13
+-------------+-------------+-------------+
| *** *** *** | *** *** *** | *** *** *** 
| *6* *7* *2* | *1* *4* *5* | *3* *9* *8* 
| *** *** *** | *** *** *** | *** *** *** 
| *** *** *** |   3   3   3 | *** *** *** 
| *1* *4* *5* |             | *6* *7* *2* 
| *** *** *** |  89  8   8  | *** *** *** 
| *** *** *** |     *** *** | *** *** 1   
| *3* *8* *9* |     *6* *2* | *4* *5*     
| *** *** *** | 7   *** *** | *** ***     
+-------------+-------------+-------------+
|  2  *** *** |     ***     |     ***     
| 45  *6* *3* |  5  *7* 4   |     *1* 4   
|  8  *** *** |  8  ***  8  |  89 ***   9 
| ***         |     12  1   |         *** 
| *9*  5  4   |  56  5  4 6 |     4 6 *3* 
| ***      8  |  8   8   8  | 78      *** 
|     ***     |   3 ***   3 | *** ***     
| 4   *1* 4   |   6 *9* 4 6 | *5* *2* 4 6 
| 78  ***  8  |  8  ***  8  | *** *** 7   
+-------------+-------------+-------------+
|       3 *** | *** 1 3 1 3 | 1   *** 1   
| 45   5  *7* | *2*  5    6 |     *8* 4 6 
|       9 *** | ***         |   9 ***   9 
|     *** *** |     1   1   | 1   *** *** 
| 4   *2* *6* |             |     *3* *5* 
|  8  *** *** | 78   8  78  | 7 9 *** *** 
|       3 1   | *** 1 3 *** | 12      1   
|  5   5      | *4*  5  *9* |       6   6 
|  8       8  | ***  8  *** | 7       7   
+-------------+-------------+-------------+
****************************************************************************

naked single 7 found in cell(r,c): (3,4)
STEP: 14
+-------------+-------------+-------------+
| *** *** *** | *** *** *** | *** *** *** 
| *6* *7* *2* | *1* *4* *5* | *3* *9* *8* 
| *** *** *** | *** *** *** | *** *** *** 
| *** *** *** |   3   3   3 | *** *** *** 
| *1* *4* *5* |             | *6* *7* *2* 
| *** *** *** |  89  8   8  | *** *** *** 
| *** *** *** | *** *** *** | *** *** 1   
| *3* *8* *9* | *7* *6* *2* | *4* *5*     
| *** *** *** | *** *** *** | *** ***     
+-------------+-------------+-------------+
|  2  *** *** |     ***     |     ***     
| 45  *6* *3* |  5  *7* 4   |     *1* 4   
|  8  *** *** |  8  ***  8  |  89 ***   9 
| ***         |     12  1   |         *** 
| *9*  5  4   |  56  5  4 6 |     4 6 *3* 
| ***      8  |  8   8   8  | 78      *** 
|     ***     |   3 ***   3 | *** ***     
| 4   *1* 4   |   6 *9* 4 6 | *5* *2* 4 6 
| 78  ***  8  |  8  ***  8  | *** *** 7   
+-------------+-------------+-------------+
|       3 *** | *** 1 3 1 3 | 1   *** 1   
| 45   5  *7* | *2*  5    6 |     *8* 4 6 
|       9 *** | ***         |   9 ***   9 
|     *** *** |     1   1   | 1   *** *** 
| 4   *2* *6* |             |     *3* *5* 
|  8  *** *** |  8   8  78  | 7 9 *** *** 
|       3 1   | *** 1 3 *** | 12      1   
|  5   5      | *4*  5  *9* |       6   6 
|  8       8  | ***  8  *** | 7       7   
+-------------+-------------+-------------+
****************************************************************************

naked single 1 found in cell(r,c): (3,9)
STEP: 15
+-------------+-------------+-------------+
| *** *** *** | *** *** *** | *** *** *** 
| *6* *7* *2* | *1* *4* *5* | *3* *9* *8* 
| *** *** *** | *** *** *** | *** *** *** 
| *** *** *** |   3   3   3 | *** *** *** 
| *1* *4* *5* |             | *6* *7* *2* 
| *** *** *** |  89  8   8  | *** *** *** 
| *** *** *** | *** *** *** | *** *** *** 
| *3* *8* *9* | *7* *6* *2* | *4* *5* *1* 
| *** *** *** | *** *** *** | *** *** *** 
+-------------+-------------+-------------+
|  2  *** *** |     ***     |     ***     
| 45  *6* *3* |  5  *7* 4   |     *1* 4   
|  8  *** *** |  8  ***  8  |  89 ***   9 
| ***         |     12  1   |         *** 
| *9*  5  4   |  56  5  4 6 |     4 6 *3* 
| ***      8  |  8   8   8  | 78      *** 
|     ***     |   3 ***   3 | *** ***     
| 4   *1* 4   |   6 *9* 4 6 | *5* *2* 4 6 
| 78  ***  8  |  8  ***  8  | *** *** 7   
+-------------+-------------+-------------+
|       3 *** | *** 1 3 1 3 | 1   ***     
| 45   5  *7* | *2*  5    6 |     *8* 4 6 
|       9 *** | ***         |   9 ***   9 
|     *** *** |     1   1   | 1   *** *** 
| 4   *2* *6* |             |     *3* *5* 
|  8  *** *** |  8   8  78  | 7 9 *** *** 
|       3 1   | *** 1 3 *** | 12          
|  5   5      | *4*  5  *9* |       6   6 
|  8       8  | ***  8  *** | 7       7   
+-------------+-------------+-------------+
****************************************************************************

naked single 5 found in cell(r,c): (5,2)
STEP: 16
+-------------+-------------+-------------+
| *** *** *** | *** *** *** | *** *** *** 
| *6* *7* *2* | *1* *4* *5* | *3* *9* *8* 
| *** *** *** | *** *** *** | *** *** *** 
| *** *** *** |   3   3   3 | *** *** *** 
| *1* *4* *5* |             | *6* *7* *2* 
| *** *** *** |  89  8   8  | *** *** *** 
| *** *** *** | *** *** *** | *** *** *** 
| *3* *8* *9* | *7* *6* *2* | *4* *5* *1* 
| *** *** *** | *** *** *** | *** *** *** 
+-------------+-------------+-------------+
|  2  *** *** |     ***     |     ***     
| 4   *6* *3* |  5  *7* 4   |     *1* 4   
|  8  *** *** |  8  ***  8  |  89 ***   9 
| *** ***     |     12  1   |         *** 
| *9* *5* 4   |   6     4 6 |     4 6 *3* 
| *** ***  8  |  8   8   8  | 78      *** 
|     ***     |   3 ***   3 | *** ***     
| 4   *1* 4   |   6 *9* 4 6 | *5* *2* 4 6 
| 78  ***  8  |  8  ***  8  | *** *** 7   
+-------------+-------------+-------------+
|       3 *** | *** 1 3 1 3 | 1   ***     
| 45      *7* | *2*  5    6 |     *8* 4 6 
|       9 *** | ***         |   9 ***   9 
|     *** *** |     1   1   | 1   *** *** 
| 4   *2* *6* |             |     *3* *5* 
|  8  *** *** |  8   8  78  | 7 9 *** *** 
|       3 1   | *** 1 3 *** | 12          
|  5          | *4*  5  *9* |       6   6 
|  8       8  | ***  8  *** | 7       7   
+-------------+-------------+-------------+
****************************************************************************

naked single 8 found in cell(r,c): (8,4)
STEP: 17
+-------------+-------------+-------------+
| *** *** *** | *** *** *** | *** *** *** 
| *6* *7* *2* | *1* *4* *5* | *3* *9* *8* 
| *** *** *** | *** *** *** | *** *** *** 
| *** *** *** |   3   3   3 | *** *** *** 
| *1* *4* *5* |             | *6* *7* *2* 
| *** *** *** |   9  8   8  | *** *** *** 
| *** *** *** | *** *** *** | *** *** *** 
| *3* *8* *9* | *7* *6* *2* | *4* *5* *1* 
| *** *** *** | *** *** *** | *** *** *** 
+-------------+-------------+-------------+
|  2  *** *** |     ***     |     ***     
| 4   *6* *3* |  5  *7* 4   |     *1* 4   
|  8  *** *** |     ***  8  |  89 ***   9 
| *** ***     |     12  1   |         *** 
| *9* *5* 4   |   6     4 6 |     4 6 *3* 
| *** ***  8  |      8   8  | 78      *** 
|     ***     |   3 ***   3 | *** ***     
| 4   *1* 4   |   6 *9* 4 6 | *5* *2* 4 6 
| 78  ***  8  |     ***  8  | *** *** 7   
+-------------+-------------+-------------+
|       3 *** | *** 1 3 1 3 | 1   ***     
| 45      *7* | *2*  5    6 |     *8* 4 6 
|       9 *** | ***         |   9 ***   9 
|     *** *** | *** 1   1   | 1   *** *** 
| 4   *2* *6* | *8*         |     *3* *5* 
|     *** *** | ***     7   | 7 9 *** *** 
|       3 1   | *** 1 3 *** | 12          
|  5          | *4*  5  *9* |       6   6 
|  8       8  | ***     *** | 7       7   
+-------------+-------------+-------------+
****************************************************************************

naked single 5 found in cell(r,c): (4,4)
STEP: 18
+-------------+-------------+-------------+
| *** *** *** | *** *** *** | *** *** *** 
| *6* *7* *2* | *1* *4* *5* | *3* *9* *8* 
| *** *** *** | *** *** *** | *** *** *** 
| *** *** *** |   3   3   3 | *** *** *** 
| *1* *4* *5* |             | *6* *7* *2* 
| *** *** *** |   9  8   8  | *** *** *** 
| *** *** *** | *** *** *** | *** *** *** 
| *3* *8* *9* | *7* *6* *2* | *4* *5* *1* 
| *** *** *** | *** *** *** | *** *** *** 
+-------------+-------------+-------------+
|  2  *** *** | *** ***     |     ***     
| 4   *6* *3* | *5* *7* 4   |     *1* 4   
|  8  *** *** | *** ***  8  |  89 ***   9 
| *** ***     |     12  1   |         *** 
| *9* *5* 4   |   6     4 6 |     4 6 *3* 
| *** ***  8  |      8   8  | 78      *** 
|     ***     |   3 ***   3 | *** ***     
| 4   *1* 4   |   6 *9* 4 6 | *5* *2* 4 6 
| 78  ***  8  |     ***  8  | *** *** 7   
+-------------+-------------+-------------+
|       3 *** | *** 1 3 1 3 | 1   ***     
| 45      *7* | *2*  5    6 |     *8* 4 6 
|       9 *** | ***         |   9 ***   9 
|     *** *** | *** 1   1   | 1   *** *** 
| 4   *2* *6* | *8*         |     *3* *5* 
|     *** *** | ***     7   | 7 9 *** *** 
|       3 1   | *** 1 3 *** | 12          
|  5          | *4*  5  *9* |       6   6 
|  8       8  | ***     *** | 7       7   
+-------------+-------------+-------------+
****************************************************************************

naked single 6 found in cell(r,c): (5,4)
STEP: 19
+-------------+-------------+-------------+
| *** *** *** | *** *** *** | *** *** *** 
| *6* *7* *2* | *1* *4* *5* | *3* *9* *8* 
| *** *** *** | *** *** *** | *** *** *** 
| *** *** *** |   3   3   3 | *** *** *** 
| *1* *4* *5* |             | *6* *7* *2* 
| *** *** *** |   9  8   8  | *** *** *** 
| *** *** *** | *** *** *** | *** *** *** 
| *3* *8* *9* | *7* *6* *2* | *4* *5* *1* 
| *** *** *** | *** *** *** | *** *** *** 
+-------------+-------------+-------------+
|  2  *** *** | *** ***     |     ***     
| 4   *6* *3* | *5* *7* 4   |     *1* 4   
|  8  *** *** | *** ***  8  |  89 ***   9 
| *** ***     | *** 12  1   |         *** 
| *9* *5* 4   | *6*     4   |     4   *3* 
| *** ***  8  | ***  8   8  | 78      *** 
|     ***     |   3 ***   3 | *** ***     
| 4   *1* 4   |     *9* 4   | *5* *2* 4 6 
| 78  ***  8  |     ***  8  | *** *** 7   
+-------------+-------------+-------------+
|       3 *** | *** 1 3 1 3 | 1   ***     
| 45      *7* | *2*  5    6 |     *8* 4 6 
|       9 *** | ***         |   9 ***   9 
|     *** *** | *** 1   1   | 1   *** *** 
| 4   *2* *6* | *8*         |     *3* *5* 
|     *** *** | ***     7   | 7 9 *** *** 
|       3 1   | *** 1 3 *** | 12          
|  5          | *4*  5  *9* |       6   6 
|  8       8  | ***     *** | 7       7   
+-------------+-------------+-------------+
****************************************************************************

naked single 4 found in cell(r,c): (5,8)
STEP: 20
+-------------+-------------+-------------+
| *** *** *** | *** *** *** | *** *** *** 
| *6* *7* *2* | *1* *4* *5* | *3* *9* *8* 
| *** *** *** | *** *** *** | *** *** *** 
| *** *** *** |   3   3   3 | *** *** *** 
| *1* *4* *5* |             | *6* *7* *2* 
| *** *** *** |   9  8   8  | *** *** *** 
| *** *** *** | *** *** *** | *** *** *** 
| *3* *8* *9* | *7* *6* *2* | *4* *5* *1* 
| *** *** *** | *** *** *** | *** *** *** 
+-------------+-------------+-------------+
|  2  *** *** | *** ***     |     ***     
| 4   *6* *3* | *5* *7* 4   |     *1*     
|  8  *** *** | *** ***  8  |  89 ***   9 
| *** ***     | *** 12  1   |     *** *** 
| *9* *5*     | *6*         |     *4* *3* 
| *** ***  8  | ***  8   8  | 78  *** *** 
|     ***     |   3 ***   3 | *** ***     
| 4   *1* 4   |     *9* 4   | *5* *2*   6 
| 78  ***  8  |     ***  8  | *** *** 7   
+-------------+-------------+-------------+
|       3 *** | *** 1 3 1 3 | 1   ***     
| 45      *7* | *2*  5    6 |     *8* 4 6 
|       9 *** | ***         |   9 ***   9 
|     *** *** | *** 1   1   | 1   *** *** 
| 4   *2* *6* | *8*         |     *3* *5* 
|     *** *** | ***     7   | 7 9 *** *** 
|       3 1   | *** 1 3 *** | 12          
|  5          | *4*  5  *9* |       6   6 
|  8       8  | ***     *** | 7       7   
+-------------+-------------+-------------+
****************************************************************************

naked single 9 found in cell(r,c): (4,9)
STEP: 21
+-------------+-------------+-------------+
| *** *** *** | *** *** *** | *** *** *** 
| *6* *7* *2* | *1* *4* *5* | *3* *9* *8* 
| *** *** *** | *** *** *** | *** *** *** 
| *** *** *** |   3   3   3 | *** *** *** 
| *1* *4* *5* |             | *6* *7* *2* 
| *** *** *** |   9  8   8  | *** *** *** 
| *** *** *** | *** *** *** | *** *** *** 
| *3* *8* *9* | *7* *6* *2* | *4* *5* *1* 
| *** *** *** | *** *** *** | *** *** *** 
+-------------+-------------+-------------+
|  2  *** *** | *** ***     |     *** *** 
| 4   *6* *3* | *5* *7* 4   |     *1* *9* 
|  8  *** *** | *** ***  8  |  8  *** *** 
| *** ***     | *** 12  1   |     *** *** 
| *9* *5*     | *6*         |     *4* *3* 
| *** ***  8  | ***  8   8  | 78  *** *** 
|     ***     |   3 ***   3 | *** ***     
| 4   *1* 4   |     *9* 4   | *5* *2*   6 
| 78  ***  8  |     ***  8  | *** *** 7   
+-------------+-------------+-------------+
|       3 *** | *** 1 3 1 3 | 1   ***     
| 45      *7* | *2*  5    6 |     *8* 4 6 
|       9 *** | ***         |   9 ***     
|     *** *** | *** 1   1   | 1   *** *** 
| 4   *2* *6* | *8*         |     *3* *5* 
|     *** *** | ***     7   | 7 9 *** *** 
|       3 1   | *** 1 3 *** | 12          
|  5          | *4*  5  *9* |       6   6 
|  8       8  | ***     *** | 7       7   
+-------------+-------------+-------------+
****************************************************************************

naked single 8 found in cell(r,c): (4,7)
STEP: 22
+-------------+-------------+-------------+
| *** *** *** | *** *** *** | *** *** *** 
| *6* *7* *2* | *1* *4* *5* | *3* *9* *8* 
| *** *** *** | *** *** *** | *** *** *** 
| *** *** *** |   3   3   3 | *** *** *** 
| *1* *4* *5* |             | *6* *7* *2* 
| *** *** *** |   9  8   8  | *** *** *** 
| *** *** *** | *** *** *** | *** *** *** 
| *3* *8* *9* | *7* *6* *2* | *4* *5* *1* 
| *** *** *** | *** *** *** | *** *** *** 
+-------------+-------------+-------------+
|  2  *** *** | *** ***     | *** *** *** 
| 4   *6* *3* | *5* *7* 4   | *8* *1* *9* 
|     *** *** | *** ***     | *** *** *** 
| *** ***     | *** 12  1   |     *** *** 
| *9* *5*     | *6*         |     *4* *3* 
| *** ***  8  | ***  8   8  | 7   *** *** 
|     ***     |   3 ***   3 | *** ***     
| 4   *1* 4   |     *9* 4   | *5* *2*   6 
| 78  ***  8  |     ***  8  | *** *** 7   
+-------------+-------------+-------------+
|       3 *** | *** 1 3 1 3 | 1   ***     
| 45      *7* | *2*  5    6 |     *8* 4 6 
|       9 *** | ***         |   9 ***     
|     *** *** | *** 1   1   | 1   *** *** 
| 4   *2* *6* | *8*         |     *3* *5* 
|     *** *** | ***     7   | 7 9 *** *** 
|       3 1   | *** 1 3 *** | 12          
|  5          | *4*  5  *9* |       6   6 
|  8       8  | ***     *** | 7       7   
+-------------+-------------+-------------+
****************************************************************************

naked single 4 found in cell(r,c): (4,6)
STEP: 23
+-------------+-------------+-------------+
| *** *** *** | *** *** *** | *** *** *** 
| *6* *7* *2* | *1* *4* *5* | *3* *9* *8* 
| *** *** *** | *** *** *** | *** *** *** 
| *** *** *** |   3   3   3 | *** *** *** 
| *1* *4* *5* |             | *6* *7* *2* 
| *** *** *** |   9  8   8  | *** *** *** 
| *** *** *** | *** *** *** | *** *** *** 
| *3* *8* *9* | *7* *6* *2* | *4* *5* *1* 
| *** *** *** | *** *** *** | *** *** *** 
+-------------+-------------+-------------+
|  2  *** *** | *** *** *** | *** *** *** 
|     *6* *3* | *5* *7* *4* | *8* *1* *9* 
|     *** *** | *** *** *** | *** *** *** 
| *** ***     | *** 12  1   |     *** *** 
| *9* *5*     | *6*         |     *4* *3* 
| *** ***  8  | ***  8   8  | 7   *** *** 
|     ***     |   3 ***   3 | *** ***     
| 4   *1* 4   |     *9*     | *5* *2*   6 
| 78  ***  8  |     ***  8  | *** *** 7   
+-------------+-------------+-------------+
|       3 *** | *** 1 3 1 3 | 1   ***     
| 45      *7* | *2*  5    6 |     *8* 4 6 
|       9 *** | ***         |   9 ***     
|     *** *** | *** 1   1   | 1   *** *** 
| 4   *2* *6* | *8*         |     *3* *5* 
|     *** *** | ***     7   | 7 9 *** *** 
|       3 1   | *** 1 3 *** | 12          
|  5          | *4*  5  *9* |       6   6 
|  8       8  | ***     *** | 7       7   
+-------------+-------------+-------------+
****************************************************************************

naked single 2 found in cell(r,c): (4,1)
STEP: 24
+-------------+-------------+-------------+
| *** *** *** | *** *** *** | *** *** *** 
| *6* *7* *2* | *1* *4* *5* | *3* *9* *8* 
| *** *** *** | *** *** *** | *** *** *** 
| *** *** *** |   3   3   3 | *** *** *** 
| *1* *4* *5* |             | *6* *7* *2* 
| *** *** *** |   9  8   8  | *** *** *** 
| *** *** *** | *** *** *** | *** *** *** 
| *3* *8* *9* | *7* *6* *2* | *4* *5* *1* 
| *** *** *** | *** *** *** | *** *** *** 
+-------------+-------------+-------------+
| *** *** *** | *** *** *** | *** *** *** 
| *2* *6* *3* | *5* *7* *4* | *8* *1* *9* 
| *** *** *** | *** *** *** | *** *** *** 
| *** ***     | *** 12  1   |     *** *** 
| *9* *5*     | *6*         |     *4* *3* 
| *** ***  8  | ***  8   8  | 7   *** *** 
|     ***     |   3 ***   3 | *** ***     
| 4   *1* 4   |     *9*     | *5* *2*   6 
| 78  ***  8  |     ***  8  | *** *** 7   
+-------------+-------------+-------------+
|       3 *** | *** 1 3 1 3 | 1   ***     
| 45      *7* | *2*  5    6 |     *8* 4 6 
|       9 *** | ***         |   9 ***     
|     *** *** | *** 1   1   | 1   *** *** 
| 4   *2* *6* | *8*         |     *3* *5* 
|     *** *** | ***     7   | 7 9 *** *** 
|       3 1   | *** 1 3 *** | 12          
|  5          | *4*  5  *9* |       6   6 
|  8       8  | ***     *** | 7       7   
+-------------+-------------+-------------+
****************************************************************************

naked single 8 found in cell(r,c): (5,3)
STEP: 25
+-------------+-------------+-------------+
| *** *** *** | *** *** *** | *** *** *** 
| *6* *7* *2* | *1* *4* *5* | *3* *9* *8* 
| *** *** *** | *** *** *** | *** *** *** 
| *** *** *** |   3   3   3 | *** *** *** 
| *1* *4* *5* |             | *6* *7* *2* 
| *** *** *** |   9  8   8  | *** *** *** 
| *** *** *** | *** *** *** | *** *** *** 
| *3* *8* *9* | *7* *6* *2* | *4* *5* *1* 
| *** *** *** | *** *** *** | *** *** *** 
+-------------+-------------+-------------+
| *** *** *** | *** *** *** | *** *** *** 
| *2* *6* *3* | *5* *7* *4* | *8* *1* *9* 
| *** *** *** | *** *** *** | *** *** *** 
| *** *** *** | *** 12  1   |     *** *** 
| *9* *5* *8* | *6*         |     *4* *3* 
| *** *** *** | ***         | 7   *** *** 
|     ***     |   3 ***   3 | *** ***     
| 4   *1* 4   |     *9*     | *5* *2*   6 
| 7   ***     |     ***  8  | *** *** 7   
+-------------+-------------+-------------+
|       3 *** | *** 1 3 1 3 | 1   ***     
| 45      *7* | *2*  5    6 |     *8* 4 6 
|       9 *** | ***         |   9 ***     
|     *** *** | *** 1   1   | 1   *** *** 
| 4   *2* *6* | *8*         |     *3* *5* 
|     *** *** | ***     7   | 7 9 *** *** 
|       3 1   | *** 1 3 *** | 12          
|  5          | *4*  5  *9* |       6   6 
|  8          | ***     *** | 7       7   
+-------------+-------------+-------------+
****************************************************************************

naked single 1 found in cell(r,c): (5,6)
STEP: 26
+-------------+-------------+-------------+
| *** *** *** | *** *** *** | *** *** *** 
| *6* *7* *2* | *1* *4* *5* | *3* *9* *8* 
| *** *** *** | *** *** *** | *** *** *** 
| *** *** *** |   3   3   3 | *** *** *** 
| *1* *4* *5* |             | *6* *7* *2* 
| *** *** *** |   9  8   8  | *** *** *** 
| *** *** *** | *** *** *** | *** *** *** 
| *3* *8* *9* | *7* *6* *2* | *4* *5* *1* 
| *** *** *** | *** *** *** | *** *** *** 
+-------------+-------------+-------------+
| *** *** *** | *** *** *** | *** *** *** 
| *2* *6* *3* | *5* *7* *4* | *8* *1* *9* 
| *** *** *** | *** *** *** | *** *** *** 
| *** *** *** | ***  2  *** |     *** *** 
| *9* *5* *8* | *6*     *1* |     *4* *3* 
| *** *** *** | ***     *** | 7   *** *** 
|     ***     |   3 ***   3 | *** ***     
| 4   *1* 4   |     *9*     | *5* *2*   6 
| 7   ***     |     ***  8  | *** *** 7   
+-------------+-------------+-------------+
|       3 *** | *** 1 3   3 | 1   ***     
| 45      *7* | *2*  5    6 |     *8* 4 6 
|       9 *** | ***         |   9 ***     
|     *** *** | *** 1       | 1   *** *** 
| 4   *2* *6* | *8*         |     *3* *5* 
|     *** *** | ***     7   | 7 9 *** *** 
|       3 1   | *** 1 3 *** | 12          
|  5          | *4*  5  *9* |       6   6 
|  8          | ***     *** | 7       7   
+-------------+-------------+-------------+
****************************************************************************

naked single 2 found in cell(r,c): (5,5)
STEP: 27
+-------------+-------------+-------------+
| *** *** *** | *** *** *** | *** *** *** 
| *6* *7* *2* | *1* *4* *5* | *3* *9* *8* 
| *** *** *** | *** *** *** | *** *** *** 
| *** *** *** |   3   3   3 | *** *** *** 
| *1* *4* *5* |             | *6* *7* *2* 
| *** *** *** |   9  8   8  | *** *** *** 
| *** *** *** | *** *** *** | *** *** *** 
| *3* *8* *9* | *7* *6* *2* | *4* *5* *1* 
| *** *** *** | *** *** *** | *** *** *** 
+-------------+-------------+-------------+
| *** *** *** | *** *** *** | *** *** *** 
| *2* *6* *3* | *5* *7* *4* | *8* *1* *9* 
| *** *** *** | *** *** *** | *** *** *** 
| *** *** *** | *** *** *** |     *** *** 
| *9* *5* *8* | *6* *2* *1* |     *4* *3* 
| *** *** *** | *** *** *** | 7   *** *** 
|     ***     |   3 ***   3 | *** ***     
| 4   *1* 4   |     *9*     | *5* *2*   6 
| 7   ***     |     ***  8  | *** *** 7   
+-------------+-------------+-------------+
|       3 *** | *** 1 3   3 | 1   ***     
| 45      *7* | *2*  5    6 |     *8* 4 6 
|       9 *** | ***         |   9 ***     
|     *** *** | *** 1       | 1   *** *** 
| 4   *2* *6* | *8*         |     *3* *5* 
|     *** *** | ***     7   | 7 9 *** *** 
|       3 1   | *** 1 3 *** | 12          
|  5          | *4*  5  *9* |       6   6 
|  8          | ***     *** | 7       7   
+-------------+-------------+-------------+
****************************************************************************

naked single 7 found in cell(r,c): (5,7)
STEP: 28
+-------------+-------------+-------------+
| *** *** *** | *** *** *** | *** *** *** 
| *6* *7* *2* | *1* *4* *5* | *3* *9* *8* 
| *** *** *** | *** *** *** | *** *** *** 
| *** *** *** |   3   3   3 | *** *** *** 
| *1* *4* *5* |             | *6* *7* *2* 
| *** *** *** |   9  8   8  | *** *** *** 
| *** *** *** | *** *** *** | *** *** *** 
| *3* *8* *9* | *7* *6* *2* | *4* *5* *1* 
| *** *** *** | *** *** *** | *** *** *** 
+-------------+-------------+-------------+
| *** *** *** | *** *** *** | *** *** *** 
| *2* *6* *3* | *5* *7* *4* | *8* *1* *9* 
| *** *** *** | *** *** *** | *** *** *** 
| *** *** *** | *** *** *** | *** *** *** 
| *9* *5* *8* | *6* *2* *1* | *7* *4* *3* 
| *** *** *** | *** *** *** | *** *** *** 
|     ***     |   3 ***   3 | *** ***     
| 4   *1* 4   |     *9*     | *5* *2*   6 
| 7   ***     |     ***  8  | *** ***     
+-------------+-------------+-------------+
|       3 *** | *** 1 3   3 | 1   ***     
| 45      *7* | *2*  5    6 |     *8* 4 6 
|       9 *** | ***         |   9 ***     
|     *** *** | *** 1       | 1   *** *** 
| 4   *2* *6* | *8*         |     *3* *5* 
|     *** *** | ***     7   |   9 *** *** 
|       3 1   | *** 1 3 *** | 12          
|  5          | *4*  5  *9* |       6   6 
|  8          | ***     *** |         7   
+-------------+-------------+-------------+
****************************************************************************

naked single 4 found in cell(r,c): (6,3)
STEP: 29
+-------------+-------------+-------------+
| *** *** *** | *** *** *** | *** *** *** 
| *6* *7* *2* | *1* *4* *5* | *3* *9* *8* 
| *** *** *** | *** *** *** | *** *** *** 
| *** *** *** |   3   3   3 | *** *** *** 
| *1* *4* *5* |             | *6* *7* *2* 
| *** *** *** |   9  8   8  | *** *** *** 
| *** *** *** | *** *** *** | *** *** *** 
| *3* *8* *9* | *7* *6* *2* | *4* *5* *1* 
| *** *** *** | *** *** *** | *** *** *** 
+-------------+-------------+-------------+
| *** *** *** | *** *** *** | *** *** *** 
| *2* *6* *3* | *5* *7* *4* | *8* *1* *9* 
| *** *** *** | *** *** *** | *** *** *** 
| *** *** *** | *** *** *** | *** *** *** 
| *9* *5* *8* | *6* *2* *1* | *7* *4* *3* 
| *** *** *** | *** *** *** | *** *** *** 
|     *** *** |   3 ***   3 | *** ***     
|     *1* *4* |     *9*     | *5* *2*   6 
| 7   *** *** |     ***  8  | *** ***     
+-------------+-------------+-------------+
|       3 *** | *** 1 3   3 | 1   ***     
| 45      *7* | *2*  5    6 |     *8* 4 6 
|       9 *** | ***         |   9 ***     
|     *** *** | *** 1       | 1   *** *** 
| 4   *2* *6* | *8*         |     *3* *5* 
|     *** *** | ***     7   |   9 *** *** 
|       3 1   | *** 1 3 *** | 12          
|  5          | *4*  5  *9* |       6   6 
|  8          | ***     *** |         7   
+-------------+-------------+-------------+
****************************************************************************

naked single 7 found in cell(r,c): (6,1)
STEP: 30
+-------------+-------------+-------------+
| *** *** *** | *** *** *** | *** *** *** 
| *6* *7* *2* | *1* *4* *5* | *3* *9* *8* 
| *** *** *** | *** *** *** | *** *** *** 
| *** *** *** |   3   3   3 | *** *** *** 
| *1* *4* *5* |             | *6* *7* *2* 
| *** *** *** |   9  8   8  | *** *** *** 
| *** *** *** | *** *** *** | *** *** *** 
| *3* *8* *9* | *7* *6* *2* | *4* *5* *1* 
| *** *** *** | *** *** *** | *** *** *** 
+-------------+-------------+-------------+
| *** *** *** | *** *** *** | *** *** *** 
| *2* *6* *3* | *5* *7* *4* | *8* *1* *9* 
| *** *** *** | *** *** *** | *** *** *** 
| *** *** *** | *** *** *** | *** *** *** 
| *9* *5* *8* | *6* *2* *1* | *7* *4* *3* 
| *** *** *** | *** *** *** | *** *** *** 
| *** *** *** |   3 ***   3 | *** ***     
| *7* *1* *4* |     *9*     | *5* *2*   6 
| *** *** *** |     ***  8  | *** ***     
+-------------+-------------+-------------+
|       3 *** | *** 1 3   3 | 1   ***     
| 45      *7* | *2*  5    6 |     *8* 4 6 
|       9 *** | ***         |   9 ***     
|     *** *** | *** 1       | 1   *** *** 
| 4   *2* *6* | *8*         |     *3* *5* 
|     *** *** | ***     7   |   9 *** *** 
|       3 1   | *** 1 3 *** | 12          
|  5          | *4*  5  *9* |       6   6 
|  8          | ***     *** |         7   
+-------------+-------------+-------------+
****************************************************************************

naked single 3 found in cell(r,c): (6,4)
STEP: 31
+-------------+-------------+-------------+
| *** *** *** | *** *** *** | *** *** *** 
| *6* *7* *2* | *1* *4* *5* | *3* *9* *8* 
| *** *** *** | *** *** *** | *** *** *** 
| *** *** *** |       3   3 | *** *** *** 
| *1* *4* *5* |             | *6* *7* *2* 
| *** *** *** |   9  8   8  | *** *** *** 
| *** *** *** | *** *** *** | *** *** *** 
| *3* *8* *9* | *7* *6* *2* | *4* *5* *1* 
| *** *** *** | *** *** *** | *** *** *** 
+-------------+-------------+-------------+
| *** *** *** | *** *** *** | *** *** *** 
| *2* *6* *3* | *5* *7* *4* | *8* *1* *9* 
| *** *** *** | *** *** *** | *** *** *** 
| *** *** *** | *** *** *** | *** *** *** 
| *9* *5* *8* | *6* *2* *1* | *7* *4* *3* 
| *** *** *** | *** *** *** | *** *** *** 
| *** *** *** | *** ***     | *** ***     
| *7* *1* *4* | *3* *9*     | *5* *2*   6 
| *** *** *** | *** ***  8  | *** ***     
+-------------+-------------+-------------+
|       3 *** | *** 1 3   3 | 1   ***     
| 45      *7* | *2*  5    6 |     *8* 4 6 
|       9 *** | ***         |   9 ***     
|     *** *** | *** 1       | 1   *** *** 
| 4   *2* *6* | *8*         |     *3* *5* 
|     *** *** | ***     7   |   9 *** *** 
|       3 1   | *** 1 3 *** | 12          
|  5          | *4*  5  *9* |       6   6 
|  8          | ***     *** |         7   
+-------------+-------------+-------------+
****************************************************************************

naked single 9 found in cell(r,c): (2,4)
STEP: 32
+-------------+-------------+-------------+
| *** *** *** | *** *** *** | *** *** *** 
| *6* *7* *2* | *1* *4* *5* | *3* *9* *8* 
| *** *** *** | *** *** *** | *** *** *** 
| *** *** *** | ***   3   3 | *** *** *** 
| *1* *4* *5* | *9*         | *6* *7* *2* 
| *** *** *** | ***  8   8  | *** *** *** 
| *** *** *** | *** *** *** | *** *** *** 
| *3* *8* *9* | *7* *6* *2* | *4* *5* *1* 
| *** *** *** | *** *** *** | *** *** *** 
+-------------+-------------+-------------+
| *** *** *** | *** *** *** | *** *** *** 
| *2* *6* *3* | *5* *7* *4* | *8* *1* *9* 
| *** *** *** | *** *** *** | *** *** *** 
| *** *** *** | *** *** *** | *** *** *** 
| *9* *5* *8* | *6* *2* *1* | *7* *4* *3* 
| *** *** *** | *** *** *** | *** *** *** 
| *** *** *** | *** ***     | *** ***     
| *7* *1* *4* | *3* *9*     | *5* *2*   6 
| *** *** *** | *** ***  8  | *** ***     
+-------------+-------------+-------------+
|       3 *** | *** 1 3   3 | 1   ***     
| 45      *7* | *2*  5    6 |     *8* 4 6 
|       9 *** | ***         |   9 ***     
|     *** *** | *** 1       | 1   *** *** 
| 4   *2* *6* | *8*         |     *3* *5* 
|     *** *** | ***     7   |   9 *** *** 
|       3 1   | *** 1 3 *** | 12          
|  5          | *4*  5  *9* |       6   6 
|  8          | ***     *** |         7   
+-------------+-------------+-------------+
****************************************************************************

naked single 8 found in cell(r,c): (6,6)
STEP: 33
+-------------+-------------+-------------+
| *** *** *** | *** *** *** | *** *** *** 
| *6* *7* *2* | *1* *4* *5* | *3* *9* *8* 
| *** *** *** | *** *** *** | *** *** *** 
| *** *** *** | ***   3   3 | *** *** *** 
| *1* *4* *5* | *9*         | *6* *7* *2* 
| *** *** *** | ***  8      | *** *** *** 
| *** *** *** | *** *** *** | *** *** *** 
| *3* *8* *9* | *7* *6* *2* | *4* *5* *1* 
| *** *** *** | *** *** *** | *** *** *** 
+-------------+-------------+-------------+
| *** *** *** | *** *** *** | *** *** *** 
| *2* *6* *3* | *5* *7* *4* | *8* *1* *9* 
| *** *** *** | *** *** *** | *** *** *** 
| *** *** *** | *** *** *** | *** *** *** 
| *9* *5* *8* | *6* *2* *1* | *7* *4* *3* 
| *** *** *** | *** *** *** | *** *** *** 
| *** *** *** | *** *** *** | *** ***     
| *7* *1* *4* | *3* *9* *8* | *5* *2*   6 
| *** *** *** | *** *** *** | *** ***     
+-------------+-------------+-------------+
|       3 *** | *** 1 3   3 | 1   ***     
| 45      *7* | *2*  5    6 |     *8* 4 6 
|       9 *** | ***         |   9 ***     
|     *** *** | *** 1       | 1   *** *** 
| 4   *2* *6* | *8*         |     *3* *5* 
|     *** *** | ***     7   |   9 *** *** 
|       3 1   | *** 1 3 *** | 12          
|  5          | *4*  5  *9* |       6   6 
|  8          | ***     *** |         7   
+-------------+-------------+-------------+
****************************************************************************

naked single 3 found in cell(r,c): (2,6)
STEP: 34
+-------------+-------------+-------------+
| *** *** *** | *** *** *** | *** *** *** 
| *6* *7* *2* | *1* *4* *5* | *3* *9* *8* 
| *** *** *** | *** *** *** | *** *** *** 
| *** *** *** | ***     *** | *** *** *** 
| *1* *4* *5* | *9*     *3* | *6* *7* *2* 
| *** *** *** | ***  8  *** | *** *** *** 
| *** *** *** | *** *** *** | *** *** *** 
| *3* *8* *9* | *7* *6* *2* | *4* *5* *1* 
| *** *** *** | *** *** *** | *** *** *** 
+-------------+-------------+-------------+
| *** *** *** | *** *** *** | *** *** *** 
| *2* *6* *3* | *5* *7* *4* | *8* *1* *9* 
| *** *** *** | *** *** *** | *** *** *** 
| *** *** *** | *** *** *** | *** *** *** 
| *9* *5* *8* | *6* *2* *1* | *7* *4* *3* 
| *** *** *** | *** *** *** | *** *** *** 
| *** *** *** | *** *** *** | *** ***     
| *7* *1* *4* | *3* *9* *8* | *5* *2*   6 
| *** *** *** | *** *** *** | *** ***     
+-------------+-------------+-------------+
|       3 *** | *** 1 3     | 1   ***     
| 45      *7* | *2*  5    6 |     *8* 4 6 
|       9 *** | ***         |   9 ***     
|     *** *** | *** 1       | 1   *** *** 
| 4   *2* *6* | *8*         |     *3* *5* 
|     *** *** | ***     7   |   9 *** *** 
|       3 1   | *** 1 3 *** | 12          
|  5          | *4*  5  *9* |       6   6 
|  8          | ***     *** |         7   
+-------------+-------------+-------------+
****************************************************************************

naked single 8 found in cell(r,c): (2,5)
STEP: 35
+-------------+-------------+-------------+
| *** *** *** | *** *** *** | *** *** *** 
| *6* *7* *2* | *1* *4* *5* | *3* *9* *8* 
| *** *** *** | *** *** *** | *** *** *** 
| *** *** *** | *** *** *** | *** *** *** 
| *1* *4* *5* | *9* *8* *3* | *6* *7* *2* 
| *** *** *** | *** *** *** | *** *** *** 
| *** *** *** | *** *** *** | *** *** *** 
| *3* *8* *9* | *7* *6* *2* | *4* *5* *1* 
| *** *** *** | *** *** *** | *** *** *** 
+-------------+-------------+-------------+
| *** *** *** | *** *** *** | *** *** *** 
| *2* *6* *3* | *5* *7* *4* | *8* *1* *9* 
| *** *** *** | *** *** *** | *** *** *** 
| *** *** *** | *** *** *** | *** *** *** 
| *9* *5* *8* | *6* *2* *1* | *7* *4* *3* 
| *** *** *** | *** *** *** | *** *** *** 
| *** *** *** | *** *** *** | *** ***     
| *7* *1* *4* | *3* *9* *8* | *5* *2*   6 
| *** *** *** | *** *** *** | *** ***     
+-------------+-------------+-------------+
|       3 *** | *** 1 3     | 1   ***     
| 45      *7* | *2*  5    6 |     *8* 4 6 
|       9 *** | ***         |   9 ***     
|     *** *** | *** 1       | 1   *** *** 
| 4   *2* *6* | *8*         |     *3* *5* 
|     *** *** | ***     7   |   9 *** *** 
|       3 1   | *** 1 3 *** | 12          
|  5          | *4*  5  *9* |       6   6 
|  8          | ***     *** |         7   
+-------------+-------------+-------------+
****************************************************************************

naked single 6 found in cell(r,c): (6,9)
STEP: 36
+-------------+-------------+-------------+
| *** *** *** | *** *** *** | *** *** *** 
| *6* *7* *2* | *1* *4* *5* | *3* *9* *8* 
| *** *** *** | *** *** *** | *** *** *** 
| *** *** *** | *** *** *** | *** *** *** 
| *1* *4* *5* | *9* *8* *3* | *6* *7* *2* 
| *** *** *** | *** *** *** | *** *** *** 
| *** *** *** | *** *** *** | *** *** *** 
| *3* *8* *9* | *7* *6* *2* | *4* *5* *1* 
| *** *** *** | *** *** *** | *** *** *** 
+-------------+-------------+-------------+
| *** *** *** | *** *** *** | *** *** *** 
| *2* *6* *3* | *5* *7* *4* | *8* *1* *9* 
| *** *** *** | *** *** *** | *** *** *** 
| *** *** *** | *** *** *** | *** *** *** 
| *9* *5* *8* | *6* *2* *1* | *7* *4* *3* 
| *** *** *** | *** *** *** | *** *** *** 
| *** *** *** | *** *** *** | *** *** *** 
| *7* *1* *4* | *3* *9* *8* | *5* *2* *6* 
| *** *** *** | *** *** *** | *** *** *** 
+-------------+-------------+-------------+
|       3 *** | *** 1 3     | 1   ***     
| 45      *7* | *2*  5    6 |     *8* 4   
|       9 *** | ***         |   9 ***     
|     *** *** | *** 1       | 1   *** *** 
| 4   *2* *6* | *8*         |     *3* *5* 
|     *** *** | ***     7   |   9 *** *** 
|       3 1   | *** 1 3 *** | 12          
|  5          | *4*  5  *9* |       6     
|  8          | ***     *** |         7   
+-------------+-------------+-------------+
****************************************************************************

naked single 6 found in cell(r,c): (7,6)
STEP: 37
+-------------+-------------+-------------+
| *** *** *** | *** *** *** | *** *** *** 
| *6* *7* *2* | *1* *4* *5* | *3* *9* *8* 
| *** *** *** | *** *** *** | *** *** *** 
| *** *** *** | *** *** *** | *** *** *** 
| *1* *4* *5* | *9* *8* *3* | *6* *7* *2* 
| *** *** *** | *** *** *** | *** *** *** 
| *** *** *** | *** *** *** | *** *** *** 
| *3* *8* *9* | *7* *6* *2* | *4* *5* *1* 
| *** *** *** | *** *** *** | *** *** *** 
+-------------+-------------+-------------+
| *** *** *** | *** *** *** | *** *** *** 
| *2* *6* *3* | *5* *7* *4* | *8* *1* *9* 
| *** *** *** | *** *** *** | *** *** *** 
| *** *** *** | *** *** *** | *** *** *** 
| *9* *5* *8* | *6* *2* *1* | *7* *4* *3* 
| *** *** *** | *** *** *** | *** *** *** 
| *** *** *** | *** *** *** | *** *** *** 
| *7* *1* *4* | *3* *9* *8* | *5* *2* *6* 
| *** *** *** | *** *** *** | *** *** *** 
+-------------+-------------+-------------+
|       3 *** | *** 1 3 *** | 1   ***     
| 45      *7* | *2*  5  *6* |     *8* 4   
|       9 *** | ***     *** |   9 ***     
|     *** *** | *** 1       | 1   *** *** 
| 4   *2* *6* | *8*         |     *3* *5* 
|     *** *** | ***     7   |   9 *** *** 
|       3 1   | *** 1 3 *** | 12          
|  5          | *4*  5  *9* |       6     
|  8          | ***     *** |         7   
+-------------+-------------+-------------+
****************************************************************************

naked single 4 found in cell(r,c): (7,9)
STEP: 38
+-------------+-------------+-------------+
| *** *** *** | *** *** *** | *** *** *** 
| *6* *7* *2* | *1* *4* *5* | *3* *9* *8* 
| *** *** *** | *** *** *** | *** *** *** 
| *** *** *** | *** *** *** | *** *** *** 
| *1* *4* *5* | *9* *8* *3* | *6* *7* *2* 
| *** *** *** | *** *** *** | *** *** *** 
| *** *** *** | *** *** *** | *** *** *** 
| *3* *8* *9* | *7* *6* *2* | *4* *5* *1* 
| *** *** *** | *** *** *** | *** *** *** 
+-------------+-------------+-------------+
| *** *** *** | *** *** *** | *** *** *** 
| *2* *6* *3* | *5* *7* *4* | *8* *1* *9* 
| *** *** *** | *** *** *** | *** *** *** 
| *** *** *** | *** *** *** | *** *** *** 
| *9* *5* *8* | *6* *2* *1* | *7* *4* *3* 
| *** *** *** | *** *** *** | *** *** *** 
| *** *** *** | *** *** *** | *** *** *** 
| *7* *1* *4* | *3* *9* *8* | *5* *2* *6* 
| *** *** *** | *** *** *** | *** *** *** 
+-------------+-------------+-------------+
|       3 *** | *** 1 3 *** | 1   *** *** 
|  5      *7* | *2*  5  *6* |     *8* *4* 
|       9 *** | ***     *** |   9 *** *** 
|     *** *** | *** 1       | 1   *** *** 
| 4   *2* *6* | *8*         |     *3* *5* 
|     *** *** | ***     7   |   9 *** *** 
|       3 1   | *** 1 3 *** | 12          
|  5          | *4*  5  *9* |       6     
|  8          | ***     *** |         7   
+-------------+-------------+-------------+
****************************************************************************

naked single 5 found in cell(r,c): (7,1)
STEP: 39
+-------------+-------------+-------------+
| *** *** *** | *** *** *** | *** *** *** 
| *6* *7* *2* | *1* *4* *5* | *3* *9* *8* 
| *** *** *** | *** *** *** | *** *** *** 
| *** *** *** | *** *** *** | *** *** *** 
| *1* *4* *5* | *9* *8* *3* | *6* *7* *2* 
| *** *** *** | *** *** *** | *** *** *** 
| *** *** *** | *** *** *** | *** *** *** 
| *3* *8* *9* | *7* *6* *2* | *4* *5* *1* 
| *** *** *** | *** *** *** | *** *** *** 
+-------------+-------------+-------------+
| *** *** *** | *** *** *** | *** *** *** 
| *2* *6* *3* | *5* *7* *4* | *8* *1* *9* 
| *** *** *** | *** *** *** | *** *** *** 
| *** *** *** | *** *** *** | *** *** *** 
| *9* *5* *8* | *6* *2* *1* | *7* *4* *3* 
| *** *** *** | *** *** *** | *** *** *** 
| *** *** *** | *** *** *** | *** *** *** 
| *7* *1* *4* | *3* *9* *8* | *5* *2* *6* 
| *** *** *** | *** *** *** | *** *** *** 
+-------------+-------------+-------------+
| ***   3 *** | *** 1 3 *** | 1   *** *** 
| *5*     *7* | *2*     *6* |     *8* *4* 
| ***   9 *** | ***     *** |   9 *** *** 
|     *** *** | *** 1       | 1   *** *** 
| 4   *2* *6* | *8*         |     *3* *5* 
|     *** *** | ***     7   |   9 *** *** 
|       3 1   | *** 1 3 *** | 12          
|             | *4*  5  *9* |       6     
|  8          | ***     *** |         7   
+-------------+-------------+-------------+
****************************************************************************

naked single 4 found in cell(r,c): (8,1)
STEP: 40
+-------------+-------------+-------------+
| *** *** *** | *** *** *** | *** *** *** 
| *6* *7* *2* | *1* *4* *5* | *3* *9* *8* 
| *** *** *** | *** *** *** | *** *** *** 
| *** *** *** | *** *** *** | *** *** *** 
| *1* *4* *5* | *9* *8* *3* | *6* *7* *2* 
| *** *** *** | *** *** *** | *** *** *** 
| *** *** *** | *** *** *** | *** *** *** 
| *3* *8* *9* | *7* *6* *2* | *4* *5* *1* 
| *** *** *** | *** *** *** | *** *** *** 
+-------------+-------------+-------------+
| *** *** *** | *** *** *** | *** *** *** 
| *2* *6* *3* | *5* *7* *4* | *8* *1* *9* 
| *** *** *** | *** *** *** | *** *** *** 
| *** *** *** | *** *** *** | *** *** *** 
| *9* *5* *8* | *6* *2* *1* | *7* *4* *3* 
| *** *** *** | *** *** *** | *** *** *** 
| *** *** *** | *** *** *** | *** *** *** 
| *7* *1* *4* | *3* *9* *8* | *5* *2* *6* 
| *** *** *** | *** *** *** | *** *** *** 
+-------------+-------------+-------------+
| ***   3 *** | *** 1 3 *** | 1   *** *** 
| *5*     *7* | *2*     *6* |     *8* *4* 
| ***   9 *** | ***     *** |   9 *** *** 
| *** *** *** | *** 1       | 1   *** *** 
| *4* *2* *6* | *8*         |     *3* *5* 
| *** *** *** | ***     7   |   9 *** *** 
|       3 1   | *** 1 3 *** | 12          
|             | *4*  5  *9* |       6     
|  8          | ***     *** |         7   
+-------------+-------------+-------------+
****************************************************************************

naked single 1 found in cell(r,c): (8,5)
STEP: 41
+-------------+-------------+-------------+
| *** *** *** | *** *** *** | *** *** *** 
| *6* *7* *2* | *1* *4* *5* | *3* *9* *8* 
| *** *** *** | *** *** *** | *** *** *** 
| *** *** *** | *** *** *** | *** *** *** 
| *1* *4* *5* | *9* *8* *3* | *6* *7* *2* 
| *** *** *** | *** *** *** | *** *** *** 
| *** *** *** | *** *** *** | *** *** *** 
| *3* *8* *9* | *7* *6* *2* | *4* *5* *1* 
| *** *** *** | *** *** *** | *** *** *** 
+-------------+-------------+-------------+
| *** *** *** | *** *** *** | *** *** *** 
| *2* *6* *3* | *5* *7* *4* | *8* *1* *9* 
| *** *** *** | *** *** *** | *** *** *** 
| *** *** *** | *** *** *** | *** *** *** 
| *9* *5* *8* | *6* *2* *1* | *7* *4* *3* 
| *** *** *** | *** *** *** | *** *** *** 
| *** *** *** | *** *** *** | *** *** *** 
| *7* *1* *4* | *3* *9* *8* | *5* *2* *6* 
| *** *** *** | *** *** *** | *** *** *** 
+-------------+-------------+-------------+
| ***   3 *** | ***   3 *** | 1   *** *** 
| *5*     *7* | *2*     *6* |     *8* *4* 
| ***   9 *** | ***     *** |   9 *** *** 
| *** *** *** | *** ***     |     *** *** 
| *4* *2* *6* | *8* *1*     |     *3* *5* 
| *** *** *** | *** *** 7   |   9 *** *** 
|       3 1   | ***   3 *** | 12          
|             | *4*  5  *9* |       6     
|  8          | ***     *** |         7   
+-------------+-------------+-------------+
****************************************************************************

naked single 3 found in cell(r,c): (7,5)
STEP: 42
+-------------+-------------+-------------+
| *** *** *** | *** *** *** | *** *** *** 
| *6* *7* *2* | *1* *4* *5* | *3* *9* *8* 
| *** *** *** | *** *** *** | *** *** *** 
| *** *** *** | *** *** *** | *** *** *** 
| *1* *4* *5* | *9* *8* *3* | *6* *7* *2* 
| *** *** *** | *** *** *** | *** *** *** 
| *** *** *** | *** *** *** | *** *** *** 
| *3* *8* *9* | *7* *6* *2* | *4* *5* *1* 
| *** *** *** | *** *** *** | *** *** *** 
+-------------+-------------+-------------+
| *** *** *** | *** *** *** | *** *** *** 
| *2* *6* *3* | *5* *7* *4* | *8* *1* *9* 
| *** *** *** | *** *** *** | *** *** *** 
| *** *** *** | *** *** *** | *** *** *** 
| *9* *5* *8* | *6* *2* *1* | *7* *4* *3* 
| *** *** *** | *** *** *** | *** *** *** 
| *** *** *** | *** *** *** | *** *** *** 
| *7* *1* *4* | *3* *9* *8* | *5* *2* *6* 
| *** *** *** | *** *** *** | *** *** *** 
+-------------+-------------+-------------+
| ***     *** | *** *** *** | 1   *** *** 
| *5*     *7* | *2* *3* *6* |     *8* *4* 
| ***   9 *** | *** *** *** |   9 *** *** 
| *** *** *** | *** ***     |     *** *** 
| *4* *2* *6* | *8* *1*     |     *3* *5* 
| *** *** *** | *** *** 7   |   9 *** *** 
|       3 1   | ***     *** | 12          
|             | *4*  5  *9* |       6     
|  8          | ***     *** |         7   
+-------------+-------------+-------------+
****************************************************************************

naked single 9 found in cell(r,c): (7,2)
STEP: 43
+-------------+-------------+-------------+
| *** *** *** | *** *** *** | *** *** *** 
| *6* *7* *2* | *1* *4* *5* | *3* *9* *8* 
| *** *** *** | *** *** *** | *** *** *** 
| *** *** *** | *** *** *** | *** *** *** 
| *1* *4* *5* | *9* *8* *3* | *6* *7* *2* 
| *** *** *** | *** *** *** | *** *** *** 
| *** *** *** | *** *** *** | *** *** *** 
| *3* *8* *9* | *7* *6* *2* | *4* *5* *1* 
| *** *** *** | *** *** *** | *** *** *** 
+-------------+-------------+-------------+
| *** *** *** | *** *** *** | *** *** *** 
| *2* *6* *3* | *5* *7* *4* | *8* *1* *9* 
| *** *** *** | *** *** *** | *** *** *** 
| *** *** *** | *** *** *** | *** *** *** 
| *9* *5* *8* | *6* *2* *1* | *7* *4* *3* 
| *** *** *** | *** *** *** | *** *** *** 
| *** *** *** | *** *** *** | *** *** *** 
| *7* *1* *4* | *3* *9* *8* | *5* *2* *6* 
| *** *** *** | *** *** *** | *** *** *** 
+-------------+-------------+-------------+
| *** *** *** | *** *** *** | 1   *** *** 
| *5* *9* *7* | *2* *3* *6* |     *8* *4* 
| *** *** *** | *** *** *** |     *** *** 
| *** *** *** | *** ***     |     *** *** 
| *4* *2* *6* | *8* *1*     |     *3* *5* 
| *** *** *** | *** *** 7   |   9 *** *** 
|       3 1   | ***     *** | 12          
|             | *4*  5  *9* |       6     
|  8          | ***     *** |         7   
+-------------+-------------+-------------+
****************************************************************************

naked single 1 found in cell(r,c): (7,7)
STEP: 44
+-------------+-------------+-------------+
| *** *** *** | *** *** *** | *** *** *** 
| *6* *7* *2* | *1* *4* *5* | *3* *9* *8* 
| *** *** *** | *** *** *** | *** *** *** 
| *** *** *** | *** *** *** | *** *** *** 
| *1* *4* *5* | *9* *8* *3* | *6* *7* *2* 
| *** *** *** | *** *** *** | *** *** *** 
| *** *** *** | *** *** *** | *** *** *** 
| *3* *8* *9* | *7* *6* *2* | *4* *5* *1* 
| *** *** *** | *** *** *** | *** *** *** 
+-------------+-------------+-------------+
| *** *** *** | *** *** *** | *** *** *** 
| *2* *6* *3* | *5* *7* *4* | *8* *1* *9* 
| *** *** *** | *** *** *** | *** *** *** 
| *** *** *** | *** *** *** | *** *** *** 
| *9* *5* *8* | *6* *2* *1* | *7* *4* *3* 
| *** *** *** | *** *** *** | *** *** *** 
| *** *** *** | *** *** *** | *** *** *** 
| *7* *1* *4* | *3* *9* *8* | *5* *2* *6* 
| *** *** *** | *** *** *** | *** *** *** 
+-------------+-------------+-------------+
| *** *** *** | *** *** *** | *** *** *** 
| *5* *9* *7* | *2* *3* *6* | *1* *8* *4* 
| *** *** *** | *** *** *** | *** *** *** 
| *** *** *** | *** ***     |     *** *** 
| *4* *2* *6* | *8* *1*     |     *3* *5* 
| *** *** *** | *** *** 7   |   9 *** *** 
|       3 1   | ***     *** |  2          
|             | *4*  5  *9* |       6     
|  8          | ***     *** |         7   
+-------------+-------------+-------------+
****************************************************************************

naked single 7 found in cell(r,c): (8,6)
STEP: 45
+-------------+-------------+-------------+
| *** *** *** | *** *** *** | *** *** *** 
| *6* *7* *2* | *1* *4* *5* | *3* *9* *8* 
| *** *** *** | *** *** *** | *** *** *** 
| *** *** *** | *** *** *** | *** *** *** 
| *1* *4* *5* | *9* *8* *3* | *6* *7* *2* 
| *** *** *** | *** *** *** | *** *** *** 
| *** *** *** | *** *** *** | *** *** *** 
| *3* *8* *9* | *7* *6* *2* | *4* *5* *1* 
| *** *** *** | *** *** *** | *** *** *** 
+-------------+-------------+-------------+
| *** *** *** | *** *** *** | *** *** *** 
| *2* *6* *3* | *5* *7* *4* | *8* *1* *9* 
| *** *** *** | *** *** *** | *** *** *** 
| *** *** *** | *** *** *** | *** *** *** 
| *9* *5* *8* | *6* *2* *1* | *7* *4* *3* 
| *** *** *** | *** *** *** | *** *** *** 
| *** *** *** | *** *** *** | *** *** *** 
| *7* *1* *4* | *3* *9* *8* | *5* *2* *6* 
| *** *** *** | *** *** *** | *** *** *** 
+-------------+-------------+-------------+
| *** *** *** | *** *** *** | *** *** *** 
| *5* *9* *7* | *2* *3* *6* | *1* *8* *4* 
| *** *** *** | *** *** *** | *** *** *** 
| *** *** *** | *** *** *** |     *** *** 
| *4* *2* *6* | *8* *1* *7* |     *3* *5* 
| *** *** *** | *** *** *** |   9 *** *** 
|       3 1   | ***     *** |  2          
|             | *4*  5  *9* |       6     
|  8          | ***     *** |         7   
+-------------+-------------+-------------+
****************************************************************************

naked single 9 found in cell(r,c): (8,7)
STEP: 46
+-------------+-------------+-------------+
| *** *** *** | *** *** *** | *** *** *** 
| *6* *7* *2* | *1* *4* *5* | *3* *9* *8* 
| *** *** *** | *** *** *** | *** *** *** 
| *** *** *** | *** *** *** | *** *** *** 
| *1* *4* *5* | *9* *8* *3* | *6* *7* *2* 
| *** *** *** | *** *** *** | *** *** *** 
| *** *** *** | *** *** *** | *** *** *** 
| *3* *8* *9* | *7* *6* *2* | *4* *5* *1* 
| *** *** *** | *** *** *** | *** *** *** 
+-------------+-------------+-------------+
| *** *** *** | *** *** *** | *** *** *** 
| *2* *6* *3* | *5* *7* *4* | *8* *1* *9* 
| *** *** *** | *** *** *** | *** *** *** 
| *** *** *** | *** *** *** | *** *** *** 
| *9* *5* *8* | *6* *2* *1* | *7* *4* *3* 
| *** *** *** | *** *** *** | *** *** *** 
| *** *** *** | *** *** *** | *** *** *** 
| *7* *1* *4* | *3* *9* *8* | *5* *2* *6* 
| *** *** *** | *** *** *** | *** *** *** 
+-------------+-------------+-------------+
| *** *** *** | *** *** *** | *** *** *** 
| *5* *9* *7* | *2* *3* *6* | *1* *8* *4* 
| *** *** *** | *** *** *** | *** *** *** 
| *** *** *** | *** *** *** | *** *** *** 
| *4* *2* *6* | *8* *1* *7* | *9* *3* *5* 
| *** *** *** | *** *** *** | *** *** *** 
|       3 1   | ***     *** |  2          
|             | *4*  5  *9* |       6     
|  8          | ***     *** |         7   
+-------------+-------------+-------------+
****************************************************************************

naked single 8 found in cell(r,c): (9,1)
STEP: 47
+-------------+-------------+-------------+
| *** *** *** | *** *** *** | *** *** *** 
| *6* *7* *2* | *1* *4* *5* | *3* *9* *8* 
| *** *** *** | *** *** *** | *** *** *** 
| *** *** *** | *** *** *** | *** *** *** 
| *1* *4* *5* | *9* *8* *3* | *6* *7* *2* 
| *** *** *** | *** *** *** | *** *** *** 
| *** *** *** | *** *** *** | *** *** *** 
| *3* *8* *9* | *7* *6* *2* | *4* *5* *1* 
| *** *** *** | *** *** *** | *** *** *** 
+-------------+-------------+-------------+
| *** *** *** | *** *** *** | *** *** *** 
| *2* *6* *3* | *5* *7* *4* | *8* *1* *9* 
| *** *** *** | *** *** *** | *** *** *** 
| *** *** *** | *** *** *** | *** *** *** 
| *9* *5* *8* | *6* *2* *1* | *7* *4* *3* 
| *** *** *** | *** *** *** | *** *** *** 
| *** *** *** | *** *** *** | *** *** *** 
| *7* *1* *4* | *3* *9* *8* | *5* *2* *6* 
| *** *** *** | *** *** *** | *** *** *** 
+-------------+-------------+-------------+
| *** *** *** | *** *** *** | *** *** *** 
| *5* *9* *7* | *2* *3* *6* | *1* *8* *4* 
| *** *** *** | *** *** *** | *** *** *** 
| *** *** *** | *** *** *** | *** *** *** 
| *4* *2* *6* | *8* *1* *7* | *9* *3* *5* 
| *** *** *** | *** *** *** | *** *** *** 
| ***   3 1   | ***     *** |  2          
| *8*         | *4*  5  *9* |       6     
| ***         | ***     *** |         7   
+-------------+-------------+-------------+
****************************************************************************

naked single 3 found in cell(r,c): (9,2)
STEP: 48
+-------------+-------------+-------------+
| *** *** *** | *** *** *** | *** *** *** 
| *6* *7* *2* | *1* *4* *5* | *3* *9* *8* 
| *** *** *** | *** *** *** | *** *** *** 
| *** *** *** | *** *** *** | *** *** *** 
| *1* *4* *5* | *9* *8* *3* | *6* *7* *2* 
| *** *** *** | *** *** *** | *** *** *** 
| *** *** *** | *** *** *** | *** *** *** 
| *3* *8* *9* | *7* *6* *2* | *4* *5* *1* 
| *** *** *** | *** *** *** | *** *** *** 
+-------------+-------------+-------------+
| *** *** *** | *** *** *** | *** *** *** 
| *2* *6* *3* | *5* *7* *4* | *8* *1* *9* 
| *** *** *** | *** *** *** | *** *** *** 
| *** *** *** | *** *** *** | *** *** *** 
| *9* *5* *8* | *6* *2* *1* | *7* *4* *3* 
| *** *** *** | *** *** *** | *** *** *** 
| *** *** *** | *** *** *** | *** *** *** 
| *7* *1* *4* | *3* *9* *8* | *5* *2* *6* 
| *** *** *** | *** *** *** | *** *** *** 
+-------------+-------------+-------------+
| *** *** *** | *** *** *** | *** *** *** 
| *5* *9* *7* | *2* *3* *6* | *1* *8* *4* 
| *** *** *** | *** *** *** | *** *** *** 
| *** *** *** | *** *** *** | *** *** *** 
| *4* *2* *6* | *8* *1* *7* | *9* *3* *5* 
| *** *** *** | *** *** *** | *** *** *** 
| *** *** 1   | ***     *** |  2          
| *8* *3*     | *4*  5  *9* |       6     
| *** ***     | ***     *** |         7   
+-------------+-------------+-------------+
****************************************************************************

naked single 1 found in cell(r,c): (9,3)
STEP: 49
+-------------+-------------+-------------+
| *** *** *** | *** *** *** | *** *** *** 
| *6* *7* *2* | *1* *4* *5* | *3* *9* *8* 
| *** *** *** | *** *** *** | *** *** *** 
| *** *** *** | *** *** *** | *** *** *** 
| *1* *4* *5* | *9* *8* *3* | *6* *7* *2* 
| *** *** *** | *** *** *** | *** *** *** 
| *** *** *** | *** *** *** | *** *** *** 
| *3* *8* *9* | *7* *6* *2* | *4* *5* *1* 
| *** *** *** | *** *** *** | *** *** *** 
+-------------+-------------+-------------+
| *** *** *** | *** *** *** | *** *** *** 
| *2* *6* *3* | *5* *7* *4* | *8* *1* *9* 
| *** *** *** | *** *** *** | *** *** *** 
| *** *** *** | *** *** *** | *** *** *** 
| *9* *5* *8* | *6* *2* *1* | *7* *4* *3* 
| *** *** *** | *** *** *** | *** *** *** 
| *** *** *** | *** *** *** | *** *** *** 
| *7* *1* *4* | *3* *9* *8* | *5* *2* *6* 
| *** *** *** | *** *** *** | *** *** *** 
+-------------+-------------+-------------+
| *** *** *** | *** *** *** | *** *** *** 
| *5* *9* *7* | *2* *3* *6* | *1* *8* *4* 
| *** *** *** | *** *** *** | *** *** *** 
| *** *** *** | *** *** *** | *** *** *** 
| *4* *2* *6* | *8* *1* *7* | *9* *3* *5* 
| *** *** *** | *** *** *** | *** *** *** 
| *** *** *** | ***     *** |  2          
| *8* *3* *1* | *4*  5  *9* |       6     
| *** *** *** | ***     *** |         7   
+-------------+-------------+-------------+
****************************************************************************

naked single 5 found in cell(r,c): (9,5)
STEP: 50
+-------------+-------------+-------------+
| *** *** *** | *** *** *** | *** *** *** 
| *6* *7* *2* | *1* *4* *5* | *3* *9* *8* 
| *** *** *** | *** *** *** | *** *** *** 
| *** *** *** | *** *** *** | *** *** *** 
| *1* *4* *5* | *9* *8* *3* | *6* *7* *2* 
| *** *** *** | *** *** *** | *** *** *** 
| *** *** *** | *** *** *** | *** *** *** 
| *3* *8* *9* | *7* *6* *2* | *4* *5* *1* 
| *** *** *** | *** *** *** | *** *** *** 
+-------------+-------------+-------------+
| *** *** *** | *** *** *** | *** *** *** 
| *2* *6* *3* | *5* *7* *4* | *8* *1* *9* 
| *** *** *** | *** *** *** | *** *** *** 
| *** *** *** | *** *** *** | *** *** *** 
| *9* *5* *8* | *6* *2* *1* | *7* *4* *3* 
| *** *** *** | *** *** *** | *** *** *** 
| *** *** *** | *** *** *** | *** *** *** 
| *7* *1* *4* | *3* *9* *8* | *5* *2* *6* 
| *** *** *** | *** *** *** | *** *** *** 
+-------------+-------------+-------------+
| *** *** *** | *** *** *** | *** *** *** 
| *5* *9* *7* | *2* *3* *6* | *1* *8* *4* 
| *** *** *** | *** *** *** | *** *** *** 
| *** *** *** | *** *** *** | *** *** *** 
| *4* *2* *6* | *8* *1* *7* | *9* *3* *5* 
| *** *** *** | *** *** *** | *** *** *** 
| *** *** *** | *** *** *** |  2          
| *8* *3* *1* | *4* *5* *9* |       6     
| *** *** *** | *** *** *** |         7   
+-------------+-------------+-------------+
****************************************************************************

naked single 2 found in cell(r,c): (9,7)
STEP: 51
+-------------+-------------+-------------+
| *** *** *** | *** *** *** | *** *** *** 
| *6* *7* *2* | *1* *4* *5* | *3* *9* *8* 
| *** *** *** | *** *** *** | *** *** *** 
| *** *** *** | *** *** *** | *** *** *** 
| *1* *4* *5* | *9* *8* *3* | *6* *7* *2* 
| *** *** *** | *** *** *** | *** *** *** 
| *** *** *** | *** *** *** | *** *** *** 
| *3* *8* *9* | *7* *6* *2* | *4* *5* *1* 
| *** *** *** | *** *** *** | *** *** *** 
+-------------+-------------+-------------+
| *** *** *** | *** *** *** | *** *** *** 
| *2* *6* *3* | *5* *7* *4* | *8* *1* *9* 
| *** *** *** | *** *** *** | *** *** *** 
| *** *** *** | *** *** *** | *** *** *** 
| *9* *5* *8* | *6* *2* *1* | *7* *4* *3* 
| *** *** *** | *** *** *** | *** *** *** 
| *** *** *** | *** *** *** | *** *** *** 
| *7* *1* *4* | *3* *9* *8* | *5* *2* *6* 
| *** *** *** | *** *** *** | *** *** *** 
+-------------+-------------+-------------+
| *** *** *** | *** *** *** | *** *** *** 
| *5* *9* *7* | *2* *3* *6* | *1* *8* *4* 
| *** *** *** | *** *** *** | *** *** *** 
| *** *** *** | *** *** *** | *** *** *** 
| *4* *2* *6* | *8* *1* *7* | *9* *3* *5* 
| *** *** *** | *** *** *** | *** *** *** 
| *** *** *** | *** *** *** | ***         
| *8* *3* *1* | *4* *5* *9* | *2*   6     
| *** *** *** | *** *** *** | ***     7   
+-------------+-------------+-------------+
****************************************************************************

naked single 6 found in cell(r,c): (9,8)
STEP: 52
+-------------+-------------+-------------+
| *** *** *** | *** *** *** | *** *** *** 
| *6* *7* *2* | *1* *4* *5* | *3* *9* *8* 
| *** *** *** | *** *** *** | *** *** *** 
| *** *** *** | *** *** *** | *** *** *** 
| *1* *4* *5* | *9* *8* *3* | *6* *7* *2* 
| *** *** *** | *** *** *** | *** *** *** 
| *** *** *** | *** *** *** | *** *** *** 
| *3* *8* *9* | *7* *6* *2* | *4* *5* *1* 
| *** *** *** | *** *** *** | *** *** *** 
+-------------+-------------+-------------+
| *** *** *** | *** *** *** | *** *** *** 
| *2* *6* *3* | *5* *7* *4* | *8* *1* *9* 
| *** *** *** | *** *** *** | *** *** *** 
| *** *** *** | *** *** *** | *** *** *** 
| *9* *5* *8* | *6* *2* *1* | *7* *4* *3* 
| *** *** *** | *** *** *** | *** *** *** 
| *** *** *** | *** *** *** | *** *** *** 
| *7* *1* *4* | *3* *9* *8* | *5* *2* *6* 
| *** *** *** | *** *** *** | *** *** *** 
+-------------+-------------+-------------+
| *** *** *** | *** *** *** | *** *** *** 
| *5* *9* *7* | *2* *3* *6* | *1* *8* *4* 
| *** *** *** | *** *** *** | *** *** *** 
| *** *** *** | *** *** *** | *** *** *** 
| *4* *2* *6* | *8* *1* *7* | *9* *3* *5* 
| *** *** *** | *** *** *** | *** *** *** 
| *** *** *** | *** *** *** | *** ***     
| *8* *3* *1* | *4* *5* *9* | *2* *6*     
| *** *** *** | *** *** *** | *** *** 7   
+-------------+-------------+-------------+
****************************************************************************

naked single 7 found in cell(r,c): (9,9)
STEP: 53
+-------------+-------------+-------------+
| *** *** *** | *** *** *** | *** *** *** 
| *6* *7* *2* | *1* *4* *5* | *3* *9* *8* 
| *** *** *** | *** *** *** | *** *** *** 
| *** *** *** | *** *** *** | *** *** *** 
| *1* *4* *5* | *9* *8* *3* | *6* *7* *2* 
| *** *** *** | *** *** *** | *** *** *** 
| *** *** *** | *** *** *** | *** *** *** 
| *3* *8* *9* | *7* *6* *2* | *4* *5* *1* 
| *** *** *** | *** *** *** | *** *** *** 
+-------------+-------------+-------------+
| *** *** *** | *** *** *** | *** *** *** 
| *2* *6* *3* | *5* *7* *4* | *8* *1* *9* 
| *** *** *** | *** *** *** | *** *** *** 
| *** *** *** | *** *** *** | *** *** *** 
| *9* *5* *8* | *6* *2* *1* | *7* *4* *3* 
| *** *** *** | *** *** *** | *** *** *** 
| *** *** *** | *** *** *** | *** *** *** 
| *7* *1* *4* | *3* *9* *8* | *5* *2* *6* 
| *** *** *** | *** *** *** | *** *** *** 
+-------------+-------------+-------------+
| *** *** *** | *** *** *** | *** *** *** 
| *5* *9* *7* | *2* *3* *6* | *1* *8* *4* 
| *** *** *** | *** *** *** | *** *** *** 
| *** *** *** | *** *** *** | *** *** *** 
| *4* *2* *6* | *8* *1* *7* | *9* *3* *5* 
| *** *** *** | *** *** *** | *** *** *** 
| *** *** *** | *** *** *** | *** *** *** 
| *8* *3* *1* | *4* *5* *9* | *2* *6* *7* 
| *** *** *** | *** *** *** | *** *** *** 
+-------------+-------------+-------------+
****************************************************************************

+-------+-------+-------+
| 6 7 2 | 1 4 5 | 3 9 8 |
| 1 4 5 | 9 8 3 | 6 7 2 |
| 3 8 9 | 7 6 2 | 4 5 1 |
+-------+-------+-------+
| 2 6 3 | 5 7 4 | 8 1 9 |
| 9 5 8 | 6 2 1 | 7 4 3 |
| 7 1 4 | 3 9 8 | 5 2 6 |
+-------+-------+-------+
| 5 9 7 | 2 3 6 | 1 8 4 |
| 4 2 6 | 8 1 7 | 9 3 5 |
| 8 3 1 | 4 5 9 | 2 6 7 |
+-------+-------+-------+
