+-------+-------+-------+
| 3   9 |       | 4     |
| 2     | 7   9 |       |
|   8 7 |       |       |
+-------+-------+-------+
| 7 5   |   6   | 2 3   |
| 6     | 9   4 |     8 |
|   2 8 |   5   |   4 1 |
+-------+-------+-------+
|       |       | 5 9   |
|       | 1   6 |     7 |
|     6 |       | 1   4 |
+-------+-------+-------+
STEP: 0
+-------------+-------------+-------------+
| *** 1   *** |  2  12  12  | *** 12   2  
| *3*   6 *9* |  56      5  | *4*  56  56 
| ***     *** |  8   8   8  | *** 78      
| *** 1   1   | *** 1 3 *** |   3 1     3 
| *2* 4 6 45  | *7* 4   *9* |   6  56  56 
| ***         | ***  8  *** |  8   8      
| 1   *** *** |  23 123 123 |   3 12   23 
| 45  *8* *7* | 456 4    5  |   6  56  56 
|     *** *** |             |   9       9 
+-------------+-------------+-------------+
| *** *** 1   |     *** 1   | *** ***     
| *7* *5* 4   |     *6*     | *2* *3*     
| *** ***     |  8  ***  8  | *** ***   9 
| *** 1 3 1 3 | *** 123 *** |         *** 
| *6*         | *9*     *4* |      5  *8* 
| ***         | *** 7   *** | 7   7   *** 
|     *** *** |   3 ***   3 |     *** *** 
|     *2* *8* |     *5*     |   6 *4* *1* 
|   9 *** *** |     *** 7   | 7 9 *** *** 
+-------------+-------------+-------------+
| 1   1 3 123 |  23  23  23 | *** ***  23 
| 4   4   4   | 4   4       | *5* *9*   6 
|  8  7       |  8  78  78  | *** ***     
|       3  23 | ***  23 *** |   3  2  *** 
| 45  4   45  | *1* 4   *6* |         *7* 
|  89   9     | ***  89 *** |  8   8  *** 
|       3 *** |  23  23  23 | ***  2  *** 
|  5      *6* |  5       5  | *1*     *4* 
|  89 7 9 *** |  8  789 78  | ***  8  *** 
+-------------+-------------+-------------+
****************************************************************************

naked single 8 found in cell(r,c): (4,4)
naked single 1 found in cell(r,c): (4,6)
naked single 9 found in cell(r,c): (4,9)
naked single 7 found in cell(r,c): (5,7)
naked single 5 found in cell(r,c): (5,8)
naked single 9 found in cell(r,c): (6,1)
naked single 3 found in cell(r,c): (6,4)
naked single 7 found in cell(r,c): (6,6)
naked single 6 found in cell(r,c): (6,7)
STEP: 1
+-------------+-------------+-------------+
| *** 1   *** |  2  12   2  | *** 12   2  
| *3*   6 *9* |  56      5  | *4*   6  56 
| ***     *** |      8   8  | *** 78      
| *** 1   1   | *** 1 3 *** |   3 1     3 
| *2* 4 6 45  | *7* 4   *9* |       6  56 
| ***         | ***  8  *** |  8   8      
| 1   *** *** |  2  123  23 |   3 12   23 
| 45  *8* *7* | 456 4    5  |       6  56 
|     *** *** |             |   9         
+-------------+-------------+-------------+
| *** ***     | *** *** *** | *** *** *** 
| *7* *5* 4   | *8* *6* *1* | *2* *3* *9* 
| *** ***     | *** *** *** | *** *** *** 
| *** 1 3 1 3 | ***  2  *** | *** *** *** 
| *6*         | *9*     *4* | *7* *5* *8* 
| ***         | ***     *** | *** *** *** 
| *** *** *** | *** *** *** | *** *** *** 
| *9* *2* *8* | *3* *5* *7* | *6* *4* *1* 
| *** *** *** | *** *** *** | *** *** *** 
+-------------+-------------+-------------+
| 1   1 3 123 |  2   23  23 | *** ***  23 
| 4   4   4   | 4   4       | *5* *9*   6 
|  8  7       |     78   8  | *** ***     
|       3  23 | ***  23 *** |   3  2  *** 
| 45  4   45  | *1* 4   *6* |         *7* 
|  8    9     | ***  89 *** |  8   8  *** 
|       3 *** |  2   23  23 | ***  2  *** 
|  5      *6* |  5       5  | *1*     *4* 
|  8  7 9 *** |     789  8  | ***  8  *** 
+-------------+-------------+-------------+
****************************************************************************

hidden single 7 found in cell(r,c): (1,8); via row
STEP: 2
+-------------+-------------+-------------+
| *** 1   *** |  2  12   2  | *** ***  2  
| *3*   6 *9* |  56      5  | *4* *7*  56 
| ***     *** |      8   8  | *** ***     
| *** 1   1   | *** 1 3 *** |   3 1     3 
| *2* 4 6 45  | *7* 4   *9* |       6  56 
| ***         | ***  8  *** |  8   8      
| 1   *** *** |  2  123  23 |   3 12   23 
| 45  *8* *7* | 456 4    5  |       6  56 
|     *** *** |             |   9         
+-------------+-------------+-------------+
| *** ***     | *** *** *** | *** *** *** 
| *7* *5* 4   | *8* *6* *1* | *2* *3* *9* 
| *** ***     | *** *** *** | *** *** *** 
| *** 1 3 1 3 | ***  2  *** | *** *** *** 
| *6*         | *9*     *4* | *7* *5* *8* 
| ***         | ***     *** | *** *** *** 
| *** *** *** | *** *** *** | *** *** *** 
| *9* *2* *8* | *3* *5* *7* | *6* *4* *1* 
| *** *** *** | *** *** *** | *** *** *** 
+-------------+-------------+-------------+
| 1   1 3 123 |  2   23  23 | *** ***  23 
| 4   4   4   | 4   4       | *5* *9*   6 
|  8  7       |     78   8  | *** ***     
|       3  23 | ***  23 *** |   3  2  *** 
| 45  4   45  | *1* 4   *6* |         *7* 
|  8    9     | ***  89 *** |  8   8  *** 
|       3 *** |  2   23  23 | ***  2  *** 
|  5      *6* |  5       5  | *1*     *4* 
|  8  7 9 *** |     789  8  | ***  8  *** 
+-------------+-------------+-------------+
****************************************************************************

naked single 4 found in cell(r,c): (4,3)
naked single 2 found in cell(r,c): (5,5)
STEP: 3
+-------------+-------------+-------------+
| *** 1   *** |  2  1    2  | *** ***  2  
| *3*   6 *9* |  56      5  | *4* *7*  56 
| ***     *** |      8   8  | *** ***     
| *** 1   1   | *** 1 3 *** |   3 1     3 
| *2* 4 6  5  | *7* 4   *9* |       6  56 
| ***         | ***  8  *** |  8   8      
| 1   *** *** |  2  1 3  23 |   3 12   23 
| 45  *8* *7* | 456 4    5  |       6  56 
|     *** *** |             |   9         
+-------------+-------------+-------------+
| *** *** *** | *** *** *** | *** *** *** 
| *7* *5* *4* | *8* *6* *1* | *2* *3* *9* 
| *** *** *** | *** *** *** | *** *** *** 
| *** 1 3 1 3 | *** *** *** | *** *** *** 
| *6*         | *9* *2* *4* | *7* *5* *8* 
| ***         | *** *** *** | *** *** *** 
| *** *** *** | *** *** *** | *** *** *** 
| *9* *2* *8* | *3* *5* *7* | *6* *4* *1* 
| *** *** *** | *** *** *** | *** *** *** 
+-------------+-------------+-------------+
| 1   1 3 123 |  2    3  23 | *** ***  23 
| 4   4       | 4   4       | *5* *9*   6 
|  8  7       |     78   8  | *** ***     
|       3  23 | ***   3 *** |   3  2  *** 
| 45  4    5  | *1* 4   *6* |         *7* 
|  8    9     | ***  89 *** |  8   8  *** 
|       3 *** |  2    3  23 | ***  2  *** 
|  5      *6* |  5       5  | *1*     *4* 
|  8  7 9 *** |     789  8  | ***  8  *** 
+-------------+-------------+-------------+
****************************************************************************

hidden single 9 found in cell(r,c): (3,7); via row
STEP: 4
+-------------+-------------+-------------+
| *** 1   *** |  2  1    2  | *** ***  2  
| *3*   6 *9* |  56      5  | *4* *7*  56 
| ***     *** |      8   8  | *** ***     
| *** 1   1   | *** 1 3 *** |   3 1     3 
| *2* 4 6  5  | *7* 4   *9* |       6  56 
| ***         | ***  8  *** |  8   8      
| 1   *** *** |  2  1 3  23 | *** 12   23 
| 45  *8* *7* | 456 4    5  | *9*   6  56 
|     *** *** |             | ***         
+-------------+-------------+-------------+
| *** *** *** | *** *** *** | *** *** *** 
| *7* *5* *4* | *8* *6* *1* | *2* *3* *9* 
| *** *** *** | *** *** *** | *** *** *** 
| *** 1 3 1 3 | *** *** *** | *** *** *** 
| *6*         | *9* *2* *4* | *7* *5* *8* 
| ***         | *** *** *** | *** *** *** 
| *** *** *** | *** *** *** | *** *** *** 
| *9* *2* *8* | *3* *5* *7* | *6* *4* *1* 
| *** *** *** | *** *** *** | *** *** *** 
+-------------+-------------+-------------+
| 1   1 3 123 |  2    3  23 | *** ***  23 
| 4   4       | 4   4       | *5* *9*   6 
|  8  7       |     78   8  | *** ***     
|       3  23 | ***   3 *** |   3  2  *** 
| 45  4    5  | *1* 4   *6* |         *7* 
|  8    9     | ***  89 *** |  8   8  *** 
|       3 *** |  2    3  23 | ***  2  *** 
|  5      *6* |  5       5  | *1*     *4* 
|  8  7 9 *** |     789  8  | ***  8  *** 
+-------------+-------------+-------------+
****************************************************************************

hidden single 6 found in cell(r,c): (7,9); via column
STEP: 5
+-------------+-------------+-------------+
| *** 1   *** |  2  1    2  | *** ***  2  
| *3*   6 *9* |  56      5  | *4* *7*  5  
| ***     *** |      8   8  | *** ***     
| *** 1   1   | *** 1 3 *** |   3 1     3 
| *2* 4 6  5  | *7* 4   *9* |       6  5  
| ***         | ***  8  *** |  8   8      
| 1   *** *** |  2  1 3  23 | *** 12   23 
| 45  *8* *7* | 456 4    5  | *9*   6  5  
|     *** *** |             | ***         
+-------------+-------------+-------------+
| *** *** *** | *** *** *** | *** *** *** 
| *7* *5* *4* | *8* *6* *1* | *2* *3* *9* 
| *** *** *** | *** *** *** | *** *** *** 
| *** 1 3 1 3 | *** *** *** | *** *** *** 
| *6*         | *9* *2* *4* | *7* *5* *8* 
| ***         | *** *** *** | *** *** *** 
| *** *** *** | *** *** *** | *** *** *** 
| *9* *2* *8* | *3* *5* *7* | *6* *4* *1* 
| *** *** *** | *** *** *** | *** *** *** 
+-------------+-------------+-------------+
| 1   1 3 123 |  2    3  23 | *** *** *** 
| 4   4       | 4   4       | *5* *9* *6* 
|  8  7       |     78   8  | *** *** *** 
|       3  23 | ***   3 *** |   3  2  *** 
| 45  4    5  | *1* 4   *6* |         *7* 
|  8    9     | ***  89 *** |  8   8  *** 
|       3 *** |  2    3  23 | ***  2  *** 
|  5      *6* |  5       5  | *1*     *4* 
|  8  7 9 *** |     789  8  | ***  8  *** 
+-------------+-------------+-------------+
****************************************************************************

hidden single 9 found in cell(r,c): (8,5); via box 
STEP: 6
+-------------+-------------+-------------+
| *** 1   *** |  2  1    2  | *** ***  2  
| *3*   6 *9* |  56      5  | *4* *7*  5  
| ***     *** |      8   8  | *** ***     
| *** 1   1   | *** 1 3 *** |   3 1     3 
| *2* 4 6  5  | *7* 4   *9* |       6  5  
| ***         | ***  8  *** |  8   8      
| 1   *** *** |  2  1 3  23 | *** 12   23 
| 45  *8* *7* | 456 4    5  | *9*   6  5  
|     *** *** |             | ***         
+-------------+-------------+-------------+
| *** *** *** | *** *** *** | *** *** *** 
| *7* *5* *4* | *8* *6* *1* | *2* *3* *9* 
| *** *** *** | *** *** *** | *** *** *** 
| *** 1 3 1 3 | *** *** *** | *** *** *** 
| *6*         | *9* *2* *4* | *7* *5* *8* 
| ***         | *** *** *** | *** *** *** 
| *** *** *** | *** *** *** | *** *** *** 
| *9* *2* *8* | *3* *5* *7* | *6* *4* *1* 
| *** *** *** | *** *** *** | *** *** *** 
+-------------+-------------+-------------+
| 1   1 3 123 |  2    3  23 | *** *** *** 
| 4   4       | 4   4       | *5* *9* *6* 
|  8  7       |     78   8  | *** *** *** 
|       3  23 | *** *** *** |   3  2  *** 
| 45  4    5  | *1* *9* *6* |         *7* 
|  8          | *** *** *** |  8   8  *** 
|       3 *** |  2    3  23 | ***  2  *** 
|  5      *6* |  5       5  | *1*     *4* 
|  8  7 9 *** |     78   8  | ***  8  *** 
+-------------+-------------+-------------+
****************************************************************************

hidden single 9 found in cell(r,c): (9,2); via row
STEP: 7
+-------------+-------------+-------------+
| *** 1   *** |  2  1    2  | *** ***  2  
| *3*   6 *9* |  56      5  | *4* *7*  5  
| ***     *** |      8   8  | *** ***     
| *** 1   1   | *** 1 3 *** |   3 1     3 
| *2* 4 6  5  | *7* 4   *9* |       6  5  
| ***         | ***  8  *** |  8   8      
| 1   *** *** |  2  1 3  23 | *** 12   23 
| 45  *8* *7* | 456 4    5  | *9*   6  5  
|     *** *** |             | ***         
+-------------+-------------+-------------+
| *** *** *** | *** *** *** | *** *** *** 
| *7* *5* *4* | *8* *6* *1* | *2* *3* *9* 
| *** *** *** | *** *** *** | *** *** *** 
| *** 1 3 1 3 | *** *** *** | *** *** *** 
| *6*         | *9* *2* *4* | *7* *5* *8* 
| ***         | *** *** *** | *** *** *** 
| *** *** *** | *** *** *** | *** *** *** 
| *9* *2* *8* | *3* *5* *7* | *6* *4* *1* 
| *** *** *** | *** *** *** | *** *** *** 
+-------------+-------------+-------------+
| 1   1 3 123 |  2    3  23 | *** *** *** 
| 4   4       | 4   4       | *5* *9* *6* 
|  8  7       |     78   8  | *** *** *** 
|       3  23 | *** *** *** |   3  2  *** 
| 45  4    5  | *1* *9* *6* |         *7* 
|  8          | *** *** *** |  8   8  *** 
|     *** *** |  2    3  23 | ***  2  *** 
|  5  *9* *6* |  5       5  | *1*     *4* 
|  8  *** *** |     78   8  | ***  8  *** 
+-------------+-------------+-------------+
****************************************************************************

hidden single 7 found in cell(r,c): (7,2); via row
STEP: 8
+-------------+-------------+-------------+
| *** 1   *** |  2  1    2  | *** ***  2  
| *3*   6 *9* |  56      5  | *4* *7*  5  
| ***     *** |      8   8  | *** ***     
| *** 1   1   | *** 1 3 *** |   3 1     3 
| *2* 4 6  5  | *7* 4   *9* |       6  5  
| ***         | ***  8  *** |  8   8      
| 1   *** *** |  2  1 3  23 | *** 12   23 
| 45  *8* *7* | 456 4    5  | *9*   6  5  
|     *** *** |             | ***         
+-------------+-------------+-------------+
| *** *** *** | *** *** *** | *** *** *** 
| *7* *5* *4* | *8* *6* *1* | *2* *3* *9* 
| *** *** *** | *** *** *** | *** *** *** 
| *** 1 3 1 3 | *** *** *** | *** *** *** 
| *6*         | *9* *2* *4* | *7* *5* *8* 
| ***         | *** *** *** | *** *** *** 
| *** *** *** | *** *** *** | *** *** *** 
| *9* *2* *8* | *3* *5* *7* | *6* *4* *1* 
| *** *** *** | *** *** *** | *** *** *** 
+-------------+-------------+-------------+
| 1   *** 123 |  2    3  23 | *** *** *** 
| 4   *7*     | 4   4       | *5* *9* *6* 
|  8  ***     |      8   8  | *** *** *** 
|       3  23 | *** *** *** |   3  2  *** 
| 45  4    5  | *1* *9* *6* |         *7* 
|  8          | *** *** *** |  8   8  *** 
|     *** *** |  2    3  23 | ***  2  *** 
|  5  *9* *6* |  5       5  | *1*     *4* 
|  8  *** *** |     78   8  | ***  8  *** 
+-------------+-------------+-------------+
****************************************************************************

hidden single 7 found in cell(r,c): (9,5); via row
STEP: 9
+-------------+-------------+-------------+
| *** 1   *** |  2  1    2  | *** ***  2  
| *3*   6 *9* |  56      5  | *4* *7*  5  
| ***     *** |      8   8  | *** ***     
| *** 1   1   | *** 1 3 *** |   3 1     3 
| *2* 4 6  5  | *7* 4   *9* |       6  5  
| ***         | ***  8  *** |  8   8      
| 1   *** *** |  2  1 3  23 | *** 12   23 
| 45  *8* *7* | 456 4    5  | *9*   6  5  
|     *** *** |             | ***         
+-------------+-------------+-------------+
| *** *** *** | *** *** *** | *** *** *** 
| *7* *5* *4* | *8* *6* *1* | *2* *3* *9* 
| *** *** *** | *** *** *** | *** *** *** 
| *** 1 3 1 3 | *** *** *** | *** *** *** 
| *6*         | *9* *2* *4* | *7* *5* *8* 
| ***         | *** *** *** | *** *** *** 
| *** *** *** | *** *** *** | *** *** *** 
| *9* *2* *8* | *3* *5* *7* | *6* *4* *1* 
| *** *** *** | *** *** *** | *** *** *** 
+-------------+-------------+-------------+
| 1   *** 123 |  2    3  23 | *** *** *** 
| 4   *7*     | 4   4       | *5* *9* *6* 
|  8  ***     |      8   8  | *** *** *** 
|       3  23 | *** *** *** |   3  2  *** 
| 45  4    5  | *1* *9* *6* |         *7* 
|  8          | *** *** *** |  8   8  *** 
|     *** *** |  2  ***  23 | ***  2  *** 
|  5  *9* *6* |  5  *7*  5  | *1*     *4* 
|  8  *** *** |     ***  8  | ***  8  *** 
+-------------+-------------+-------------+
****************************************************************************

hidden single 3 found in cell(r,c): (9,6); via column
STEP: 10
+-------------+-------------+-------------+
| *** 1   *** |  2  1    2  | *** ***  2  
| *3*   6 *9* |  56      5  | *4* *7*  5  
| ***     *** |      8   8  | *** ***     
| *** 1   1   | *** 1 3 *** |   3 1     3 
| *2* 4 6  5  | *7* 4   *9* |       6  5  
| ***         | ***  8  *** |  8   8      
| 1   *** *** |  2  1 3  2  | *** 12   23 
| 45  *8* *7* | 456 4    5  | *9*   6  5  
|     *** *** |             | ***         
+-------------+-------------+-------------+
| *** *** *** | *** *** *** | *** *** *** 
| *7* *5* *4* | *8* *6* *1* | *2* *3* *9* 
| *** *** *** | *** *** *** | *** *** *** 
| *** 1 3 1 3 | *** *** *** | *** *** *** 
| *6*         | *9* *2* *4* | *7* *5* *8* 
| ***         | *** *** *** | *** *** *** 
| *** *** *** | *** *** *** | *** *** *** 
| *9* *2* *8* | *3* *5* *7* | *6* *4* *1* 
| *** *** *** | *** *** *** | *** *** *** 
+-------------+-------------+-------------+
| 1   *** 123 |  2       2  | *** *** *** 
| 4   *7*     | 4   4       | *5* *9* *6* 
|  8  ***     |      8   8  | *** *** *** 
|       3  23 | *** *** *** |   3  2  *** 
| 45  4    5  | *1* *9* *6* |         *7* 
|  8          | *** *** *** |  8   8  *** 
|     *** *** |  2  *** *** | ***  2  *** 
|  5  *9* *6* |  5  *7* *3* | *1*     *4* 
|  8  *** *** |     *** *** | ***  8  *** 
+-------------+-------------+-------------+
****************************************************************************

hidden single 3 found in cell(r,c): (7,3); via column
STEP: 11
+-------------+-------------+-------------+
| *** 1   *** |  2  1    2  | *** ***  2  
| *3*   6 *9* |  56      5  | *4* *7*  5  
| ***     *** |      8   8  | *** ***     
| *** 1   1   | *** 1 3 *** |   3 1     3 
| *2* 4 6  5  | *7* 4   *9* |       6  5  
| ***         | ***  8  *** |  8   8      
| 1   *** *** |  2  1 3  2  | *** 12   23 
| 45  *8* *7* | 456 4    5  | *9*   6  5  
|     *** *** |             | ***         
+-------------+-------------+-------------+
| *** *** *** | *** *** *** | *** *** *** 
| *7* *5* *4* | *8* *6* *1* | *2* *3* *9* 
| *** *** *** | *** *** *** | *** *** *** 
| *** 1 3 1   | *** *** *** | *** *** *** 
| *6*         | *9* *2* *4* | *7* *5* *8* 
| ***         | *** *** *** | *** *** *** 
| *** *** *** | *** *** *** | *** *** *** 
| *9* *2* *8* | *3* *5* *7* | *6* *4* *1* 
| *** *** *** | *** *** *** | *** *** *** 
+-------------+-------------+-------------+
| 1   *** *** |  2       2  | *** *** *** 
| 4   *7* *3* | 4   4       | *5* *9* *6* 
|  8  *** *** |      8   8  | *** *** *** 
|          2  | *** *** *** |   3  2  *** 
| 45  4    5  | *1* *9* *6* |         *7* 
|  8          | *** *** *** |  8   8  *** 
|     *** *** |  2  *** *** | ***  2  *** 
|  5  *9* *6* |  5  *7* *3* | *1*     *4* 
|  8  *** *** |     *** *** | ***  8  *** 
+-------------+-------------+-------------+
****************************************************************************

naked single 1 found in cell(r,c): (5,3)
naked single 4 found in cell(r,c): (8,2)
STEP: 12
+-------------+-------------+-------------+
| *** 1   *** |  2  1    2  | *** ***  2  
| *3*   6 *9* |  56      5  | *4* *7*  5  
| ***     *** |      8   8  | *** ***     
| *** 1       | *** 1 3 *** |   3 1     3 
| *2*   6  5  | *7* 4   *9* |       6  5  
| ***         | ***  8  *** |  8   8      
| 1   *** *** |  2  1 3  2  | *** 12   23 
| 45  *8* *7* | 456 4    5  | *9*   6  5  
|     *** *** |             | ***         
+-------------+-------------+-------------+
| *** *** *** | *** *** *** | *** *** *** 
| *7* *5* *4* | *8* *6* *1* | *2* *3* *9* 
| *** *** *** | *** *** *** | *** *** *** 
| ***   3 *** | *** *** *** | *** *** *** 
| *6*     *1* | *9* *2* *4* | *7* *5* *8* 
| ***     *** | *** *** *** | *** *** *** 
| *** *** *** | *** *** *** | *** *** *** 
| *9* *2* *8* | *3* *5* *7* | *6* *4* *1* 
| *** *** *** | *** *** *** | *** *** *** 
+-------------+-------------+-------------+
| 1   *** *** |  2       2  | *** *** *** 
|     *7* *3* | 4   4       | *5* *9* *6* 
|  8  *** *** |      8   8  | *** *** *** 
|     ***  2  | *** *** *** |   3  2  *** 
|  5  *4*  5  | *1* *9* *6* |         *7* 
|  8  ***     | *** *** *** |  8   8  *** 
|     *** *** |  2  *** *** | ***  2  *** 
|  5  *9* *6* |  5  *7* *3* | *1*     *4* 
|  8  *** *** |     *** *** | ***  8  *** 
+-------------+-------------+-------------+
****************************************************************************

hidden single 4 found in cell(r,c): (2,5); via column
STEP: 13
+-------------+-------------+-------------+
| *** 1   *** |  2  1    2  | *** ***  2  
| *3*   6 *9* |  56      5  | *4* *7*  5  
| ***     *** |      8   8  | *** ***     
| *** 1       | *** *** *** |   3 1     3 
| *2*   6  5  | *7* *4* *9* |       6  5  
| ***         | *** *** *** |  8   8      
| 1   *** *** |  2  1 3  2  | *** 12   23 
| 45  *8* *7* |  56      5  | *9*   6  5  
|     *** *** |             | ***         
+-------------+-------------+-------------+
| *** *** *** | *** *** *** | *** *** *** 
| *7* *5* *4* | *8* *6* *1* | *2* *3* *9* 
| *** *** *** | *** *** *** | *** *** *** 
| ***   3 *** | *** *** *** | *** *** *** 
| *6*     *1* | *9* *2* *4* | *7* *5* *8* 
| ***     *** | *** *** *** | *** *** *** 
| *** *** *** | *** *** *** | *** *** *** 
| *9* *2* *8* | *3* *5* *7* | *6* *4* *1* 
| *** *** *** | *** *** *** | *** *** *** 
+-------------+-------------+-------------+
| 1   *** *** |  2       2  | *** *** *** 
|     *7* *3* | 4           | *5* *9* *6* 
|  8  *** *** |      8   8  | *** *** *** 
|     ***  2  | *** *** *** |   3  2  *** 
|  5  *4*  5  | *1* *9* *6* |         *7* 
|  8  ***     | *** *** *** |  8   8  *** 
|     *** *** |  2  *** *** | ***  2  *** 
|  5  *9* *6* |  5  *7* *3* | *1*     *4* 
|  8  *** *** |     *** *** | ***  8  *** 
+-------------+-------------+-------------+
****************************************************************************

naked single 5 found in cell(r,c): (2,3)
naked single 3 found in cell(r,c): (2,9)
naked single 3 found in cell(r,c): (5,2)
naked single 8 found in cell(r,c): (7,5)
naked single 2 found in cell(r,c): (7,6)
naked single 2 found in cell(r,c): (8,3)
naked single 8 found in cell(r,c): (8,8)
naked single 5 found in cell(r,c): (9,4)
naked single 2 found in cell(r,c): (9,8)
STEP: 14
+-------------+-------------+-------------+
| *** 1   *** |  2  1       | *** ***  2  
| *3*   6 *9* |   6      5  | *4* *7*  5  
| ***     *** |          8  | *** ***     
| *** 1   *** | *** *** *** |     1   *** 
| *2*   6 *5* | *7* *4* *9* |       6 *3* 
| ***     *** | *** *** *** |  8      *** 
| 1   *** *** |  2  1 3     | *** 1    2  
| 4   *8* *7* |   6      5  | *9*   6  5  
|     *** *** |             | ***         
+-------------+-------------+-------------+
| *** *** *** | *** *** *** | *** *** *** 
| *7* *5* *4* | *8* *6* *1* | *2* *3* *9* 
| *** *** *** | *** *** *** | *** *** *** 
| *** *** *** | *** *** *** | *** *** *** 
| *6* *3* *1* | *9* *2* *4* | *7* *5* *8* 
| *** *** *** | *** *** *** | *** *** *** 
| *** *** *** | *** *** *** | *** *** *** 
| *9* *2* *8* | *3* *5* *7* | *6* *4* *1* 
| *** *** *** | *** *** *** | *** *** *** 
+-------------+-------------+-------------+
| 1   *** *** |     *** *** | *** *** *** 
|     *7* *3* | 4   *8* *2* | *5* *9* *6* 
|     *** *** |     *** *** | *** *** *** 
|     *** *** | *** *** *** |   3 *** *** 
|  5  *4* *2* | *1* *9* *6* |     *8* *7* 
|     *** *** | *** *** *** |     *** *** 
|     *** *** | *** *** *** | *** *** *** 
|     *9* *6* | *5* *7* *3* | *1* *2* *4* 
|  8  *** *** | *** *** *** | *** *** *** 
+-------------+-------------+-------------+
****************************************************************************

hidden single 8 found in cell(r,c): (1,6); via row
STEP: 15
+-------------+-------------+-------------+
| *** 1   *** |  2  1   *** | *** ***  2  
| *3*   6 *9* |   6     *8* | *4* *7*  5  
| ***     *** |         *** | *** ***     
| *** 1   *** | *** *** *** |     1   *** 
| *2*   6 *5* | *7* *4* *9* |       6 *3* 
| ***     *** | *** *** *** |  8      *** 
| 1   *** *** |  2  1 3     | *** 1    2  
| 4   *8* *7* |   6      5  | *9*   6  5  
|     *** *** |             | ***         
+-------------+-------------+-------------+
| *** *** *** | *** *** *** | *** *** *** 
| *7* *5* *4* | *8* *6* *1* | *2* *3* *9* 
| *** *** *** | *** *** *** | *** *** *** 
| *** *** *** | *** *** *** | *** *** *** 
| *6* *3* *1* | *9* *2* *4* | *7* *5* *8* 
| *** *** *** | *** *** *** | *** *** *** 
| *** *** *** | *** *** *** | *** *** *** 
| *9* *2* *8* | *3* *5* *7* | *6* *4* *1* 
| *** *** *** | *** *** *** | *** *** *** 
+-------------+-------------+-------------+
| 1   *** *** |     *** *** | *** *** *** 
|     *7* *3* | 4   *8* *2* | *5* *9* *6* 
|     *** *** |     *** *** | *** *** *** 
|     *** *** | *** *** *** |   3 *** *** 
|  5  *4* *2* | *1* *9* *6* |     *8* *7* 
|     *** *** | *** *** *** |     *** *** 
|     *** *** | *** *** *** | *** *** *** 
|     *9* *6* | *5* *7* *3* | *1* *2* *4* 
|  8  *** *** | *** *** *** | *** *** *** 
+-------------+-------------+-------------+
****************************************************************************

naked single 1 found in cell(r,c): (1,5)
naked single 8 found in cell(r,c): (2,7)
naked single 3 found in cell(r,c): (3,5)
naked single 5 found in cell(r,c): (3,6)
naked single 2 found in cell(r,c): (3,9)
naked single 1 found in cell(r,c): (7,1)
naked single 4 found in cell(r,c): (7,4)
naked single 5 found in cell(r,c): (8,1)
naked single 3 found in cell(r,c): (8,7)
naked single 8 found in cell(r,c): (9,1)
STEP: 16
+-------------+-------------+-------------+
| ***     *** |  2  *** *** | *** ***     
| *3*   6 *9* |   6 *1* *8* | *4* *7*  5  
| ***     *** |     *** *** | *** ***     
| *** 1   *** | *** *** *** | *** 1   *** 
| *2*   6 *5* | *7* *4* *9* | *8*   6 *3* 
| ***     *** | *** *** *** | ***     *** 
|     *** *** |     *** *** | *** 1   *** 
| 4   *8* *7* |   6 *3* *5* | *9*   6 *2* 
|     *** *** |     *** *** | ***     *** 
+-------------+-------------+-------------+
| *** *** *** | *** *** *** | *** *** *** 
| *7* *5* *4* | *8* *6* *1* | *2* *3* *9* 
| *** *** *** | *** *** *** | *** *** *** 
| *** *** *** | *** *** *** | *** *** *** 
| *6* *3* *1* | *9* *2* *4* | *7* *5* *8* 
| *** *** *** | *** *** *** | *** *** *** 
| *** *** *** | *** *** *** | *** *** *** 
| *9* *2* *8* | *3* *5* *7* | *6* *4* *1* 
| *** *** *** | *** *** *** | *** *** *** 
+-------------+-------------+-------------+
| *** *** *** | *** *** *** | *** *** *** 
| *1* *7* *3* | *4* *8* *2* | *5* *9* *6* 
| *** *** *** | *** *** *** | *** *** *** 
| *** *** *** | *** *** *** | *** *** *** 
| *5* *4* *2* | *1* *9* *6* | *3* *8* *7* 
| *** *** *** | *** *** *** | *** *** *** 
| *** *** *** | *** *** *** | *** *** *** 
| *8* *9* *6* | *5* *7* *3* | *1* *2* *4* 
| *** *** *** | *** *** *** | *** *** *** 
+-------------+-------------+-------------+
****************************************************************************

hidden single 2 found in cell(r,c): (1,4); via row
STEP: 17
+-------------+-------------+-------------+
| ***     *** | *** *** *** | *** ***     
| *3*   6 *9* | *2* *1* *8* | *4* *7*  5  
| ***     *** | *** *** *** | *** ***     
| *** 1   *** | *** *** *** | *** 1   *** 
| *2*   6 *5* | *7* *4* *9* | *8*   6 *3* 
| ***     *** | *** *** *** | ***     *** 
|     *** *** |     *** *** | *** 1   *** 
| 4   *8* *7* |   6 *3* *5* | *9*   6 *2* 
|     *** *** |     *** *** | ***     *** 
+-------------+-------------+-------------+
| *** *** *** | *** *** *** | *** *** *** 
| *7* *5* *4* | *8* *6* *1* | *2* *3* *9* 
| *** *** *** | *** *** *** | *** *** *** 
| *** *** *** | *** *** *** | *** *** *** 
| *6* *3* *1* | *9* *2* *4* | *7* *5* *8* 
| *** *** *** | *** *** *** | *** *** *** 
| *** *** *** | *** *** *** | *** *** *** 
| *9* *2* *8* | *3* *5* *7* | *6* *4* *1* 
| *** *** *** | *** *** *** | *** *** *** 
+-------------+-------------+-------------+
| *** *** *** | *** *** *** | *** *** *** 
| *1* *7* *3* | *4* *8* *2* | *5* *9* *6* 
| *** *** *** | *** *** *** | *** *** *** 
| *** *** *** | *** *** *** | *** *** *** 
| *5* *4* *2* | *1* *9* *6* | *3* *8* *7* 
| *** *** *** | *** *** *** | *** *** *** 
| *** *** *** | *** *** *** | *** *** *** 
| *8* *9* *6* | *5* *7* *3* | *1* *2* *4* 
| *** *** *** | *** *** *** | *** *** *** 
+-------------+-------------+-------------+
****************************************************************************

naked single 6 found in cell(r,c): (1,2)
naked single 5 found in cell(r,c): (1,9)
naked single 1 found in cell(r,c): (2,2)
naked single 6 found in cell(r,c): (2,8)
naked single 4 found in cell(r,c): (3,1)
naked single 6 found in cell(r,c): (3,4)
naked single 1 found in cell(r,c): (3,8)
STEP: 18
+-------------+-------------+-------------+
| *** *** *** | *** *** *** | *** *** *** 
| *3* *6* *9* | *2* *1* *8* | *4* *7* *5* 
| *** *** *** | *** *** *** | *** *** *** 
| *** *** *** | *** *** *** | *** *** *** 
| *2* *1* *5* | *7* *4* *9* | *8* *6* *3* 
| *** *** *** | *** *** *** | *** *** *** 
| *** *** *** | *** *** *** | *** *** *** 
| *4* *8* *7* | *6* *3* *5* | *9* *1* *2* 
| *** *** *** | *** *** *** | *** *** *** 
+-------------+-------------+-------------+
| *** *** *** | *** *** *** | *** *** *** 
| *7* *5* *4* | *8* *6* *1* | *2* *3* *9* 
| *** *** *** | *** *** *** | *** *** *** 
| *** *** *** | *** *** *** | *** *** *** 
| *6* *3* *1* | *9* *2* *4* | *7* *5* *8* 
| *** *** *** | *** *** *** | *** *** *** 
| *** *** *** | *** *** *** | *** *** *** 
| *9* *2* *8* | *3* *5* *7* | *6* *4* *1* 
| *** *** *** | *** *** *** | *** *** *** 
+-------------+-------------+-------------+
| *** *** *** | *** *** *** | *** *** *** 
| *1* *7* *3* | *4* *8* *2* | *5* *9* *6* 
| *** *** *** | *** *** *** | *** *** *** 
| *** *** *** | *** *** *** | *** *** *** 
| *5* *4* *2* | *1* *9* *6* | *3* *8* *7* 
| *** *** *** | *** *** *** | *** *** *** 
| *** *** *** | *** *** *** | *** *** *** 
| *8* *9* *6* | *5* *7* *3* | *1* *2* *4* 
| *** *** *** | *** *** *** | *** *** *** 
+-------------+-------------+-------------+
****************************************************************************

+-------+-------+-------+
| 3 6 9 | 2 1 8 | 4 7 5 |
| 2 1 5 | 7 4 9 | 8 6 3 |
| 4 8 7 | 6 3 5 | 9 1 2 |
+-------+-------+-------+
| 7 5 4 | 8 6 1 | 2 3 9 |
| 6 3 1 | 9 2 4 | 7 5 8 |
| 9 2 8 | 3 5 7 | 6 4 1 |
+-------+-------+-------+
| 1 7 3 | 4 8 2 | 5 9 6 |
| 5 4 2 | 1 9 6 | 3 8 7 |
| 8 9 6 | 5 7 3 | 1 2 4 |
+-------+-------+-------+
