+-------+-------+-------+
|       |       |       |
| 9   4 | 6   7 |       |
|   7 6 | 8   4 | 1     |
+-------+-------+-------+
| 3   9 | 7   1 |   8   |
|     8 |       | 3     |
|   5   | 3   8 | 7   2 |
+-------+-------+-------+
|     7 | 5   2 | 6 1   |
|       | 4   3 | 2   8 |
|       |       |       |
+-------+-------+-------+
STEP: 0
+-------------+-------------+-------------+
| 12  123 123 | 12  123     |      23   3 |
|  5       5  |      5   5  | 45  456 456 |
|  8   8      |   9   9   9 |  89 7 9 7 9 |
| *** 123 *** | *** 123 *** |      23   3 |
| *9*     *4* | *6*  5  *7* |  5   5   5  |
| ***  8  *** | ***     *** |  8          |
|  2  *** *** | ***  23 *** | ***  23   3 |
|  5  *7* *6* | *8*  5  *4* | *1*  5   5  |
|     *** *** | ***   9 *** | ***   9   9 |
+-------------+-------------+-------------+
| ***  2  *** | ***  2  *** |     ***     |
| *3* 4 6 *9* | *7* 456 *1* | 45  *8* 456 |
| ***     *** | ***     *** |     ***     |
| 12  12  *** |  2   2      | ***     1   |
| 4 6 4 6 *8* |     456  56 | *3* 456 456 |
| 7       *** |   9   9   9 | ***   9   9 |
| 1   *** 1   | ***     *** | ***     *** |
| 4 6 *5*     | *3* 4 6 *8* | *7* 4 6 *2* |
|     ***     | ***   9 *** | ***   9 *** |
+-------------+-------------+-------------+
|       3 *** | ***     *** | *** ***   3 |
| 4   4   *7* | *5*     *2* | *6* *1* 4   |
|  8   89 *** | ***  89 *** | *** ***   9 |
| 1   1   1   | *** 1   *** | ***     *** |
|  56   6  5  | *4*   6 *3* | *2*  5  *8* |
|       9     | *** 7 9 *** | *** 7 9 *** |
| 12  123 123 | 1   1       |       3   3 |
| 456 4 6  5  |       6   6 | 45  45  45  |
|  8   89     |   9 789   9 |   9 7 9 7 9 |
+-------------+-------------+-------------+
****************************************************************************

naked single 1 found in cell(r,c): (6,3)
STEP: 1
+-------------+-------------+-------------+
| 12  123  23 | 12  123     |      23   3 |
|  5       5  |      5   5  | 45  456 456 |
|  8   8      |   9   9   9 |  89 7 9 7 9 |
| *** 123 *** | *** 123 *** |      23   3 |
| *9*     *4* | *6*  5  *7* |  5   5   5  |
| ***  8  *** | ***     *** |  8          |
|  2  *** *** | ***  23 *** | ***  23   3 |
|  5  *7* *6* | *8*  5  *4* | *1*  5   5  |
|     *** *** | ***   9 *** | ***   9   9 |
+-------------+-------------+-------------+
| ***  2  *** | ***  2  *** |     ***     |
| *3* 4 6 *9* | *7* 456 *1* | 45  *8* 456 |
| ***     *** | ***     *** |     ***     |
|  2   2  *** |  2   2      | ***     1   |
| 4 6 4 6 *8* |     456  56 | *3* 456 456 |
| 7       *** |   9   9   9 | ***   9   9 |
|     *** *** | ***     *** | ***     *** |
| 4 6 *5* *1* | *3* 4 6 *8* | *7* 4 6 *2* |
|     *** *** | ***   9 *** | ***   9 *** |
+-------------+-------------+-------------+
|       3 *** | ***     *** | *** ***   3 |
| 4   4   *7* | *5*     *2* | *6* *1* 4   |
|  8   89 *** | ***  89 *** | *** ***   9 |
| 1   1       | *** 1   *** | ***     *** |
|  56   6  5  | *4*   6 *3* | *2*  5  *8* |
|       9     | *** 7 9 *** | *** 7 9 *** |
| 12  123  23 | 1   1       |       3   3 |
| 456 4 6  5  |       6   6 | 45  45  45  |
|  8   89     |   9 789   9 |   9 7 9 7 9 |
+-------------+-------------+-------------+
****************************************************************************

naked single 5 found in cell(r,c): (8,3)
STEP: 2
+-------------+-------------+-------------+
| 12  123  23 | 12  123     |      23   3 |
|  5          |      5   5  | 45  456 456 |
|  8   8      |   9   9   9 |  89 7 9 7 9 |
| *** 123 *** | *** 123 *** |      23   3 |
| *9*     *4* | *6*  5  *7* |  5   5   5  |
| ***  8  *** | ***     *** |  8          |
|  2  *** *** | ***  23 *** | ***  23   3 |
|  5  *7* *6* | *8*  5  *4* | *1*  5   5  |
|     *** *** | ***   9 *** | ***   9   9 |
+-------------+-------------+-------------+
| ***  2  *** | ***  2  *** |     ***     |
| *3* 4 6 *9* | *7* 456 *1* | 45  *8* 456 |
| ***     *** | ***     *** |     ***     |
|  2   2  *** |  2   2      | ***     1   |
| 4 6 4 6 *8* |     456  56 | *3* 456 456 |
| 7       *** |   9   9   9 | ***   9   9 |
|     *** *** | ***     *** | ***     *** |
| 4 6 *5* *1* | *3* 4 6 *8* | *7* 4 6 *2* |
|     *** *** | ***   9 *** | ***   9 *** |
+-------------+-------------+-------------+
|       3 *** | ***     *** | *** ***   3 |
| 4   4   *7* | *5*     *2* | *6* *1* 4   |
|  8   89 *** | ***  89 *** | *** ***   9 |
| 1   1   *** | *** 1   *** | ***     *** |
|   6   6 *5* | *4*   6 *3* | *2*     *8* |
|       9 *** | *** 7 9 *** | *** 7 9 *** |
| 12  123  23 | 1   1       |       3   3 |
| 4 6 4 6     |       6   6 | 45  45  45  |
|  8   89     |   9 789   9 |   9 7 9 7 9 |
+-------------+-------------+-------------+
****************************************************************************

hidden single 7 found in cell(r,c): (5,1); via column
STEP: 3
+-------------+-------------+-------------+
| 12  123  23 | 12  123     |      23   3 |
|  5          |      5   5  | 45  456 456 |
|  8   8      |   9   9   9 |  89 7 9 7 9 |
| *** 123 *** | *** 123 *** |      23   3 |
| *9*     *4* | *6*  5  *7* |  5   5   5  |
| ***  8  *** | ***     *** |  8          |
|  2  *** *** | ***  23 *** | ***  23   3 |
|  5  *7* *6* | *8*  5  *4* | *1*  5   5  |
|     *** *** | ***   9 *** | ***   9   9 |
+-------------+-------------+-------------+
| ***  2  *** | ***  2  *** |     ***     |
| *3* 4 6 *9* | *7* 456 *1* | 45  *8* 456 |
| ***     *** | ***     *** |     ***     |
| ***  2  *** |  2   2      | ***     1   |
| *7* 4 6 *8* |     456  56 | *3* 456 456 |
| ***     *** |   9   9   9 | ***   9   9 |
|     *** *** | ***     *** | ***     *** |
| 4 6 *5* *1* | *3* 4 6 *8* | *7* 4 6 *2* |
|     *** *** | ***   9 *** | ***   9 *** |
+-------------+-------------+-------------+
|       3 *** | ***     *** | *** ***   3 |
| 4   4   *7* | *5*     *2* | *6* *1* 4   |
|  8   89 *** | ***  89 *** | *** ***   9 |
| 1   1   *** | *** 1   *** | ***     *** |
|   6   6 *5* | *4*   6 *3* | *2*     *8* |
|       9 *** | *** 7 9 *** | *** 7 9 *** |
| 12  123  23 | 1   1       |       3   3 |
| 4 6 4 6     |       6   6 | 45  45  45  |
|  8   89     |   9 789   9 |   9 7 9 7 9 |
+-------------+-------------+-------------+
****************************************************************************

hidden single 1 found in cell(r,c): (5,9); via column
STEP: 4
+-------------+-------------+-------------+
| 12  123  23 | 12  123     |      23   3 |
|  5          |      5   5  | 45  456 456 |
|  8   8      |   9   9   9 |  89 7 9 7 9 |
| *** 123 *** | *** 123 *** |      23   3 |
| *9*     *4* | *6*  5  *7* |  5   5   5  |
| ***  8  *** | ***     *** |  8          |
|  2  *** *** | ***  23 *** | ***  23   3 |
|  5  *7* *6* | *8*  5  *4* | *1*  5   5  |
|     *** *** | ***   9 *** | ***   9   9 |
+-------------+-------------+-------------+
| ***  2  *** | ***  2  *** |     ***     |
| *3* 4 6 *9* | *7* 456 *1* | 45  *8* 456 |
| ***     *** | ***     *** |     ***     |
| ***  2  *** |  2   2      | ***     *** |
| *7* 4 6 *8* |     456  56 | *3* 456 *1* |
| ***     *** |   9   9   9 | ***   9 *** |
|     *** *** | ***     *** | ***     *** |
| 4 6 *5* *1* | *3* 4 6 *8* | *7* 4 6 *2* |
|     *** *** | ***   9 *** | ***   9 *** |
+-------------+-------------+-------------+
|       3 *** | ***     *** | *** ***   3 |
| 4   4   *7* | *5*     *2* | *6* *1* 4   |
|  8   89 *** | ***  89 *** | *** ***   9 |
| 1   1   *** | *** 1   *** | ***     *** |
|   6   6 *5* | *4*   6 *3* | *2*     *8* |
|       9 *** | *** 7 9 *** | *** 7 9 *** |
| 12  123  23 | 1   1       |       3   3 |
| 4 6 4 6     |       6   6 | 45  45  45  |
|  8   89     |   9 789   9 |   9 7 9 7 9 |
+-------------+-------------+-------------+
****************************************************************************

naked double 2 3 found in cells(r,c)/(r,c): (1,3)/(9,3); via col
clears:
naked double 2 3 found in cells(r,c)/(r,c): (9,3)/(1,3); via col
clears:
hidden double 6 7 found in cells(r,c)/(r,c): (1,8)/(1,9); via col
clears:
	2 in cell(r,c): (1,8)
	3 in cell(r,c): (1,8)
	4 in cell(r,c): (1,8)
	5 in cell(r,c): (1,8)
	9 in cell(r,c): (1,8)
	3 in cell(r,c): (1,9)
	4 in cell(r,c): (1,9)
	5 in cell(r,c): (1,9)
	9 in cell(r,c): (1,9)
hidden double 6 7 found in cells(r,c)/(r,c): (1,8)/(1,9); via box
clears:
STEP: 5
+-------------+-------------+-------------+
| 12  123  23 | 12  123     |             |
|  5          |      5   5  | 45    6   6 |
|  8   8      |   9   9   9 |  89 7   7   |
| *** 123 *** | *** 123 *** |      23   3 |
| *9*     *4* | *6*  5  *7* |  5   5   5  |
| ***  8  *** | ***     *** |  8          |
|  2  *** *** | ***  23 *** | ***  23   3 |
|  5  *7* *6* | *8*  5  *4* | *1*  5   5  |
|     *** *** | ***   9 *** | ***   9   9 |
+-------------+-------------+-------------+
| ***  2  *** | ***  2  *** |     ***     |
| *3* 4 6 *9* | *7* 456 *1* | 45  *8* 456 |
| ***     *** | ***     *** |     ***     |
| ***  2  *** |  2   2      | ***     *** |
| *7* 4 6 *8* |     456  56 | *3* 456 *1* |
| ***     *** |   9   9   9 | ***   9 *** |
|     *** *** | ***     *** | ***     *** |
| 4 6 *5* *1* | *3* 4 6 *8* | *7* 4 6 *2* |
|     *** *** | ***   9 *** | ***   9 *** |
+-------------+-------------+-------------+
|       3 *** | ***     *** | *** ***   3 |
| 4   4   *7* | *5*     *2* | *6* *1* 4   |
|  8   89 *** | ***  89 *** | *** ***   9 |
| 1   1   *** | *** 1   *** | ***     *** |
|   6   6 *5* | *4*   6 *3* | *2*     *8* |
|       9 *** | *** 7 9 *** | *** 7 9 *** |
| 12  123  23 | 1   1       |       3   3 |
| 4 6 4 6     |       6   6 | 45  45  45  |
|  8   89     |   9 789   9 |   9 7 9 7 9 |
+-------------+-------------+-------------+
****************************************************************************

hidden single 4 found in cell(r,c): (1,7); via row
STEP: 6
+-------------+-------------+-------------+
| 12  123  23 | 12  123     | ***         |
|  5          |      5   5  | *4*   6   6 |
|  8   8      |   9   9   9 | *** 7   7   |
| *** 123 *** | *** 123 *** |      23   3 |
| *9*     *4* | *6*  5  *7* |  5   5   5  |
| ***  8  *** | ***     *** |  8          |
|  2  *** *** | ***  23 *** | ***  23   3 |
|  5  *7* *6* | *8*  5  *4* | *1*  5   5  |
|     *** *** | ***   9 *** | ***   9   9 |
+-------------+-------------+-------------+
| ***  2  *** | ***  2  *** |     ***     |
| *3* 4 6 *9* | *7* 456 *1* |  5  *8* 456 |
| ***     *** | ***     *** |     ***     |
| ***  2  *** |  2   2      | ***     *** |
| *7* 4 6 *8* |     456  56 | *3* 456 *1* |
| ***     *** |   9   9   9 | ***   9 *** |
|     *** *** | ***     *** | ***     *** |
| 4 6 *5* *1* | *3* 4 6 *8* | *7* 4 6 *2* |
|     *** *** | ***   9 *** | ***   9 *** |
+-------------+-------------+-------------+
|       3 *** | ***     *** | *** ***   3 |
| 4   4   *7* | *5*     *2* | *6* *1* 4   |
|  8   89 *** | ***  89 *** | *** ***   9 |
| 1   1   *** | *** 1   *** | ***     *** |
|   6   6 *5* | *4*   6 *3* | *2*     *8* |
|       9 *** | *** 7 9 *** | *** 7 9 *** |
| 12  123  23 | 1   1       |       3   3 |
| 4 6 4 6     |       6   6 |  5  45  45  |
|  8   89     |   9 789   9 |   9 7 9 7 9 |
+-------------+-------------+-------------+
****************************************************************************

naked single 5 found in cell(r,c): (4,7)
STEP: 7
+-------------+-------------+-------------+
| 12  123  23 | 12  123     | ***         |
|  5          |      5   5  | *4*   6   6 |
|  8   8      |   9   9   9 | *** 7   7   |
| *** 123 *** | *** 123 *** |      23   3 |
| *9*     *4* | *6*  5  *7* |      5   5  |
| ***  8  *** | ***     *** |  8          |
|  2  *** *** | ***  23 *** | ***  23   3 |
|  5  *7* *6* | *8*  5  *4* | *1*  5   5  |
|     *** *** | ***   9 *** | ***   9   9 |
+-------------+-------------+-------------+
| ***  2  *** | ***  2  *** | *** ***     |
| *3* 4 6 *9* | *7* 4 6 *1* | *5* *8* 4 6 |
| ***     *** | ***     *** | *** ***     |
| ***  2  *** |  2   2      | ***     *** |
| *7* 4 6 *8* |     456  56 | *3* 4 6 *1* |
| ***     *** |   9   9   9 | ***   9 *** |
|     *** *** | ***     *** | ***     *** |
| 4 6 *5* *1* | *3* 4 6 *8* | *7* 4 6 *2* |
|     *** *** | ***   9 *** | ***   9 *** |
+-------------+-------------+-------------+
|       3 *** | ***     *** | *** ***   3 |
| 4   4   *7* | *5*     *2* | *6* *1* 4   |
|  8   89 *** | ***  89 *** | *** ***   9 |
| 1   1   *** | *** 1   *** | ***     *** |
|   6   6 *5* | *4*   6 *3* | *2*     *8* |
|       9 *** | *** 7 9 *** | *** 7 9 *** |
| 12  123  23 | 1   1       |       3   3 |
| 4 6 4 6     |       6   6 |     45  45  |
|  8   89     |   9 789   9 |   9 7 9 7 9 |
+-------------+-------------+-------------+
****************************************************************************

naked single 8 found in cell(r,c): (2,7)
STEP: 8
+-------------+-------------+-------------+
| 12  123  23 | 12  123     | ***         |
|  5          |      5   5  | *4*   6   6 |
|  8   8      |   9   9   9 | *** 7   7   |
| *** 123 *** | *** 123 *** | ***  23   3 |
| *9*     *4* | *6*  5  *7* | *8*  5   5  |
| ***     *** | ***     *** | ***         |
|  2  *** *** | ***  23 *** | ***  23   3 |
|  5  *7* *6* | *8*  5  *4* | *1*  5   5  |
|     *** *** | ***   9 *** | ***   9   9 |
+-------------+-------------+-------------+
| ***  2  *** | ***  2  *** | *** ***     |
| *3* 4 6 *9* | *7* 4 6 *1* | *5* *8* 4 6 |
| ***     *** | ***     *** | *** ***     |
| ***  2  *** |  2   2      | ***     *** |
| *7* 4 6 *8* |     456  56 | *3* 4 6 *1* |
| ***     *** |   9   9   9 | ***   9 *** |
|     *** *** | ***     *** | ***     *** |
| 4 6 *5* *1* | *3* 4 6 *8* | *7* 4 6 *2* |
|     *** *** | ***   9 *** | ***   9 *** |
+-------------+-------------+-------------+
|       3 *** | ***     *** | *** ***   3 |
| 4   4   *7* | *5*     *2* | *6* *1* 4   |
|  8   89 *** | ***  89 *** | *** ***   9 |
| 1   1   *** | *** 1   *** | ***     *** |
|   6   6 *5* | *4*   6 *3* | *2*     *8* |
|       9 *** | *** 7 9 *** | *** 7 9 *** |
| 12  123  23 | 1   1       |       3   3 |
| 4 6 4 6     |       6   6 |     45  45  |
|  8   89     |   9 789   9 |   9 7 9 7 9 |
+-------------+-------------+-------------+
****************************************************************************

naked single 9 found in cell(r,c): (9,7)
STEP: 9
+-------------+-------------+-------------+
| 12  123  23 | 12  123     | ***         |
|  5          |      5   5  | *4*   6   6 |
|  8   8      |   9   9   9 | *** 7   7   |
| *** 123 *** | *** 123 *** | ***  23   3 |
| *9*     *4* | *6*  5  *7* | *8*  5   5  |
| ***     *** | ***     *** | ***         |
|  2  *** *** | ***  23 *** | ***  23   3 |
|  5  *7* *6* | *8*  5  *4* | *1*  5   5  |
|     *** *** | ***   9 *** | ***   9   9 |
+-------------+-------------+-------------+
| ***  2  *** | ***  2  *** | *** ***     |
| *3* 4 6 *9* | *7* 4 6 *1* | *5* *8* 4 6 |
| ***     *** | ***     *** | *** ***     |
| ***  2  *** |  2   2      | ***     *** |
| *7* 4 6 *8* |     456  56 | *3* 4 6 *1* |
| ***     *** |   9   9   9 | ***   9 *** |
|     *** *** | ***     *** | ***     *** |
| 4 6 *5* *1* | *3* 4 6 *8* | *7* 4 6 *2* |
|     *** *** | ***   9 *** | ***   9 *** |
+-------------+-------------+-------------+
|       3 *** | ***     *** | *** ***   3 |
| 4   4   *7* | *5*     *2* | *6* *1* 4   |
|  8   89 *** | ***  89 *** | *** ***     |
| 1   1   *** | *** 1   *** | ***     *** |
|   6   6 *5* | *4*   6 *3* | *2*     *8* |
|       9 *** | *** 7 9 *** | *** 7   *** |
| 12  123  23 | 1   1       | ***   3   3 |
| 4 6 4 6     |       6   6 | *9* 45  45  |
|  8   8      |     78      | *** 7   7   |
+-------------+-------------+-------------+
****************************************************************************

naked single 7 found in cell(r,c): (8,8)
STEP: 10
+-------------+-------------+-------------+
| 12  123  23 | 12  123     | ***         |
|  5          |      5   5  | *4*   6   6 |
|  8   8      |   9   9   9 | ***     7   |
| *** 123 *** | *** 123 *** | ***  23   3 |
| *9*     *4* | *6*  5  *7* | *8*  5   5  |
| ***     *** | ***     *** | ***         |
|  2  *** *** | ***  23 *** | ***  23   3 |
|  5  *7* *6* | *8*  5  *4* | *1*  5   5  |
|     *** *** | ***   9 *** | ***   9   9 |
+-------------+-------------+-------------+
| ***  2  *** | ***  2  *** | *** ***     |
| *3* 4 6 *9* | *7* 4 6 *1* | *5* *8* 4 6 |
| ***     *** | ***     *** | *** ***     |
| ***  2  *** |  2   2      | ***     *** |
| *7* 4 6 *8* |     456  56 | *3* 4 6 *1* |
| ***     *** |   9   9   9 | ***   9 *** |
|     *** *** | ***     *** | ***     *** |
| 4 6 *5* *1* | *3* 4 6 *8* | *7* 4 6 *2* |
|     *** *** | ***   9 *** | ***   9 *** |
+-------------+-------------+-------------+
|       3 *** | ***     *** | *** ***   3 |
| 4   4   *7* | *5*     *2* | *6* *1* 4   |
|  8   89 *** | ***  89 *** | *** ***     |
| 1   1   *** | *** 1   *** | *** *** *** |
|   6   6 *5* | *4*   6 *3* | *2* *7* *8* |
|       9 *** | ***   9 *** | *** *** *** |
| 12  123  23 | 1   1       | ***   3   3 |
| 4 6 4 6     |       6   6 | *9* 45  45  |
|  8   8      |     78      | ***         |
+-------------+-------------+-------------+
****************************************************************************

naked single 6 found in cell(r,c): (1,8)
STEP: 11
+-------------+-------------+-------------+
| 12  123  23 | 12  123     | *** ***     |
|  5          |      5   5  | *4* *6*     |
|  8   8      |   9   9   9 | *** *** 7   |
| *** 123 *** | *** 123 *** | ***  23   3 |
| *9*     *4* | *6*  5  *7* | *8*  5   5  |
| ***     *** | ***     *** | ***         |
|  2  *** *** | ***  23 *** | ***  23   3 |
|  5  *7* *6* | *8*  5  *4* | *1*  5   5  |
|     *** *** | ***   9 *** | ***   9   9 |
+-------------+-------------+-------------+
| ***  2  *** | ***  2  *** | *** ***     |
| *3* 4 6 *9* | *7* 4 6 *1* | *5* *8* 4 6 |
| ***     *** | ***     *** | *** ***     |
| ***  2  *** |  2   2      | ***     *** |
| *7* 4 6 *8* |     456  56 | *3* 4   *1* |
| ***     *** |   9   9   9 | ***   9 *** |
|     *** *** | ***     *** | ***     *** |
| 4 6 *5* *1* | *3* 4 6 *8* | *7* 4   *2* |
|     *** *** | ***   9 *** | ***   9 *** |
+-------------+-------------+-------------+
|       3 *** | ***     *** | *** ***   3 |
| 4   4   *7* | *5*     *2* | *6* *1* 4   |
|  8   89 *** | ***  89 *** | *** ***     |
| 1   1   *** | *** 1   *** | *** *** *** |
|   6   6 *5* | *4*   6 *3* | *2* *7* *8* |
|       9 *** | ***   9 *** | *** *** *** |
| 12  123  23 | 1   1       | ***   3   3 |
| 4 6 4 6     |       6   6 | *9* 45  45  |
|  8   8      |     78      | ***         |
+-------------+-------------+-------------+
****************************************************************************

naked single 7 found in cell(r,c): (1,9)
STEP: 12
+-------------+-------------+-------------+
| 12  123  23 | 12  123     | *** *** *** |
|  5          |      5   5  | *4* *6* *7* |
|  8   8      |   9   9   9 | *** *** *** |
| *** 123 *** | *** 123 *** | ***  23   3 |
| *9*     *4* | *6*  5  *7* | *8*  5   5  |
| ***     *** | ***     *** | ***         |
|  2  *** *** | ***  23 *** | ***  23   3 |
|  5  *7* *6* | *8*  5  *4* | *1*  5   5  |
|     *** *** | ***   9 *** | ***   9   9 |
+-------------+-------------+-------------+
| ***  2  *** | ***  2  *** | *** ***     |
| *3* 4 6 *9* | *7* 4 6 *1* | *5* *8* 4 6 |
| ***     *** | ***     *** | *** ***     |
| ***  2  *** |  2   2      | ***     *** |
| *7* 4 6 *8* |     456  56 | *3* 4   *1* |
| ***     *** |   9   9   9 | ***   9 *** |
|     *** *** | ***     *** | ***     *** |
| 4 6 *5* *1* | *3* 4 6 *8* | *7* 4   *2* |
|     *** *** | ***   9 *** | ***   9 *** |
+-------------+-------------+-------------+
|       3 *** | ***     *** | *** ***   3 |
| 4   4   *7* | *5*     *2* | *6* *1* 4   |
|  8   89 *** | ***  89 *** | *** ***     |
| 1   1   *** | *** 1   *** | *** *** *** |
|   6   6 *5* | *4*   6 *3* | *2* *7* *8* |
|       9 *** | ***   9 *** | *** *** *** |
| 12  123  23 | 1   1       | ***   3   3 |
| 4 6 4 6     |       6   6 | *9* 45  45  |
|  8   8      |     78      | ***         |
+-------------+-------------+-------------+
****************************************************************************

naked single 1 found in cell(r,c): (9,4)
STEP: 13
+-------------+-------------+-------------+
| 12  123  23 |  2  123     | *** *** *** |
|  5          |      5   5  | *4* *6* *7* |
|  8   8      |   9   9   9 | *** *** *** |
| *** 123 *** | *** 123 *** | ***  23   3 |
| *9*     *4* | *6*  5  *7* | *8*  5   5  |
| ***     *** | ***     *** | ***         |
|  2  *** *** | ***  23 *** | ***  23   3 |
|  5  *7* *6* | *8*  5  *4* | *1*  5   5  |
|     *** *** | ***   9 *** | ***   9   9 |
+-------------+-------------+-------------+
| ***  2  *** | ***  2  *** | *** ***     |
| *3* 4 6 *9* | *7* 4 6 *1* | *5* *8* 4 6 |
| ***     *** | ***     *** | *** ***     |
| ***  2  *** |  2   2      | ***     *** |
| *7* 4 6 *8* |     456  56 | *3* 4   *1* |
| ***     *** |   9   9   9 | ***   9 *** |
|     *** *** | ***     *** | ***     *** |
| 4 6 *5* *1* | *3* 4 6 *8* | *7* 4   *2* |
|     *** *** | ***   9 *** | ***   9 *** |
+-------------+-------------+-------------+
|       3 *** | ***     *** | *** ***   3 |
| 4   4   *7* | *5*     *2* | *6* *1* 4   |
|  8   89 *** | ***  89 *** | *** ***     |
| 1   1   *** | ***     *** | *** *** *** |
|   6   6 *5* | *4*   6 *3* | *2* *7* *8* |
|       9 *** | ***   9 *** | *** *** *** |
|  2   23  23 | ***         | ***   3   3 |
| 4 6 4 6     | *1*   6   6 | *9* 45  45  |
|  8   8      | *** 78      | ***         |
+-------------+-------------+-------------+
****************************************************************************

naked single 6 found in cell(r,c): (9,6)
STEP: 14
+-------------+-------------+-------------+
| 12  123  23 |  2  123     | *** *** *** |
|  5          |      5   5  | *4* *6* *7* |
|  8   8      |   9   9   9 | *** *** *** |
| *** 123 *** | *** 123 *** | ***  23   3 |
| *9*     *4* | *6*  5  *7* | *8*  5   5  |
| ***     *** | ***     *** | ***         |
|  2  *** *** | ***  23 *** | ***  23   3 |
|  5  *7* *6* | *8*  5  *4* | *1*  5   5  |
|     *** *** | ***   9 *** | ***   9   9 |
+-------------+-------------+-------------+
| ***  2  *** | ***  2  *** | *** ***     |
| *3* 4 6 *9* | *7* 4 6 *1* | *5* *8* 4 6 |
| ***     *** | ***     *** | *** ***     |
| ***  2  *** |  2   2      | ***     *** |
| *7* 4 6 *8* |     456  5  | *3* 4   *1* |
| ***     *** |   9   9   9 | ***   9 *** |
|     *** *** | ***     *** | ***     *** |
| 4 6 *5* *1* | *3* 4 6 *8* | *7* 4   *2* |
|     *** *** | ***   9 *** | ***   9 *** |
+-------------+-------------+-------------+
|       3 *** | ***     *** | *** ***   3 |
| 4   4   *7* | *5*     *2* | *6* *1* 4   |
|  8   89 *** | ***  89 *** | *** ***     |
| 1   1   *** | ***     *** | *** *** *** |
|   6   6 *5* | *4*     *3* | *2* *7* *8* |
|       9 *** | ***   9 *** | *** *** *** |
|  2   23  23 | ***     *** | ***   3   3 |
| 4   4       | *1*     *6* | *9* 45  45  |
|  8   8      | *** 78  *** | ***         |
+-------------+-------------+-------------+
****************************************************************************

naked single 9 found in cell(r,c): (8,5)
STEP: 15
+-------------+-------------+-------------+
| 12  123  23 |  2  123     | *** *** *** |
|  5          |      5   5  | *4* *6* *7* |
|  8   8      |   9       9 | *** *** *** |
| *** 123 *** | *** 123 *** | ***  23   3 |
| *9*     *4* | *6*  5  *7* | *8*  5   5  |
| ***     *** | ***     *** | ***         |
|  2  *** *** | ***  23 *** | ***  23   3 |
|  5  *7* *6* | *8*  5  *4* | *1*  5   5  |
|     *** *** | ***     *** | ***   9   9 |
+-------------+-------------+-------------+
| ***  2  *** | ***  2  *** | *** ***     |
| *3* 4 6 *9* | *7* 4 6 *1* | *5* *8* 4 6 |
| ***     *** | ***     *** | *** ***     |
| ***  2  *** |  2   2      | ***     *** |
| *7* 4 6 *8* |     456  5  | *3* 4   *1* |
| ***     *** |   9       9 | ***   9 *** |
|     *** *** | ***     *** | ***     *** |
| 4 6 *5* *1* | *3* 4 6 *8* | *7* 4   *2* |
|     *** *** | ***     *** | ***   9 *** |
+-------------+-------------+-------------+
|       3 *** | ***     *** | *** ***   3 |
| 4   4   *7* | *5*     *2* | *6* *1* 4   |
|  8   89 *** | ***  8  *** | *** ***     |
| 1   1   *** | *** *** *** | *** *** *** |
|   6   6 *5* | *4* *9* *3* | *2* *7* *8* |
|         *** | *** *** *** | *** *** *** |
|  2   23  23 | ***     *** | ***   3   3 |
| 4   4       | *1*     *6* | *9* 45  45  |
|  8   8      | *** 78  *** | ***         |
+-------------+-------------+-------------+
****************************************************************************

naked single 8 found in cell(r,c): (7,5)
STEP: 16
+-------------+-------------+-------------+
| 12  123  23 |  2  123     | *** *** *** |
|  5          |      5   5  | *4* *6* *7* |
|  8   8      |   9       9 | *** *** *** |
| *** 123 *** | *** 123 *** | ***  23   3 |
| *9*     *4* | *6*  5  *7* | *8*  5   5  |
| ***     *** | ***     *** | ***         |
|  2  *** *** | ***  23 *** | ***  23   3 |
|  5  *7* *6* | *8*  5  *4* | *1*  5   5  |
|     *** *** | ***     *** | ***   9   9 |
+-------------+-------------+-------------+
| ***  2  *** | ***  2  *** | *** ***     |
| *3* 4 6 *9* | *7* 4 6 *1* | *5* *8* 4 6 |
| ***     *** | ***     *** | *** ***     |
| ***  2  *** |  2   2      | ***     *** |
| *7* 4 6 *8* |     456  5  | *3* 4   *1* |
| ***     *** |   9       9 | ***   9 *** |
|     *** *** | ***     *** | ***     *** |
| 4 6 *5* *1* | *3* 4 6 *8* | *7* 4   *2* |
|     *** *** | ***     *** | ***   9 *** |
+-------------+-------------+-------------+
|       3 *** | *** *** *** | *** ***   3 |
| 4   4   *7* | *5* *8* *2* | *6* *1* 4   |
|       9 *** | *** *** *** | *** ***     |
| 1   1   *** | *** *** *** | *** *** *** |
|   6   6 *5* | *4* *9* *3* | *2* *7* *8* |
|         *** | *** *** *** | *** *** *** |
|  2   23  23 | ***     *** | ***   3   3 |
| 4   4       | *1*     *6* | *9* 45  45  |
|  8   8      | *** 7   *** | ***         |
+-------------+-------------+-------------+
****************************************************************************

naked single 4 found in cell(r,c): (7,1)
STEP: 17
+-------------+-------------+-------------+
| 12  123  23 |  2  123     | *** *** *** |
|  5          |      5   5  | *4* *6* *7* |
|  8   8      |   9       9 | *** *** *** |
| *** 123 *** | *** 123 *** | ***  23   3 |
| *9*     *4* | *6*  5  *7* | *8*  5   5  |
| ***     *** | ***     *** | ***         |
|  2  *** *** | ***  23 *** | ***  23   3 |
|  5  *7* *6* | *8*  5  *4* | *1*  5   5  |
|     *** *** | ***     *** | ***   9   9 |
+-------------+-------------+-------------+
| ***  2  *** | ***  2  *** | *** ***     |
| *3* 4 6 *9* | *7* 4 6 *1* | *5* *8* 4 6 |
| ***     *** | ***     *** | *** ***     |
| ***  2  *** |  2   2      | ***     *** |
| *7* 4 6 *8* |     456  5  | *3* 4   *1* |
| ***     *** |   9       9 | ***   9 *** |
|     *** *** | ***     *** | ***     *** |
|   6 *5* *1* | *3* 4 6 *8* | *7* 4   *2* |
|     *** *** | ***     *** | ***   9 *** |
+-------------+-------------+-------------+
| ***   3 *** | *** *** *** | *** ***   3 |
| *4*     *7* | *5* *8* *2* | *6* *1*     |
| ***   9 *** | *** *** *** | *** ***     |
| 1   1   *** | *** *** *** | *** *** *** |
|   6   6 *5* | *4* *9* *3* | *2* *7* *8* |
|         *** | *** *** *** | *** *** *** |
|  2   23  23 | ***     *** | ***   3   3 |
|             | *1*     *6* | *9* 45  45  |
|  8   8      | *** 7   *** | ***         |
+-------------+-------------+-------------+
****************************************************************************

naked single 6 found in cell(r,c): (6,1)
STEP: 18
+-------------+-------------+-------------+
| 12  123  23 |  2  123     | *** *** *** |
|  5          |      5   5  | *4* *6* *7* |
|  8   8      |   9       9 | *** *** *** |
| *** 123 *** | *** 123 *** | ***  23   3 |
| *9*     *4* | *6*  5  *7* | *8*  5   5  |
| ***     *** | ***     *** | ***         |
|  2  *** *** | ***  23 *** | ***  23   3 |
|  5  *7* *6* | *8*  5  *4* | *1*  5   5  |
|     *** *** | ***     *** | ***   9   9 |
+-------------+-------------+-------------+
| ***  2  *** | ***  2  *** | *** ***     |
| *3* 4   *9* | *7* 4 6 *1* | *5* *8* 4 6 |
| ***     *** | ***     *** | *** ***     |
| ***  2  *** |  2   2      | ***     *** |
| *7* 4   *8* |     456  5  | *3* 4   *1* |
| ***     *** |   9       9 | ***   9 *** |
| *** *** *** | ***     *** | ***     *** |
| *6* *5* *1* | *3* 4   *8* | *7* 4   *2* |
| *** *** *** | ***     *** | ***   9 *** |
+-------------+-------------+-------------+
| ***   3 *** | *** *** *** | *** ***   3 |
| *4*     *7* | *5* *8* *2* | *6* *1*     |
| ***   9 *** | *** *** *** | *** ***     |
| 1   1   *** | *** *** *** | *** *** *** |
|       6 *5* | *4* *9* *3* | *2* *7* *8* |
|         *** | *** *** *** | *** *** *** |
|  2   23  23 | ***     *** | ***   3   3 |
|             | *1*     *6* | *9* 45  45  |
|  8   8      | *** 7   *** | ***         |
+-------------+-------------+-------------+
****************************************************************************

naked single 4 found in cell(r,c): (6,5)
STEP: 19
+-------------+-------------+-------------+
| 12  123  23 |  2  123     | *** *** *** |
|  5          |      5   5  | *4* *6* *7* |
|  8   8      |   9       9 | *** *** *** |
| *** 123 *** | *** 123 *** | ***  23   3 |
| *9*     *4* | *6*  5  *7* | *8*  5   5  |
| ***     *** | ***     *** | ***         |
|  2  *** *** | ***  23 *** | ***  23   3 |
|  5  *7* *6* | *8*  5  *4* | *1*  5   5  |
|     *** *** | ***     *** | ***   9   9 |
+-------------+-------------+-------------+
| ***  2  *** | ***  2  *** | *** ***     |
| *3* 4   *9* | *7*   6 *1* | *5* *8* 4 6 |
| ***     *** | ***     *** | *** ***     |
| ***  2  *** |  2   2      | ***     *** |
| *7* 4   *8* |      56  5  | *3* 4   *1* |
| ***     *** |   9       9 | ***   9 *** |
| *** *** *** | *** *** *** | ***     *** |
| *6* *5* *1* | *3* *4* *8* | *7*     *2* |
| *** *** *** | *** *** *** | ***   9 *** |
+-------------+-------------+-------------+
| ***   3 *** | *** *** *** | *** ***   3 |
| *4*     *7* | *5* *8* *2* | *6* *1*     |
| ***   9 *** | *** *** *** | *** ***     |
| 1   1   *** | *** *** *** | *** *** *** |
|       6 *5* | *4* *9* *3* | *2* *7* *8* |
|         *** | *** *** *** | *** *** *** |
|  2   23  23 | ***     *** | ***   3   3 |
|             | *1*     *6* | *9* 45  45  |
|  8   8      | *** 7   *** | ***         |
+-------------+-------------+-------------+
****************************************************************************

naked single 9 found in cell(r,c): (6,8)
STEP: 20
+-------------+-------------+-------------+
| 12  123  23 |  2  123     | *** *** *** |
|  5          |      5   5  | *4* *6* *7* |
|  8   8      |   9       9 | *** *** *** |
| *** 123 *** | *** 123 *** | ***  23   3 |
| *9*     *4* | *6*  5  *7* | *8*  5   5  |
| ***     *** | ***     *** | ***         |
|  2  *** *** | ***  23 *** | ***  23   3 |
|  5  *7* *6* | *8*  5  *4* | *1*  5   5  |
|     *** *** | ***     *** | ***       9 |
+-------------+-------------+-------------+
| ***  2  *** | ***  2  *** | *** ***     |
| *3* 4   *9* | *7*   6 *1* | *5* *8* 4 6 |
| ***     *** | ***     *** | *** ***     |
| ***  2  *** |  2   2      | ***     *** |
| *7* 4   *8* |      56  5  | *3* 4   *1* |
| ***     *** |   9       9 | ***     *** |
| *** *** *** | *** *** *** | *** *** *** |
| *6* *5* *1* | *3* *4* *8* | *7* *9* *2* |
| *** *** *** | *** *** *** | *** *** *** |
+-------------+-------------+-------------+
| ***   3 *** | *** *** *** | *** ***   3 |
| *4*     *7* | *5* *8* *2* | *6* *1*     |
| ***   9 *** | *** *** *** | *** ***     |
| 1   1   *** | *** *** *** | *** *** *** |
|       6 *5* | *4* *9* *3* | *2* *7* *8* |
|         *** | *** *** *** | *** *** *** |
|  2   23  23 | ***     *** | ***   3   3 |
|             | *1*     *6* | *9* 45  45  |
|  8   8      | *** 7   *** | ***         |
+-------------+-------------+-------------+
****************************************************************************

naked single 4 found in cell(r,c): (5,8)
STEP: 21
+-------------+-------------+-------------+
| 12  123  23 |  2  123     | *** *** *** |
|  5          |      5   5  | *4* *6* *7* |
|  8   8      |   9       9 | *** *** *** |
| *** 123 *** | *** 123 *** | ***  23   3 |
| *9*     *4* | *6*  5  *7* | *8*  5   5  |
| ***     *** | ***     *** | ***         |
|  2  *** *** | ***  23 *** | ***  23   3 |
|  5  *7* *6* | *8*  5  *4* | *1*  5   5  |
|     *** *** | ***     *** | ***       9 |
+-------------+-------------+-------------+
| ***  2  *** | ***  2  *** | *** ***     |
| *3* 4   *9* | *7*   6 *1* | *5* *8*   6 |
| ***     *** | ***     *** | *** ***     |
| ***  2  *** |  2   2      | *** *** *** |
| *7*     *8* |      56  5  | *3* *4* *1* |
| ***     *** |   9       9 | *** *** *** |
| *** *** *** | *** *** *** | *** *** *** |
| *6* *5* *1* | *3* *4* *8* | *7* *9* *2* |
| *** *** *** | *** *** *** | *** *** *** |
+-------------+-------------+-------------+
| ***   3 *** | *** *** *** | *** ***   3 |
| *4*     *7* | *5* *8* *2* | *6* *1*     |
| ***   9 *** | *** *** *** | *** ***     |
| 1   1   *** | *** *** *** | *** *** *** |
|       6 *5* | *4* *9* *3* | *2* *7* *8* |
|         *** | *** *** *** | *** *** *** |
|  2   23  23 | ***     *** | ***   3   3 |
|             | *1*     *6* | *9*  5  45  |
|  8   8      | *** 7   *** | ***         |
+-------------+-------------+-------------+
****************************************************************************

naked single 6 found in cell(r,c): (4,9)
STEP: 22
+-------------+-------------+-------------+
| 12  123  23 |  2  123     | *** *** *** |
|  5          |      5   5  | *4* *6* *7* |
|  8   8      |   9       9 | *** *** *** |
| *** 123 *** | *** 123 *** | ***  23   3 |
| *9*     *4* | *6*  5  *7* | *8*  5   5  |
| ***     *** | ***     *** | ***         |
|  2  *** *** | ***  23 *** | ***  23   3 |
|  5  *7* *6* | *8*  5  *4* | *1*  5   5  |
|     *** *** | ***     *** | ***       9 |
+-------------+-------------+-------------+
| ***  2  *** | ***  2  *** | *** *** *** |
| *3* 4   *9* | *7*     *1* | *5* *8* *6* |
| ***     *** | ***     *** | *** *** *** |
| ***  2  *** |  2   2      | *** *** *** |
| *7*     *8* |      56  5  | *3* *4* *1* |
| ***     *** |   9       9 | *** *** *** |
| *** *** *** | *** *** *** | *** *** *** |
| *6* *5* *1* | *3* *4* *8* | *7* *9* *2* |
| *** *** *** | *** *** *** | *** *** *** |
+-------------+-------------+-------------+
| ***   3 *** | *** *** *** | *** ***   3 |
| *4*     *7* | *5* *8* *2* | *6* *1*     |
| ***   9 *** | *** *** *** | *** ***     |
| 1   1   *** | *** *** *** | *** *** *** |
|       6 *5* | *4* *9* *3* | *2* *7* *8* |
|         *** | *** *** *** | *** *** *** |
|  2   23  23 | ***     *** | ***   3   3 |
|             | *1*     *6* | *9*  5  45  |
|  8   8      | *** 7   *** | ***         |
+-------------+-------------+-------------+
****************************************************************************

naked single 2 found in cell(r,c): (4,5)
STEP: 23
+-------------+-------------+-------------+
| 12  123  23 |  2  1 3     | *** *** *** |
|  5          |      5   5  | *4* *6* *7* |
|  8   8      |   9       9 | *** *** *** |
| *** 123 *** | *** 1 3 *** | ***  23   3 |
| *9*     *4* | *6*  5  *7* | *8*  5   5  |
| ***     *** | ***     *** | ***         |
|  2  *** *** | ***   3 *** | ***  23   3 |
|  5  *7* *6* | *8*  5  *4* | *1*  5   5  |
|     *** *** | ***     *** | ***       9 |
+-------------+-------------+-------------+
| ***     *** | *** *** *** | *** *** *** |
| *3* 4   *9* | *7* *2* *1* | *5* *8* *6* |
| ***     *** | *** *** *** | *** *** *** |
| ***  2  *** |             | *** *** *** |
| *7*     *8* |      56  5  | *3* *4* *1* |
| ***     *** |   9       9 | *** *** *** |
| *** *** *** | *** *** *** | *** *** *** |
| *6* *5* *1* | *3* *4* *8* | *7* *9* *2* |
| *** *** *** | *** *** *** | *** *** *** |
+-------------+-------------+-------------+
| ***   3 *** | *** *** *** | *** ***   3 |
| *4*     *7* | *5* *8* *2* | *6* *1*     |
| ***   9 *** | *** *** *** | *** ***     |
| 1   1   *** | *** *** *** | *** *** *** |
|       6 *5* | *4* *9* *3* | *2* *7* *8* |
|         *** | *** *** *** | *** *** *** |
|  2   23  23 | ***     *** | ***   3   3 |
|             | *1*     *6* | *9*  5  45  |
|  8   8      | *** 7   *** | ***         |
+-------------+-------------+-------------+
****************************************************************************

naked single 4 found in cell(r,c): (4,2)
STEP: 24
+-------------+-------------+-------------+
| 12  123  23 |  2  1 3     | *** *** *** |
|  5          |      5   5  | *4* *6* *7* |
|  8   8      |   9       9 | *** *** *** |
| *** 123 *** | *** 1 3 *** | ***  23   3 |
| *9*     *4* | *6*  5  *7* | *8*  5   5  |
| ***     *** | ***     *** | ***         |
|  2  *** *** | ***   3 *** | ***  23   3 |
|  5  *7* *6* | *8*  5  *4* | *1*  5   5  |
|     *** *** | ***     *** | ***       9 |
+-------------+-------------+-------------+
| *** *** *** | *** *** *** | *** *** *** |
| *3* *4* *9* | *7* *2* *1* | *5* *8* *6* |
| *** *** *** | *** *** *** | *** *** *** |
| ***  2  *** |             | *** *** *** |
| *7*     *8* |      56  5  | *3* *4* *1* |
| ***     *** |   9       9 | *** *** *** |
| *** *** *** | *** *** *** | *** *** *** |
| *6* *5* *1* | *3* *4* *8* | *7* *9* *2* |
| *** *** *** | *** *** *** | *** *** *** |
+-------------+-------------+-------------+
| ***   3 *** | *** *** *** | *** ***   3 |
| *4*     *7* | *5* *8* *2* | *6* *1*     |
| ***   9 *** | *** *** *** | *** ***     |
| 1   1   *** | *** *** *** | *** *** *** |
|       6 *5* | *4* *9* *3* | *2* *7* *8* |
|         *** | *** *** *** | *** *** *** |
|  2   23  23 | ***     *** | ***   3   3 |
|             | *1*     *6* | *9*  5  45  |
|  8   8      | *** 7   *** | ***         |
+-------------+-------------+-------------+
****************************************************************************

naked single 2 found in cell(r,c): (5,2)
STEP: 25
+-------------+-------------+-------------+
| 12  1 3  23 |  2  1 3     | *** *** *** |
|  5          |      5   5  | *4* *6* *7* |
|  8   8      |   9       9 | *** *** *** |
| *** 1 3 *** | *** 1 3 *** | ***  23   3 |
| *9*     *4* | *6*  5  *7* | *8*  5   5  |
| ***     *** | ***     *** | ***         |
|  2  *** *** | ***   3 *** | ***  23   3 |
|  5  *7* *6* | *8*  5  *4* | *1*  5   5  |
|     *** *** | ***     *** | ***       9 |
+-------------+-------------+-------------+
| *** *** *** | *** *** *** | *** *** *** |
| *3* *4* *9* | *7* *2* *1* | *5* *8* *6* |
| *** *** *** | *** *** *** | *** *** *** |
| *** *** *** |             | *** *** *** |
| *7* *2* *8* |      56  5  | *3* *4* *1* |
| *** *** *** |   9       9 | *** *** *** |
| *** *** *** | *** *** *** | *** *** *** |
| *6* *5* *1* | *3* *4* *8* | *7* *9* *2* |
| *** *** *** | *** *** *** | *** *** *** |
+-------------+-------------+-------------+
| ***   3 *** | *** *** *** | *** ***   3 |
| *4*     *7* | *5* *8* *2* | *6* *1*     |
| ***   9 *** | *** *** *** | *** ***     |
| 1   1   *** | *** *** *** | *** *** *** |
|       6 *5* | *4* *9* *3* | *2* *7* *8* |
|         *** | *** *** *** | *** *** *** |
|  2    3  23 | ***     *** | ***   3   3 |
|             | *1*     *6* | *9*  5  45  |
|  8   8      | *** 7   *** | ***         |
+-------------+-------------+-------------+
****************************************************************************

naked single 9 found in cell(r,c): (5,4)
STEP: 26
+-------------+-------------+-------------+
| 12  1 3  23 |  2  1 3     | *** *** *** |
|  5          |      5   5  | *4* *6* *7* |
|  8   8      |           9 | *** *** *** |
| *** 1 3 *** | *** 1 3 *** | ***  23   3 |
| *9*     *4* | *6*  5  *7* | *8*  5   5  |
| ***     *** | ***     *** | ***         |
|  2  *** *** | ***   3 *** | ***  23   3 |
|  5  *7* *6* | *8*  5  *4* | *1*  5   5  |
|     *** *** | ***     *** | ***       9 |
+-------------+-------------+-------------+
| *** *** *** | *** *** *** | *** *** *** |
| *3* *4* *9* | *7* *2* *1* | *5* *8* *6* |
| *** *** *** | *** *** *** | *** *** *** |
| *** *** *** | ***         | *** *** *** |
| *7* *2* *8* | *9*  56  5  | *3* *4* *1* |
| *** *** *** | ***         | *** *** *** |
| *** *** *** | *** *** *** | *** *** *** |
| *6* *5* *1* | *3* *4* *8* | *7* *9* *2* |
| *** *** *** | *** *** *** | *** *** *** |
+-------------+-------------+-------------+
| ***   3 *** | *** *** *** | *** ***   3 |
| *4*     *7* | *5* *8* *2* | *6* *1*     |
| ***   9 *** | *** *** *** | *** ***     |
| 1   1   *** | *** *** *** | *** *** *** |
|       6 *5* | *4* *9* *3* | *2* *7* *8* |
|         *** | *** *** *** | *** *** *** |
|  2    3  23 | ***     *** | ***   3   3 |
|             | *1*     *6* | *9*  5  45  |
|  8   8      | *** 7   *** | ***         |
+-------------+-------------+-------------+
****************************************************************************

naked single 2 found in cell(r,c): (1,4)
STEP: 27
+-------------+-------------+-------------+
| 1   1 3   3 | *** 1 3     | *** *** *** |
|  5          | *2*  5   5  | *4* *6* *7* |
|  8   8      | ***       9 | *** *** *** |
| *** 1 3 *** | *** 1 3 *** | ***  23   3 |
| *9*     *4* | *6*  5  *7* | *8*  5   5  |
| ***     *** | ***     *** | ***         |
|  2  *** *** | ***   3 *** | ***  23   3 |
|  5  *7* *6* | *8*  5  *4* | *1*  5   5  |
|     *** *** | ***     *** | ***       9 |
+-------------+-------------+-------------+
| *** *** *** | *** *** *** | *** *** *** |
| *3* *4* *9* | *7* *2* *1* | *5* *8* *6* |
| *** *** *** | *** *** *** | *** *** *** |
| *** *** *** | ***         | *** *** *** |
| *7* *2* *8* | *9*  56  5  | *3* *4* *1* |
| *** *** *** | ***         | *** *** *** |
| *** *** *** | *** *** *** | *** *** *** |
| *6* *5* *1* | *3* *4* *8* | *7* *9* *2* |
| *** *** *** | *** *** *** | *** *** *** |
+-------------+-------------+-------------+
| ***   3 *** | *** *** *** | *** ***   3 |
| *4*     *7* | *5* *8* *2* | *6* *1*     |
| ***   9 *** | *** *** *** | *** ***     |
| 1   1   *** | *** *** *** | *** *** *** |
|       6 *5* | *4* *9* *3* | *2* *7* *8* |
|         *** | *** *** *** | *** *** *** |
|  2    3  23 | ***     *** | ***   3   3 |
|             | *1*     *6* | *9*  5  45  |
|  8   8      | *** 7   *** | ***         |
+-------------+-------------+-------------+
****************************************************************************

naked single 3 found in cell(r,c): (1,3)
STEP: 28
+-------------+-------------+-------------+
| 1   1   *** | *** 1       | *** *** *** |
|  5      *3* | *2*  5   5  | *4* *6* *7* |
|  8   8  *** | ***       9 | *** *** *** |
| *** 1   *** | *** 1 3 *** | ***  23   3 |
| *9*     *4* | *6*  5  *7* | *8*  5   5  |
| ***     *** | ***     *** | ***         |
|  2  *** *** | ***   3 *** | ***  23   3 |
|  5  *7* *6* | *8*  5  *4* | *1*  5   5  |
|     *** *** | ***     *** | ***       9 |
+-------------+-------------+-------------+
| *** *** *** | *** *** *** | *** *** *** |
| *3* *4* *9* | *7* *2* *1* | *5* *8* *6* |
| *** *** *** | *** *** *** | *** *** *** |
| *** *** *** | ***         | *** *** *** |
| *7* *2* *8* | *9*  56  5  | *3* *4* *1* |
| *** *** *** | ***         | *** *** *** |
| *** *** *** | *** *** *** | *** *** *** |
| *6* *5* *1* | *3* *4* *8* | *7* *9* *2* |
| *** *** *** | *** *** *** | *** *** *** |
+-------------+-------------+-------------+
| ***   3 *** | *** *** *** | *** ***   3 |
| *4*     *7* | *5* *8* *2* | *6* *1*     |
| ***   9 *** | *** *** *** | *** ***     |
| 1   1   *** | *** *** *** | *** *** *** |
|       6 *5* | *4* *9* *3* | *2* *7* *8* |
|         *** | *** *** *** | *** *** *** |
|  2    3  2  | ***     *** | ***   3   3 |
|             | *1*     *6* | *9*  5  45  |
|  8   8      | *** 7   *** | ***         |
+-------------+-------------+-------------+
****************************************************************************

naked single 1 found in cell(r,c): (2,2)
STEP: 29
+-------------+-------------+-------------+
|         *** | *** 1       | *** *** *** |
|  5      *3* | *2*  5   5  | *4* *6* *7* |
|  8   8  *** | ***       9 | *** *** *** |
| *** *** *** | ***   3 *** | ***  23   3 |
| *9* *1* *4* | *6*  5  *7* | *8*  5   5  |
| *** *** *** | ***     *** | ***         |
|  2  *** *** | ***   3 *** | ***  23   3 |
|  5  *7* *6* | *8*  5  *4* | *1*  5   5  |
|     *** *** | ***     *** | ***       9 |
+-------------+-------------+-------------+
| *** *** *** | *** *** *** | *** *** *** |
| *3* *4* *9* | *7* *2* *1* | *5* *8* *6* |
| *** *** *** | *** *** *** | *** *** *** |
| *** *** *** | ***         | *** *** *** |
| *7* *2* *8* | *9*  56  5  | *3* *4* *1* |
| *** *** *** | ***         | *** *** *** |
| *** *** *** | *** *** *** | *** *** *** |
| *6* *5* *1* | *3* *4* *8* | *7* *9* *2* |
| *** *** *** | *** *** *** | *** *** *** |
+-------------+-------------+-------------+
| ***   3 *** | *** *** *** | *** ***   3 |
| *4*     *7* | *5* *8* *2* | *6* *1*     |
| ***   9 *** | *** *** *** | *** ***     |
| 1       *** | *** *** *** | *** *** *** |
|       6 *5* | *4* *9* *3* | *2* *7* *8* |
|         *** | *** *** *** | *** *** *** |
|  2    3  2  | ***     *** | ***   3   3 |
|             | *1*     *6* | *9*  5  45  |
|  8   8      | *** 7   *** | ***         |
+-------------+-------------+-------------+
****************************************************************************

naked single 8 found in cell(r,c): (1,2)
STEP: 30
+-------------+-------------+-------------+
|     *** *** | *** 1       | *** *** *** |
|  5  *8* *3* | *2*  5   5  | *4* *6* *7* |
|     *** *** | ***       9 | *** *** *** |
| *** *** *** | ***   3 *** | ***  23   3 |
| *9* *1* *4* | *6*  5  *7* | *8*  5   5  |
| *** *** *** | ***     *** | ***         |
|  2  *** *** | ***   3 *** | ***  23   3 |
|  5  *7* *6* | *8*  5  *4* | *1*  5   5  |
|     *** *** | ***     *** | ***       9 |
+-------------+-------------+-------------+
| *** *** *** | *** *** *** | *** *** *** |
| *3* *4* *9* | *7* *2* *1* | *5* *8* *6* |
| *** *** *** | *** *** *** | *** *** *** |
| *** *** *** | ***         | *** *** *** |
| *7* *2* *8* | *9*  56  5  | *3* *4* *1* |
| *** *** *** | ***         | *** *** *** |
| *** *** *** | *** *** *** | *** *** *** |
| *6* *5* *1* | *3* *4* *8* | *7* *9* *2* |
| *** *** *** | *** *** *** | *** *** *** |
+-------------+-------------+-------------+
| ***   3 *** | *** *** *** | *** ***   3 |
| *4*     *7* | *5* *8* *2* | *6* *1*     |
| ***   9 *** | *** *** *** | *** ***     |
| 1       *** | *** *** *** | *** *** *** |
|       6 *5* | *4* *9* *3* | *2* *7* *8* |
|         *** | *** *** *** | *** *** *** |
|  2    3  2  | ***     *** | ***   3   3 |
|             | *1*     *6* | *9*  5  45  |
|  8          | *** 7   *** | ***         |
+-------------+-------------+-------------+
****************************************************************************

naked single 5 found in cell(r,c): (1,1)
STEP: 31
+-------------+-------------+-------------+
| *** *** *** | *** 1       | *** *** *** |
| *5* *8* *3* | *2*         | *4* *6* *7* |
| *** *** *** | ***       9 | *** *** *** |
| *** *** *** | ***   3 *** | ***  23   3 |
| *9* *1* *4* | *6*  5  *7* | *8*  5   5  |
| *** *** *** | ***     *** | ***         |
|  2  *** *** | ***   3 *** | ***  23   3 |
|     *7* *6* | *8*  5  *4* | *1*  5   5  |
|     *** *** | ***     *** | ***       9 |
+-------------+-------------+-------------+
| *** *** *** | *** *** *** | *** *** *** |
| *3* *4* *9* | *7* *2* *1* | *5* *8* *6* |
| *** *** *** | *** *** *** | *** *** *** |
| *** *** *** | ***         | *** *** *** |
| *7* *2* *8* | *9*  56  5  | *3* *4* *1* |
| *** *** *** | ***         | *** *** *** |
| *** *** *** | *** *** *** | *** *** *** |
| *6* *5* *1* | *3* *4* *8* | *7* *9* *2* |
| *** *** *** | *** *** *** | *** *** *** |
+-------------+-------------+-------------+
| ***   3 *** | *** *** *** | *** ***   3 |
| *4*     *7* | *5* *8* *2* | *6* *1*     |
| ***   9 *** | *** *** *** | *** ***     |
| 1       *** | *** *** *** | *** *** *** |
|       6 *5* | *4* *9* *3* | *2* *7* *8* |
|         *** | *** *** *** | *** *** *** |
|  2    3  2  | ***     *** | ***   3   3 |
|             | *1*     *6* | *9*  5  45  |
|  8          | *** 7   *** | ***         |
+-------------+-------------+-------------+
****************************************************************************

naked single 1 found in cell(r,c): (1,5)
STEP: 32
+-------------+-------------+-------------+
| *** *** *** | *** ***     | *** *** *** |
| *5* *8* *3* | *2* *1*     | *4* *6* *7* |
| *** *** *** | *** ***   9 | *** *** *** |
| *** *** *** | ***   3 *** | ***  23   3 |
| *9* *1* *4* | *6*  5  *7* | *8*  5   5  |
| *** *** *** | ***     *** | ***         |
|  2  *** *** | ***   3 *** | ***  23   3 |
|     *7* *6* | *8*  5  *4* | *1*  5   5  |
|     *** *** | ***     *** | ***       9 |
+-------------+-------------+-------------+
| *** *** *** | *** *** *** | *** *** *** |
| *3* *4* *9* | *7* *2* *1* | *5* *8* *6* |
| *** *** *** | *** *** *** | *** *** *** |
| *** *** *** | ***         | *** *** *** |
| *7* *2* *8* | *9*  56  5  | *3* *4* *1* |
| *** *** *** | ***         | *** *** *** |
| *** *** *** | *** *** *** | *** *** *** |
| *6* *5* *1* | *3* *4* *8* | *7* *9* *2* |
| *** *** *** | *** *** *** | *** *** *** |
+-------------+-------------+-------------+
| ***   3 *** | *** *** *** | *** ***   3 |
| *4*     *7* | *5* *8* *2* | *6* *1*     |
| ***   9 *** | *** *** *** | *** ***     |
| 1       *** | *** *** *** | *** *** *** |
|       6 *5* | *4* *9* *3* | *2* *7* *8* |
|         *** | *** *** *** | *** *** *** |
|  2    3  2  | ***     *** | ***   3   3 |
|             | *1*     *6* | *9*  5  45  |
|  8          | *** 7   *** | ***         |
+-------------+-------------+-------------+
****************************************************************************

naked single 9 found in cell(r,c): (1,6)
STEP: 33
+-------------+-------------+-------------+
| *** *** *** | *** *** *** | *** *** *** |
| *5* *8* *3* | *2* *1* *9* | *4* *6* *7* |
| *** *** *** | *** *** *** | *** *** *** |
| *** *** *** | ***   3 *** | ***  23   3 |
| *9* *1* *4* | *6*  5  *7* | *8*  5   5  |
| *** *** *** | ***     *** | ***         |
|  2  *** *** | ***   3 *** | ***  23   3 |
|     *7* *6* | *8*  5  *4* | *1*  5   5  |
|     *** *** | ***     *** | ***       9 |
+-------------+-------------+-------------+
| *** *** *** | *** *** *** | *** *** *** |
| *3* *4* *9* | *7* *2* *1* | *5* *8* *6* |
| *** *** *** | *** *** *** | *** *** *** |
| *** *** *** | ***         | *** *** *** |
| *7* *2* *8* | *9*  56  5  | *3* *4* *1* |
| *** *** *** | ***         | *** *** *** |
| *** *** *** | *** *** *** | *** *** *** |
| *6* *5* *1* | *3* *4* *8* | *7* *9* *2* |
| *** *** *** | *** *** *** | *** *** *** |
+-------------+-------------+-------------+
| ***   3 *** | *** *** *** | *** ***   3 |
| *4*     *7* | *5* *8* *2* | *6* *1*     |
| ***   9 *** | *** *** *** | *** ***     |
| 1       *** | *** *** *** | *** *** *** |
|       6 *5* | *4* *9* *3* | *2* *7* *8* |
|         *** | *** *** *** | *** *** *** |
|  2    3  2  | ***     *** | ***   3   3 |
|             | *1*     *6* | *9*  5  45  |
|  8          | *** 7   *** | ***         |
+-------------+-------------+-------------+
****************************************************************************

naked single 2 found in cell(r,c): (3,1)
STEP: 34
+-------------+-------------+-------------+
| *** *** *** | *** *** *** | *** *** *** |
| *5* *8* *3* | *2* *1* *9* | *4* *6* *7* |
| *** *** *** | *** *** *** | *** *** *** |
| *** *** *** | ***   3 *** | ***  23   3 |
| *9* *1* *4* | *6*  5  *7* | *8*  5   5  |
| *** *** *** | ***     *** | ***         |
| *** *** *** | ***   3 *** | ***   3   3 |
| *2* *7* *6* | *8*  5  *4* | *1*  5   5  |
| *** *** *** | ***     *** | ***       9 |
+-------------+-------------+-------------+
| *** *** *** | *** *** *** | *** *** *** |
| *3* *4* *9* | *7* *2* *1* | *5* *8* *6* |
| *** *** *** | *** *** *** | *** *** *** |
| *** *** *** | ***         | *** *** *** |
| *7* *2* *8* | *9*  56  5  | *3* *4* *1* |
| *** *** *** | ***         | *** *** *** |
| *** *** *** | *** *** *** | *** *** *** |
| *6* *5* *1* | *3* *4* *8* | *7* *9* *2* |
| *** *** *** | *** *** *** | *** *** *** |
+-------------+-------------+-------------+
| ***   3 *** | *** *** *** | *** ***   3 |
| *4*     *7* | *5* *8* *2* | *6* *1*     |
| ***   9 *** | *** *** *** | *** ***     |
| 1       *** | *** *** *** | *** *** *** |
|       6 *5* | *4* *9* *3* | *2* *7* *8* |
|         *** | *** *** *** | *** *** *** |
|       3  2  | ***     *** | ***   3   3 |
|             | *1*     *6* | *9*  5  45  |
|  8          | *** 7   *** | ***         |
+-------------+-------------+-------------+
****************************************************************************

naked single 5 found in cell(r,c): (5,6)
STEP: 35
+-------------+-------------+-------------+
| *** *** *** | *** *** *** | *** *** *** |
| *5* *8* *3* | *2* *1* *9* | *4* *6* *7* |
| *** *** *** | *** *** *** | *** *** *** |
| *** *** *** | ***   3 *** | ***  23   3 |
| *9* *1* *4* | *6*  5  *7* | *8*  5   5  |
| *** *** *** | ***     *** | ***         |
| *** *** *** | ***   3 *** | ***   3   3 |
| *2* *7* *6* | *8*  5  *4* | *1*  5   5  |
| *** *** *** | ***     *** | ***       9 |
+-------------+-------------+-------------+
| *** *** *** | *** *** *** | *** *** *** |
| *3* *4* *9* | *7* *2* *1* | *5* *8* *6* |
| *** *** *** | *** *** *** | *** *** *** |
| *** *** *** | ***     *** | *** *** *** |
| *7* *2* *8* | *9*   6 *5* | *3* *4* *1* |
| *** *** *** | ***     *** | *** *** *** |
| *** *** *** | *** *** *** | *** *** *** |
| *6* *5* *1* | *3* *4* *8* | *7* *9* *2* |
| *** *** *** | *** *** *** | *** *** *** |
+-------------+-------------+-------------+
| ***   3 *** | *** *** *** | *** ***   3 |
| *4*     *7* | *5* *8* *2* | *6* *1*     |
| ***   9 *** | *** *** *** | *** ***     |
| 1       *** | *** *** *** | *** *** *** |
|       6 *5* | *4* *9* *3* | *2* *7* *8* |
|         *** | *** *** *** | *** *** *** |
|       3  2  | ***     *** | ***   3   3 |
|             | *1*     *6* | *9*  5  45  |
|  8          | *** 7   *** | ***         |
+-------------+-------------+-------------+
****************************************************************************

naked single 6 found in cell(r,c): (5,5)
STEP: 36
+-------------+-------------+-------------+
| *** *** *** | *** *** *** | *** *** *** |
| *5* *8* *3* | *2* *1* *9* | *4* *6* *7* |
| *** *** *** | *** *** *** | *** *** *** |
| *** *** *** | ***   3 *** | ***  23   3 |
| *9* *1* *4* | *6*  5  *7* | *8*  5   5  |
| *** *** *** | ***     *** | ***         |
| *** *** *** | ***   3 *** | ***   3   3 |
| *2* *7* *6* | *8*  5  *4* | *1*  5   5  |
| *** *** *** | ***     *** | ***       9 |
+-------------+-------------+-------------+
| *** *** *** | *** *** *** | *** *** *** |
| *3* *4* *9* | *7* *2* *1* | *5* *8* *6* |
| *** *** *** | *** *** *** | *** *** *** |
| *** *** *** | *** *** *** | *** *** *** |
| *7* *2* *8* | *9* *6* *5* | *3* *4* *1* |
| *** *** *** | *** *** *** | *** *** *** |
| *** *** *** | *** *** *** | *** *** *** |
| *6* *5* *1* | *3* *4* *8* | *7* *9* *2* |
| *** *** *** | *** *** *** | *** *** *** |
+-------------+-------------+-------------+
| ***   3 *** | *** *** *** | *** ***   3 |
| *4*     *7* | *5* *8* *2* | *6* *1*     |
| ***   9 *** | *** *** *** | *** ***     |
| 1       *** | *** *** *** | *** *** *** |
|       6 *5* | *4* *9* *3* | *2* *7* *8* |
|         *** | *** *** *** | *** *** *** |
|       3  2  | ***     *** | ***   3   3 |
|             | *1*     *6* | *9*  5  45  |
|  8          | *** 7   *** | ***         |
+-------------+-------------+-------------+
****************************************************************************

naked single 3 found in cell(r,c): (7,9)
STEP: 37
+-------------+-------------+-------------+
| *** *** *** | *** *** *** | *** *** *** |
| *5* *8* *3* | *2* *1* *9* | *4* *6* *7* |
| *** *** *** | *** *** *** | *** *** *** |
| *** *** *** | ***   3 *** | ***  23     |
| *9* *1* *4* | *6*  5  *7* | *8*  5   5  |
| *** *** *** | ***     *** | ***         |
| *** *** *** | ***   3 *** | ***   3     |
| *2* *7* *6* | *8*  5  *4* | *1*  5   5  |
| *** *** *** | ***     *** | ***       9 |
+-------------+-------------+-------------+
| *** *** *** | *** *** *** | *** *** *** |
| *3* *4* *9* | *7* *2* *1* | *5* *8* *6* |
| *** *** *** | *** *** *** | *** *** *** |
| *** *** *** | *** *** *** | *** *** *** |
| *7* *2* *8* | *9* *6* *5* | *3* *4* *1* |
| *** *** *** | *** *** *** | *** *** *** |
| *** *** *** | *** *** *** | *** *** *** |
| *6* *5* *1* | *3* *4* *8* | *7* *9* *2* |
| *** *** *** | *** *** *** | *** *** *** |
+-------------+-------------+-------------+
| ***     *** | *** *** *** | *** *** *** |
| *4*     *7* | *5* *8* *2* | *6* *1* *3* |
| ***   9 *** | *** *** *** | *** *** *** |
| 1       *** | *** *** *** | *** *** *** |
|       6 *5* | *4* *9* *3* | *2* *7* *8* |
|         *** | *** *** *** | *** *** *** |
|       3  2  | ***     *** | ***         |
|             | *1*     *6* | *9*  5  45  |
|  8          | *** 7   *** | ***         |
+-------------+-------------+-------------+
****************************************************************************

naked single 5 found in cell(r,c): (2,9)
STEP: 38
+-------------+-------------+-------------+
| *** *** *** | *** *** *** | *** *** *** |
| *5* *8* *3* | *2* *1* *9* | *4* *6* *7* |
| *** *** *** | *** *** *** | *** *** *** |
| *** *** *** | ***   3 *** | ***  23 *** |
| *9* *1* *4* | *6*     *7* | *8*     *5* |
| *** *** *** | ***     *** | ***     *** |
| *** *** *** | ***   3 *** | ***   3     |
| *2* *7* *6* | *8*  5  *4* | *1*         |
| *** *** *** | ***     *** | ***       9 |
+-------------+-------------+-------------+
| *** *** *** | *** *** *** | *** *** *** |
| *3* *4* *9* | *7* *2* *1* | *5* *8* *6* |
| *** *** *** | *** *** *** | *** *** *** |
| *** *** *** | *** *** *** | *** *** *** |
| *7* *2* *8* | *9* *6* *5* | *3* *4* *1* |
| *** *** *** | *** *** *** | *** *** *** |
| *** *** *** | *** *** *** | *** *** *** |
| *6* *5* *1* | *3* *4* *8* | *7* *9* *2* |
| *** *** *** | *** *** *** | *** *** *** |
+-------------+-------------+-------------+
| ***     *** | *** *** *** | *** *** *** |
| *4*     *7* | *5* *8* *2* | *6* *1* *3* |
| ***   9 *** | *** *** *** | *** *** *** |
| 1       *** | *** *** *** | *** *** *** |
|       6 *5* | *4* *9* *3* | *2* *7* *8* |
|         *** | *** *** *** | *** *** *** |
|       3  2  | ***     *** | ***         |
|             | *1*     *6* | *9*  5  4   |
|  8          | *** 7   *** | ***         |
+-------------+-------------+-------------+
****************************************************************************

naked single 3 found in cell(r,c): (2,5)
STEP: 39
+-------------+-------------+-------------+
| *** *** *** | *** *** *** | *** *** *** |
| *5* *8* *3* | *2* *1* *9* | *4* *6* *7* |
| *** *** *** | *** *** *** | *** *** *** |
| *** *** *** | *** *** *** | ***  2  *** |
| *9* *1* *4* | *6* *3* *7* | *8*     *5* |
| *** *** *** | *** *** *** | ***     *** |
| *** *** *** | ***     *** | ***   3     |
| *2* *7* *6* | *8*  5  *4* | *1*         |
| *** *** *** | ***     *** | ***       9 |
+-------------+-------------+-------------+
| *** *** *** | *** *** *** | *** *** *** |
| *3* *4* *9* | *7* *2* *1* | *5* *8* *6* |
| *** *** *** | *** *** *** | *** *** *** |
| *** *** *** | *** *** *** | *** *** *** |
| *7* *2* *8* | *9* *6* *5* | *3* *4* *1* |
| *** *** *** | *** *** *** | *** *** *** |
| *** *** *** | *** *** *** | *** *** *** |
| *6* *5* *1* | *3* *4* *8* | *7* *9* *2* |
| *** *** *** | *** *** *** | *** *** *** |
+-------------+-------------+-------------+
| ***     *** | *** *** *** | *** *** *** |
| *4*     *7* | *5* *8* *2* | *6* *1* *3* |
| ***   9 *** | *** *** *** | *** *** *** |
| 1       *** | *** *** *** | *** *** *** |
|       6 *5* | *4* *9* *3* | *2* *7* *8* |
|         *** | *** *** *** | *** *** *** |
|       3  2  | ***     *** | ***         |
|             | *1*     *6* | *9*  5  4   |
|  8          | *** 7   *** | ***         |
+-------------+-------------+-------------+
****************************************************************************

naked single 2 found in cell(r,c): (2,8)
STEP: 40
+-------------+-------------+-------------+
| *** *** *** | *** *** *** | *** *** *** |
| *5* *8* *3* | *2* *1* *9* | *4* *6* *7* |
| *** *** *** | *** *** *** | *** *** *** |
| *** *** *** | *** *** *** | *** *** *** |
| *9* *1* *4* | *6* *3* *7* | *8* *2* *5* |
| *** *** *** | *** *** *** | *** *** *** |
| *** *** *** | ***     *** | ***   3     |
| *2* *7* *6* | *8*  5  *4* | *1*         |
| *** *** *** | ***     *** | ***       9 |
+-------------+-------------+-------------+
| *** *** *** | *** *** *** | *** *** *** |
| *3* *4* *9* | *7* *2* *1* | *5* *8* *6* |
| *** *** *** | *** *** *** | *** *** *** |
| *** *** *** | *** *** *** | *** *** *** |
| *7* *2* *8* | *9* *6* *5* | *3* *4* *1* |
| *** *** *** | *** *** *** | *** *** *** |
| *** *** *** | *** *** *** | *** *** *** |
| *6* *5* *1* | *3* *4* *8* | *7* *9* *2* |
| *** *** *** | *** *** *** | *** *** *** |
+-------------+-------------+-------------+
| ***     *** | *** *** *** | *** *** *** |
| *4*     *7* | *5* *8* *2* | *6* *1* *3* |
| ***   9 *** | *** *** *** | *** *** *** |
| 1       *** | *** *** *** | *** *** *** |
|       6 *5* | *4* *9* *3* | *2* *7* *8* |
|         *** | *** *** *** | *** *** *** |
|       3  2  | ***     *** | ***         |
|             | *1*     *6* | *9*  5  4   |
|  8          | *** 7   *** | ***         |
+-------------+-------------+-------------+
****************************************************************************

naked single 5 found in cell(r,c): (3,5)
STEP: 41
+-------------+-------------+-------------+
| *** *** *** | *** *** *** | *** *** *** |
| *5* *8* *3* | *2* *1* *9* | *4* *6* *7* |
| *** *** *** | *** *** *** | *** *** *** |
| *** *** *** | *** *** *** | *** *** *** |
| *9* *1* *4* | *6* *3* *7* | *8* *2* *5* |
| *** *** *** | *** *** *** | *** *** *** |
| *** *** *** | *** *** *** | ***   3     |
| *2* *7* *6* | *8* *5* *4* | *1*         |
| *** *** *** | *** *** *** | ***       9 |
+-------------+-------------+-------------+
| *** *** *** | *** *** *** | *** *** *** |
| *3* *4* *9* | *7* *2* *1* | *5* *8* *6* |
| *** *** *** | *** *** *** | *** *** *** |
| *** *** *** | *** *** *** | *** *** *** |
| *7* *2* *8* | *9* *6* *5* | *3* *4* *1* |
| *** *** *** | *** *** *** | *** *** *** |
| *** *** *** | *** *** *** | *** *** *** |
| *6* *5* *1* | *3* *4* *8* | *7* *9* *2* |
| *** *** *** | *** *** *** | *** *** *** |
+-------------+-------------+-------------+
| ***     *** | *** *** *** | *** *** *** |
| *4*     *7* | *5* *8* *2* | *6* *1* *3* |
| ***   9 *** | *** *** *** | *** *** *** |
| 1       *** | *** *** *** | *** *** *** |
|       6 *5* | *4* *9* *3* | *2* *7* *8* |
|         *** | *** *** *** | *** *** *** |
|       3  2  | ***     *** | ***         |
|             | *1*     *6* | *9*  5  4   |
|  8          | *** 7   *** | ***         |
+-------------+-------------+-------------+
****************************************************************************

naked single 3 found in cell(r,c): (3,8)
STEP: 42
+-------------+-------------+-------------+
| *** *** *** | *** *** *** | *** *** *** |
| *5* *8* *3* | *2* *1* *9* | *4* *6* *7* |
| *** *** *** | *** *** *** | *** *** *** |
| *** *** *** | *** *** *** | *** *** *** |
| *9* *1* *4* | *6* *3* *7* | *8* *2* *5* |
| *** *** *** | *** *** *** | *** *** *** |
| *** *** *** | *** *** *** | *** ***     |
| *2* *7* *6* | *8* *5* *4* | *1* *3*     |
| *** *** *** | *** *** *** | *** ***   9 |
+-------------+-------------+-------------+
| *** *** *** | *** *** *** | *** *** *** |
| *3* *4* *9* | *7* *2* *1* | *5* *8* *6* |
| *** *** *** | *** *** *** | *** *** *** |
| *** *** *** | *** *** *** | *** *** *** |
| *7* *2* *8* | *9* *6* *5* | *3* *4* *1* |
| *** *** *** | *** *** *** | *** *** *** |
| *** *** *** | *** *** *** | *** *** *** |
| *6* *5* *1* | *3* *4* *8* | *7* *9* *2* |
| *** *** *** | *** *** *** | *** *** *** |
+-------------+-------------+-------------+
| ***     *** | *** *** *** | *** *** *** |
| *4*     *7* | *5* *8* *2* | *6* *1* *3* |
| ***   9 *** | *** *** *** | *** *** *** |
| 1       *** | *** *** *** | *** *** *** |
|       6 *5* | *4* *9* *3* | *2* *7* *8* |
|         *** | *** *** *** | *** *** *** |
|       3  2  | ***     *** | ***         |
|             | *1*     *6* | *9*  5  4   |
|  8          | *** 7   *** | ***         |
+-------------+-------------+-------------+
****************************************************************************

naked single 9 found in cell(r,c): (3,9)
STEP: 43
+-------------+-------------+-------------+
| *** *** *** | *** *** *** | *** *** *** |
| *5* *8* *3* | *2* *1* *9* | *4* *6* *7* |
| *** *** *** | *** *** *** | *** *** *** |
| *** *** *** | *** *** *** | *** *** *** |
| *9* *1* *4* | *6* *3* *7* | *8* *2* *5* |
| *** *** *** | *** *** *** | *** *** *** |
| *** *** *** | *** *** *** | *** *** *** |
| *2* *7* *6* | *8* *5* *4* | *1* *3* *9* |
| *** *** *** | *** *** *** | *** *** *** |
+-------------+-------------+-------------+
| *** *** *** | *** *** *** | *** *** *** |
| *3* *4* *9* | *7* *2* *1* | *5* *8* *6* |
| *** *** *** | *** *** *** | *** *** *** |
| *** *** *** | *** *** *** | *** *** *** |
| *7* *2* *8* | *9* *6* *5* | *3* *4* *1* |
| *** *** *** | *** *** *** | *** *** *** |
| *** *** *** | *** *** *** | *** *** *** |
| *6* *5* *1* | *3* *4* *8* | *7* *9* *2* |
| *** *** *** | *** *** *** | *** *** *** |
+-------------+-------------+-------------+
| ***     *** | *** *** *** | *** *** *** |
| *4*     *7* | *5* *8* *2* | *6* *1* *3* |
| ***   9 *** | *** *** *** | *** *** *** |
| 1       *** | *** *** *** | *** *** *** |
|       6 *5* | *4* *9* *3* | *2* *7* *8* |
|         *** | *** *** *** | *** *** *** |
|       3  2  | ***     *** | ***         |
|             | *1*     *6* | *9*  5  4   |
|  8          | *** 7   *** | ***         |
+-------------+-------------+-------------+
****************************************************************************

naked single 9 found in cell(r,c): (7,2)
STEP: 44
+-------------+-------------+-------------+
| *** *** *** | *** *** *** | *** *** *** |
| *5* *8* *3* | *2* *1* *9* | *4* *6* *7* |
| *** *** *** | *** *** *** | *** *** *** |
| *** *** *** | *** *** *** | *** *** *** |
| *9* *1* *4* | *6* *3* *7* | *8* *2* *5* |
| *** *** *** | *** *** *** | *** *** *** |
| *** *** *** | *** *** *** | *** *** *** |
| *2* *7* *6* | *8* *5* *4* | *1* *3* *9* |
| *** *** *** | *** *** *** | *** *** *** |
+-------------+-------------+-------------+
| *** *** *** | *** *** *** | *** *** *** |
| *3* *4* *9* | *7* *2* *1* | *5* *8* *6* |
| *** *** *** | *** *** *** | *** *** *** |
| *** *** *** | *** *** *** | *** *** *** |
| *7* *2* *8* | *9* *6* *5* | *3* *4* *1* |
| *** *** *** | *** *** *** | *** *** *** |
| *** *** *** | *** *** *** | *** *** *** |
| *6* *5* *1* | *3* *4* *8* | *7* *9* *2* |
| *** *** *** | *** *** *** | *** *** *** |
+-------------+-------------+-------------+
| *** *** *** | *** *** *** | *** *** *** |
| *4* *9* *7* | *5* *8* *2* | *6* *1* *3* |
| *** *** *** | *** *** *** | *** *** *** |
| 1       *** | *** *** *** | *** *** *** |
|       6 *5* | *4* *9* *3* | *2* *7* *8* |
|         *** | *** *** *** | *** *** *** |
|       3  2  | ***     *** | ***         |
|             | *1*     *6* | *9*  5  4   |
|  8          | *** 7   *** | ***         |
+-------------+-------------+-------------+
****************************************************************************

naked single 1 found in cell(r,c): (8,1)
STEP: 45
+-------------+-------------+-------------+
| *** *** *** | *** *** *** | *** *** *** |
| *5* *8* *3* | *2* *1* *9* | *4* *6* *7* |
| *** *** *** | *** *** *** | *** *** *** |
| *** *** *** | *** *** *** | *** *** *** |
| *9* *1* *4* | *6* *3* *7* | *8* *2* *5* |
| *** *** *** | *** *** *** | *** *** *** |
| *** *** *** | *** *** *** | *** *** *** |
| *2* *7* *6* | *8* *5* *4* | *1* *3* *9* |
| *** *** *** | *** *** *** | *** *** *** |
+-------------+-------------+-------------+
| *** *** *** | *** *** *** | *** *** *** |
| *3* *4* *9* | *7* *2* *1* | *5* *8* *6* |
| *** *** *** | *** *** *** | *** *** *** |
| *** *** *** | *** *** *** | *** *** *** |
| *7* *2* *8* | *9* *6* *5* | *3* *4* *1* |
| *** *** *** | *** *** *** | *** *** *** |
| *** *** *** | *** *** *** | *** *** *** |
| *6* *5* *1* | *3* *4* *8* | *7* *9* *2* |
| *** *** *** | *** *** *** | *** *** *** |
+-------------+-------------+-------------+
| *** *** *** | *** *** *** | *** *** *** |
| *4* *9* *7* | *5* *8* *2* | *6* *1* *3* |
| *** *** *** | *** *** *** | *** *** *** |
| ***     *** | *** *** *** | *** *** *** |
| *1*   6 *5* | *4* *9* *3* | *2* *7* *8* |
| ***     *** | *** *** *** | *** *** *** |
|       3  2  | ***     *** | ***         |
|             | *1*     *6* | *9*  5  4   |
|  8          | *** 7   *** | ***         |
+-------------+-------------+-------------+
****************************************************************************

naked single 6 found in cell(r,c): (8,2)
STEP: 46
+-------------+-------------+-------------+
| *** *** *** | *** *** *** | *** *** *** |
| *5* *8* *3* | *2* *1* *9* | *4* *6* *7* |
| *** *** *** | *** *** *** | *** *** *** |
| *** *** *** | *** *** *** | *** *** *** |
| *9* *1* *4* | *6* *3* *7* | *8* *2* *5* |
| *** *** *** | *** *** *** | *** *** *** |
| *** *** *** | *** *** *** | *** *** *** |
| *2* *7* *6* | *8* *5* *4* | *1* *3* *9* |
| *** *** *** | *** *** *** | *** *** *** |
+-------------+-------------+-------------+
| *** *** *** | *** *** *** | *** *** *** |
| *3* *4* *9* | *7* *2* *1* | *5* *8* *6* |
| *** *** *** | *** *** *** | *** *** *** |
| *** *** *** | *** *** *** | *** *** *** |
| *7* *2* *8* | *9* *6* *5* | *3* *4* *1* |
| *** *** *** | *** *** *** | *** *** *** |
| *** *** *** | *** *** *** | *** *** *** |
| *6* *5* *1* | *3* *4* *8* | *7* *9* *2* |
| *** *** *** | *** *** *** | *** *** *** |
+-------------+-------------+-------------+
| *** *** *** | *** *** *** | *** *** *** |
| *4* *9* *7* | *5* *8* *2* | *6* *1* *3* |
| *** *** *** | *** *** *** | *** *** *** |
| *** *** *** | *** *** *** | *** *** *** |
| *1* *6* *5* | *4* *9* *3* | *2* *7* *8* |
| *** *** *** | *** *** *** | *** *** *** |
|       3  2  | ***     *** | ***         |
|             | *1*     *6* | *9*  5  4   |
|  8          | *** 7   *** | ***         |
+-------------+-------------+-------------+
****************************************************************************

naked single 8 found in cell(r,c): (9,1)
STEP: 47
+-------------+-------------+-------------+
| *** *** *** | *** *** *** | *** *** *** |
| *5* *8* *3* | *2* *1* *9* | *4* *6* *7* |
| *** *** *** | *** *** *** | *** *** *** |
| *** *** *** | *** *** *** | *** *** *** |
| *9* *1* *4* | *6* *3* *7* | *8* *2* *5* |
| *** *** *** | *** *** *** | *** *** *** |
| *** *** *** | *** *** *** | *** *** *** |
| *2* *7* *6* | *8* *5* *4* | *1* *3* *9* |
| *** *** *** | *** *** *** | *** *** *** |
+-------------+-------------+-------------+
| *** *** *** | *** *** *** | *** *** *** |
| *3* *4* *9* | *7* *2* *1* | *5* *8* *6* |
| *** *** *** | *** *** *** | *** *** *** |
| *** *** *** | *** *** *** | *** *** *** |
| *7* *2* *8* | *9* *6* *5* | *3* *4* *1* |
| *** *** *** | *** *** *** | *** *** *** |
| *** *** *** | *** *** *** | *** *** *** |
| *6* *5* *1* | *3* *4* *8* | *7* *9* *2* |
| *** *** *** | *** *** *** | *** *** *** |
+-------------+-------------+-------------+
| *** *** *** | *** *** *** | *** *** *** |
| *4* *9* *7* | *5* *8* *2* | *6* *1* *3* |
| *** *** *** | *** *** *** | *** *** *** |
| *** *** *** | *** *** *** | *** *** *** |
| *1* *6* *5* | *4* *9* *3* | *2* *7* *8* |
| *** *** *** | *** *** *** | *** *** *** |
| ***   3  2  | ***     *** | ***         |
| *8*         | *1*     *6* | *9*  5  4   |
| ***         | *** 7   *** | ***         |
+-------------+-------------+-------------+
****************************************************************************

naked single 3 found in cell(r,c): (9,2)
STEP: 48
+-------------+-------------+-------------+
| *** *** *** | *** *** *** | *** *** *** |
| *5* *8* *3* | *2* *1* *9* | *4* *6* *7* |
| *** *** *** | *** *** *** | *** *** *** |
| *** *** *** | *** *** *** | *** *** *** |
| *9* *1* *4* | *6* *3* *7* | *8* *2* *5* |
| *** *** *** | *** *** *** | *** *** *** |
| *** *** *** | *** *** *** | *** *** *** |
| *2* *7* *6* | *8* *5* *4* | *1* *3* *9* |
| *** *** *** | *** *** *** | *** *** *** |
+-------------+-------------+-------------+
| *** *** *** | *** *** *** | *** *** *** |
| *3* *4* *9* | *7* *2* *1* | *5* *8* *6* |
| *** *** *** | *** *** *** | *** *** *** |
| *** *** *** | *** *** *** | *** *** *** |
| *7* *2* *8* | *9* *6* *5* | *3* *4* *1* |
| *** *** *** | *** *** *** | *** *** *** |
| *** *** *** | *** *** *** | *** *** *** |
| *6* *5* *1* | *3* *4* *8* | *7* *9* *2* |
| *** *** *** | *** *** *** | *** *** *** |
+-------------+-------------+-------------+
| *** *** *** | *** *** *** | *** *** *** |
| *4* *9* *7* | *5* *8* *2* | *6* *1* *3* |
| *** *** *** | *** *** *** | *** *** *** |
| *** *** *** | *** *** *** | *** *** *** |
| *1* *6* *5* | *4* *9* *3* | *2* *7* *8* |
| *** *** *** | *** *** *** | *** *** *** |
| *** ***  2  | ***     *** | ***         |
| *8* *3*     | *1*     *6* | *9*  5  4   |
| *** ***     | *** 7   *** | ***         |
+-------------+-------------+-------------+
****************************************************************************

naked single 2 found in cell(r,c): (9,3)
STEP: 49
+-------------+-------------+-------------+
| *** *** *** | *** *** *** | *** *** *** |
| *5* *8* *3* | *2* *1* *9* | *4* *6* *7* |
| *** *** *** | *** *** *** | *** *** *** |
| *** *** *** | *** *** *** | *** *** *** |
| *9* *1* *4* | *6* *3* *7* | *8* *2* *5* |
| *** *** *** | *** *** *** | *** *** *** |
| *** *** *** | *** *** *** | *** *** *** |
| *2* *7* *6* | *8* *5* *4* | *1* *3* *9* |
| *** *** *** | *** *** *** | *** *** *** |
+-------------+-------------+-------------+
| *** *** *** | *** *** *** | *** *** *** |
| *3* *4* *9* | *7* *2* *1* | *5* *8* *6* |
| *** *** *** | *** *** *** | *** *** *** |
| *** *** *** | *** *** *** | *** *** *** |
| *7* *2* *8* | *9* *6* *5* | *3* *4* *1* |
| *** *** *** | *** *** *** | *** *** *** |
| *** *** *** | *** *** *** | *** *** *** |
| *6* *5* *1* | *3* *4* *8* | *7* *9* *2* |
| *** *** *** | *** *** *** | *** *** *** |
+-------------+-------------+-------------+
| *** *** *** | *** *** *** | *** *** *** |
| *4* *9* *7* | *5* *8* *2* | *6* *1* *3* |
| *** *** *** | *** *** *** | *** *** *** |
| *** *** *** | *** *** *** | *** *** *** |
| *1* *6* *5* | *4* *9* *3* | *2* *7* *8* |
| *** *** *** | *** *** *** | *** *** *** |
| *** *** *** | ***     *** | ***         |
| *8* *3* *2* | *1*     *6* | *9*  5  4   |
| *** *** *** | *** 7   *** | ***         |
+-------------+-------------+-------------+
****************************************************************************

naked single 7 found in cell(r,c): (9,5)
STEP: 50
+-------------+-------------+-------------+
| *** *** *** | *** *** *** | *** *** *** |
| *5* *8* *3* | *2* *1* *9* | *4* *6* *7* |
| *** *** *** | *** *** *** | *** *** *** |
| *** *** *** | *** *** *** | *** *** *** |
| *9* *1* *4* | *6* *3* *7* | *8* *2* *5* |
| *** *** *** | *** *** *** | *** *** *** |
| *** *** *** | *** *** *** | *** *** *** |
| *2* *7* *6* | *8* *5* *4* | *1* *3* *9* |
| *** *** *** | *** *** *** | *** *** *** |
+-------------+-------------+-------------+
| *** *** *** | *** *** *** | *** *** *** |
| *3* *4* *9* | *7* *2* *1* | *5* *8* *6* |
| *** *** *** | *** *** *** | *** *** *** |
| *** *** *** | *** *** *** | *** *** *** |
| *7* *2* *8* | *9* *6* *5* | *3* *4* *1* |
| *** *** *** | *** *** *** | *** *** *** |
| *** *** *** | *** *** *** | *** *** *** |
| *6* *5* *1* | *3* *4* *8* | *7* *9* *2* |
| *** *** *** | *** *** *** | *** *** *** |
+-------------+-------------+-------------+
| *** *** *** | *** *** *** | *** *** *** |
| *4* *9* *7* | *5* *8* *2* | *6* *1* *3* |
| *** *** *** | *** *** *** | *** *** *** |
| *** *** *** | *** *** *** | *** *** *** |
| *1* *6* *5* | *4* *9* *3* | *2* *7* *8* |
| *** *** *** | *** *** *** | *** *** *** |
| *** *** *** | *** *** *** | ***         |
| *8* *3* *2* | *1* *7* *6* | *9*  5  4   |
| *** *** *** | *** *** *** | ***         |
+-------------+-------------+-------------+
****************************************************************************

naked single 5 found in cell(r,c): (9,8)
STEP: 51
+-------------+-------------+-------------+
| *** *** *** | *** *** *** | *** *** *** |
| *5* *8* *3* | *2* *1* *9* | *4* *6* *7* |
| *** *** *** | *** *** *** | *** *** *** |
| *** *** *** | *** *** *** | *** *** *** |
| *9* *1* *4* | *6* *3* *7* | *8* *2* *5* |
| *** *** *** | *** *** *** | *** *** *** |
| *** *** *** | *** *** *** | *** *** *** |
| *2* *7* *6* | *8* *5* *4* | *1* *3* *9* |
| *** *** *** | *** *** *** | *** *** *** |
+-------------+-------------+-------------+
| *** *** *** | *** *** *** | *** *** *** |
| *3* *4* *9* | *7* *2* *1* | *5* *8* *6* |
| *** *** *** | *** *** *** | *** *** *** |
| *** *** *** | *** *** *** | *** *** *** |
| *7* *2* *8* | *9* *6* *5* | *3* *4* *1* |
| *** *** *** | *** *** *** | *** *** *** |
| *** *** *** | *** *** *** | *** *** *** |
| *6* *5* *1* | *3* *4* *8* | *7* *9* *2* |
| *** *** *** | *** *** *** | *** *** *** |
+-------------+-------------+-------------+
| *** *** *** | *** *** *** | *** *** *** |
| *4* *9* *7* | *5* *8* *2* | *6* *1* *3* |
| *** *** *** | *** *** *** | *** *** *** |
| *** *** *** | *** *** *** | *** *** *** |
| *1* *6* *5* | *4* *9* *3* | *2* *7* *8* |
| *** *** *** | *** *** *** | *** *** *** |
| *** *** *** | *** *** *** | *** ***     |
| *8* *3* *2* | *1* *7* *6* | *9* *5* 4   |
| *** *** *** | *** *** *** | *** ***     |
+-------------+-------------+-------------+
****************************************************************************

naked single 4 found in cell(r,c): (9,9)
STEP: 52
+-------------+-------------+-------------+
| *** *** *** | *** *** *** | *** *** *** |
| *5* *8* *3* | *2* *1* *9* | *4* *6* *7* |
| *** *** *** | *** *** *** | *** *** *** |
| *** *** *** | *** *** *** | *** *** *** |
| *9* *1* *4* | *6* *3* *7* | *8* *2* *5* |
| *** *** *** | *** *** *** | *** *** *** |
| *** *** *** | *** *** *** | *** *** *** |
| *2* *7* *6* | *8* *5* *4* | *1* *3* *9* |
| *** *** *** | *** *** *** | *** *** *** |
+-------------+-------------+-------------+
| *** *** *** | *** *** *** | *** *** *** |
| *3* *4* *9* | *7* *2* *1* | *5* *8* *6* |
| *** *** *** | *** *** *** | *** *** *** |
| *** *** *** | *** *** *** | *** *** *** |
| *7* *2* *8* | *9* *6* *5* | *3* *4* *1* |
| *** *** *** | *** *** *** | *** *** *** |
| *** *** *** | *** *** *** | *** *** *** |
| *6* *5* *1* | *3* *4* *8* | *7* *9* *2* |
| *** *** *** | *** *** *** | *** *** *** |
+-------------+-------------+-------------+
| *** *** *** | *** *** *** | *** *** *** |
| *4* *9* *7* | *5* *8* *2* | *6* *1* *3* |
| *** *** *** | *** *** *** | *** *** *** |
| *** *** *** | *** *** *** | *** *** *** |
| *1* *6* *5* | *4* *9* *3* | *2* *7* *8* |
| *** *** *** | *** *** *** | *** *** *** |
| *** *** *** | *** *** *** | *** *** *** |
| *8* *3* *2* | *1* *7* *6* | *9* *5* *4* |
| *** *** *** | *** *** *** | *** *** *** |
+-------------+-------------+-------------+
****************************************************************************

+-------+-------+-------+
| 5 8 3 | 2 1 9 | 4 6 7 |
| 9 1 4 | 6 3 7 | 8 2 5 |
| 2 7 6 | 8 5 4 | 1 3 9 |
+-------+-------+-------+
| 3 4 9 | 7 2 1 | 5 8 6 |
| 7 2 8 | 9 6 5 | 3 4 1 |
| 6 5 1 | 3 4 8 | 7 9 2 |
+-------+-------+-------+
| 4 9 7 | 5 8 2 | 6 1 3 |
| 1 6 5 | 4 9 3 | 2 7 8 |
| 8 3 2 | 1 7 6 | 9 5 4 |
+-------+-------+-------+
