+-------+-------+-------+
| 3   9 |       | 4     |
| 2     | 7   9 |       |
|   8 7 |       |       |
+-------+-------+-------+
| 7 5   |   6   | 2 3   |
| 6     | 9   4 |     8 |
|   2 8 |   5   |   4 1 |
+-------+-------+-------+
|       |       | 5 9   |
|       | 1   6 |     7 |
|     6 |       | 1   4 |
+-------+-------+-------+
STEP: 0
+-------------+-------------+-------------+
| *** 1   *** |  2  12  12  | *** 12   2  |
| *3*   6 *9* |  56      5  | *4*  56  56 |
| ***     *** |  8   8   8  | *** 78      |
| *** 1   1   | *** 1 3 *** |   3 1     3 |
| *2* 4 6 45  | *7* 4   *9* |   6  56  56 |
| ***         | ***  8  *** |  8   8      |
| 1   *** *** |  23 123 123 |   3 12   23 |
| 45  *8* *7* | 456 4    5  |   6  56  56 |
|     *** *** |             |   9       9 |
+-------------+-------------+-------------+
| *** *** 1   |     *** 1   | *** ***     |
| *7* *5* 4   |     *6*     | *2* *3*     |
| *** ***     |  8  ***  8  | *** ***   9 |
| *** 1 3 1 3 | *** 123 *** |         *** |
| *6*         | *9*     *4* |      5  *8* |
| ***         | *** 7   *** | 7   7   *** |
|     *** *** |   3 ***   3 |     *** *** |
|     *2* *8* |     *5*     |   6 *4* *1* |
|   9 *** *** |     *** 7   | 7 9 *** *** |
+-------------+-------------+-------------+
| 1   1 3 123 |  23  23  23 | *** ***  23 |
| 4   4   4   | 4   4       | *5* *9*   6 |
|  8  7       |  8  78  78  | *** ***     |
|       3  23 | ***  23 *** |   3  2  *** |
| 45  4   45  | *1* 4   *6* |         *7* |
|  89   9     | ***  89 *** |  8   8  *** |
|       3 *** |  23  23  23 | ***  2  *** |
|  5      *6* |  5       5  | *1*     *4* |
|  89 7 9 *** |  8  789 78  | ***  8  *** |
+-------------+-------------+-------------+
****************************************************************************

naked single 8 found in cell(r,c): (4,4)
STEP: 1
+-------------+-------------+-------------+
| *** 1   *** |  2  12  12  | *** 12   2  |
| *3*   6 *9* |  56      5  | *4*  56  56 |
| ***     *** |      8   8  | *** 78      |
| *** 1   1   | *** 1 3 *** |   3 1     3 |
| *2* 4 6 45  | *7* 4   *9* |   6  56  56 |
| ***         | ***  8  *** |  8   8      |
| 1   *** *** |  23 123 123 |   3 12   23 |
| 45  *8* *7* | 456 4    5  |   6  56  56 |
|     *** *** |             |   9       9 |
+-------------+-------------+-------------+
| *** *** 1   | *** *** 1   | *** ***     |
| *7* *5* 4   | *8* *6*     | *2* *3*     |
| *** ***     | *** ***     | *** ***   9 |
| *** 1 3 1 3 | *** 123 *** |         *** |
| *6*         | *9*     *4* |      5  *8* |
| ***         | *** 7   *** | 7   7   *** |
|     *** *** |   3 ***   3 |     *** *** |
|     *2* *8* |     *5*     |   6 *4* *1* |
|   9 *** *** |     *** 7   | 7 9 *** *** |
+-------------+-------------+-------------+
| 1   1 3 123 |  23  23  23 | *** ***  23 |
| 4   4   4   | 4   4       | *5* *9*   6 |
|  8  7       |     78  78  | *** ***     |
|       3  23 | ***  23 *** |   3  2  *** |
| 45  4   45  | *1* 4   *6* |         *7* |
|  89   9     | ***  89 *** |  8   8  *** |
|       3 *** |  23  23  23 | ***  2  *** |
|  5      *6* |  5       5  | *1*     *4* |
|  89 7 9 *** |     789 78  | ***  8  *** |
+-------------+-------------+-------------+
****************************************************************************

naked single 1 found in cell(r,c): (4,6)
STEP: 2
+-------------+-------------+-------------+
| *** 1   *** |  2  12   2  | *** 12   2  |
| *3*   6 *9* |  56      5  | *4*  56  56 |
| ***     *** |      8   8  | *** 78      |
| *** 1   1   | *** 1 3 *** |   3 1     3 |
| *2* 4 6 45  | *7* 4   *9* |   6  56  56 |
| ***         | ***  8  *** |  8   8      |
| 1   *** *** |  23 123  23 |   3 12   23 |
| 45  *8* *7* | 456 4    5  |   6  56  56 |
|     *** *** |             |   9       9 |
+-------------+-------------+-------------+
| *** ***     | *** *** *** | *** ***     |
| *7* *5* 4   | *8* *6* *1* | *2* *3*     |
| *** ***     | *** *** *** | *** ***   9 |
| *** 1 3 1 3 | ***  23 *** |         *** |
| *6*         | *9*     *4* |      5  *8* |
| ***         | *** 7   *** | 7   7   *** |
|     *** *** |   3 ***   3 |     *** *** |
|     *2* *8* |     *5*     |   6 *4* *1* |
|   9 *** *** |     *** 7   | 7 9 *** *** |
+-------------+-------------+-------------+
| 1   1 3 123 |  23  23  23 | *** ***  23 |
| 4   4   4   | 4   4       | *5* *9*   6 |
|  8  7       |     78  78  | *** ***     |
|       3  23 | ***  23 *** |   3  2  *** |
| 45  4   45  | *1* 4   *6* |         *7* |
|  89   9     | ***  89 *** |  8   8  *** |
|       3 *** |  23  23  23 | ***  2  *** |
|  5      *6* |  5       5  | *1*     *4* |
|  89 7 9 *** |     789 78  | ***  8  *** |
+-------------+-------------+-------------+
****************************************************************************

naked single 4 found in cell(r,c): (4,3)
STEP: 3
+-------------+-------------+-------------+
| *** 1   *** |  2  12   2  | *** 12   2  |
| *3*   6 *9* |  56      5  | *4*  56  56 |
| ***     *** |      8   8  | *** 78      |
| *** 1   1   | *** 1 3 *** |   3 1     3 |
| *2* 4 6  5  | *7* 4   *9* |   6  56  56 |
| ***         | ***  8  *** |  8   8      |
| 1   *** *** |  23 123  23 |   3 12   23 |
| 45  *8* *7* | 456 4    5  |   6  56  56 |
|     *** *** |             |   9       9 |
+-------------+-------------+-------------+
| *** *** *** | *** *** *** | *** ***     |
| *7* *5* *4* | *8* *6* *1* | *2* *3*     |
| *** *** *** | *** *** *** | *** ***   9 |
| *** 1 3 1 3 | ***  23 *** |         *** |
| *6*         | *9*     *4* |      5  *8* |
| ***         | *** 7   *** | 7   7   *** |
|     *** *** |   3 ***   3 |     *** *** |
|     *2* *8* |     *5*     |   6 *4* *1* |
|   9 *** *** |     *** 7   | 7 9 *** *** |
+-------------+-------------+-------------+
| 1   1 3 123 |  23  23  23 | *** ***  23 |
| 4   4       | 4   4       | *5* *9*   6 |
|  8  7       |     78  78  | *** ***     |
|       3  23 | ***  23 *** |   3  2  *** |
| 45  4    5  | *1* 4   *6* |         *7* |
|  89   9     | ***  89 *** |  8   8  *** |
|       3 *** |  23  23  23 | ***  2  *** |
|  5      *6* |  5       5  | *1*     *4* |
|  89 7 9 *** |     789 78  | ***  8  *** |
+-------------+-------------+-------------+
****************************************************************************

naked single 9 found in cell(r,c): (4,9)
STEP: 4
+-------------+-------------+-------------+
| *** 1   *** |  2  12   2  | *** 12   2  |
| *3*   6 *9* |  56      5  | *4*  56  56 |
| ***     *** |      8   8  | *** 78      |
| *** 1   1   | *** 1 3 *** |   3 1     3 |
| *2* 4 6  5  | *7* 4   *9* |   6  56  56 |
| ***         | ***  8  *** |  8   8      |
| 1   *** *** |  23 123  23 |   3 12   23 |
| 45  *8* *7* | 456 4    5  |   6  56  56 |
|     *** *** |             |   9         |
+-------------+-------------+-------------+
| *** *** *** | *** *** *** | *** *** *** |
| *7* *5* *4* | *8* *6* *1* | *2* *3* *9* |
| *** *** *** | *** *** *** | *** *** *** |
| *** 1 3 1 3 | ***  23 *** |         *** |
| *6*         | *9*     *4* |      5  *8* |
| ***         | *** 7   *** | 7   7   *** |
|     *** *** |   3 ***   3 |     *** *** |
|     *2* *8* |     *5*     |   6 *4* *1* |
|   9 *** *** |     *** 7   | 7   *** *** |
+-------------+-------------+-------------+
| 1   1 3 123 |  23  23  23 | *** ***  23 |
| 4   4       | 4   4       | *5* *9*   6 |
|  8  7       |     78  78  | *** ***     |
|       3  23 | ***  23 *** |   3  2  *** |
| 45  4    5  | *1* 4   *6* |         *7* |
|  89   9     | ***  89 *** |  8   8  *** |
|       3 *** |  23  23  23 | ***  2  *** |
|  5      *6* |  5       5  | *1*     *4* |
|  89 7 9 *** |     789 78  | ***  8  *** |
+-------------+-------------+-------------+
****************************************************************************

naked single 7 found in cell(r,c): (5,7)
STEP: 5
+-------------+-------------+-------------+
| *** 1   *** |  2  12   2  | *** 12   2  |
| *3*   6 *9* |  56      5  | *4*  56  56 |
| ***     *** |      8   8  | *** 78      |
| *** 1   1   | *** 1 3 *** |   3 1     3 |
| *2* 4 6  5  | *7* 4   *9* |   6  56  56 |
| ***         | ***  8  *** |  8   8      |
| 1   *** *** |  23 123  23 |   3 12   23 |
| 45  *8* *7* | 456 4    5  |   6  56  56 |
|     *** *** |             |   9         |
+-------------+-------------+-------------+
| *** *** *** | *** *** *** | *** *** *** |
| *7* *5* *4* | *8* *6* *1* | *2* *3* *9* |
| *** *** *** | *** *** *** | *** *** *** |
| *** 1 3 1 3 | ***  23 *** | ***     *** |
| *6*         | *9*     *4* | *7*  5  *8* |
| ***         | ***     *** | ***     *** |
|     *** *** |   3 ***   3 |     *** *** |
|     *2* *8* |     *5*     |   6 *4* *1* |
|   9 *** *** |     *** 7   |     *** *** |
+-------------+-------------+-------------+
| 1   1 3 123 |  23  23  23 | *** ***  23 |
| 4   4       | 4   4       | *5* *9*   6 |
|  8  7       |     78  78  | *** ***     |
|       3  23 | ***  23 *** |   3  2  *** |
| 45  4    5  | *1* 4   *6* |         *7* |
|  89   9     | ***  89 *** |  8   8  *** |
|       3 *** |  23  23  23 | ***  2  *** |
|  5      *6* |  5       5  | *1*     *4* |
|  89 7 9 *** |     789 78  | ***  8  *** |
+-------------+-------------+-------------+
****************************************************************************

naked single 5 found in cell(r,c): (5,8)
STEP: 6
+-------------+-------------+-------------+
| *** 1   *** |  2  12   2  | *** 12   2  |
| *3*   6 *9* |  56      5  | *4*   6  56 |
| ***     *** |      8   8  | *** 78      |
| *** 1   1   | *** 1 3 *** |   3 1     3 |
| *2* 4 6  5  | *7* 4   *9* |   6   6  56 |
| ***         | ***  8  *** |  8   8      |
| 1   *** *** |  23 123  23 |   3 12   23 |
| 45  *8* *7* | 456 4    5  |   6   6  56 |
|     *** *** |             |   9         |
+-------------+-------------+-------------+
| *** *** *** | *** *** *** | *** *** *** |
| *7* *5* *4* | *8* *6* *1* | *2* *3* *9* |
| *** *** *** | *** *** *** | *** *** *** |
| *** 1 3 1 3 | ***  23 *** | *** *** *** |
| *6*         | *9*     *4* | *7* *5* *8* |
| ***         | ***     *** | *** *** *** |
|     *** *** |   3 ***   3 |     *** *** |
|     *2* *8* |     *5*     |   6 *4* *1* |
|   9 *** *** |     *** 7   |     *** *** |
+-------------+-------------+-------------+
| 1   1 3 123 |  23  23  23 | *** ***  23 |
| 4   4       | 4   4       | *5* *9*   6 |
|  8  7       |     78  78  | *** ***     |
|       3  23 | ***  23 *** |   3  2  *** |
| 45  4    5  | *1* 4   *6* |         *7* |
|  89   9     | ***  89 *** |  8   8  *** |
|       3 *** |  23  23  23 | ***  2  *** |
|  5      *6* |  5       5  | *1*     *4* |
|  89 7 9 *** |     789 78  | ***  8  *** |
+-------------+-------------+-------------+
****************************************************************************

naked single 9 found in cell(r,c): (6,1)
STEP: 7
+-------------+-------------+-------------+
| *** 1   *** |  2  12   2  | *** 12   2  |
| *3*   6 *9* |  56      5  | *4*   6  56 |
| ***     *** |      8   8  | *** 78      |
| *** 1   1   | *** 1 3 *** |   3 1     3 |
| *2* 4 6  5  | *7* 4   *9* |   6   6  56 |
| ***         | ***  8  *** |  8   8      |
| 1   *** *** |  23 123  23 |   3 12   23 |
| 45  *8* *7* | 456 4    5  |   6   6  56 |
|     *** *** |             |   9         |
+-------------+-------------+-------------+
| *** *** *** | *** *** *** | *** *** *** |
| *7* *5* *4* | *8* *6* *1* | *2* *3* *9* |
| *** *** *** | *** *** *** | *** *** *** |
| *** 1 3 1 3 | ***  23 *** | *** *** *** |
| *6*         | *9*     *4* | *7* *5* *8* |
| ***         | ***     *** | *** *** *** |
| *** *** *** |   3 ***   3 |     *** *** |
| *9* *2* *8* |     *5*     |   6 *4* *1* |
| *** *** *** |     *** 7   |     *** *** |
+-------------+-------------+-------------+
| 1   1 3 123 |  23  23  23 | *** ***  23 |
| 4   4       | 4   4       | *5* *9*   6 |
|  8  7       |     78  78  | *** ***     |
|       3  23 | ***  23 *** |   3  2  *** |
| 45  4    5  | *1* 4   *6* |         *7* |
|  8    9     | ***  89 *** |  8   8  *** |
|       3 *** |  23  23  23 | ***  2  *** |
|  5      *6* |  5       5  | *1*     *4* |
|  8  7 9 *** |     789 78  | ***  8  *** |
+-------------+-------------+-------------+
****************************************************************************

naked single 3 found in cell(r,c): (6,4)
STEP: 8
+-------------+-------------+-------------+
| *** 1   *** |  2  12   2  | *** 12   2  |
| *3*   6 *9* |  56      5  | *4*   6  56 |
| ***     *** |      8   8  | *** 78      |
| *** 1   1   | *** 1 3 *** |   3 1     3 |
| *2* 4 6  5  | *7* 4   *9* |   6   6  56 |
| ***         | ***  8  *** |  8   8      |
| 1   *** *** |  2  123  23 |   3 12   23 |
| 45  *8* *7* | 456 4    5  |   6   6  56 |
|     *** *** |             |   9         |
+-------------+-------------+-------------+
| *** *** *** | *** *** *** | *** *** *** |
| *7* *5* *4* | *8* *6* *1* | *2* *3* *9* |
| *** *** *** | *** *** *** | *** *** *** |
| *** 1 3 1 3 | ***  2  *** | *** *** *** |
| *6*         | *9*     *4* | *7* *5* *8* |
| ***         | ***     *** | *** *** *** |
| *** *** *** | *** ***     |     *** *** |
| *9* *2* *8* | *3* *5*     |   6 *4* *1* |
| *** *** *** | *** *** 7   |     *** *** |
+-------------+-------------+-------------+
| 1   1 3 123 |  2   23  23 | *** ***  23 |
| 4   4       | 4   4       | *5* *9*   6 |
|  8  7       |     78  78  | *** ***     |
|       3  23 | ***  23 *** |   3  2  *** |
| 45  4    5  | *1* 4   *6* |         *7* |
|  8    9     | ***  89 *** |  8   8  *** |
|       3 *** |  2   23  23 | ***  2  *** |
|  5      *6* |  5       5  | *1*     *4* |
|  8  7 9 *** |     789 78  | ***  8  *** |
+-------------+-------------+-------------+
****************************************************************************

naked single 2 found in cell(r,c): (5,5)
STEP: 9
+-------------+-------------+-------------+
| *** 1   *** |  2  1    2  | *** 12   2  |
| *3*   6 *9* |  56      5  | *4*   6  56 |
| ***     *** |      8   8  | *** 78      |
| *** 1   1   | *** 1 3 *** |   3 1     3 |
| *2* 4 6  5  | *7* 4   *9* |   6   6  56 |
| ***         | ***  8  *** |  8   8      |
| 1   *** *** |  2  1 3  23 |   3 12   23 |
| 45  *8* *7* | 456 4    5  |   6   6  56 |
|     *** *** |             |   9         |
+-------------+-------------+-------------+
| *** *** *** | *** *** *** | *** *** *** |
| *7* *5* *4* | *8* *6* *1* | *2* *3* *9* |
| *** *** *** | *** *** *** | *** *** *** |
| *** 1 3 1 3 | *** *** *** | *** *** *** |
| *6*         | *9* *2* *4* | *7* *5* *8* |
| ***         | *** *** *** | *** *** *** |
| *** *** *** | *** ***     |     *** *** |
| *9* *2* *8* | *3* *5*     |   6 *4* *1* |
| *** *** *** | *** *** 7   |     *** *** |
+-------------+-------------+-------------+
| 1   1 3 123 |  2    3  23 | *** ***  23 |
| 4   4       | 4   4       | *5* *9*   6 |
|  8  7       |     78  78  | *** ***     |
|       3  23 | ***   3 *** |   3  2  *** |
| 45  4    5  | *1* 4   *6* |         *7* |
|  8    9     | ***  89 *** |  8   8  *** |
|       3 *** |  2    3  23 | ***  2  *** |
|  5      *6* |  5       5  | *1*     *4* |
|  8  7 9 *** |     789 78  | ***  8  *** |
+-------------+-------------+-------------+
****************************************************************************

naked single 7 found in cell(r,c): (6,6)
STEP: 10
+-------------+-------------+-------------+
| *** 1   *** |  2  1    2  | *** 12   2  |
| *3*   6 *9* |  56      5  | *4*   6  56 |
| ***     *** |      8   8  | *** 78      |
| *** 1   1   | *** 1 3 *** |   3 1     3 |
| *2* 4 6  5  | *7* 4   *9* |   6   6  56 |
| ***         | ***  8  *** |  8   8      |
| 1   *** *** |  2  1 3  23 |   3 12   23 |
| 45  *8* *7* | 456 4    5  |   6   6  56 |
|     *** *** |             |   9         |
+-------------+-------------+-------------+
| *** *** *** | *** *** *** | *** *** *** |
| *7* *5* *4* | *8* *6* *1* | *2* *3* *9* |
| *** *** *** | *** *** *** | *** *** *** |
| *** 1 3 1 3 | *** *** *** | *** *** *** |
| *6*         | *9* *2* *4* | *7* *5* *8* |
| ***         | *** *** *** | *** *** *** |
| *** *** *** | *** *** *** |     *** *** |
| *9* *2* *8* | *3* *5* *7* |   6 *4* *1* |
| *** *** *** | *** *** *** |     *** *** |
+-------------+-------------+-------------+
| 1   1 3 123 |  2    3  23 | *** ***  23 |
| 4   4       | 4   4       | *5* *9*   6 |
|  8  7       |     78   8  | *** ***     |
|       3  23 | ***   3 *** |   3  2  *** |
| 45  4    5  | *1* 4   *6* |         *7* |
|  8    9     | ***  89 *** |  8   8  *** |
|       3 *** |  2    3  23 | ***  2  *** |
|  5      *6* |  5       5  | *1*     *4* |
|  8  7 9 *** |     789  8  | ***  8  *** |
+-------------+-------------+-------------+
****************************************************************************

naked single 6 found in cell(r,c): (6,7)
STEP: 11
+-------------+-------------+-------------+
| *** 1   *** |  2  1    2  | *** 12   2  |
| *3*   6 *9* |  56      5  | *4*   6  56 |
| ***     *** |      8   8  | *** 78      |
| *** 1   1   | *** 1 3 *** |   3 1     3 |
| *2* 4 6  5  | *7* 4   *9* |       6  56 |
| ***         | ***  8  *** |  8   8      |
| 1   *** *** |  2  1 3  23 |   3 12   23 |
| 45  *8* *7* | 456 4    5  |       6  56 |
|     *** *** |             |   9         |
+-------------+-------------+-------------+
| *** *** *** | *** *** *** | *** *** *** |
| *7* *5* *4* | *8* *6* *1* | *2* *3* *9* |
| *** *** *** | *** *** *** | *** *** *** |
| *** 1 3 1 3 | *** *** *** | *** *** *** |
| *6*         | *9* *2* *4* | *7* *5* *8* |
| ***         | *** *** *** | *** *** *** |
| *** *** *** | *** *** *** | *** *** *** |
| *9* *2* *8* | *3* *5* *7* | *6* *4* *1* |
| *** *** *** | *** *** *** | *** *** *** |
+-------------+-------------+-------------+
| 1   1 3 123 |  2    3  23 | *** ***  23 |
| 4   4       | 4   4       | *5* *9*   6 |
|  8  7       |     78   8  | *** ***     |
|       3  23 | ***   3 *** |   3  2  *** |
| 45  4    5  | *1* 4   *6* |         *7* |
|  8    9     | ***  89 *** |  8   8  *** |
|       3 *** |  2    3  23 | ***  2  *** |
|  5      *6* |  5       5  | *1*     *4* |
|  8  7 9 *** |     789  8  | ***  8  *** |
+-------------+-------------+-------------+
****************************************************************************

hidden single 7 found in cell(r,c): (1,8); via column
STEP: 12
+-------------+-------------+-------------+
| *** 1   *** |  2  1    2  | *** ***  2  |
| *3*   6 *9* |  56      5  | *4* *7*  56 |
| ***     *** |      8   8  | *** ***     |
| *** 1   1   | *** 1 3 *** |   3 1     3 |
| *2* 4 6  5  | *7* 4   *9* |       6  56 |
| ***         | ***  8  *** |  8   8      |
| 1   *** *** |  2  1 3  23 |   3 12   23 |
| 45  *8* *7* | 456 4    5  |       6  56 |
|     *** *** |             |   9         |
+-------------+-------------+-------------+
| *** *** *** | *** *** *** | *** *** *** |
| *7* *5* *4* | *8* *6* *1* | *2* *3* *9* |
| *** *** *** | *** *** *** | *** *** *** |
| *** 1 3 1 3 | *** *** *** | *** *** *** |
| *6*         | *9* *2* *4* | *7* *5* *8* |
| ***         | *** *** *** | *** *** *** |
| *** *** *** | *** *** *** | *** *** *** |
| *9* *2* *8* | *3* *5* *7* | *6* *4* *1* |
| *** *** *** | *** *** *** | *** *** *** |
+-------------+-------------+-------------+
| 1   1 3 123 |  2    3  23 | *** ***  23 |
| 4   4       | 4   4       | *5* *9*   6 |
|  8  7       |     78   8  | *** ***     |
|       3  23 | ***   3 *** |   3  2  *** |
| 45  4    5  | *1* 4   *6* |         *7* |
|  8    9     | ***  89 *** |  8   8  *** |
|       3 *** |  2    3  23 | ***  2  *** |
|  5      *6* |  5       5  | *1*     *4* |
|  8  7 9 *** |     789  8  | ***  8  *** |
+-------------+-------------+-------------+
****************************************************************************

hidden single 9 found in cell(r,c): (3,7); via column
STEP: 13
+-------------+-------------+-------------+
| *** 1   *** |  2  1    2  | *** ***  2  |
| *3*   6 *9* |  56      5  | *4* *7*  56 |
| ***     *** |      8   8  | *** ***     |
| *** 1   1   | *** 1 3 *** |   3 1     3 |
| *2* 4 6  5  | *7* 4   *9* |       6  56 |
| ***         | ***  8  *** |  8   8      |
| 1   *** *** |  2  1 3  23 | *** 12   23 |
| 45  *8* *7* | 456 4    5  | *9*   6  56 |
|     *** *** |             | ***         |
+-------------+-------------+-------------+
| *** *** *** | *** *** *** | *** *** *** |
| *7* *5* *4* | *8* *6* *1* | *2* *3* *9* |
| *** *** *** | *** *** *** | *** *** *** |
| *** 1 3 1 3 | *** *** *** | *** *** *** |
| *6*         | *9* *2* *4* | *7* *5* *8* |
| ***         | *** *** *** | *** *** *** |
| *** *** *** | *** *** *** | *** *** *** |
| *9* *2* *8* | *3* *5* *7* | *6* *4* *1* |
| *** *** *** | *** *** *** | *** *** *** |
+-------------+-------------+-------------+
| 1   1 3 123 |  2    3  23 | *** ***  23 |
| 4   4       | 4   4       | *5* *9*   6 |
|  8  7       |     78   8  | *** ***     |
|       3  23 | ***   3 *** |   3  2  *** |
| 45  4    5  | *1* 4   *6* |         *7* |
|  8    9     | ***  89 *** |  8   8  *** |
|       3 *** |  2    3  23 | ***  2  *** |
|  5      *6* |  5       5  | *1*     *4* |
|  8  7 9 *** |     789  8  | ***  8  *** |
+-------------+-------------+-------------+
****************************************************************************

hidden single 6 found in cell(r,c): (7,9); via row
STEP: 14
+-------------+-------------+-------------+
| *** 1   *** |  2  1    2  | *** ***  2  |
| *3*   6 *9* |  56      5  | *4* *7*  5  |
| ***     *** |      8   8  | *** ***     |
| *** 1   1   | *** 1 3 *** |   3 1     3 |
| *2* 4 6  5  | *7* 4   *9* |       6  5  |
| ***         | ***  8  *** |  8   8      |
| 1   *** *** |  2  1 3  23 | *** 12   23 |
| 45  *8* *7* | 456 4    5  | *9*   6  5  |
|     *** *** |             | ***         |
+-------------+-------------+-------------+
| *** *** *** | *** *** *** | *** *** *** |
| *7* *5* *4* | *8* *6* *1* | *2* *3* *9* |
| *** *** *** | *** *** *** | *** *** *** |
| *** 1 3 1 3 | *** *** *** | *** *** *** |
| *6*         | *9* *2* *4* | *7* *5* *8* |
| ***         | *** *** *** | *** *** *** |
| *** *** *** | *** *** *** | *** *** *** |
| *9* *2* *8* | *3* *5* *7* | *6* *4* *1* |
| *** *** *** | *** *** *** | *** *** *** |
+-------------+-------------+-------------+
| 1   1 3 123 |  2    3  23 | *** *** *** |
| 4   4       | 4   4       | *5* *9* *6* |
|  8  7       |     78   8  | *** *** *** |
|       3  23 | ***   3 *** |   3  2  *** |
| 45  4    5  | *1* 4   *6* |         *7* |
|  8    9     | ***  89 *** |  8   8  *** |
|       3 *** |  2    3  23 | ***  2  *** |
|  5      *6* |  5       5  | *1*     *4* |
|  8  7 9 *** |     789  8  | ***  8  *** |
+-------------+-------------+-------------+
****************************************************************************

hidden single 3 found in cell(r,c): (8,7); via box 
STEP: 15
+-------------+-------------+-------------+
| *** 1   *** |  2  1    2  | *** ***  2  |
| *3*   6 *9* |  56      5  | *4* *7*  5  |
| ***     *** |      8   8  | *** ***     |
| *** 1   1   | *** 1 3 *** |     1     3 |
| *2* 4 6  5  | *7* 4   *9* |       6  5  |
| ***         | ***  8  *** |  8   8      |
| 1   *** *** |  2  1 3  23 | *** 12   23 |
| 45  *8* *7* | 456 4    5  | *9*   6  5  |
|     *** *** |             | ***         |
+-------------+-------------+-------------+
| *** *** *** | *** *** *** | *** *** *** |
| *7* *5* *4* | *8* *6* *1* | *2* *3* *9* |
| *** *** *** | *** *** *** | *** *** *** |
| *** 1 3 1 3 | *** *** *** | *** *** *** |
| *6*         | *9* *2* *4* | *7* *5* *8* |
| ***         | *** *** *** | *** *** *** |
| *** *** *** | *** *** *** | *** *** *** |
| *9* *2* *8* | *3* *5* *7* | *6* *4* *1* |
| *** *** *** | *** *** *** | *** *** *** |
+-------------+-------------+-------------+
| 1   1 3 123 |  2    3  23 | *** *** *** |
| 4   4       | 4   4       | *5* *9* *6* |
|  8  7       |     78   8  | *** *** *** |
|          2  | ***     *** | ***  2  *** |
| 45  4    5  | *1* 4   *6* | *3*     *7* |
|  8    9     | ***  89 *** | ***  8  *** |
|       3 *** |  2    3  23 | ***  2  *** |
|  5      *6* |  5       5  | *1*     *4* |
|  8  7 9 *** |     789  8  | ***  8  *** |
+-------------+-------------+-------------+
****************************************************************************

naked single 8 found in cell(r,c): (2,7)
STEP: 16
+-------------+-------------+-------------+
| *** 1   *** |  2  1    2  | *** ***  2  |
| *3*   6 *9* |  56      5  | *4* *7*  5  |
| ***     *** |      8   8  | *** ***     |
| *** 1   1   | *** 1 3 *** | *** 1     3 |
| *2* 4 6  5  | *7* 4   *9* | *8*   6  5  |
| ***         | ***     *** | ***         |
| 1   *** *** |  2  1 3  23 | *** 12   23 |
| 45  *8* *7* | 456 4    5  | *9*   6  5  |
|     *** *** |             | ***         |
+-------------+-------------+-------------+
| *** *** *** | *** *** *** | *** *** *** |
| *7* *5* *4* | *8* *6* *1* | *2* *3* *9* |
| *** *** *** | *** *** *** | *** *** *** |
| *** 1 3 1 3 | *** *** *** | *** *** *** |
| *6*         | *9* *2* *4* | *7* *5* *8* |
| ***         | *** *** *** | *** *** *** |
| *** *** *** | *** *** *** | *** *** *** |
| *9* *2* *8* | *3* *5* *7* | *6* *4* *1* |
| *** *** *** | *** *** *** | *** *** *** |
+-------------+-------------+-------------+
| 1   1 3 123 |  2    3  23 | *** *** *** |
| 4   4       | 4   4       | *5* *9* *6* |
|  8  7       |     78   8  | *** *** *** |
|          2  | ***     *** | ***  2  *** |
| 45  4    5  | *1* 4   *6* | *3*     *7* |
|  8    9     | ***  89 *** | ***  8  *** |
|       3 *** |  2    3  23 | ***  2  *** |
|  5      *6* |  5       5  | *1*     *4* |
|  8  7 9 *** |     789  8  | ***  8  *** |
+-------------+-------------+-------------+
****************************************************************************

naked double 1 3 found in cells(r,c)/(r,c): (5,2)/(5,3); via row
clears:
naked double 1 3 found in cells(r,c)/(r,c): (5,2)/(5,3); via box
clears:
naked double 1 3 found in cells(r,c)/(r,c): (5,3)/(5,2); via row
clears:
naked double 1 3 found in cells(r,c)/(r,c): (5,3)/(5,2); via box
clears:
naked double 2 8 found in cells(r,c)/(r,c): (8,8)/(9,8); via box
clears:
naked double 2 8 found in cells(r,c)/(r,c): (8,8)/(9,8); via col
clears:
	2 in cell(r,c): (3,8)
STEP: 17
+-------------+-------------+-------------+
| *** 1   *** |  2  1    2  | *** ***  2  |
| *3*   6 *9* |  56      5  | *4* *7*  5  |
| ***     *** |      8   8  | *** ***     |
| *** 1   1   | *** 1 3 *** | *** 1     3 |
| *2* 4 6  5  | *7* 4   *9* | *8*   6  5  |
| ***         | ***     *** | ***         |
| 1   *** *** |  2  1 3  23 | *** 1    23 |
| 45  *8* *7* | 456 4    5  | *9*   6  5  |
|     *** *** |             | ***         |
+-------------+-------------+-------------+
| *** *** *** | *** *** *** | *** *** *** |
| *7* *5* *4* | *8* *6* *1* | *2* *3* *9* |
| *** *** *** | *** *** *** | *** *** *** |
| *** 1 3 1 3 | *** *** *** | *** *** *** |
| *6*         | *9* *2* *4* | *7* *5* *8* |
| ***         | *** *** *** | *** *** *** |
| *** *** *** | *** *** *** | *** *** *** |
| *9* *2* *8* | *3* *5* *7* | *6* *4* *1* |
| *** *** *** | *** *** *** | *** *** *** |
+-------------+-------------+-------------+
| 1   1 3 123 |  2    3  23 | *** *** *** |
| 4   4       | 4   4       | *5* *9* *6* |
|  8  7       |     78   8  | *** *** *** |
|          2  | ***     *** | ***  2  *** |
| 45  4    5  | *1* 4   *6* | *3*     *7* |
|  8    9     | ***  89 *** | ***  8  *** |
|       3 *** |  2    3  23 | ***  2  *** |
|  5      *6* |  5       5  | *1*     *4* |
|  8  7 9 *** |     789  8  | ***  8  *** |
+-------------+-------------+-------------+
****************************************************************************

naked double 1 6 found in cells(r,c)/(r,c): (2,8)/(3,8); via col
clears:
naked double 1 6 found in cells(r,c)/(r,c): (2,8)/(3,8); via box
clears:
naked double 1 6 found in cells(r,c)/(r,c): (3,8)/(2,8); via col
clears:
naked double 1 6 found in cells(r,c)/(r,c): (3,8)/(2,8); via box
clears:
naked double 1 3 found in cells(r,c)/(r,c): (5,2)/(5,3); via row
clears:
naked double 1 3 found in cells(r,c)/(r,c): (5,2)/(5,3); via box
clears:
naked double 1 3 found in cells(r,c)/(r,c): (5,3)/(5,2); via row
clears:
naked double 1 3 found in cells(r,c)/(r,c): (5,3)/(5,2); via box
clears:
naked double 2 8 found in cells(r,c)/(r,c): (8,8)/(9,8); via box
clears:
naked double 2 8 found in cells(r,c)/(r,c): (8,8)/(9,8); via col
clears:
naked double 2 8 found in cells(r,c)/(r,c): (9,8)/(8,8); via box
clears:
naked double 2 8 found in cells(r,c)/(r,c): (9,8)/(8,8); via col
clears:
hidden double 7 9 found in cells(r,c)/(r,c): (9,2)/(9,5); via col
clears:
	3 in cell(r,c): (9,2)
	3 in cell(r,c): (9,5)
	8 in cell(r,c): (9,5)
STEP: 18
+-------------+-------------+-------------+
| *** 1   *** |  2  1    2  | *** ***  2  |
| *3*   6 *9* |  56      5  | *4* *7*  5  |
| ***     *** |      8   8  | *** ***     |
| *** 1   1   | *** 1 3 *** | *** 1     3 |
| *2* 4 6  5  | *7* 4   *9* | *8*   6  5  |
| ***         | ***     *** | ***         |
| 1   *** *** |  2  1 3  23 | *** 1    23 |
| 45  *8* *7* | 456 4    5  | *9*   6  5  |
|     *** *** |             | ***         |
+-------------+-------------+-------------+
| *** *** *** | *** *** *** | *** *** *** |
| *7* *5* *4* | *8* *6* *1* | *2* *3* *9* |
| *** *** *** | *** *** *** | *** *** *** |
| *** 1 3 1 3 | *** *** *** | *** *** *** |
| *6*         | *9* *2* *4* | *7* *5* *8* |
| ***         | *** *** *** | *** *** *** |
| *** *** *** | *** *** *** | *** *** *** |
| *9* *2* *8* | *3* *5* *7* | *6* *4* *1* |
| *** *** *** | *** *** *** | *** *** *** |
+-------------+-------------+-------------+
| 1   1 3 123 |  2    3  23 | *** *** *** |
| 4   4       | 4   4       | *5* *9* *6* |
|  8  7       |     78   8  | *** *** *** |
|          2  | ***     *** | ***  2  *** |
| 45  4    5  | *1* 4   *6* | *3*     *7* |
|  8    9     | ***  89 *** | ***  8  *** |
|         *** |  2       23 | ***  2  *** |
|  5      *6* |  5       5  | *1*     *4* |
|  8  7 9 *** |     7 9  8  | ***  8  *** |
+-------------+-------------+-------------+
****************************************************************************

hidden single 3 found in cell(r,c): (9,6); via row
STEP: 19
+-------------+-------------+-------------+
| *** 1   *** |  2  1    2  | *** ***  2  |
| *3*   6 *9* |  56      5  | *4* *7*  5  |
| ***     *** |      8   8  | *** ***     |
| *** 1   1   | *** 1 3 *** | *** 1     3 |
| *2* 4 6  5  | *7* 4   *9* | *8*   6  5  |
| ***         | ***     *** | ***         |
| 1   *** *** |  2  1 3  2  | *** 1    23 |
| 45  *8* *7* | 456 4    5  | *9*   6  5  |
|     *** *** |             | ***         |
+-------------+-------------+-------------+
| *** *** *** | *** *** *** | *** *** *** |
| *7* *5* *4* | *8* *6* *1* | *2* *3* *9* |
| *** *** *** | *** *** *** | *** *** *** |
| *** 1 3 1 3 | *** *** *** | *** *** *** |
| *6*         | *9* *2* *4* | *7* *5* *8* |
| ***         | *** *** *** | *** *** *** |
| *** *** *** | *** *** *** | *** *** *** |
| *9* *2* *8* | *3* *5* *7* | *6* *4* *1* |
| *** *** *** | *** *** *** | *** *** *** |
+-------------+-------------+-------------+
| 1   1 3 123 |  2       2  | *** *** *** |
| 4   4       | 4   4       | *5* *9* *6* |
|  8  7       |     78   8  | *** *** *** |
|          2  | ***     *** | ***  2  *** |
| 45  4    5  | *1* 4   *6* | *3*     *7* |
|  8    9     | ***  89 *** | ***  8  *** |
|         *** |  2      *** | ***  2  *** |
|  5      *6* |  5      *3* | *1*     *4* |
|  8  7 9 *** |     7 9 *** | ***  8  *** |
+-------------+-------------+-------------+
****************************************************************************

hidden single 5 found in cell(r,c): (9,4); via box 
STEP: 20
+-------------+-------------+-------------+
| *** 1   *** |  2  1    2  | *** ***  2  |
| *3*   6 *9* |   6      5  | *4* *7*  5  |
| ***     *** |      8   8  | *** ***     |
| *** 1   1   | *** 1 3 *** | *** 1     3 |
| *2* 4 6  5  | *7* 4   *9* | *8*   6  5  |
| ***         | ***     *** | ***         |
| 1   *** *** |  2  1 3  2  | *** 1    23 |
| 45  *8* *7* | 4 6 4    5  | *9*   6  5  |
|     *** *** |             | ***         |
+-------------+-------------+-------------+
| *** *** *** | *** *** *** | *** *** *** |
| *7* *5* *4* | *8* *6* *1* | *2* *3* *9* |
| *** *** *** | *** *** *** | *** *** *** |
| *** 1 3 1 3 | *** *** *** | *** *** *** |
| *6*         | *9* *2* *4* | *7* *5* *8* |
| ***         | *** *** *** | *** *** *** |
| *** *** *** | *** *** *** | *** *** *** |
| *9* *2* *8* | *3* *5* *7* | *6* *4* *1* |
| *** *** *** | *** *** *** | *** *** *** |
+-------------+-------------+-------------+
| 1   1 3 123 |  2       2  | *** *** *** |
| 4   4       | 4   4       | *5* *9* *6* |
|  8  7       |     78   8  | *** *** *** |
|          2  | ***     *** | ***  2  *** |
| 45  4    5  | *1* 4   *6* | *3*     *7* |
|  8    9     | ***  89 *** | ***  8  *** |
|         *** | ***     *** | ***  2  *** |
|         *6* | *5*     *3* | *1*     *4* |
|  8  7 9 *** | *** 7 9 *** | ***  8  *** |
+-------------+-------------+-------------+
****************************************************************************

naked single 8 found in cell(r,c): (9,1)
STEP: 21
+-------------+-------------+-------------+
| *** 1   *** |  2  1    2  | *** ***  2  |
| *3*   6 *9* |   6      5  | *4* *7*  5  |
| ***     *** |      8   8  | *** ***     |
| *** 1   1   | *** 1 3 *** | *** 1     3 |
| *2* 4 6  5  | *7* 4   *9* | *8*   6  5  |
| ***         | ***     *** | ***         |
| 1   *** *** |  2  1 3  2  | *** 1    23 |
| 45  *8* *7* | 4 6 4    5  | *9*   6  5  |
|     *** *** |             | ***         |
+-------------+-------------+-------------+
| *** *** *** | *** *** *** | *** *** *** |
| *7* *5* *4* | *8* *6* *1* | *2* *3* *9* |
| *** *** *** | *** *** *** | *** *** *** |
| *** 1 3 1 3 | *** *** *** | *** *** *** |
| *6*         | *9* *2* *4* | *7* *5* *8* |
| ***         | *** *** *** | *** *** *** |
| *** *** *** | *** *** *** | *** *** *** |
| *9* *2* *8* | *3* *5* *7* | *6* *4* *1* |
| *** *** *** | *** *** *** | *** *** *** |
+-------------+-------------+-------------+
| 1   1 3 123 |  2       2  | *** *** *** |
| 4   4       | 4   4       | *5* *9* *6* |
|     7       |     78   8  | *** *** *** |
|          2  | ***     *** | ***  2  *** |
| 45  4    5  | *1* 4   *6* | *3*     *7* |
|       9     | ***  89 *** | ***  8  *** |
| ***     *** | ***     *** | ***  2  *** |
| *8*     *6* | *5*     *3* | *1*     *4* |
| *** 7 9 *** | *** 7 9 *** | ***     *** |
+-------------+-------------+-------------+
****************************************************************************

naked single 2 found in cell(r,c): (9,8)
STEP: 22
+-------------+-------------+-------------+
| *** 1   *** |  2  1    2  | *** ***  2  |
| *3*   6 *9* |   6      5  | *4* *7*  5  |
| ***     *** |      8   8  | *** ***     |
| *** 1   1   | *** 1 3 *** | *** 1     3 |
| *2* 4 6  5  | *7* 4   *9* | *8*   6  5  |
| ***         | ***     *** | ***         |
| 1   *** *** |  2  1 3  2  | *** 1    23 |
| 45  *8* *7* | 4 6 4    5  | *9*   6  5  |
|     *** *** |             | ***         |
+-------------+-------------+-------------+
| *** *** *** | *** *** *** | *** *** *** |
| *7* *5* *4* | *8* *6* *1* | *2* *3* *9* |
| *** *** *** | *** *** *** | *** *** *** |
| *** 1 3 1 3 | *** *** *** | *** *** *** |
| *6*         | *9* *2* *4* | *7* *5* *8* |
| ***         | *** *** *** | *** *** *** |
| *** *** *** | *** *** *** | *** *** *** |
| *9* *2* *8* | *3* *5* *7* | *6* *4* *1* |
| *** *** *** | *** *** *** | *** *** *** |
+-------------+-------------+-------------+
| 1   1 3 123 |  2       2  | *** *** *** |
| 4   4       | 4   4       | *5* *9* *6* |
|     7       |     78   8  | *** *** *** |
|          2  | ***     *** | ***     *** |
| 45  4    5  | *1* 4   *6* | *3*     *7* |
|       9     | ***  89 *** | ***  8  *** |
| ***     *** | ***     *** | *** *** *** |
| *8*     *6* | *5*     *3* | *1* *2* *4* |
| *** 7 9 *** | *** 7 9 *** | *** *** *** |
+-------------+-------------+-------------+
****************************************************************************

naked single 8 found in cell(r,c): (8,8)
STEP: 23
+-------------+-------------+-------------+
| *** 1   *** |  2  1    2  | *** ***  2  |
| *3*   6 *9* |   6      5  | *4* *7*  5  |
| ***     *** |      8   8  | *** ***     |
| *** 1   1   | *** 1 3 *** | *** 1     3 |
| *2* 4 6  5  | *7* 4   *9* | *8*   6  5  |
| ***         | ***     *** | ***         |
| 1   *** *** |  2  1 3  2  | *** 1    23 |
| 45  *8* *7* | 4 6 4    5  | *9*   6  5  |
|     *** *** |             | ***         |
+-------------+-------------+-------------+
| *** *** *** | *** *** *** | *** *** *** |
| *7* *5* *4* | *8* *6* *1* | *2* *3* *9* |
| *** *** *** | *** *** *** | *** *** *** |
| *** 1 3 1 3 | *** *** *** | *** *** *** |
| *6*         | *9* *2* *4* | *7* *5* *8* |
| ***         | *** *** *** | *** *** *** |
| *** *** *** | *** *** *** | *** *** *** |
| *9* *2* *8* | *3* *5* *7* | *6* *4* *1* |
| *** *** *** | *** *** *** | *** *** *** |
+-------------+-------------+-------------+
| 1   1 3 123 |  2       2  | *** *** *** |
| 4   4       | 4   4       | *5* *9* *6* |
|     7       |     78   8  | *** *** *** |
|          2  | ***     *** | *** *** *** |
| 45  4    5  | *1* 4   *6* | *3* *8* *7* |
|       9     | ***   9 *** | *** *** *** |
| ***     *** | ***     *** | *** *** *** |
| *8*     *6* | *5*     *3* | *1* *2* *4* |
| *** 7 9 *** | *** 7 9 *** | *** *** *** |
+-------------+-------------+-------------+
****************************************************************************

hidden single 2 found in cell(r,c): (8,3); via row
STEP: 24
+-------------+-------------+-------------+
| *** 1   *** |  2  1    2  | *** ***  2  |
| *3*   6 *9* |   6      5  | *4* *7*  5  |
| ***     *** |      8   8  | *** ***     |
| *** 1   1   | *** 1 3 *** | *** 1     3 |
| *2* 4 6  5  | *7* 4   *9* | *8*   6  5  |
| ***         | ***     *** | ***         |
| 1   *** *** |  2  1 3  2  | *** 1    23 |
| 45  *8* *7* | 4 6 4    5  | *9*   6  5  |
|     *** *** |             | ***         |
+-------------+-------------+-------------+
| *** *** *** | *** *** *** | *** *** *** |
| *7* *5* *4* | *8* *6* *1* | *2* *3* *9* |
| *** *** *** | *** *** *** | *** *** *** |
| *** 1 3 1 3 | *** *** *** | *** *** *** |
| *6*         | *9* *2* *4* | *7* *5* *8* |
| ***         | *** *** *** | *** *** *** |
| *** *** *** | *** *** *** | *** *** *** |
| *9* *2* *8* | *3* *5* *7* | *6* *4* *1* |
| *** *** *** | *** *** *** | *** *** *** |
+-------------+-------------+-------------+
| 1   1 3 1 3 |  2       2  | *** *** *** |
| 4   4       | 4   4       | *5* *9* *6* |
|     7       |     78   8  | *** *** *** |
|         *** | ***     *** | *** *** *** |
| 45  4   *2* | *1* 4   *6* | *3* *8* *7* |
|       9 *** | ***   9 *** | *** *** *** |
| ***     *** | ***     *** | *** *** *** |
| *8*     *6* | *5*     *3* | *1* *2* *4* |
| *** 7 9 *** | *** 7 9 *** | *** *** *** |
+-------------+-------------+-------------+
****************************************************************************

hidden single 5 found in cell(r,c): (2,3); via column
STEP: 25
+-------------+-------------+-------------+
| *** 1   *** |  2  1    2  | *** ***  2  |
| *3*   6 *9* |   6      5  | *4* *7*  5  |
| ***     *** |      8   8  | *** ***     |
| *** 1   *** | *** 1 3 *** | *** 1     3 |
| *2* 4 6 *5* | *7* 4   *9* | *8*   6     |
| ***     *** | ***     *** | ***         |
| 1   *** *** |  2  1 3  2  | *** 1    23 |
| 4   *8* *7* | 4 6 4    5  | *9*   6  5  |
|     *** *** |             | ***         |
+-------------+-------------+-------------+
| *** *** *** | *** *** *** | *** *** *** |
| *7* *5* *4* | *8* *6* *1* | *2* *3* *9* |
| *** *** *** | *** *** *** | *** *** *** |
| *** 1 3 1 3 | *** *** *** | *** *** *** |
| *6*         | *9* *2* *4* | *7* *5* *8* |
| ***         | *** *** *** | *** *** *** |
| *** *** *** | *** *** *** | *** *** *** |
| *9* *2* *8* | *3* *5* *7* | *6* *4* *1* |
| *** *** *** | *** *** *** | *** *** *** |
+-------------+-------------+-------------+
| 1   1 3 1 3 |  2       2  | *** *** *** |
| 4   4       | 4   4       | *5* *9* *6* |
|     7       |     78   8  | *** *** *** |
|         *** | ***     *** | *** *** *** |
| 45  4   *2* | *1* 4   *6* | *3* *8* *7* |
|       9 *** | ***   9 *** | *** *** *** |
| ***     *** | ***     *** | *** *** *** |
| *8*     *6* | *5*     *3* | *1* *2* *4* |
| *** 7 9 *** | *** 7 9 *** | *** *** *** |
+-------------+-------------+-------------+
****************************************************************************

naked single 3 found in cell(r,c): (2,9)
STEP: 26
+-------------+-------------+-------------+
| *** 1   *** |  2  1    2  | *** ***  2  |
| *3*   6 *9* |   6      5  | *4* *7*  5  |
| ***     *** |      8   8  | *** ***     |
| *** 1   *** | *** 1   *** | *** 1   *** |
| *2* 4 6 *5* | *7* 4   *9* | *8*   6 *3* |
| ***     *** | ***     *** | ***     *** |
| 1   *** *** |  2  1 3  2  | *** 1    2  |
| 4   *8* *7* | 4 6 4    5  | *9*   6  5  |
|     *** *** |             | ***         |
+-------------+-------------+-------------+
| *** *** *** | *** *** *** | *** *** *** |
| *7* *5* *4* | *8* *6* *1* | *2* *3* *9* |
| *** *** *** | *** *** *** | *** *** *** |
| *** 1 3 1 3 | *** *** *** | *** *** *** |
| *6*         | *9* *2* *4* | *7* *5* *8* |
| ***         | *** *** *** | *** *** *** |
| *** *** *** | *** *** *** | *** *** *** |
| *9* *2* *8* | *3* *5* *7* | *6* *4* *1* |
| *** *** *** | *** *** *** | *** *** *** |
+-------------+-------------+-------------+
| 1   1 3 1 3 |  2       2  | *** *** *** |
| 4   4       | 4   4       | *5* *9* *6* |
|     7       |     78   8  | *** *** *** |
|         *** | ***     *** | *** *** *** |
| 45  4   *2* | *1* 4   *6* | *3* *8* *7* |
|       9 *** | ***   9 *** | *** *** *** |
| ***     *** | ***     *** | *** *** *** |
| *8*     *6* | *5*     *3* | *1* *2* *4* |
| *** 7 9 *** | *** 7 9 *** | *** *** *** |
+-------------+-------------+-------------+
****************************************************************************

hidden single 3 found in cell(r,c): (3,5); via column
STEP: 27
+-------------+-------------+-------------+
| *** 1   *** |  2  1    2  | *** ***  2  |
| *3*   6 *9* |   6      5  | *4* *7*  5  |
| ***     *** |      8   8  | *** ***     |
| *** 1   *** | *** 1   *** | *** 1   *** |
| *2* 4 6 *5* | *7* 4   *9* | *8*   6 *3* |
| ***     *** | ***     *** | ***     *** |
| 1   *** *** |  2  ***  2  | *** 1    2  |
| 4   *8* *7* | 4 6 *3*  5  | *9*   6  5  |
|     *** *** |     ***     | ***         |
+-------------+-------------+-------------+
| *** *** *** | *** *** *** | *** *** *** |
| *7* *5* *4* | *8* *6* *1* | *2* *3* *9* |
| *** *** *** | *** *** *** | *** *** *** |
| *** 1 3 1 3 | *** *** *** | *** *** *** |
| *6*         | *9* *2* *4* | *7* *5* *8* |
| ***         | *** *** *** | *** *** *** |
| *** *** *** | *** *** *** | *** *** *** |
| *9* *2* *8* | *3* *5* *7* | *6* *4* *1* |
| *** *** *** | *** *** *** | *** *** *** |
+-------------+-------------+-------------+
| 1   1 3 1 3 |  2       2  | *** *** *** |
| 4   4       | 4   4       | *5* *9* *6* |
|     7       |     78   8  | *** *** *** |
|         *** | ***     *** | *** *** *** |
| 45  4   *2* | *1* 4   *6* | *3* *8* *7* |
|       9 *** | ***   9 *** | *** *** *** |
| ***     *** | ***     *** | *** *** *** |
| *8*     *6* | *5*     *3* | *1* *2* *4* |
| *** 7 9 *** | *** 7 9 *** | *** *** *** |
+-------------+-------------+-------------+
****************************************************************************

hidden single 5 found in cell(r,c): (8,1); via column
STEP: 28
+-------------+-------------+-------------+
| *** 1   *** |  2  1    2  | *** ***  2  |
| *3*   6 *9* |   6      5  | *4* *7*  5  |
| ***     *** |      8   8  | *** ***     |
| *** 1   *** | *** 1   *** | *** 1   *** |
| *2* 4 6 *5* | *7* 4   *9* | *8*   6 *3* |
| ***     *** | ***     *** | ***     *** |
| 1   *** *** |  2  ***  2  | *** 1    2  |
| 4   *8* *7* | 4 6 *3*  5  | *9*   6  5  |
|     *** *** |     ***     | ***         |
+-------------+-------------+-------------+
| *** *** *** | *** *** *** | *** *** *** |
| *7* *5* *4* | *8* *6* *1* | *2* *3* *9* |
| *** *** *** | *** *** *** | *** *** *** |
| *** 1 3 1 3 | *** *** *** | *** *** *** |
| *6*         | *9* *2* *4* | *7* *5* *8* |
| ***         | *** *** *** | *** *** *** |
| *** *** *** | *** *** *** | *** *** *** |
| *9* *2* *8* | *3* *5* *7* | *6* *4* *1* |
| *** *** *** | *** *** *** | *** *** *** |
+-------------+-------------+-------------+
| 1   1 3 1 3 |  2       2  | *** *** *** |
| 4   4       | 4   4       | *5* *9* *6* |
|     7       |     78   8  | *** *** *** |
| ***     *** | ***     *** | *** *** *** |
| *5* 4   *2* | *1* 4   *6* | *3* *8* *7* |
| ***   9 *** | ***   9 *** | *** *** *** |
| ***     *** | ***     *** | *** *** *** |
| *8*     *6* | *5*     *3* | *1* *2* *4* |
| *** 7 9 *** | *** 7 9 *** | *** *** *** |
+-------------+-------------+-------------+
****************************************************************************

naked double 2 5 found in cells(r,c)/(r,c): (1,9)/(3,9); via col
clears:
naked double 2 5 found in cells(r,c)/(r,c): (1,9)/(3,9); via box
clears:
naked double 1 6 found in cells(r,c)/(r,c): (2,8)/(3,8); via col
clears:
naked double 1 6 found in cells(r,c)/(r,c): (2,8)/(3,8); via box
clears:
naked double 1 4 found in cells(r,c)/(r,c): (3,1)/(7,1); via col
clears:
naked double 2 5 found in cells(r,c)/(r,c): (3,6)/(3,9); via row
clears:
	2 in cell(r,c): (3,4)
STEP: 29
+-------------+-------------+-------------+
| *** 1   *** |  2  1    2  | *** ***  2  |
| *3*   6 *9* |   6      5  | *4* *7*  5  |
| ***     *** |      8   8  | *** ***     |
| *** 1   *** | *** 1   *** | *** 1   *** |
| *2* 4 6 *5* | *7* 4   *9* | *8*   6 *3* |
| ***     *** | ***     *** | ***     *** |
| 1   *** *** |     ***  2  | *** 1    2  |
| 4   *8* *7* | 4 6 *3*  5  | *9*   6  5  |
|     *** *** |     ***     | ***         |
+-------------+-------------+-------------+
| *** *** *** | *** *** *** | *** *** *** |
| *7* *5* *4* | *8* *6* *1* | *2* *3* *9* |
| *** *** *** | *** *** *** | *** *** *** |
| *** 1 3 1 3 | *** *** *** | *** *** *** |
| *6*         | *9* *2* *4* | *7* *5* *8* |
| ***         | *** *** *** | *** *** *** |
| *** *** *** | *** *** *** | *** *** *** |
| *9* *2* *8* | *3* *5* *7* | *6* *4* *1* |
| *** *** *** | *** *** *** | *** *** *** |
+-------------+-------------+-------------+
| 1   1 3 1 3 |  2       2  | *** *** *** |
| 4   4       | 4   4       | *5* *9* *6* |
|     7       |     78   8  | *** *** *** |
| ***     *** | ***     *** | *** *** *** |
| *5* 4   *2* | *1* 4   *6* | *3* *8* *7* |
| ***   9 *** | ***   9 *** | *** *** *** |
| ***     *** | ***     *** | *** *** *** |
| *8*     *6* | *5*     *3* | *1* *2* *4* |
| *** 7 9 *** | *** 7 9 *** | *** *** *** |
+-------------+-------------+-------------+
****************************************************************************

naked double 2 5 found in cells(r,c)/(r,c): (1,9)/(3,9); via col
clears:
naked double 2 5 found in cells(r,c)/(r,c): (1,9)/(3,9); via box
clears:
naked double 1 6 found in cells(r,c)/(r,c): (2,8)/(3,8); via col
clears:
naked double 1 6 found in cells(r,c)/(r,c): (2,8)/(3,8); via box
clears:
naked double 1 4 found in cells(r,c)/(r,c): (3,1)/(7,1); via col
clears:
naked double 2 5 found in cells(r,c)/(r,c): (3,6)/(3,9); via row
clears:
naked double 1 6 found in cells(r,c)/(r,c): (3,8)/(2,8); via col
clears:
naked double 1 6 found in cells(r,c)/(r,c): (3,8)/(2,8); via box
clears:
naked double 2 5 found in cells(r,c)/(r,c): (3,9)/(1,9); via col
clears:
naked double 2 5 found in cells(r,c)/(r,c): (3,9)/(1,9); via box
clears:
naked double 2 5 found in cells(r,c)/(r,c): (3,9)/(3,6); via row
clears:
naked double 1 3 found in cells(r,c)/(r,c): (5,2)/(5,3); via row
clears:
naked double 1 3 found in cells(r,c)/(r,c): (5,2)/(5,3); via box
clears:
naked double 1 3 found in cells(r,c)/(r,c): (5,3)/(5,2); via row
clears:
naked double 1 3 found in cells(r,c)/(r,c): (5,3)/(5,2); via box
clears:
naked double 1 3 found in cells(r,c)/(r,c): (5,3)/(7,3); via col
clears:
naked double 1 4 found in cells(r,c)/(r,c): (7,1)/(3,1); via col
clears:
naked double 1 3 found in cells(r,c)/(r,c): (7,3)/(5,3); via col
clears:
naked double 4 9 found in cells(r,c)/(r,c): (8,2)/(8,5); via row
clears:
naked double 4 9 found in cells(r,c)/(r,c): (8,5)/(8,2); via row
clears:
naked double 7 9 found in cells(r,c)/(r,c): (9,2)/(9,5); via row
clears:
naked double 7 9 found in cells(r,c)/(r,c): (9,5)/(9,2); via row
clears:
+-------+-------+-------+
| 3   9 |       | 4 7   |
| 2   5 | 7   9 | 8   3 |
|   8 7 |   3   | 9     |
+-------+-------+-------+
| 7 5 4 | 8 6 1 | 2 3 9 |
| 6     | 9 2 4 | 7 5 8 |
| 9 2 8 | 3 5 7 | 6 4 1 |
+-------+-------+-------+
|       |       | 5 9 6 |
| 5   2 | 1   6 | 3 8 7 |
| 8   6 | 5   3 | 1 2 4 |
+-------+-------+-------+
