+-------+-------+-------+
| 4     |       |   3 8 |
|     2 |     4 | 1     |
|     5 | 3     | 2 4   |
+-------+-------+-------+
|   7   | 6   9 |     4 |
|   2   |       |   7   |
| 6     | 7   3 |   9   |
+-------+-------+-------+
|   5 7 |     8 | 3     |
|     3 | 9     | 4     |
| 2 4   |       |     9 |
+-------+-------+-------+
STEP: 0
+-------------+-------------+-------------+
| *** 1   1   | 12  12  12  |     *** *** |
| *4*   6   6 |  5   56  56 |  56 *3* *8* |
| ***   9   9 |     7 9 7   | 7 9 *** *** |
|   3   3 *** |         *** | ***         |
|       6 *2* |  5   56 *4* | *1*  56  56 |
| 789  89 *** |  8  789 *** | ***     7   |
| 1   1   *** | *** 1   1   | *** ***     |
|       6 *5* | *3*   6   6 | *2* *4*   6 |
| 789  89 *** | *** 789 7   | *** *** 7   |
+-------------+-------------+-------------+
| 1 3 *** 1   | *** 12  *** |     12  *** |
|  5  *7*     | *6*  5  *9* |  5   5  *4* |
|  8  ***  8  | ***  8  *** |  8   8  *** |
| 1 3 *** 1   | 1   1   1   |     *** 1 3 |
|  5  *2* 4   | 45  45   5  |  56 *7*  56 |
|  89 ***  89 |  8   8      |  8  ***     |
| *** 1   1   | *** 12  *** |     *** 12  |
| *6*     4   | *7* 45  *3* |  5  *9*  5  |
| ***  8   8  | ***  8  *** |  8  ***     |
+-------------+-------------+-------------+
| 1   *** *** | 12  12  *** | *** 12  12  |
|     *5* *7* | 4   4 6 *8* | *3*   6   6 |
|   9 *** *** |         *** | ***         |
| 1   1   *** | *** 12  12  | *** 12  12  |
|       6 *3* | *9*  56  56 | *4*  56  56 |
|  8   8  *** | *** 7   7   | ***  8  7   |
| *** *** 1   | 1   1 3 1   |     1   *** |
| *2* *4*   6 |  5   56  56 |  56  56 *9* |
| *** ***  8  |     7   7   | 78   8  *** |
+-------------+-------------+-------------+
****************************************************************************

hidden single 9 found in cell(r,c): (1,7); via column
STEP: 1
+-------------+-------------+-------------+
| *** 1   1   | 12  12  12  | *** *** *** |
| *4*   6   6 |  5   56  56 | *9* *3* *8* |
| ***         |     7   7   | *** *** *** |
|   3   3 *** |         *** | ***         |
|       6 *2* |  5   56 *4* | *1*  56  56 |
| 789  89 *** |  8  789 *** | ***     7   |
| 1   1   *** | *** 1   1   | *** ***     |
|       6 *5* | *3*   6   6 | *2* *4*   6 |
| 789  89 *** | *** 789 7   | *** *** 7   |
+-------------+-------------+-------------+
| 1 3 *** 1   | *** 12  *** |     12  *** |
|  5  *7*     | *6*  5  *9* |  5   5  *4* |
|  8  ***  8  | ***  8  *** |  8   8  *** |
| 1 3 *** 1   | 1   1   1   |     *** 1 3 |
|  5  *2* 4   | 45  45   5  |  56 *7*  56 |
|  89 ***  89 |  8   8      |  8  ***     |
| *** 1   1   | *** 12  *** |     *** 12  |
| *6*     4   | *7* 45  *3* |  5  *9*  5  |
| ***  8   8  | ***  8  *** |  8  ***     |
+-------------+-------------+-------------+
| 1   *** *** | 12  12  *** | *** 12  12  |
|     *5* *7* | 4   4 6 *8* | *3*   6   6 |
|   9 *** *** |         *** | ***         |
| 1   1   *** | *** 12  12  | *** 12  12  |
|       6 *3* | *9*  56  56 | *4*  56  56 |
|  8   8  *** | *** 7   7   | ***  8  7   |
| *** *** 1   | 1   1 3 1   |     1   *** |
| *2* *4*   6 |  5   56  56 |  56  56 *9* |
| *** ***  8  |     7   7   | 78   8  *** |
+-------------+-------------+-------------+
****************************************************************************

hidden single 3 found in cell(r,c): (2,2); via column
STEP: 2
+-------------+-------------+-------------+
| *** 1   1   | 12  12  12  | *** *** *** |
| *4*   6   6 |  5   56  56 | *9* *3* *8* |
| ***         |     7   7   | *** *** *** |
|     *** *** |         *** | ***         |
|     *3* *2* |  5   56 *4* | *1*  56  56 |
| 789 *** *** |  8  789 *** | ***     7   |
| 1   1   *** | *** 1   1   | *** ***     |
|       6 *5* | *3*   6   6 | *2* *4*   6 |
| 789  89 *** | *** 789 7   | *** *** 7   |
+-------------+-------------+-------------+
| 1 3 *** 1   | *** 12  *** |     12  *** |
|  5  *7*     | *6*  5  *9* |  5   5  *4* |
|  8  ***  8  | ***  8  *** |  8   8  *** |
| 1 3 *** 1   | 1   1   1   |     *** 1 3 |
|  5  *2* 4   | 45  45   5  |  56 *7*  56 |
|  89 ***  89 |  8   8      |  8  ***     |
| *** 1   1   | *** 12  *** |     *** 12  |
| *6*     4   | *7* 45  *3* |  5  *9*  5  |
| ***  8   8  | ***  8  *** |  8  ***     |
+-------------+-------------+-------------+
| 1   *** *** | 12  12  *** | *** 12  12  |
|     *5* *7* | 4   4 6 *8* | *3*   6   6 |
|   9 *** *** |         *** | ***         |
| 1   1   *** | *** 12  12  | *** 12  12  |
|       6 *3* | *9*  56  56 | *4*  56  56 |
|  8   8  *** | *** 7   7   | ***  8  7   |
| *** *** 1   | 1   1 3 1   |     1   *** |
| *2* *4*   6 |  5   56  56 |  56  56 *9* |
| *** ***  8  |     7   7   | 78   8  *** |
+-------------+-------------+-------------+
****************************************************************************

hidden single 9 found in cell(r,c): (3,2); via column
STEP: 3
+-------------+-------------+-------------+
| *** 1   1   | 12  12  12  | *** *** *** |
| *4*   6   6 |  5   56  56 | *9* *3* *8* |
| ***         |     7   7   | *** *** *** |
|     *** *** |         *** | ***         |
|     *3* *2* |  5   56 *4* | *1*  56  56 |
| 78  *** *** |  8  789 *** | ***     7   |
| 1   *** *** | *** 1   1   | *** ***     |
|     *9* *5* | *3*   6   6 | *2* *4*   6 |
| 78  *** *** | *** 78  7   | *** *** 7   |
+-------------+-------------+-------------+
| 1 3 *** 1   | *** 12  *** |     12  *** |
|  5  *7*     | *6*  5  *9* |  5   5  *4* |
|  8  ***  8  | ***  8  *** |  8   8  *** |
| 1 3 *** 1   | 1   1   1   |     *** 1 3 |
|  5  *2* 4   | 45  45   5  |  56 *7*  56 |
|  89 ***  89 |  8   8      |  8  ***     |
| *** 1   1   | *** 12  *** |     *** 12  |
| *6*     4   | *7* 45  *3* |  5  *9*  5  |
| ***  8   8  | ***  8  *** |  8  ***     |
+-------------+-------------+-------------+
| 1   *** *** | 12  12  *** | *** 12  12  |
|     *5* *7* | 4   4 6 *8* | *3*   6   6 |
|   9 *** *** |         *** | ***         |
| 1   1   *** | *** 12  12  | *** 12  12  |
|       6 *3* | *9*  56  56 | *4*  56  56 |
|  8   8  *** | *** 7   7   | ***  8  7   |
| *** *** 1   | 1   1 3 1   |     1   *** |
| *2* *4*   6 |  5   56  56 |  56  56 *9* |
| *** ***  8  |     7   7   | 78   8  *** |
+-------------+-------------+-------------+
****************************************************************************

hidden single 9 found in cell(r,c): (2,5); via column
STEP: 4
+-------------+-------------+-------------+
| *** 1   1   | 12  12  12  | *** *** *** |
| *4*   6   6 |  5   56  56 | *9* *3* *8* |
| ***         |     7   7   | *** *** *** |
|     *** *** |     *** *** | ***         |
|     *3* *2* |  5  *9* *4* | *1*  56  56 |
| 78  *** *** |  8  *** *** | ***     7   |
| 1   *** *** | *** 1   1   | *** ***     |
|     *9* *5* | *3*   6   6 | *2* *4*   6 |
| 78  *** *** | *** 78  7   | *** *** 7   |
+-------------+-------------+-------------+
| 1 3 *** 1   | *** 12  *** |     12  *** |
|  5  *7*     | *6*  5  *9* |  5   5  *4* |
|  8  ***  8  | ***  8  *** |  8   8  *** |
| 1 3 *** 1   | 1   1   1   |     *** 1 3 |
|  5  *2* 4   | 45  45   5  |  56 *7*  56 |
|  89 ***  89 |  8   8      |  8  ***     |
| *** 1   1   | *** 12  *** |     *** 12  |
| *6*     4   | *7* 45  *3* |  5  *9*  5  |
| ***  8   8  | ***  8  *** |  8  ***     |
+-------------+-------------+-------------+
| 1   *** *** | 12  12  *** | *** 12  12  |
|     *5* *7* | 4   4 6 *8* | *3*   6   6 |
|   9 *** *** |         *** | ***         |
| 1   1   *** | *** 12  12  | *** 12  12  |
|       6 *3* | *9*  56  56 | *4*  56  56 |
|  8   8  *** | *** 7   7   | ***  8  7   |
| *** *** 1   | 1   1 3 1   |     1   *** |
| *2* *4*   6 |  5   56  56 |  56  56 *9* |
| *** ***  8  |     7   7   | 78   8  *** |
+-------------+-------------+-------------+
****************************************************************************

hidden single 3 found in cell(r,c): (4,1); via row
STEP: 5
+-------------+-------------+-------------+
| *** 1   1   | 12  12  12  | *** *** *** |
| *4*   6   6 |  5   56  56 | *9* *3* *8* |
| ***         |     7   7   | *** *** *** |
|     *** *** |     *** *** | ***         |
|     *3* *2* |  5  *9* *4* | *1*  56  56 |
| 78  *** *** |  8  *** *** | ***     7   |
| 1   *** *** | *** 1   1   | *** ***     |
|     *9* *5* | *3*   6   6 | *2* *4*   6 |
| 78  *** *** | *** 78  7   | *** *** 7   |
+-------------+-------------+-------------+
| *** *** 1   | *** 12  *** |     12  *** |
| *3* *7*     | *6*  5  *9* |  5   5  *4* |
| *** ***  8  | ***  8  *** |  8   8  *** |
| 1   *** 1   | 1   1   1   |     *** 1 3 |
|  5  *2* 4   | 45  45   5  |  56 *7*  56 |
|  89 ***  89 |  8   8      |  8  ***     |
| *** 1   1   | *** 12  *** |     *** 12  |
| *6*     4   | *7* 45  *3* |  5  *9*  5  |
| ***  8   8  | ***  8  *** |  8  ***     |
+-------------+-------------+-------------+
| 1   *** *** | 12  12  *** | *** 12  12  |
|     *5* *7* | 4   4 6 *8* | *3*   6   6 |
|   9 *** *** |         *** | ***         |
| 1   1   *** | *** 12  12  | *** 12  12  |
|       6 *3* | *9*  56  56 | *4*  56  56 |
|  8   8  *** | *** 7   7   | ***  8  7   |
| *** *** 1   | 1   1 3 1   |     1   *** |
| *2* *4*   6 |  5   56  56 |  56  56 *9* |
| *** ***  8  |     7   7   | 78   8  *** |
+-------------+-------------+-------------+
****************************************************************************

hidden single 5 found in cell(r,c): (5,1); via column
STEP: 6
+-------------+-------------+-------------+
| *** 1   1   | 12  12  12  | *** *** *** |
| *4*   6   6 |  5   56  56 | *9* *3* *8* |
| ***         |     7   7   | *** *** *** |
|     *** *** |     *** *** | ***         |
|     *3* *2* |  5  *9* *4* | *1*  56  56 |
| 78  *** *** |  8  *** *** | ***     7   |
| 1   *** *** | *** 1   1   | *** ***     |
|     *9* *5* | *3*   6   6 | *2* *4*   6 |
| 78  *** *** | *** 78  7   | *** *** 7   |
+-------------+-------------+-------------+
| *** *** 1   | *** 12  *** |     12  *** |
| *3* *7*     | *6*  5  *9* |  5   5  *4* |
| *** ***  8  | ***  8  *** |  8   8  *** |
| *** *** 1   | 1   1   1   |     *** 1 3 |
| *5* *2* 4   | 4   4       |   6 *7*   6 |
| *** ***  89 |  8   8      |  8  ***     |
| *** 1   1   | *** 12  *** |     *** 12  |
| *6*     4   | *7* 45  *3* |  5  *9*  5  |
| ***  8   8  | ***  8  *** |  8  ***     |
+-------------+-------------+-------------+
| 1   *** *** | 12  12  *** | *** 12  12  |
|     *5* *7* | 4   4 6 *8* | *3*   6   6 |
|   9 *** *** |         *** | ***         |
| 1   1   *** | *** 12  12  | *** 12  12  |
|       6 *3* | *9*  56  56 | *4*  56  56 |
|  8   8  *** | *** 7   7   | ***  8  7   |
| *** *** 1   | 1   1 3 1   |     1   *** |
| *2* *4*   6 |  5   56  56 |  56  56 *9* |
| *** ***  8  |     7   7   | 78   8  *** |
+-------------+-------------+-------------+
****************************************************************************

naked single 1 found in cell(r,c): (5,6)
STEP: 7
+-------------+-------------+-------------+
| *** 1   1   | 12  12   2  | *** *** *** |
| *4*   6   6 |  5   56  56 | *9* *3* *8* |
| ***         |     7   7   | *** *** *** |
|     *** *** |     *** *** | ***         |
|     *3* *2* |  5  *9* *4* | *1*  56  56 |
| 78  *** *** |  8  *** *** | ***     7   |
| 1   *** *** | *** 1       | *** ***     |
|     *9* *5* | *3*   6   6 | *2* *4*   6 |
| 78  *** *** | *** 78  7   | *** *** 7   |
+-------------+-------------+-------------+
| *** *** 1   | ***  2  *** |     12  *** |
| *3* *7*     | *6*  5  *9* |  5   5  *4* |
| *** ***  8  | ***  8  *** |  8   8  *** |
| *** ***     |         *** |     ***   3 |
| *5* *2* 4   | 4   4   *1* |   6 *7*   6 |
| *** ***  89 |  8   8  *** |  8  ***     |
| *** 1   1   | ***  2  *** |     *** 12  |
| *6*     4   | *7* 45  *3* |  5  *9*  5  |
| ***  8   8  | ***  8  *** |  8  ***     |
+-------------+-------------+-------------+
| 1   *** *** | 12  12  *** | *** 12  12  |
|     *5* *7* | 4   4 6 *8* | *3*   6   6 |
|   9 *** *** |         *** | ***         |
| 1   1   *** | *** 12   2  | *** 12  12  |
|       6 *3* | *9*  56  56 | *4*  56  56 |
|  8   8  *** | *** 7   7   | ***  8  7   |
| *** *** 1   | 1   1 3     |     1   *** |
| *2* *4*   6 |  5   56  56 |  56  56 *9* |
| *** ***  8  |     7   7   | 78   8  *** |
+-------------+-------------+-------------+
****************************************************************************

hidden single 9 found in cell(r,c): (5,3); via column
STEP: 8
+-------------+-------------+-------------+
| *** 1   1   | 12  12   2  | *** *** *** |
| *4*   6   6 |  5   56  56 | *9* *3* *8* |
| ***         |     7   7   | *** *** *** |
|     *** *** |     *** *** | ***         |
|     *3* *2* |  5  *9* *4* | *1*  56  56 |
| 78  *** *** |  8  *** *** | ***     7   |
| 1   *** *** | *** 1       | *** ***     |
|     *9* *5* | *3*   6   6 | *2* *4*   6 |
| 78  *** *** | *** 78  7   | *** *** 7   |
+-------------+-------------+-------------+
| *** *** 1   | ***  2  *** |     12  *** |
| *3* *7*     | *6*  5  *9* |  5   5  *4* |
| *** ***  8  | ***  8  *** |  8   8  *** |
| *** *** *** |         *** |     ***   3 |
| *5* *2* *9* | 4   4   *1* |   6 *7*   6 |
| *** *** *** |  8   8  *** |  8  ***     |
| *** 1   1   | ***  2  *** |     *** 12  |
| *6*     4   | *7* 45  *3* |  5  *9*  5  |
| ***  8   8  | ***  8  *** |  8  ***     |
+-------------+-------------+-------------+
| 1   *** *** | 12  12  *** | *** 12  12  |
|     *5* *7* | 4   4 6 *8* | *3*   6   6 |
|   9 *** *** |         *** | ***         |
| 1   1   *** | *** 12   2  | *** 12  12  |
|       6 *3* | *9*  56  56 | *4*  56  56 |
|  8   8  *** | *** 7   7   | ***  8  7   |
| *** *** 1   | 1   1 3     |     1   *** |
| *2* *4*   6 |  5   56  56 |  56  56 *9* |
| *** ***  8  |     7   7   | 78   8  *** |
+-------------+-------------+-------------+
****************************************************************************

hidden single 3 found in cell(r,c): (5,9); via column
STEP: 9
+-------------+-------------+-------------+
| *** 1   1   | 12  12   2  | *** *** *** |
| *4*   6   6 |  5   56  56 | *9* *3* *8* |
| ***         |     7   7   | *** *** *** |
|     *** *** |     *** *** | ***         |
|     *3* *2* |  5  *9* *4* | *1*  56  56 |
| 78  *** *** |  8  *** *** | ***     7   |
| 1   *** *** | *** 1       | *** ***     |
|     *9* *5* | *3*   6   6 | *2* *4*   6 |
| 78  *** *** | *** 78  7   | *** *** 7   |
+-------------+-------------+-------------+
| *** *** 1   | ***  2  *** |     12  *** |
| *3* *7*     | *6*  5  *9* |  5   5  *4* |
| *** ***  8  | ***  8  *** |  8   8  *** |
| *** *** *** |         *** |     *** *** |
| *5* *2* *9* | 4   4   *1* |   6 *7* *3* |
| *** *** *** |  8   8  *** |  8  *** *** |
| *** 1   1   | ***  2  *** |     *** 12  |
| *6*     4   | *7* 45  *3* |  5  *9*  5  |
| ***  8   8  | ***  8  *** |  8  ***     |
+-------------+-------------+-------------+
| 1   *** *** | 12  12  *** | *** 12  12  |
|     *5* *7* | 4   4 6 *8* | *3*   6   6 |
|   9 *** *** |         *** | ***         |
| 1   1   *** | *** 12   2  | *** 12  12  |
|       6 *3* | *9*  56  56 | *4*  56  56 |
|  8   8  *** | *** 7   7   | ***  8  7   |
| *** *** 1   | 1   1 3     |     1   *** |
| *2* *4*   6 |  5   56  56 |  56  56 *9* |
| *** ***  8  |     7   7   | 78   8  *** |
+-------------+-------------+-------------+
****************************************************************************

hidden single 6 found in cell(r,c): (5,7); via row
STEP: 10
+-------------+-------------+-------------+
| *** 1   1   | 12  12   2  | *** *** *** |
| *4*   6   6 |  5   56  56 | *9* *3* *8* |
| ***         |     7   7   | *** *** *** |
|     *** *** |     *** *** | ***         |
|     *3* *2* |  5  *9* *4* | *1*  56  56 |
| 78  *** *** |  8  *** *** | ***     7   |
| 1   *** *** | *** 1       | *** ***     |
|     *9* *5* | *3*   6   6 | *2* *4*   6 |
| 78  *** *** | *** 78  7   | *** *** 7   |
+-------------+-------------+-------------+
| *** *** 1   | ***  2  *** |     12  *** |
| *3* *7*     | *6*  5  *9* |  5   5  *4* |
| *** ***  8  | ***  8  *** |  8   8  *** |
| *** *** *** |         *** | *** *** *** |
| *5* *2* *9* | 4   4   *1* | *6* *7* *3* |
| *** *** *** |  8   8  *** | *** *** *** |
| *** 1   1   | ***  2  *** |     *** 12  |
| *6*     4   | *7* 45  *3* |  5  *9*  5  |
| ***  8   8  | ***  8  *** |  8  ***     |
+-------------+-------------+-------------+
| 1   *** *** | 12  12  *** | *** 12  12  |
|     *5* *7* | 4   4 6 *8* | *3*   6   6 |
|   9 *** *** |         *** | ***         |
| 1   1   *** | *** 12   2  | *** 12  12  |
|       6 *3* | *9*  56  56 | *4*  56  56 |
|  8   8  *** | *** 7   7   | ***  8  7   |
| *** *** 1   | 1   1 3     |     1   *** |
| *2* *4*   6 |  5   56  56 |  5   56 *9* |
| *** ***  8  |     7   7   | 78   8  *** |
+-------------+-------------+-------------+
****************************************************************************

hidden single 4 found in cell(r,c): (6,3); via column
STEP: 11
+-------------+-------------+-------------+
| *** 1   1   | 12  12   2  | *** *** *** |
| *4*   6   6 |  5   56  56 | *9* *3* *8* |
| ***         |     7   7   | *** *** *** |
|     *** *** |     *** *** | ***         |
|     *3* *2* |  5  *9* *4* | *1*  56  56 |
| 78  *** *** |  8  *** *** | ***     7   |
| 1   *** *** | *** 1       | *** ***     |
|     *9* *5* | *3*   6   6 | *2* *4*   6 |
| 78  *** *** | *** 78  7   | *** *** 7   |
+-------------+-------------+-------------+
| *** *** 1   | ***  2  *** |     12  *** |
| *3* *7*     | *6*  5  *9* |  5   5  *4* |
| *** ***  8  | ***  8  *** |  8   8  *** |
| *** *** *** |         *** | *** *** *** |
| *5* *2* *9* | 4   4   *1* | *6* *7* *3* |
| *** *** *** |  8   8  *** | *** *** *** |
| *** 1   *** | ***  2  *** |     *** 12  |
| *6*     *4* | *7*  5  *3* |  5  *9*  5  |
| ***  8  *** | ***  8  *** |  8  ***     |
+-------------+-------------+-------------+
| 1   *** *** | 12  12  *** | *** 12  12  |
|     *5* *7* | 4   4 6 *8* | *3*   6   6 |
|   9 *** *** |         *** | ***         |
| 1   1   *** | *** 12   2  | *** 12  12  |
|       6 *3* | *9*  56  56 | *4*  56  56 |
|  8   8  *** | *** 7   7   | ***  8  7   |
| *** *** 1   | 1   1 3     |     1   *** |
| *2* *4*   6 |  5   56  56 |  5   56 *9* |
| *** ***  8  |     7   7   | 78   8  *** |
+-------------+-------------+-------------+
****************************************************************************

hidden single 9 found in cell(r,c): (7,1); via column
STEP: 12
+-------------+-------------+-------------+
| *** 1   1   | 12  12   2  | *** *** *** |
| *4*   6   6 |  5   56  56 | *9* *3* *8* |
| ***         |     7   7   | *** *** *** |
|     *** *** |     *** *** | ***         |
|     *3* *2* |  5  *9* *4* | *1*  56  56 |
| 78  *** *** |  8  *** *** | ***     7   |
| 1   *** *** | *** 1       | *** ***     |
|     *9* *5* | *3*   6   6 | *2* *4*   6 |
| 78  *** *** | *** 78  7   | *** *** 7   |
+-------------+-------------+-------------+
| *** *** 1   | ***  2  *** |     12  *** |
| *3* *7*     | *6*  5  *9* |  5   5  *4* |
| *** ***  8  | ***  8  *** |  8   8  *** |
| *** *** *** |         *** | *** *** *** |
| *5* *2* *9* | 4   4   *1* | *6* *7* *3* |
| *** *** *** |  8   8  *** | *** *** *** |
| *** 1   *** | ***  2  *** |     *** 12  |
| *6*     *4* | *7*  5  *3* |  5  *9*  5  |
| ***  8  *** | ***  8  *** |  8  ***     |
+-------------+-------------+-------------+
| *** *** *** | 12  12  *** | *** 12  12  |
| *9* *5* *7* | 4   4 6 *8* | *3*   6   6 |
| *** *** *** |         *** | ***         |
| 1   1   *** | *** 12   2  | *** 12  12  |
|       6 *3* | *9*  56  56 | *4*  56  56 |
|  8   8  *** | *** 7   7   | ***  8  7   |
| *** *** 1   | 1   1 3     |     1   *** |
| *2* *4*   6 |  5   56  56 |  5   56 *9* |
| *** ***  8  |     7   7   | 78   8  *** |
+-------------+-------------+-------------+
****************************************************************************

hidden single 3 found in cell(r,c): (9,5); via column
STEP: 13
+-------------+-------------+-------------+
| *** 1   1   | 12  12   2  | *** *** *** |
| *4*   6   6 |  5   56  56 | *9* *3* *8* |
| ***         |     7   7   | *** *** *** |
|     *** *** |     *** *** | ***         |
|     *3* *2* |  5  *9* *4* | *1*  56  56 |
| 78  *** *** |  8  *** *** | ***     7   |
| 1   *** *** | *** 1       | *** ***     |
|     *9* *5* | *3*   6   6 | *2* *4*   6 |
| 78  *** *** | *** 78  7   | *** *** 7   |
+-------------+-------------+-------------+
| *** *** 1   | ***  2  *** |     12  *** |
| *3* *7*     | *6*  5  *9* |  5   5  *4* |
| *** ***  8  | ***  8  *** |  8   8  *** |
| *** *** *** |         *** | *** *** *** |
| *5* *2* *9* | 4   4   *1* | *6* *7* *3* |
| *** *** *** |  8   8  *** | *** *** *** |
| *** 1   *** | ***  2  *** |     *** 12  |
| *6*     *4* | *7*  5  *3* |  5  *9*  5  |
| ***  8  *** | ***  8  *** |  8  ***     |
+-------------+-------------+-------------+
| *** *** *** | 12  12  *** | *** 12  12  |
| *9* *5* *7* | 4   4 6 *8* | *3*   6   6 |
| *** *** *** |         *** | ***         |
| 1   1   *** | *** 12   2  | *** 12  12  |
|       6 *3* | *9*  56  56 | *4*  56  56 |
|  8   8  *** | *** 7   7   | ***  8  7   |
| *** *** 1   | 1   ***     |     1   *** |
| *2* *4*   6 |  5  *3*  56 |  5   56 *9* |
| *** ***  8  |     *** 7   | 78   8  *** |
+-------------+-------------+-------------+
****************************************************************************

hidden single 7 found in cell(r,c): (9,7); via column
STEP: 14
+-------------+-------------+-------------+
| *** 1   1   | 12  12   2  | *** *** *** |
| *4*   6   6 |  5   56  56 | *9* *3* *8* |
| ***         |     7   7   | *** *** *** |
|     *** *** |     *** *** | ***         |
|     *3* *2* |  5  *9* *4* | *1*  56  56 |
| 78  *** *** |  8  *** *** | ***     7   |
| 1   *** *** | *** 1       | *** ***     |
|     *9* *5* | *3*   6   6 | *2* *4*   6 |
| 78  *** *** | *** 78  7   | *** *** 7   |
+-------------+-------------+-------------+
| *** *** 1   | ***  2  *** |     12  *** |
| *3* *7*     | *6*  5  *9* |  5   5  *4* |
| *** ***  8  | ***  8  *** |  8   8  *** |
| *** *** *** |         *** | *** *** *** |
| *5* *2* *9* | 4   4   *1* | *6* *7* *3* |
| *** *** *** |  8   8  *** | *** *** *** |
| *** 1   *** | ***  2  *** |     *** 12  |
| *6*     *4* | *7*  5  *3* |  5  *9*  5  |
| ***  8  *** | ***  8  *** |  8  ***     |
+-------------+-------------+-------------+
| *** *** *** | 12  12  *** | *** 12  12  |
| *9* *5* *7* | 4   4 6 *8* | *3*   6   6 |
| *** *** *** |         *** | ***         |
| 1   1   *** | *** 12   2  | *** 12  12  |
|       6 *3* | *9*  56  56 | *4*  56  56 |
|  8   8  *** | *** 7   7   | ***  8      |
| *** *** 1   | 1   ***     | *** 1   *** |
| *2* *4*   6 |  5  *3*  56 | *7*  56 *9* |
| *** ***  8  |     ***     | ***  8  *** |
+-------------+-------------+-------------+
****************************************************************************

naked double 1 6 found in cells(r,c)/(r,c): (1,2)/(1,3); via row
clears:
	1 in cell(r,c): (1,4)
	1 in cell(r,c): (1,5)
	6 in cell(r,c): (1,5)
	6 in cell(r,c): (1,6)
naked double 1 6 found in cells(r,c)/(r,c): (1,2)/(1,3); via box
clears:
	1 in cell(r,c): (3,1)
STEP: 15
+-------------+-------------+-------------+
| *** 1   1   |  2   2   2  | *** *** *** |
| *4*   6   6 |  5   5   5  | *9* *3* *8* |
| ***         |     7   7   | *** *** *** |
|     *** *** |     *** *** | ***         |
|     *3* *2* |  5  *9* *4* | *1*  56  56 |
| 78  *** *** |  8  *** *** | ***     7   |
|     *** *** | *** 1       | *** ***     |
|     *9* *5* | *3*   6   6 | *2* *4*   6 |
| 78  *** *** | *** 78  7   | *** *** 7   |
+-------------+-------------+-------------+
| *** *** 1   | ***  2  *** |     12  *** |
| *3* *7*     | *6*  5  *9* |  5   5  *4* |
| *** ***  8  | ***  8  *** |  8   8  *** |
| *** *** *** |         *** | *** *** *** |
| *5* *2* *9* | 4   4   *1* | *6* *7* *3* |
| *** *** *** |  8   8  *** | *** *** *** |
| *** 1   *** | ***  2  *** |     *** 12  |
| *6*     *4* | *7*  5  *3* |  5  *9*  5  |
| ***  8  *** | ***  8  *** |  8  ***     |
+-------------+-------------+-------------+
| *** *** *** | 12  12  *** | *** 12  12  |
| *9* *5* *7* | 4   4 6 *8* | *3*   6   6 |
| *** *** *** |         *** | ***         |
| 1   1   *** | *** 12   2  | *** 12  12  |
|       6 *3* | *9*  56  56 | *4*  56  56 |
|  8   8  *** | *** 7   7   | ***  8      |
| *** *** 1   | 1   ***     | *** 1   *** |
| *2* *4*   6 |  5  *3*  56 | *7*  56 *9* |
| *** ***  8  |     ***     | ***  8  *** |
+-------------+-------------+-------------+
****************************************************************************

hidden single 1 found in cell(r,c): (3,5); via row
STEP: 16
+-------------+-------------+-------------+
| *** 1   1   |  2   2   2  | *** *** *** |
| *4*   6   6 |  5   5   5  | *9* *3* *8* |
| ***         |     7   7   | *** *** *** |
|     *** *** |     *** *** | ***         |
|     *3* *2* |  5  *9* *4* | *1*  56  56 |
| 78  *** *** |  8  *** *** | ***     7   |
|     *** *** | *** ***     | *** ***     |
|     *9* *5* | *3* *1*   6 | *2* *4*   6 |
| 78  *** *** | *** *** 7   | *** *** 7   |
+-------------+-------------+-------------+
| *** *** 1   | ***  2  *** |     12  *** |
| *3* *7*     | *6*  5  *9* |  5   5  *4* |
| *** ***  8  | ***  8  *** |  8   8  *** |
| *** *** *** |         *** | *** *** *** |
| *5* *2* *9* | 4   4   *1* | *6* *7* *3* |
| *** *** *** |  8   8  *** | *** *** *** |
| *** 1   *** | ***  2  *** |     *** 12  |
| *6*     *4* | *7*  5  *3* |  5  *9*  5  |
| ***  8  *** | ***  8  *** |  8  ***     |
+-------------+-------------+-------------+
| *** *** *** | 12   2  *** | *** 12  12  |
| *9* *5* *7* | 4   4 6 *8* | *3*   6   6 |
| *** *** *** |         *** | ***         |
| 1   1   *** | ***  2   2  | *** 12  12  |
|       6 *3* | *9*  56  56 | *4*  56  56 |
|  8   8  *** | *** 7   7   | ***  8      |
| *** *** 1   | 1   ***     | *** 1   *** |
| *2* *4*   6 |  5  *3*  56 | *7*  56 *9* |
| *** ***  8  |     ***     | ***  8  *** |
+-------------+-------------+-------------+
****************************************************************************

hidden single 8 found in cell(r,c): (2,4); via box 
STEP: 17
+-------------+-------------+-------------+
| *** 1   1   |  2   2   2  | *** *** *** |
| *4*   6   6 |  5   5   5  | *9* *3* *8* |
| ***         |     7   7   | *** *** *** |
|     *** *** | *** *** *** | ***         |
|     *3* *2* | *8* *9* *4* | *1*  56  56 |
| 7   *** *** | *** *** *** | ***     7   |
|     *** *** | *** ***     | *** ***     |
|     *9* *5* | *3* *1*   6 | *2* *4*   6 |
| 78  *** *** | *** *** 7   | *** *** 7   |
+-------------+-------------+-------------+
| *** *** 1   | ***  2  *** |     12  *** |
| *3* *7*     | *6*  5  *9* |  5   5  *4* |
| *** ***  8  | ***  8  *** |  8   8  *** |
| *** *** *** |         *** | *** *** *** |
| *5* *2* *9* | 4   4   *1* | *6* *7* *3* |
| *** *** *** |      8  *** | *** *** *** |
| *** 1   *** | ***  2  *** |     *** 12  |
| *6*     *4* | *7*  5  *3* |  5  *9*  5  |
| ***  8  *** | ***  8  *** |  8  ***     |
+-------------+-------------+-------------+
| *** *** *** | 12   2  *** | *** 12  12  |
| *9* *5* *7* | 4   4 6 *8* | *3*   6   6 |
| *** *** *** |         *** | ***         |
| 1   1   *** | ***  2   2  | *** 12  12  |
|       6 *3* | *9*  56  56 | *4*  56  56 |
|  8   8  *** | *** 7   7   | ***  8      |
| *** *** 1   | 1   ***     | *** 1   *** |
| *2* *4*   6 |  5  *3*  56 | *7*  56 *9* |
| *** ***  8  |     ***     | ***  8  *** |
+-------------+-------------+-------------+
****************************************************************************

naked single 7 found in cell(r,c): (2,1)
STEP: 18
+-------------+-------------+-------------+
| *** 1   1   |  2   2   2  | *** *** *** |
| *4*   6   6 |  5   5   5  | *9* *3* *8* |
| ***         |     7   7   | *** *** *** |
| *** *** *** | *** *** *** | ***         |
| *7* *3* *2* | *8* *9* *4* | *1*  56  56 |
| *** *** *** | *** *** *** | ***         |
|     *** *** | *** ***     | *** ***     |
|     *9* *5* | *3* *1*   6 | *2* *4*   6 |
|  8  *** *** | *** *** 7   | *** *** 7   |
+-------------+-------------+-------------+
| *** *** 1   | ***  2  *** |     12  *** |
| *3* *7*     | *6*  5  *9* |  5   5  *4* |
| *** ***  8  | ***  8  *** |  8   8  *** |
| *** *** *** |         *** | *** *** *** |
| *5* *2* *9* | 4   4   *1* | *6* *7* *3* |
| *** *** *** |      8  *** | *** *** *** |
| *** 1   *** | ***  2  *** |     *** 12  |
| *6*     *4* | *7*  5  *3* |  5  *9*  5  |
| ***  8  *** | ***  8  *** |  8  ***     |
+-------------+-------------+-------------+
| *** *** *** | 12   2  *** | *** 12  12  |
| *9* *5* *7* | 4   4 6 *8* | *3*   6   6 |
| *** *** *** |         *** | ***         |
| 1   1   *** | ***  2   2  | *** 12  12  |
|       6 *3* | *9*  56  56 | *4*  56  56 |
|  8   8  *** | *** 7   7   | ***  8      |
| *** *** 1   | 1   ***     | *** 1   *** |
| *2* *4*   6 |  5  *3*  56 | *7*  56 *9* |
| *** ***  8  |     ***     | ***  8  *** |
+-------------+-------------+-------------+
****************************************************************************

naked single 8 found in cell(r,c): (3,1)
STEP: 19
+-------------+-------------+-------------+
| *** 1   1   |  2   2   2  | *** *** *** |
| *4*   6   6 |  5   5   5  | *9* *3* *8* |
| ***         |     7   7   | *** *** *** |
| *** *** *** | *** *** *** | ***         |
| *7* *3* *2* | *8* *9* *4* | *1*  56  56 |
| *** *** *** | *** *** *** | ***         |
| *** *** *** | *** ***     | *** ***     |
| *8* *9* *5* | *3* *1*   6 | *2* *4*   6 |
| *** *** *** | *** *** 7   | *** *** 7   |
+-------------+-------------+-------------+
| *** *** 1   | ***  2  *** |     12  *** |
| *3* *7*     | *6*  5  *9* |  5   5  *4* |
| *** ***  8  | ***  8  *** |  8   8  *** |
| *** *** *** |         *** | *** *** *** |
| *5* *2* *9* | 4   4   *1* | *6* *7* *3* |
| *** *** *** |      8  *** | *** *** *** |
| *** 1   *** | ***  2  *** |     *** 12  |
| *6*     *4* | *7*  5  *3* |  5  *9*  5  |
| ***  8  *** | ***  8  *** |  8  ***     |
+-------------+-------------+-------------+
| *** *** *** | 12   2  *** | *** 12  12  |
| *9* *5* *7* | 4   4 6 *8* | *3*   6   6 |
| *** *** *** |         *** | ***         |
| 1   1   *** | ***  2   2  | *** 12  12  |
|       6 *3* | *9*  56  56 | *4*  56  56 |
|      8  *** | *** 7   7   | ***  8      |
| *** *** 1   | 1   ***     | *** 1   *** |
| *2* *4*   6 |  5  *3*  56 | *7*  56 *9* |
| *** ***  8  |     ***     | ***  8  *** |
+-------------+-------------+-------------+
****************************************************************************

naked single 4 found in cell(r,c): (5,4)
STEP: 20
+-------------+-------------+-------------+
| *** 1   1   |  2   2   2  | *** *** *** |
| *4*   6   6 |  5   5   5  | *9* *3* *8* |
| ***         |     7   7   | *** *** *** |
| *** *** *** | *** *** *** | ***         |
| *7* *3* *2* | *8* *9* *4* | *1*  56  56 |
| *** *** *** | *** *** *** | ***         |
| *** *** *** | *** ***     | *** ***     |
| *8* *9* *5* | *3* *1*   6 | *2* *4*   6 |
| *** *** *** | *** *** 7   | *** *** 7   |
+-------------+-------------+-------------+
| *** *** 1   | ***  2  *** |     12  *** |
| *3* *7*     | *6*  5  *9* |  5   5  *4* |
| *** ***  8  | ***  8  *** |  8   8  *** |
| *** *** *** | ***     *** | *** *** *** |
| *5* *2* *9* | *4*     *1* | *6* *7* *3* |
| *** *** *** | ***  8  *** | *** *** *** |
| *** 1   *** | ***  2  *** |     *** 12  |
| *6*     *4* | *7*  5  *3* |  5  *9*  5  |
| ***  8  *** | ***  8  *** |  8  ***     |
+-------------+-------------+-------------+
| *** *** *** | 12   2  *** | *** 12  12  |
| *9* *5* *7* |     4 6 *8* | *3*   6   6 |
| *** *** *** |         *** | ***         |
| 1   1   *** | ***  2   2  | *** 12  12  |
|       6 *3* | *9*  56  56 | *4*  56  56 |
|      8  *** | *** 7   7   | ***  8      |
| *** *** 1   | 1   ***     | *** 1   *** |
| *2* *4*   6 |  5  *3*  56 | *7*  56 *9* |
| *** ***  8  |     ***     | ***  8  *** |
+-------------+-------------+-------------+
****************************************************************************

naked single 8 found in cell(r,c): (5,5)
STEP: 21
+-------------+-------------+-------------+
| *** 1   1   |  2   2   2  | *** *** *** |
| *4*   6   6 |  5   5   5  | *9* *3* *8* |
| ***         |     7   7   | *** *** *** |
| *** *** *** | *** *** *** | ***         |
| *7* *3* *2* | *8* *9* *4* | *1*  56  56 |
| *** *** *** | *** *** *** | ***         |
| *** *** *** | *** ***     | *** ***     |
| *8* *9* *5* | *3* *1*   6 | *2* *4*   6 |
| *** *** *** | *** *** 7   | *** *** 7   |
+-------------+-------------+-------------+
| *** *** 1   | ***  2  *** |     12  *** |
| *3* *7*     | *6*  5  *9* |  5   5  *4* |
| *** ***  8  | ***     *** |  8   8  *** |
| *** *** *** | *** *** *** | *** *** *** |
| *5* *2* *9* | *4* *8* *1* | *6* *7* *3* |
| *** *** *** | *** *** *** | *** *** *** |
| *** 1   *** | ***  2  *** |     *** 12  |
| *6*     *4* | *7*  5  *3* |  5  *9*  5  |
| ***  8  *** | ***     *** |  8  ***     |
+-------------+-------------+-------------+
| *** *** *** | 12   2  *** | *** 12  12  |
| *9* *5* *7* |     4 6 *8* | *3*   6   6 |
| *** *** *** |         *** | ***         |
| 1   1   *** | ***  2   2  | *** 12  12  |
|       6 *3* | *9*  56  56 | *4*  56  56 |
|      8  *** | *** 7   7   | ***  8      |
| *** *** 1   | 1   ***     | *** 1   *** |
| *2* *4*   6 |  5  *3*  56 | *7*  56 *9* |
| *** ***  8  |     ***     | ***  8  *** |
+-------------+-------------+-------------+
****************************************************************************

naked single 1 found in cell(r,c): (8,1)
STEP: 22
+-------------+-------------+-------------+
| *** 1   1   |  2   2   2  | *** *** *** |
| *4*   6   6 |  5   5   5  | *9* *3* *8* |
| ***         |     7   7   | *** *** *** |
| *** *** *** | *** *** *** | ***         |
| *7* *3* *2* | *8* *9* *4* | *1*  56  56 |
| *** *** *** | *** *** *** | ***         |
| *** *** *** | *** ***     | *** ***     |
| *8* *9* *5* | *3* *1*   6 | *2* *4*   6 |
| *** *** *** | *** *** 7   | *** *** 7   |
+-------------+-------------+-------------+
| *** *** 1   | ***  2  *** |     12  *** |
| *3* *7*     | *6*  5  *9* |  5   5  *4* |
| *** ***  8  | ***     *** |  8   8  *** |
| *** *** *** | *** *** *** | *** *** *** |
| *5* *2* *9* | *4* *8* *1* | *6* *7* *3* |
| *** *** *** | *** *** *** | *** *** *** |
| *** 1   *** | ***  2  *** |     *** 12  |
| *6*     *4* | *7*  5  *3* |  5  *9*  5  |
| ***  8  *** | ***     *** |  8  ***     |
+-------------+-------------+-------------+
| *** *** *** | 12   2  *** | *** 12  12  |
| *9* *5* *7* |     4 6 *8* | *3*   6   6 |
| *** *** *** |         *** | ***         |
| ***     *** | ***  2   2  | ***  2   2  |
| *1*   6 *3* | *9*  56  56 | *4*  56  56 |
| ***  8  *** | *** 7   7   | ***  8      |
| *** ***     | 1   ***     | *** 1   *** |
| *2* *4*   6 |  5  *3*  56 | *7*  56 *9* |
| *** ***  8  |     ***     | ***  8  *** |
+-------------+-------------+-------------+
****************************************************************************

hidden single 6 found in cell(r,c): (3,6); via box 
STEP: 23
+-------------+-------------+-------------+
| *** 1   1   |  2   2   2  | *** *** *** |
| *4*   6   6 |  5   5   5  | *9* *3* *8* |
| ***         |     7   7   | *** *** *** |
| *** *** *** | *** *** *** | ***         |
| *7* *3* *2* | *8* *9* *4* | *1*  56  56 |
| *** *** *** | *** *** *** | ***         |
| *** *** *** | *** *** *** | *** ***     |
| *8* *9* *5* | *3* *1* *6* | *2* *4*     |
| *** *** *** | *** *** *** | *** *** 7   |
+-------------+-------------+-------------+
| *** *** 1   | ***  2  *** |     12  *** |
| *3* *7*     | *6*  5  *9* |  5   5  *4* |
| *** ***  8  | ***     *** |  8   8  *** |
| *** *** *** | *** *** *** | *** *** *** |
| *5* *2* *9* | *4* *8* *1* | *6* *7* *3* |
| *** *** *** | *** *** *** | *** *** *** |
| *** 1   *** | ***  2  *** |     *** 12  |
| *6*     *4* | *7*  5  *3* |  5  *9*  5  |
| ***  8  *** | ***     *** |  8  ***     |
+-------------+-------------+-------------+
| *** *** *** | 12   2  *** | *** 12  12  |
| *9* *5* *7* |     4 6 *8* | *3*   6   6 |
| *** *** *** |         *** | ***         |
| ***     *** | ***  2   2  | ***  2   2  |
| *1*   6 *3* | *9*  56  5  | *4*  56  56 |
| ***  8  *** | *** 7   7   | ***  8      |
| *** ***     | 1   ***     | *** 1   *** |
| *2* *4*   6 |  5  *3*  5  | *7*  56 *9* |
| *** ***  8  |     ***     | ***  8  *** |
+-------------+-------------+-------------+
****************************************************************************

naked single 7 found in cell(r,c): (3,9)
STEP: 24
+-------------+-------------+-------------+
| *** 1   1   |  2   2   2  | *** *** *** |
| *4*   6   6 |  5   5   5  | *9* *3* *8* |
| ***         |     7   7   | *** *** *** |
| *** *** *** | *** *** *** | ***         |
| *7* *3* *2* | *8* *9* *4* | *1*  56  56 |
| *** *** *** | *** *** *** | ***         |
| *** *** *** | *** *** *** | *** *** *** |
| *8* *9* *5* | *3* *1* *6* | *2* *4* *7* |
| *** *** *** | *** *** *** | *** *** *** |
+-------------+-------------+-------------+
| *** *** 1   | ***  2  *** |     12  *** |
| *3* *7*     | *6*  5  *9* |  5   5  *4* |
| *** ***  8  | ***     *** |  8   8  *** |
| *** *** *** | *** *** *** | *** *** *** |
| *5* *2* *9* | *4* *8* *1* | *6* *7* *3* |
| *** *** *** | *** *** *** | *** *** *** |
| *** 1   *** | ***  2  *** |     *** 12  |
| *6*     *4* | *7*  5  *3* |  5  *9*  5  |
| ***  8  *** | ***     *** |  8  ***     |
+-------------+-------------+-------------+
| *** *** *** | 12   2  *** | *** 12  12  |
| *9* *5* *7* |     4 6 *8* | *3*   6   6 |
| *** *** *** |         *** | ***         |
| ***     *** | ***  2   2  | ***  2   2  |
| *1*   6 *3* | *9*  56  5  | *4*  56  56 |
| ***  8  *** | *** 7   7   | ***  8      |
| *** ***     | 1   ***     | *** 1   *** |
| *2* *4*   6 |  5  *3*  5  | *7*  56 *9* |
| *** ***  8  |     ***     | ***  8  *** |
+-------------+-------------+-------------+
****************************************************************************

naked single 5 found in cell(r,c): (9,6)
STEP: 25
+-------------+-------------+-------------+
| *** 1   1   |  2   2   2  | *** *** *** |
| *4*   6   6 |  5   5      | *9* *3* *8* |
| ***         |     7   7   | *** *** *** |
| *** *** *** | *** *** *** | ***         |
| *7* *3* *2* | *8* *9* *4* | *1*  56  56 |
| *** *** *** | *** *** *** | ***         |
| *** *** *** | *** *** *** | *** *** *** |
| *8* *9* *5* | *3* *1* *6* | *2* *4* *7* |
| *** *** *** | *** *** *** | *** *** *** |
+-------------+-------------+-------------+
| *** *** 1   | ***  2  *** |     12  *** |
| *3* *7*     | *6*  5  *9* |  5   5  *4* |
| *** ***  8  | ***     *** |  8   8  *** |
| *** *** *** | *** *** *** | *** *** *** |
| *5* *2* *9* | *4* *8* *1* | *6* *7* *3* |
| *** *** *** | *** *** *** | *** *** *** |
| *** 1   *** | ***  2  *** |     *** 12  |
| *6*     *4* | *7*  5  *3* |  5  *9*  5  |
| ***  8  *** | ***     *** |  8  ***     |
+-------------+-------------+-------------+
| *** *** *** | 12   2  *** | *** 12  12  |
| *9* *5* *7* |     4 6 *8* | *3*   6   6 |
| *** *** *** |         *** | ***         |
| ***     *** | ***  2   2  | ***  2   2  |
| *1*   6 *3* | *9*   6     | *4*  56  56 |
| ***  8  *** | *** 7   7   | ***  8      |
| *** ***     | 1   *** *** | *** 1   *** |
| *2* *4*   6 |     *3* *5* | *7*   6 *9* |
| *** ***  8  |     *** *** | ***  8  *** |
+-------------+-------------+-------------+
****************************************************************************

naked single 1 found in cell(r,c): (9,4)
STEP: 26
+-------------+-------------+-------------+
| *** 1   1   |  2   2   2  | *** *** *** |
| *4*   6   6 |  5   5      | *9* *3* *8* |
| ***         |     7   7   | *** *** *** |
| *** *** *** | *** *** *** | ***         |
| *7* *3* *2* | *8* *9* *4* | *1*  56  56 |
| *** *** *** | *** *** *** | ***         |
| *** *** *** | *** *** *** | *** *** *** |
| *8* *9* *5* | *3* *1* *6* | *2* *4* *7* |
| *** *** *** | *** *** *** | *** *** *** |
+-------------+-------------+-------------+
| *** *** 1   | ***  2  *** |     12  *** |
| *3* *7*     | *6*  5  *9* |  5   5  *4* |
| *** ***  8  | ***     *** |  8   8  *** |
| *** *** *** | *** *** *** | *** *** *** |
| *5* *2* *9* | *4* *8* *1* | *6* *7* *3* |
| *** *** *** | *** *** *** | *** *** *** |
| *** 1   *** | ***  2  *** |     *** 12  |
| *6*     *4* | *7*  5  *3* |  5  *9*  5  |
| ***  8  *** | ***     *** |  8  ***     |
+-------------+-------------+-------------+
| *** *** *** |  2   2  *** | *** 12  12  |
| *9* *5* *7* |     4 6 *8* | *3*   6   6 |
| *** *** *** |         *** | ***         |
| ***     *** | ***  2   2  | ***  2   2  |
| *1*   6 *3* | *9*   6     | *4*  56  56 |
| ***  8  *** | *** 7   7   | ***  8      |
| *** ***     | *** *** *** | ***     *** |
| *2* *4*   6 | *1* *3* *5* | *7*   6 *9* |
| *** ***  8  | *** *** *** | ***  8  *** |
+-------------+-------------+-------------+
****************************************************************************

naked single 2 found in cell(r,c): (7,4)
STEP: 27
+-------------+-------------+-------------+
| *** 1   1   |      2   2  | *** *** *** |
| *4*   6   6 |  5   5      | *9* *3* *8* |
| ***         |     7   7   | *** *** *** |
| *** *** *** | *** *** *** | ***         |
| *7* *3* *2* | *8* *9* *4* | *1*  56  56 |
| *** *** *** | *** *** *** | ***         |
| *** *** *** | *** *** *** | *** *** *** |
| *8* *9* *5* | *3* *1* *6* | *2* *4* *7* |
| *** *** *** | *** *** *** | *** *** *** |
+-------------+-------------+-------------+
| *** *** 1   | ***  2  *** |     12  *** |
| *3* *7*     | *6*  5  *9* |  5   5  *4* |
| *** ***  8  | ***     *** |  8   8  *** |
| *** *** *** | *** *** *** | *** *** *** |
| *5* *2* *9* | *4* *8* *1* | *6* *7* *3* |
| *** *** *** | *** *** *** | *** *** *** |
| *** 1   *** | ***  2  *** |     *** 12  |
| *6*     *4* | *7*  5  *3* |  5  *9*  5  |
| ***  8  *** | ***     *** |  8  ***     |
+-------------+-------------+-------------+
| *** *** *** | ***     *** | *** 1   1   |
| *9* *5* *7* | *2* 4 6 *8* | *3*   6   6 |
| *** *** *** | ***     *** | ***         |
| ***     *** | ***         | ***  2   2  |
| *1*   6 *3* | *9*   6     | *4*  56  56 |
| ***  8  *** | *** 7   7   | ***  8      |
| *** ***     | *** *** *** | ***     *** |
| *2* *4*   6 | *1* *3* *5* | *7*   6 *9* |
| *** ***  8  | *** *** *** | ***  8  *** |
+-------------+-------------+-------------+
****************************************************************************

naked single 5 found in cell(r,c): (1,4)
STEP: 28
+-------------+-------------+-------------+
| *** 1   1   | ***  2   2  | *** *** *** |
| *4*   6   6 | *5*         | *9* *3* *8* |
| ***         | *** 7   7   | *** *** *** |
| *** *** *** | *** *** *** | ***         |
| *7* *3* *2* | *8* *9* *4* | *1*  56  56 |
| *** *** *** | *** *** *** | ***         |
| *** *** *** | *** *** *** | *** *** *** |
| *8* *9* *5* | *3* *1* *6* | *2* *4* *7* |
| *** *** *** | *** *** *** | *** *** *** |
+-------------+-------------+-------------+
| *** *** 1   | ***  2  *** |     12  *** |
| *3* *7*     | *6*  5  *9* |  5   5  *4* |
| *** ***  8  | ***     *** |  8   8  *** |
| *** *** *** | *** *** *** | *** *** *** |
| *5* *2* *9* | *4* *8* *1* | *6* *7* *3* |
| *** *** *** | *** *** *** | *** *** *** |
| *** 1   *** | ***  2  *** |     *** 12  |
| *6*     *4* | *7*  5  *3* |  5  *9*  5  |
| ***  8  *** | ***     *** |  8  ***     |
+-------------+-------------+-------------+
| *** *** *** | ***     *** | *** 1   1   |
| *9* *5* *7* | *2* 4 6 *8* | *3*   6   6 |
| *** *** *** | ***     *** | ***         |
| ***     *** | ***         | ***  2   2  |
| *1*   6 *3* | *9*   6     | *4*  56  56 |
| ***  8  *** | *** 7   7   | ***  8      |
| *** ***     | *** *** *** | ***     *** |
| *2* *4*   6 | *1* *3* *5* | *7*   6 *9* |
| *** ***  8  | *** *** *** | ***  8  *** |
+-------------+-------------+-------------+
****************************************************************************

naked single 7 found in cell(r,c): (8,6)
STEP: 29
+-------------+-------------+-------------+
| *** 1   1   | ***  2   2  | *** *** *** |
| *4*   6   6 | *5*         | *9* *3* *8* |
| ***         | *** 7       | *** *** *** |
| *** *** *** | *** *** *** | ***         |
| *7* *3* *2* | *8* *9* *4* | *1*  56  56 |
| *** *** *** | *** *** *** | ***         |
| *** *** *** | *** *** *** | *** *** *** |
| *8* *9* *5* | *3* *1* *6* | *2* *4* *7* |
| *** *** *** | *** *** *** | *** *** *** |
+-------------+-------------+-------------+
| *** *** 1   | ***  2  *** |     12  *** |
| *3* *7*     | *6*  5  *9* |  5   5  *4* |
| *** ***  8  | ***     *** |  8   8  *** |
| *** *** *** | *** *** *** | *** *** *** |
| *5* *2* *9* | *4* *8* *1* | *6* *7* *3* |
| *** *** *** | *** *** *** | *** *** *** |
| *** 1   *** | ***  2  *** |     *** 12  |
| *6*     *4* | *7*  5  *3* |  5  *9*  5  |
| ***  8  *** | ***     *** |  8  ***     |
+-------------+-------------+-------------+
| *** *** *** | ***     *** | *** 1   1   |
| *9* *5* *7* | *2* 4 6 *8* | *3*   6   6 |
| *** *** *** | ***     *** | ***         |
| ***     *** | ***     *** | ***  2   2  |
| *1*   6 *3* | *9*   6 *7* | *4*  56  56 |
| ***  8  *** | ***     *** | ***  8      |
| *** ***     | *** *** *** | ***     *** |
| *2* *4*   6 | *1* *3* *5* | *7*   6 *9* |
| *** ***  8  | *** *** *** | ***  8  *** |
+-------------+-------------+-------------+
****************************************************************************

naked single 2 found in cell(r,c): (1,6)
STEP: 30
+-------------+-------------+-------------+
| *** 1   1   | ***     *** | *** *** *** |
| *4*   6   6 | *5*     *2* | *9* *3* *8* |
| ***         | *** 7   *** | *** *** *** |
| *** *** *** | *** *** *** | ***         |
| *7* *3* *2* | *8* *9* *4* | *1*  56  56 |
| *** *** *** | *** *** *** | ***         |
| *** *** *** | *** *** *** | *** *** *** |
| *8* *9* *5* | *3* *1* *6* | *2* *4* *7* |
| *** *** *** | *** *** *** | *** *** *** |
+-------------+-------------+-------------+
| *** *** 1   | ***  2  *** |     12  *** |
| *3* *7*     | *6*  5  *9* |  5   5  *4* |
| *** ***  8  | ***     *** |  8   8  *** |
| *** *** *** | *** *** *** | *** *** *** |
| *5* *2* *9* | *4* *8* *1* | *6* *7* *3* |
| *** *** *** | *** *** *** | *** *** *** |
| *** 1   *** | ***  2  *** |     *** 12  |
| *6*     *4* | *7*  5  *3* |  5  *9*  5  |
| ***  8  *** | ***     *** |  8  ***     |
+-------------+-------------+-------------+
| *** *** *** | ***     *** | *** 1   1   |
| *9* *5* *7* | *2* 4 6 *8* | *3*   6   6 |
| *** *** *** | ***     *** | ***         |
| ***     *** | ***     *** | ***  2   2  |
| *1*   6 *3* | *9*   6 *7* | *4*  56  56 |
| ***  8  *** | ***     *** | ***  8      |
| *** ***     | *** *** *** | ***     *** |
| *2* *4*   6 | *1* *3* *5* | *7*   6 *9* |
| *** ***  8  | *** *** *** | ***  8  *** |
+-------------+-------------+-------------+
****************************************************************************

naked single 7 found in cell(r,c): (1,5)
STEP: 31
+-------------+-------------+-------------+
| *** 1   1   | *** *** *** | *** *** *** |
| *4*   6   6 | *5* *7* *2* | *9* *3* *8* |
| ***         | *** *** *** | *** *** *** |
| *** *** *** | *** *** *** | ***         |
| *7* *3* *2* | *8* *9* *4* | *1*  56  56 |
| *** *** *** | *** *** *** | ***         |
| *** *** *** | *** *** *** | *** *** *** |
| *8* *9* *5* | *3* *1* *6* | *2* *4* *7* |
| *** *** *** | *** *** *** | *** *** *** |
+-------------+-------------+-------------+
| *** *** 1   | ***  2  *** |     12  *** |
| *3* *7*     | *6*  5  *9* |  5   5  *4* |
| *** ***  8  | ***     *** |  8   8  *** |
| *** *** *** | *** *** *** | *** *** *** |
| *5* *2* *9* | *4* *8* *1* | *6* *7* *3* |
| *** *** *** | *** *** *** | *** *** *** |
| *** 1   *** | ***  2  *** |     *** 12  |
| *6*     *4* | *7*  5  *3* |  5  *9*  5  |
| ***  8  *** | ***     *** |  8  ***     |
+-------------+-------------+-------------+
| *** *** *** | ***     *** | *** 1   1   |
| *9* *5* *7* | *2* 4 6 *8* | *3*   6   6 |
| *** *** *** | ***     *** | ***         |
| ***     *** | ***     *** | ***  2   2  |
| *1*   6 *3* | *9*   6 *7* | *4*  56  56 |
| ***  8  *** | ***     *** | ***  8      |
| *** ***     | *** *** *** | ***     *** |
| *2* *4*   6 | *1* *3* *5* | *7*   6 *9* |
| *** ***  8  | *** *** *** | ***  8  *** |
+-------------+-------------+-------------+
****************************************************************************

naked single 6 found in cell(r,c): (8,5)
STEP: 32
+-------------+-------------+-------------+
| *** 1   1   | *** *** *** | *** *** *** |
| *4*   6   6 | *5* *7* *2* | *9* *3* *8* |
| ***         | *** *** *** | *** *** *** |
| *** *** *** | *** *** *** | ***         |
| *7* *3* *2* | *8* *9* *4* | *1*  56  56 |
| *** *** *** | *** *** *** | ***         |
| *** *** *** | *** *** *** | *** *** *** |
| *8* *9* *5* | *3* *1* *6* | *2* *4* *7* |
| *** *** *** | *** *** *** | *** *** *** |
+-------------+-------------+-------------+
| *** *** 1   | ***  2  *** |     12  *** |
| *3* *7*     | *6*  5  *9* |  5   5  *4* |
| *** ***  8  | ***     *** |  8   8  *** |
| *** *** *** | *** *** *** | *** *** *** |
| *5* *2* *9* | *4* *8* *1* | *6* *7* *3* |
| *** *** *** | *** *** *** | *** *** *** |
| *** 1   *** | ***  2  *** |     *** 12  |
| *6*     *4* | *7*  5  *3* |  5  *9*  5  |
| ***  8  *** | ***     *** |  8  ***     |
+-------------+-------------+-------------+
| *** *** *** | ***     *** | *** 1   1   |
| *9* *5* *7* | *2* 4   *8* | *3*   6   6 |
| *** *** *** | ***     *** | ***         |
| ***     *** | *** *** *** | ***  2   2  |
| *1*     *3* | *9* *6* *7* | *4*  5   5  |
| ***  8  *** | *** *** *** | ***  8      |
| *** ***     | *** *** *** | ***     *** |
| *2* *4*   6 | *1* *3* *5* | *7*   6 *9* |
| *** ***  8  | *** *** *** | ***  8  *** |
+-------------+-------------+-------------+
****************************************************************************

naked single 4 found in cell(r,c): (7,5)
STEP: 33
+-------------+-------------+-------------+
| *** 1   1   | *** *** *** | *** *** *** |
| *4*   6   6 | *5* *7* *2* | *9* *3* *8* |
| ***         | *** *** *** | *** *** *** |
| *** *** *** | *** *** *** | ***         |
| *7* *3* *2* | *8* *9* *4* | *1*  56  56 |
| *** *** *** | *** *** *** | ***         |
| *** *** *** | *** *** *** | *** *** *** |
| *8* *9* *5* | *3* *1* *6* | *2* *4* *7* |
| *** *** *** | *** *** *** | *** *** *** |
+-------------+-------------+-------------+
| *** *** 1   | ***  2  *** |     12  *** |
| *3* *7*     | *6*  5  *9* |  5   5  *4* |
| *** ***  8  | ***     *** |  8   8  *** |
| *** *** *** | *** *** *** | *** *** *** |
| *5* *2* *9* | *4* *8* *1* | *6* *7* *3* |
| *** *** *** | *** *** *** | *** *** *** |
| *** 1   *** | ***  2  *** |     *** 12  |
| *6*     *4* | *7*  5  *3* |  5  *9*  5  |
| ***  8  *** | ***     *** |  8  ***     |
+-------------+-------------+-------------+
| *** *** *** | *** *** *** | *** 1   1   |
| *9* *5* *7* | *2* *4* *8* | *3*   6   6 |
| *** *** *** | *** *** *** | ***         |
| ***     *** | *** *** *** | ***  2   2  |
| *1*     *3* | *9* *6* *7* | *4*  5   5  |
| ***  8  *** | *** *** *** | ***  8      |
| *** ***     | *** *** *** | ***     *** |
| *2* *4*   6 | *1* *3* *5* | *7*   6 *9* |
| *** ***  8  | *** *** *** | ***  8  *** |
+-------------+-------------+-------------+
****************************************************************************

naked single 8 found in cell(r,c): (8,2)
STEP: 34
+-------------+-------------+-------------+
| *** 1   1   | *** *** *** | *** *** *** |
| *4*   6   6 | *5* *7* *2* | *9* *3* *8* |
| ***         | *** *** *** | *** *** *** |
| *** *** *** | *** *** *** | ***         |
| *7* *3* *2* | *8* *9* *4* | *1*  56  56 |
| *** *** *** | *** *** *** | ***         |
| *** *** *** | *** *** *** | *** *** *** |
| *8* *9* *5* | *3* *1* *6* | *2* *4* *7* |
| *** *** *** | *** *** *** | *** *** *** |
+-------------+-------------+-------------+
| *** *** 1   | ***  2  *** |     12  *** |
| *3* *7*     | *6*  5  *9* |  5   5  *4* |
| *** ***  8  | ***     *** |  8   8  *** |
| *** *** *** | *** *** *** | *** *** *** |
| *5* *2* *9* | *4* *8* *1* | *6* *7* *3* |
| *** *** *** | *** *** *** | *** *** *** |
| *** 1   *** | ***  2  *** |     *** 12  |
| *6*     *4* | *7*  5  *3* |  5  *9*  5  |
| ***     *** | ***     *** |  8  ***     |
+-------------+-------------+-------------+
| *** *** *** | *** *** *** | *** 1   1   |
| *9* *5* *7* | *2* *4* *8* | *3*   6   6 |
| *** *** *** | *** *** *** | ***         |
| *** *** *** | *** *** *** | ***  2   2  |
| *1* *8* *3* | *9* *6* *7* | *4*  5   5  |
| *** *** *** | *** *** *** | ***         |
| *** ***     | *** *** *** | ***     *** |
| *2* *4*   6 | *1* *3* *5* | *7*   6 *9* |
| *** ***     | *** *** *** | ***  8  *** |
+-------------+-------------+-------------+
****************************************************************************

naked single 1 found in cell(r,c): (6,2)
STEP: 35
+-------------+-------------+-------------+
| ***     1   | *** *** *** | *** *** *** |
| *4*   6   6 | *5* *7* *2* | *9* *3* *8* |
| ***         | *** *** *** | *** *** *** |
| *** *** *** | *** *** *** | ***         |
| *7* *3* *2* | *8* *9* *4* | *1*  56  56 |
| *** *** *** | *** *** *** | ***         |
| *** *** *** | *** *** *** | *** *** *** |
| *8* *9* *5* | *3* *1* *6* | *2* *4* *7* |
| *** *** *** | *** *** *** | *** *** *** |
+-------------+-------------+-------------+
| *** ***     | ***  2  *** |     12  *** |
| *3* *7*     | *6*  5  *9* |  5   5  *4* |
| *** ***  8  | ***     *** |  8   8  *** |
| *** *** *** | *** *** *** | *** *** *** |
| *5* *2* *9* | *4* *8* *1* | *6* *7* *3* |
| *** *** *** | *** *** *** | *** *** *** |
| *** *** *** | ***  2  *** |     ***  2  |
| *6* *1* *4* | *7*  5  *3* |  5  *9*  5  |
| *** *** *** | ***     *** |  8  ***     |
+-------------+-------------+-------------+
| *** *** *** | *** *** *** | *** 1   1   |
| *9* *5* *7* | *2* *4* *8* | *3*   6   6 |
| *** *** *** | *** *** *** | ***         |
| *** *** *** | *** *** *** | ***  2   2  |
| *1* *8* *3* | *9* *6* *7* | *4*  5   5  |
| *** *** *** | *** *** *** | ***         |
| *** ***     | *** *** *** | ***     *** |
| *2* *4*   6 | *1* *3* *5* | *7*   6 *9* |
| *** ***     | *** *** *** | ***  8  *** |
+-------------+-------------+-------------+
****************************************************************************

naked single 6 found in cell(r,c): (1,2)
STEP: 36
+-------------+-------------+-------------+
| *** *** 1   | *** *** *** | *** *** *** |
| *4* *6*     | *5* *7* *2* | *9* *3* *8* |
| *** ***     | *** *** *** | *** *** *** |
| *** *** *** | *** *** *** | ***         |
| *7* *3* *2* | *8* *9* *4* | *1*  56  56 |
| *** *** *** | *** *** *** | ***         |
| *** *** *** | *** *** *** | *** *** *** |
| *8* *9* *5* | *3* *1* *6* | *2* *4* *7* |
| *** *** *** | *** *** *** | *** *** *** |
+-------------+-------------+-------------+
| *** ***     | ***  2  *** |     12  *** |
| *3* *7*     | *6*  5  *9* |  5   5  *4* |
| *** ***  8  | ***     *** |  8   8  *** |
| *** *** *** | *** *** *** | *** *** *** |
| *5* *2* *9* | *4* *8* *1* | *6* *7* *3* |
| *** *** *** | *** *** *** | *** *** *** |
| *** *** *** | ***  2  *** |     ***  2  |
| *6* *1* *4* | *7*  5  *3* |  5  *9*  5  |
| *** *** *** | ***     *** |  8  ***     |
+-------------+-------------+-------------+
| *** *** *** | *** *** *** | *** 1   1   |
| *9* *5* *7* | *2* *4* *8* | *3*   6   6 |
| *** *** *** | *** *** *** | ***         |
| *** *** *** | *** *** *** | ***  2   2  |
| *1* *8* *3* | *9* *6* *7* | *4*  5   5  |
| *** *** *** | *** *** *** | ***         |
| *** ***     | *** *** *** | ***     *** |
| *2* *4*   6 | *1* *3* *5* | *7*   6 *9* |
| *** ***     | *** *** *** | ***  8  *** |
+-------------+-------------+-------------+
****************************************************************************

naked single 1 found in cell(r,c): (1,3)
STEP: 37
+-------------+-------------+-------------+
| *** *** *** | *** *** *** | *** *** *** |
| *4* *6* *1* | *5* *7* *2* | *9* *3* *8* |
| *** *** *** | *** *** *** | *** *** *** |
| *** *** *** | *** *** *** | ***         |
| *7* *3* *2* | *8* *9* *4* | *1*  56  56 |
| *** *** *** | *** *** *** | ***         |
| *** *** *** | *** *** *** | *** *** *** |
| *8* *9* *5* | *3* *1* *6* | *2* *4* *7* |
| *** *** *** | *** *** *** | *** *** *** |
+-------------+-------------+-------------+
| *** ***     | ***  2  *** |     12  *** |
| *3* *7*     | *6*  5  *9* |  5   5  *4* |
| *** ***  8  | ***     *** |  8   8  *** |
| *** *** *** | *** *** *** | *** *** *** |
| *5* *2* *9* | *4* *8* *1* | *6* *7* *3* |
| *** *** *** | *** *** *** | *** *** *** |
| *** *** *** | ***  2  *** |     ***  2  |
| *6* *1* *4* | *7*  5  *3* |  5  *9*  5  |
| *** *** *** | ***     *** |  8  ***     |
+-------------+-------------+-------------+
| *** *** *** | *** *** *** | *** 1   1   |
| *9* *5* *7* | *2* *4* *8* | *3*   6   6 |
| *** *** *** | *** *** *** | ***         |
| *** *** *** | *** *** *** | ***  2   2  |
| *1* *8* *3* | *9* *6* *7* | *4*  5   5  |
| *** *** *** | *** *** *** | ***         |
| *** ***     | *** *** *** | ***     *** |
| *2* *4*   6 | *1* *3* *5* | *7*   6 *9* |
| *** ***     | *** *** *** | ***  8  *** |
+-------------+-------------+-------------+
****************************************************************************

naked single 8 found in cell(r,c): (4,3)
STEP: 38
+-------------+-------------+-------------+
| *** *** *** | *** *** *** | *** *** *** |
| *4* *6* *1* | *5* *7* *2* | *9* *3* *8* |
| *** *** *** | *** *** *** | *** *** *** |
| *** *** *** | *** *** *** | ***         |
| *7* *3* *2* | *8* *9* *4* | *1*  56  56 |
| *** *** *** | *** *** *** | ***         |
| *** *** *** | *** *** *** | *** *** *** |
| *8* *9* *5* | *3* *1* *6* | *2* *4* *7* |
| *** *** *** | *** *** *** | *** *** *** |
+-------------+-------------+-------------+
| *** *** *** | ***  2  *** |     12  *** |
| *3* *7* *8* | *6*  5  *9* |  5   5  *4* |
| *** *** *** | ***     *** |         *** |
| *** *** *** | *** *** *** | *** *** *** |
| *5* *2* *9* | *4* *8* *1* | *6* *7* *3* |
| *** *** *** | *** *** *** | *** *** *** |
| *** *** *** | ***  2  *** |     ***  2  |
| *6* *1* *4* | *7*  5  *3* |  5  *9*  5  |
| *** *** *** | ***     *** |  8  ***     |
+-------------+-------------+-------------+
| *** *** *** | *** *** *** | *** 1   1   |
| *9* *5* *7* | *2* *4* *8* | *3*   6   6 |
| *** *** *** | *** *** *** | ***         |
| *** *** *** | *** *** *** | ***  2   2  |
| *1* *8* *3* | *9* *6* *7* | *4*  5   5  |
| *** *** *** | *** *** *** | ***         |
| *** ***     | *** *** *** | ***     *** |
| *2* *4*   6 | *1* *3* *5* | *7*   6 *9* |
| *** ***     | *** *** *** | ***  8  *** |
+-------------+-------------+-------------+
****************************************************************************

naked single 5 found in cell(r,c): (4,7)
STEP: 39
+-------------+-------------+-------------+
| *** *** *** | *** *** *** | *** *** *** |
| *4* *6* *1* | *5* *7* *2* | *9* *3* *8* |
| *** *** *** | *** *** *** | *** *** *** |
| *** *** *** | *** *** *** | ***         |
| *7* *3* *2* | *8* *9* *4* | *1*  56  56 |
| *** *** *** | *** *** *** | ***         |
| *** *** *** | *** *** *** | *** *** *** |
| *8* *9* *5* | *3* *1* *6* | *2* *4* *7* |
| *** *** *** | *** *** *** | *** *** *** |
+-------------+-------------+-------------+
| *** *** *** | ***  2  *** | *** 12  *** |
| *3* *7* *8* | *6*     *9* | *5*     *4* |
| *** *** *** | ***     *** | ***     *** |
| *** *** *** | *** *** *** | *** *** *** |
| *5* *2* *9* | *4* *8* *1* | *6* *7* *3* |
| *** *** *** | *** *** *** | *** *** *** |
| *** *** *** | ***  2  *** |     ***  2  |
| *6* *1* *4* | *7*  5  *3* |     *9*     |
| *** *** *** | ***     *** |  8  ***     |
+-------------+-------------+-------------+
| *** *** *** | *** *** *** | *** 1   1   |
| *9* *5* *7* | *2* *4* *8* | *3*   6   6 |
| *** *** *** | *** *** *** | ***         |
| *** *** *** | *** *** *** | ***  2   2  |
| *1* *8* *3* | *9* *6* *7* | *4*  5   5  |
| *** *** *** | *** *** *** | ***         |
| *** ***     | *** *** *** | ***     *** |
| *2* *4*   6 | *1* *3* *5* | *7*   6 *9* |
| *** ***     | *** *** *** | ***  8  *** |
+-------------+-------------+-------------+
****************************************************************************

naked single 2 found in cell(r,c): (4,5)
STEP: 40
+-------------+-------------+-------------+
| *** *** *** | *** *** *** | *** *** *** |
| *4* *6* *1* | *5* *7* *2* | *9* *3* *8* |
| *** *** *** | *** *** *** | *** *** *** |
| *** *** *** | *** *** *** | ***         |
| *7* *3* *2* | *8* *9* *4* | *1*  56  56 |
| *** *** *** | *** *** *** | ***         |
| *** *** *** | *** *** *** | *** *** *** |
| *8* *9* *5* | *3* *1* *6* | *2* *4* *7* |
| *** *** *** | *** *** *** | *** *** *** |
+-------------+-------------+-------------+
| *** *** *** | *** *** *** | *** 1   *** |
| *3* *7* *8* | *6* *2* *9* | *5*     *4* |
| *** *** *** | *** *** *** | ***     *** |
| *** *** *** | *** *** *** | *** *** *** |
| *5* *2* *9* | *4* *8* *1* | *6* *7* *3* |
| *** *** *** | *** *** *** | *** *** *** |
| *** *** *** | ***     *** |     ***  2  |
| *6* *1* *4* | *7*  5  *3* |     *9*     |
| *** *** *** | ***     *** |  8  ***     |
+-------------+-------------+-------------+
| *** *** *** | *** *** *** | *** 1   1   |
| *9* *5* *7* | *2* *4* *8* | *3*   6   6 |
| *** *** *** | *** *** *** | ***         |
| *** *** *** | *** *** *** | ***  2   2  |
| *1* *8* *3* | *9* *6* *7* | *4*  5   5  |
| *** *** *** | *** *** *** | ***         |
| *** ***     | *** *** *** | ***     *** |
| *2* *4*   6 | *1* *3* *5* | *7*   6 *9* |
| *** ***     | *** *** *** | ***  8  *** |
+-------------+-------------+-------------+
****************************************************************************

naked single 1 found in cell(r,c): (4,8)
STEP: 41
+-------------+-------------+-------------+
| *** *** *** | *** *** *** | *** *** *** |
| *4* *6* *1* | *5* *7* *2* | *9* *3* *8* |
| *** *** *** | *** *** *** | *** *** *** |
| *** *** *** | *** *** *** | ***         |
| *7* *3* *2* | *8* *9* *4* | *1*  56  56 |
| *** *** *** | *** *** *** | ***         |
| *** *** *** | *** *** *** | *** *** *** |
| *8* *9* *5* | *3* *1* *6* | *2* *4* *7* |
| *** *** *** | *** *** *** | *** *** *** |
+-------------+-------------+-------------+
| *** *** *** | *** *** *** | *** *** *** |
| *3* *7* *8* | *6* *2* *9* | *5* *1* *4* |
| *** *** *** | *** *** *** | *** *** *** |
| *** *** *** | *** *** *** | *** *** *** |
| *5* *2* *9* | *4* *8* *1* | *6* *7* *3* |
| *** *** *** | *** *** *** | *** *** *** |
| *** *** *** | ***     *** |     ***  2  |
| *6* *1* *4* | *7*  5  *3* |     *9*     |
| *** *** *** | ***     *** |  8  ***     |
+-------------+-------------+-------------+
| *** *** *** | *** *** *** | ***     1   |
| *9* *5* *7* | *2* *4* *8* | *3*   6   6 |
| *** *** *** | *** *** *** | ***         |
| *** *** *** | *** *** *** | ***  2   2  |
| *1* *8* *3* | *9* *6* *7* | *4*  5   5  |
| *** *** *** | *** *** *** | ***         |
| *** ***     | *** *** *** | ***     *** |
| *2* *4*   6 | *1* *3* *5* | *7*   6 *9* |
| *** ***     | *** *** *** | ***  8  *** |
+-------------+-------------+-------------+
****************************************************************************

naked single 5 found in cell(r,c): (6,5)
STEP: 42
+-------------+-------------+-------------+
| *** *** *** | *** *** *** | *** *** *** |
| *4* *6* *1* | *5* *7* *2* | *9* *3* *8* |
| *** *** *** | *** *** *** | *** *** *** |
| *** *** *** | *** *** *** | ***         |
| *7* *3* *2* | *8* *9* *4* | *1*  56  56 |
| *** *** *** | *** *** *** | ***         |
| *** *** *** | *** *** *** | *** *** *** |
| *8* *9* *5* | *3* *1* *6* | *2* *4* *7* |
| *** *** *** | *** *** *** | *** *** *** |
+-------------+-------------+-------------+
| *** *** *** | *** *** *** | *** *** *** |
| *3* *7* *8* | *6* *2* *9* | *5* *1* *4* |
| *** *** *** | *** *** *** | *** *** *** |
| *** *** *** | *** *** *** | *** *** *** |
| *5* *2* *9* | *4* *8* *1* | *6* *7* *3* |
| *** *** *** | *** *** *** | *** *** *** |
| *** *** *** | *** *** *** |     ***  2  |
| *6* *1* *4* | *7* *5* *3* |     *9*     |
| *** *** *** | *** *** *** |  8  ***     |
+-------------+-------------+-------------+
| *** *** *** | *** *** *** | ***     1   |
| *9* *5* *7* | *2* *4* *8* | *3*   6   6 |
| *** *** *** | *** *** *** | ***         |
| *** *** *** | *** *** *** | ***  2   2  |
| *1* *8* *3* | *9* *6* *7* | *4*  5   5  |
| *** *** *** | *** *** *** | ***         |
| *** ***     | *** *** *** | ***     *** |
| *2* *4*   6 | *1* *3* *5* | *7*   6 *9* |
| *** ***     | *** *** *** | ***  8  *** |
+-------------+-------------+-------------+
****************************************************************************

naked single 8 found in cell(r,c): (6,7)
STEP: 43
+-------------+-------------+-------------+
| *** *** *** | *** *** *** | *** *** *** |
| *4* *6* *1* | *5* *7* *2* | *9* *3* *8* |
| *** *** *** | *** *** *** | *** *** *** |
| *** *** *** | *** *** *** | ***         |
| *7* *3* *2* | *8* *9* *4* | *1*  56  56 |
| *** *** *** | *** *** *** | ***         |
| *** *** *** | *** *** *** | *** *** *** |
| *8* *9* *5* | *3* *1* *6* | *2* *4* *7* |
| *** *** *** | *** *** *** | *** *** *** |
+-------------+-------------+-------------+
| *** *** *** | *** *** *** | *** *** *** |
| *3* *7* *8* | *6* *2* *9* | *5* *1* *4* |
| *** *** *** | *** *** *** | *** *** *** |
| *** *** *** | *** *** *** | *** *** *** |
| *5* *2* *9* | *4* *8* *1* | *6* *7* *3* |
| *** *** *** | *** *** *** | *** *** *** |
| *** *** *** | *** *** *** | *** ***  2  |
| *6* *1* *4* | *7* *5* *3* | *8* *9*     |
| *** *** *** | *** *** *** | *** ***     |
+-------------+-------------+-------------+
| *** *** *** | *** *** *** | ***     1   |
| *9* *5* *7* | *2* *4* *8* | *3*   6   6 |
| *** *** *** | *** *** *** | ***         |
| *** *** *** | *** *** *** | ***  2   2  |
| *1* *8* *3* | *9* *6* *7* | *4*  5   5  |
| *** *** *** | *** *** *** | ***         |
| *** ***     | *** *** *** | ***     *** |
| *2* *4*   6 | *1* *3* *5* | *7*   6 *9* |
| *** ***     | *** *** *** | ***  8  *** |
+-------------+-------------+-------------+
****************************************************************************

naked single 2 found in cell(r,c): (6,9)
STEP: 44
+-------------+-------------+-------------+
| *** *** *** | *** *** *** | *** *** *** |
| *4* *6* *1* | *5* *7* *2* | *9* *3* *8* |
| *** *** *** | *** *** *** | *** *** *** |
| *** *** *** | *** *** *** | ***         |
| *7* *3* *2* | *8* *9* *4* | *1*  56  56 |
| *** *** *** | *** *** *** | ***         |
| *** *** *** | *** *** *** | *** *** *** |
| *8* *9* *5* | *3* *1* *6* | *2* *4* *7* |
| *** *** *** | *** *** *** | *** *** *** |
+-------------+-------------+-------------+
| *** *** *** | *** *** *** | *** *** *** |
| *3* *7* *8* | *6* *2* *9* | *5* *1* *4* |
| *** *** *** | *** *** *** | *** *** *** |
| *** *** *** | *** *** *** | *** *** *** |
| *5* *2* *9* | *4* *8* *1* | *6* *7* *3* |
| *** *** *** | *** *** *** | *** *** *** |
| *** *** *** | *** *** *** | *** *** *** |
| *6* *1* *4* | *7* *5* *3* | *8* *9* *2* |
| *** *** *** | *** *** *** | *** *** *** |
+-------------+-------------+-------------+
| *** *** *** | *** *** *** | ***     1   |
| *9* *5* *7* | *2* *4* *8* | *3*   6   6 |
| *** *** *** | *** *** *** | ***         |
| *** *** *** | *** *** *** | ***  2      |
| *1* *8* *3* | *9* *6* *7* | *4*  5   5  |
| *** *** *** | *** *** *** | ***         |
| *** ***     | *** *** *** | ***     *** |
| *2* *4*   6 | *1* *3* *5* | *7*   6 *9* |
| *** ***     | *** *** *** | ***  8  *** |
+-------------+-------------+-------------+
****************************************************************************

naked single 6 found in cell(r,c): (7,8)
STEP: 45
+-------------+-------------+-------------+
| *** *** *** | *** *** *** | *** *** *** |
| *4* *6* *1* | *5* *7* *2* | *9* *3* *8* |
| *** *** *** | *** *** *** | *** *** *** |
| *** *** *** | *** *** *** | ***         |
| *7* *3* *2* | *8* *9* *4* | *1*  5   56 |
| *** *** *** | *** *** *** | ***         |
| *** *** *** | *** *** *** | *** *** *** |
| *8* *9* *5* | *3* *1* *6* | *2* *4* *7* |
| *** *** *** | *** *** *** | *** *** *** |
+-------------+-------------+-------------+
| *** *** *** | *** *** *** | *** *** *** |
| *3* *7* *8* | *6* *2* *9* | *5* *1* *4* |
| *** *** *** | *** *** *** | *** *** *** |
| *** *** *** | *** *** *** | *** *** *** |
| *5* *2* *9* | *4* *8* *1* | *6* *7* *3* |
| *** *** *** | *** *** *** | *** *** *** |
| *** *** *** | *** *** *** | *** *** *** |
| *6* *1* *4* | *7* *5* *3* | *8* *9* *2* |
| *** *** *** | *** *** *** | *** *** *** |
+-------------+-------------+-------------+
| *** *** *** | *** *** *** | *** *** 1   |
| *9* *5* *7* | *2* *4* *8* | *3* *6*     |
| *** *** *** | *** *** *** | *** ***     |
| *** *** *** | *** *** *** | ***  2      |
| *1* *8* *3* | *9* *6* *7* | *4*  5   5  |
| *** *** *** | *** *** *** | ***         |
| *** ***     | *** *** *** | ***     *** |
| *2* *4*   6 | *1* *3* *5* | *7*     *9* |
| *** ***     | *** *** *** | ***  8  *** |
+-------------+-------------+-------------+
****************************************************************************

naked single 5 found in cell(r,c): (2,8)
STEP: 46
+-------------+-------------+-------------+
| *** *** *** | *** *** *** | *** *** *** |
| *4* *6* *1* | *5* *7* *2* | *9* *3* *8* |
| *** *** *** | *** *** *** | *** *** *** |
| *** *** *** | *** *** *** | *** ***     |
| *7* *3* *2* | *8* *9* *4* | *1* *5*   6 |
| *** *** *** | *** *** *** | *** ***     |
| *** *** *** | *** *** *** | *** *** *** |
| *8* *9* *5* | *3* *1* *6* | *2* *4* *7* |
| *** *** *** | *** *** *** | *** *** *** |
+-------------+-------------+-------------+
| *** *** *** | *** *** *** | *** *** *** |
| *3* *7* *8* | *6* *2* *9* | *5* *1* *4* |
| *** *** *** | *** *** *** | *** *** *** |
| *** *** *** | *** *** *** | *** *** *** |
| *5* *2* *9* | *4* *8* *1* | *6* *7* *3* |
| *** *** *** | *** *** *** | *** *** *** |
| *** *** *** | *** *** *** | *** *** *** |
| *6* *1* *4* | *7* *5* *3* | *8* *9* *2* |
| *** *** *** | *** *** *** | *** *** *** |
+-------------+-------------+-------------+
| *** *** *** | *** *** *** | *** *** 1   |
| *9* *5* *7* | *2* *4* *8* | *3* *6*     |
| *** *** *** | *** *** *** | *** ***     |
| *** *** *** | *** *** *** | ***  2      |
| *1* *8* *3* | *9* *6* *7* | *4*      5  |
| *** *** *** | *** *** *** | ***         |
| *** ***     | *** *** *** | ***     *** |
| *2* *4*   6 | *1* *3* *5* | *7*     *9* |
| *** ***     | *** *** *** | ***  8  *** |
+-------------+-------------+-------------+
****************************************************************************

naked single 6 found in cell(r,c): (2,9)
STEP: 47
+-------------+-------------+-------------+
| *** *** *** | *** *** *** | *** *** *** |
| *4* *6* *1* | *5* *7* *2* | *9* *3* *8* |
| *** *** *** | *** *** *** | *** *** *** |
| *** *** *** | *** *** *** | *** *** *** |
| *7* *3* *2* | *8* *9* *4* | *1* *5* *6* |
| *** *** *** | *** *** *** | *** *** *** |
| *** *** *** | *** *** *** | *** *** *** |
| *8* *9* *5* | *3* *1* *6* | *2* *4* *7* |
| *** *** *** | *** *** *** | *** *** *** |
+-------------+-------------+-------------+
| *** *** *** | *** *** *** | *** *** *** |
| *3* *7* *8* | *6* *2* *9* | *5* *1* *4* |
| *** *** *** | *** *** *** | *** *** *** |
| *** *** *** | *** *** *** | *** *** *** |
| *5* *2* *9* | *4* *8* *1* | *6* *7* *3* |
| *** *** *** | *** *** *** | *** *** *** |
| *** *** *** | *** *** *** | *** *** *** |
| *6* *1* *4* | *7* *5* *3* | *8* *9* *2* |
| *** *** *** | *** *** *** | *** *** *** |
+-------------+-------------+-------------+
| *** *** *** | *** *** *** | *** *** 1   |
| *9* *5* *7* | *2* *4* *8* | *3* *6*     |
| *** *** *** | *** *** *** | *** ***     |
| *** *** *** | *** *** *** | ***  2      |
| *1* *8* *3* | *9* *6* *7* | *4*      5  |
| *** *** *** | *** *** *** | ***         |
| *** ***     | *** *** *** | ***     *** |
| *2* *4*   6 | *1* *3* *5* | *7*     *9* |
| *** ***     | *** *** *** | ***  8  *** |
+-------------+-------------+-------------+
****************************************************************************

naked single 1 found in cell(r,c): (7,9)
STEP: 48
+-------------+-------------+-------------+
| *** *** *** | *** *** *** | *** *** *** |
| *4* *6* *1* | *5* *7* *2* | *9* *3* *8* |
| *** *** *** | *** *** *** | *** *** *** |
| *** *** *** | *** *** *** | *** *** *** |
| *7* *3* *2* | *8* *9* *4* | *1* *5* *6* |
| *** *** *** | *** *** *** | *** *** *** |
| *** *** *** | *** *** *** | *** *** *** |
| *8* *9* *5* | *3* *1* *6* | *2* *4* *7* |
| *** *** *** | *** *** *** | *** *** *** |
+-------------+-------------+-------------+
| *** *** *** | *** *** *** | *** *** *** |
| *3* *7* *8* | *6* *2* *9* | *5* *1* *4* |
| *** *** *** | *** *** *** | *** *** *** |
| *** *** *** | *** *** *** | *** *** *** |
| *5* *2* *9* | *4* *8* *1* | *6* *7* *3* |
| *** *** *** | *** *** *** | *** *** *** |
| *** *** *** | *** *** *** | *** *** *** |
| *6* *1* *4* | *7* *5* *3* | *8* *9* *2* |
| *** *** *** | *** *** *** | *** *** *** |
+-------------+-------------+-------------+
| *** *** *** | *** *** *** | *** *** *** |
| *9* *5* *7* | *2* *4* *8* | *3* *6* *1* |
| *** *** *** | *** *** *** | *** *** *** |
| *** *** *** | *** *** *** | ***  2      |
| *1* *8* *3* | *9* *6* *7* | *4*      5  |
| *** *** *** | *** *** *** | ***         |
| *** ***     | *** *** *** | ***     *** |
| *2* *4*   6 | *1* *3* *5* | *7*     *9* |
| *** ***     | *** *** *** | ***  8  *** |
+-------------+-------------+-------------+
****************************************************************************

naked single 2 found in cell(r,c): (8,8)
STEP: 49
+-------------+-------------+-------------+
| *** *** *** | *** *** *** | *** *** *** |
| *4* *6* *1* | *5* *7* *2* | *9* *3* *8* |
| *** *** *** | *** *** *** | *** *** *** |
| *** *** *** | *** *** *** | *** *** *** |
| *7* *3* *2* | *8* *9* *4* | *1* *5* *6* |
| *** *** *** | *** *** *** | *** *** *** |
| *** *** *** | *** *** *** | *** *** *** |
| *8* *9* *5* | *3* *1* *6* | *2* *4* *7* |
| *** *** *** | *** *** *** | *** *** *** |
+-------------+-------------+-------------+
| *** *** *** | *** *** *** | *** *** *** |
| *3* *7* *8* | *6* *2* *9* | *5* *1* *4* |
| *** *** *** | *** *** *** | *** *** *** |
| *** *** *** | *** *** *** | *** *** *** |
| *5* *2* *9* | *4* *8* *1* | *6* *7* *3* |
| *** *** *** | *** *** *** | *** *** *** |
| *** *** *** | *** *** *** | *** *** *** |
| *6* *1* *4* | *7* *5* *3* | *8* *9* *2* |
| *** *** *** | *** *** *** | *** *** *** |
+-------------+-------------+-------------+
| *** *** *** | *** *** *** | *** *** *** |
| *9* *5* *7* | *2* *4* *8* | *3* *6* *1* |
| *** *** *** | *** *** *** | *** *** *** |
| *** *** *** | *** *** *** | *** ***     |
| *1* *8* *3* | *9* *6* *7* | *4* *2*  5  |
| *** *** *** | *** *** *** | *** ***     |
| *** ***     | *** *** *** | ***     *** |
| *2* *4*   6 | *1* *3* *5* | *7*     *9* |
| *** ***     | *** *** *** | ***  8  *** |
+-------------+-------------+-------------+
****************************************************************************

naked single 5 found in cell(r,c): (8,9)
STEP: 50
+-------------+-------------+-------------+
| *** *** *** | *** *** *** | *** *** *** |
| *4* *6* *1* | *5* *7* *2* | *9* *3* *8* |
| *** *** *** | *** *** *** | *** *** *** |
| *** *** *** | *** *** *** | *** *** *** |
| *7* *3* *2* | *8* *9* *4* | *1* *5* *6* |
| *** *** *** | *** *** *** | *** *** *** |
| *** *** *** | *** *** *** | *** *** *** |
| *8* *9* *5* | *3* *1* *6* | *2* *4* *7* |
| *** *** *** | *** *** *** | *** *** *** |
+-------------+-------------+-------------+
| *** *** *** | *** *** *** | *** *** *** |
| *3* *7* *8* | *6* *2* *9* | *5* *1* *4* |
| *** *** *** | *** *** *** | *** *** *** |
| *** *** *** | *** *** *** | *** *** *** |
| *5* *2* *9* | *4* *8* *1* | *6* *7* *3* |
| *** *** *** | *** *** *** | *** *** *** |
| *** *** *** | *** *** *** | *** *** *** |
| *6* *1* *4* | *7* *5* *3* | *8* *9* *2* |
| *** *** *** | *** *** *** | *** *** *** |
+-------------+-------------+-------------+
| *** *** *** | *** *** *** | *** *** *** |
| *9* *5* *7* | *2* *4* *8* | *3* *6* *1* |
| *** *** *** | *** *** *** | *** *** *** |
| *** *** *** | *** *** *** | *** *** *** |
| *1* *8* *3* | *9* *6* *7* | *4* *2* *5* |
| *** *** *** | *** *** *** | *** *** *** |
| *** ***     | *** *** *** | ***     *** |
| *2* *4*   6 | *1* *3* *5* | *7*     *9* |
| *** ***     | *** *** *** | ***  8  *** |
+-------------+-------------+-------------+
****************************************************************************

naked single 6 found in cell(r,c): (9,3)
STEP: 51
+-------------+-------------+-------------+
| *** *** *** | *** *** *** | *** *** *** |
| *4* *6* *1* | *5* *7* *2* | *9* *3* *8* |
| *** *** *** | *** *** *** | *** *** *** |
| *** *** *** | *** *** *** | *** *** *** |
| *7* *3* *2* | *8* *9* *4* | *1* *5* *6* |
| *** *** *** | *** *** *** | *** *** *** |
| *** *** *** | *** *** *** | *** *** *** |
| *8* *9* *5* | *3* *1* *6* | *2* *4* *7* |
| *** *** *** | *** *** *** | *** *** *** |
+-------------+-------------+-------------+
| *** *** *** | *** *** *** | *** *** *** |
| *3* *7* *8* | *6* *2* *9* | *5* *1* *4* |
| *** *** *** | *** *** *** | *** *** *** |
| *** *** *** | *** *** *** | *** *** *** |
| *5* *2* *9* | *4* *8* *1* | *6* *7* *3* |
| *** *** *** | *** *** *** | *** *** *** |
| *** *** *** | *** *** *** | *** *** *** |
| *6* *1* *4* | *7* *5* *3* | *8* *9* *2* |
| *** *** *** | *** *** *** | *** *** *** |
+-------------+-------------+-------------+
| *** *** *** | *** *** *** | *** *** *** |
| *9* *5* *7* | *2* *4* *8* | *3* *6* *1* |
| *** *** *** | *** *** *** | *** *** *** |
| *** *** *** | *** *** *** | *** *** *** |
| *1* *8* *3* | *9* *6* *7* | *4* *2* *5* |
| *** *** *** | *** *** *** | *** *** *** |
| *** *** *** | *** *** *** | ***     *** |
| *2* *4* *6* | *1* *3* *5* | *7*     *9* |
| *** *** *** | *** *** *** | ***  8  *** |
+-------------+-------------+-------------+
****************************************************************************

naked single 8 found in cell(r,c): (9,8)
STEP: 52
+-------------+-------------+-------------+
| *** *** *** | *** *** *** | *** *** *** |
| *4* *6* *1* | *5* *7* *2* | *9* *3* *8* |
| *** *** *** | *** *** *** | *** *** *** |
| *** *** *** | *** *** *** | *** *** *** |
| *7* *3* *2* | *8* *9* *4* | *1* *5* *6* |
| *** *** *** | *** *** *** | *** *** *** |
| *** *** *** | *** *** *** | *** *** *** |
| *8* *9* *5* | *3* *1* *6* | *2* *4* *7* |
| *** *** *** | *** *** *** | *** *** *** |
+-------------+-------------+-------------+
| *** *** *** | *** *** *** | *** *** *** |
| *3* *7* *8* | *6* *2* *9* | *5* *1* *4* |
| *** *** *** | *** *** *** | *** *** *** |
| *** *** *** | *** *** *** | *** *** *** |
| *5* *2* *9* | *4* *8* *1* | *6* *7* *3* |
| *** *** *** | *** *** *** | *** *** *** |
| *** *** *** | *** *** *** | *** *** *** |
| *6* *1* *4* | *7* *5* *3* | *8* *9* *2* |
| *** *** *** | *** *** *** | *** *** *** |
+-------------+-------------+-------------+
| *** *** *** | *** *** *** | *** *** *** |
| *9* *5* *7* | *2* *4* *8* | *3* *6* *1* |
| *** *** *** | *** *** *** | *** *** *** |
| *** *** *** | *** *** *** | *** *** *** |
| *1* *8* *3* | *9* *6* *7* | *4* *2* *5* |
| *** *** *** | *** *** *** | *** *** *** |
| *** *** *** | *** *** *** | *** *** *** |
| *2* *4* *6* | *1* *3* *5* | *7* *8* *9* |
| *** *** *** | *** *** *** | *** *** *** |
+-------------+-------------+-------------+
****************************************************************************

+-------+-------+-------+
| 4 6 1 | 5 7 2 | 9 3 8 |
| 7 3 2 | 8 9 4 | 1 5 6 |
| 8 9 5 | 3 1 6 | 2 4 7 |
+-------+-------+-------+
| 3 7 8 | 6 2 9 | 5 1 4 |
| 5 2 9 | 4 8 1 | 6 7 3 |
| 6 1 4 | 7 5 3 | 8 9 2 |
+-------+-------+-------+
| 9 5 7 | 2 4 8 | 3 6 1 |
| 1 8 3 | 9 6 7 | 4 2 5 |
| 2 4 6 | 1 3 5 | 7 8 9 |
+-------+-------+-------+
